Change Dir: 'C:/Users/Husky/source/repos/SynVHQ/vcpkg_installed/vcpkg/blds/boost-range/x64-windows-rel'

Run Build Command(s): "C:/Program Files/Microsoft Visual Studio/2022/Community/Common7/IDE/CommonExtensions/Microsoft/CMake/Ninja/ninja.exe" -v -v -j17 install
[0/1] C:\WINDOWS\system32\cmd.exe /C "cd /D C:\Users\Husky\source\repos\SynVHQ\vcpkg_installed\vcpkg\blds\boost-range\x64-windows-rel && "C:\Program Files\Microsoft Visual Studio\2022\Community\Common7\IDE\CommonExtensions\Microsoft\CMake\CMake\bin\cmake.exe" -P cmake_install.cmake"
-- Install configuration: "Release"
-- Installing: C:/Users/Husky/source/repos/SynVHQ/vcpkg_installed/vcpkg/pkgs/boost-range_x64-windows/include
-- Installing: C:/Users/Husky/source/repos/SynVHQ/vcpkg_installed/vcpkg/pkgs/boost-range_x64-windows/include/boost
-- Installing: C:/Users/Husky/source/repos/SynVHQ/vcpkg_installed/vcpkg/pkgs/boost-range_x64-windows/include/boost/range
-- Installing: C:/Users/Husky/source/repos/SynVHQ/vcpkg_installed/vcpkg/pkgs/boost-range_x64-windows/include/boost/range/adaptor
-- Installing: C:/Users/Husky/source/repos/SynVHQ/vcpkg_installed/vcpkg/pkgs/boost-range_x64-windows/include/boost/range/adaptor/adjacent_filtered.hpp
-- Installing: C:/Users/Husky/source/repos/SynVHQ/vcpkg_installed/vcpkg/pkgs/boost-range_x64-windows/include/boost/range/adaptor/argument_fwd.hpp
-- Installing: C:/Users/Husky/source/repos/SynVHQ/vcpkg_installed/vcpkg/pkgs/boost-range_x64-windows/include/boost/range/adaptor/copied.hpp
-- Installing: C:/Users/Husky/source/repos/SynVHQ/vcpkg_installed/vcpkg/pkgs/boost-range_x64-windows/include/boost/range/adaptor/define_adaptor.hpp
-- Installing: C:/Users/Husky/source/repos/SynVHQ/vcpkg_installed/vcpkg/pkgs/boost-range_x64-windows/include/boost/range/adaptor/filtered.hpp
-- Installing: C:/Users/Husky/source/repos/SynVHQ/vcpkg_installed/vcpkg/pkgs/boost-range_x64-windows/include/boost/range/adaptor/formatted.hpp
-- Installing: C:/Users/Husky/source/repos/SynVHQ/vcpkg_installed/vcpkg/pkgs/boost-range_x64-windows/include/boost/range/adaptor/indexed.hpp
-- Installing: C:/Users/Husky/source/repos/SynVHQ/vcpkg_installed/vcpkg/pkgs/boost-range_x64-windows/include/boost/range/adaptor/indirected.hpp
-- Installing: C:/Users/Husky/source/repos/SynVHQ/vcpkg_installed/vcpkg/pkgs/boost-range_x64-windows/include/boost/range/adaptor/map.hpp
-- Installing: C:/Users/Husky/source/repos/SynVHQ/vcpkg_installed/vcpkg/pkgs/boost-range_x64-windows/include/boost/range/adaptor/ref_unwrapped.hpp
-- Installing: C:/Users/Husky/source/repos/SynVHQ/vcpkg_installed/vcpkg/pkgs/boost-range_x64-windows/include/boost/range/adaptor/replaced.hpp
-- Installing: C:/Users/Husky/source/repos/SynVHQ/vcpkg_installed/vcpkg/pkgs/boost-range_x64-windows/include/boost/range/adaptor/replaced_if.hpp
-- Installing: C:/Users/Husky/source/repos/SynVHQ/vcpkg_installed/vcpkg/pkgs/boost-range_x64-windows/include/boost/range/adaptor/reversed.hpp
-- Installing: C:/Users/Husky/source/repos/SynVHQ/vcpkg_installed/vcpkg/pkgs/boost-range_x64-windows/include/boost/range/adaptor/sliced.hpp
-- Installing: C:/Users/Husky/source/repos/SynVHQ/vcpkg_installed/vcpkg/pkgs/boost-range_x64-windows/include/boost/range/adaptor/strided.hpp
-- Installing: C:/Users/Husky/source/repos/SynVHQ/vcpkg_installed/vcpkg/pkgs/boost-range_x64-windows/include/boost/range/adaptor/tokenized.hpp
-- Installing: C:/Users/Husky/source/repos/SynVHQ/vcpkg_installed/vcpkg/pkgs/boost-range_x64-windows/include/boost/range/adaptor/transformed.hpp
-- Installing: C:/Users/Husky/source/repos/SynVHQ/vcpkg_installed/vcpkg/pkgs/boost-range_x64-windows/include/boost/range/adaptor/type_erased.hpp
-- Installing: C:/Users/Husky/source/repos/SynVHQ/vcpkg_installed/vcpkg/pkgs/boost-range_x64-windows/include/boost/range/adaptor/uniqued.hpp
-- Installing: C:/Users/Husky/source/repos/SynVHQ/vcpkg_installed/vcpkg/pkgs/boost-range_x64-windows/include/boost/range/adaptors.hpp
-- Installing: C:/Users/Husky/source/repos/SynVHQ/vcpkg_installed/vcpkg/pkgs/boost-range_x64-windows/include/boost/range/algorithm
-- Installing: C:/Users/Husky/source/repos/SynVHQ/vcpkg_installed/vcpkg/pkgs/boost-range_x64-windows/include/boost/range/algorithm/adjacent_find.hpp
-- Installing: C:/Users/Husky/source/repos/SynVHQ/vcpkg_installed/vcpkg/pkgs/boost-range_x64-windows/include/boost/range/algorithm/binary_search.hpp
-- Installing: C:/Users/Husky/source/repos/SynVHQ/vcpkg_installed/vcpkg/pkgs/boost-range_x64-windows/include/boost/range/algorithm/copy.hpp
-- Installing: C:/Users/Husky/source/repos/SynVHQ/vcpkg_installed/vcpkg/pkgs/boost-range_x64-windows/include/boost/range/algorithm/copy_backward.hpp
-- Installing: C:/Users/Husky/source/repos/SynVHQ/vcpkg_installed/vcpkg/pkgs/boost-range_x64-windows/include/boost/range/algorithm/count.hpp
-- Installing: C:/Users/Husky/source/repos/SynVHQ/vcpkg_installed/vcpkg/pkgs/boost-range_x64-windows/include/boost/range/algorithm/count_if.hpp
-- Installing: C:/Users/Husky/source/repos/SynVHQ/vcpkg_installed/vcpkg/pkgs/boost-range_x64-windows/include/boost/range/algorithm/equal.hpp
-- Installing: C:/Users/Husky/source/repos/SynVHQ/vcpkg_installed/vcpkg/pkgs/boost-range_x64-windows/include/boost/range/algorithm/equal_range.hpp
-- Installing: C:/Users/Husky/source/repos/SynVHQ/vcpkg_installed/vcpkg/pkgs/boost-range_x64-windows/include/boost/range/algorithm/fill.hpp
-- Installing: C:/Users/Husky/source/repos/SynVHQ/vcpkg_installed/vcpkg/pkgs/boost-range_x64-windows/include/boost/range/algorithm/fill_n.hpp
-- Installing: C:/Users/Husky/source/repos/SynVHQ/vcpkg_installed/vcpkg/pkgs/boost-range_x64-windows/include/boost/range/algorithm/find.hpp
-- Installing: C:/Users/Husky/source/repos/SynVHQ/vcpkg_installed/vcpkg/pkgs/boost-range_x64-windows/include/boost/range/algorithm/find_end.hpp
-- Installing: C:/Users/Husky/source/repos/SynVHQ/vcpkg_installed/vcpkg/pkgs/boost-range_x64-windows/include/boost/range/algorithm/find_first_of.hpp
-- Installing: C:/Users/Husky/source/repos/SynVHQ/vcpkg_installed/vcpkg/pkgs/boost-range_x64-windows/include/boost/range/algorithm/find_if.hpp
-- Installing: C:/Users/Husky/source/repos/SynVHQ/vcpkg_installed/vcpkg/pkgs/boost-range_x64-windows/include/boost/range/algorithm/for_each.hpp
-- Installing: C:/Users/Husky/source/repos/SynVHQ/vcpkg_installed/vcpkg/pkgs/boost-range_x64-windows/include/boost/range/algorithm/generate.hpp
-- Installing: C:/Users/Husky/source/repos/SynVHQ/vcpkg_installed/vcpkg/pkgs/boost-range_x64-windows/include/boost/range/algorithm/heap_algorithm.hpp
-- Installing: C:/Users/Husky/source/repos/SynVHQ/vcpkg_installed/vcpkg/pkgs/boost-range_x64-windows/include/boost/range/algorithm/inplace_merge.hpp
-- Installing: C:/Users/Husky/source/repos/SynVHQ/vcpkg_installed/vcpkg/pkgs/boost-range_x64-windows/include/boost/range/algorithm/lexicographical_compare.hpp
-- Installing: C:/Users/Husky/source/repos/SynVHQ/vcpkg_installed/vcpkg/pkgs/boost-range_x64-windows/include/boost/range/algorithm/lower_bound.hpp
-- Installing: C:/Users/Husky/source/repos/SynVHQ/vcpkg_installed/vcpkg/pkgs/boost-range_x64-windows/include/boost/range/algorithm/max_element.hpp
-- Installing: C:/Users/Husky/source/repos/SynVHQ/vcpkg_installed/vcpkg/pkgs/boost-range_x64-windows/include/boost/range/algorithm/merge.hpp
-- Installing: C:/Users/Husky/source/repos/SynVHQ/vcpkg_installed/vcpkg/pkgs/boost-range_x64-windows/include/boost/range/algorithm/min_element.hpp
-- Installing: C:/Users/Husky/source/repos/SynVHQ/vcpkg_installed/vcpkg/pkgs/boost-range_x64-windows/include/boost/range/algorithm/mismatch.hpp
-- Installing: C:/Users/Husky/source/repos/SynVHQ/vcpkg_installed/vcpkg/pkgs/boost-range_x64-windows/include/boost/range/algorithm/nth_element.hpp
-- Installing: C:/Users/Husky/source/repos/SynVHQ/vcpkg_installed/vcpkg/pkgs/boost-range_x64-windows/include/boost/range/algorithm/partial_sort.hpp
-- Installing: C:/Users/Husky/source/repos/SynVHQ/vcpkg_installed/vcpkg/pkgs/boost-range_x64-windows/include/boost/range/algorithm/partial_sort_copy.hpp
-- Installing: C:/Users/Husky/source/repos/SynVHQ/vcpkg_installed/vcpkg/pkgs/boost-range_x64-windows/include/boost/range/algorithm/partition.hpp
-- Installing: C:/Users/Husky/source/repos/SynVHQ/vcpkg_installed/vcpkg/pkgs/boost-range_x64-windows/include/boost/range/algorithm/permutation.hpp
-- Installing: C:/Users/Husky/source/repos/SynVHQ/vcpkg_installed/vcpkg/pkgs/boost-range_x64-windows/include/boost/range/algorithm/random_shuffle.hpp
-- Installing: C:/Users/Husky/source/repos/SynVHQ/vcpkg_installed/vcpkg/pkgs/boost-range_x64-windows/include/boost/range/algorithm/remove.hpp
-- Installing: C:/Users/Husky/source/repos/SynVHQ/vcpkg_installed/vcpkg/pkgs/boost-range_x64-windows/include/boost/range/algorithm/remove_copy.hpp
-- Installing: C:/Users/Husky/source/repos/SynVHQ/vcpkg_installed/vcpkg/pkgs/boost-range_x64-windows/include/boost/range/algorithm/remove_copy_if.hpp
-- Installing: C:/Users/Husky/source/repos/SynVHQ/vcpkg_installed/vcpkg/pkgs/boost-range_x64-windows/include/boost/range/algorithm/remove_if.hpp
-- Installing: C:/Users/Husky/source/repos/SynVHQ/vcpkg_installed/vcpkg/pkgs/boost-range_x64-windows/include/boost/range/algorithm/replace.hpp
-- Installing: C:/Users/Husky/source/repos/SynVHQ/vcpkg_installed/vcpkg/pkgs/boost-range_x64-windows/include/boost/range/algorithm/replace_copy.hpp
-- Installing: C:/Users/Husky/source/repos/SynVHQ/vcpkg_installed/vcpkg/pkgs/boost-range_x64-windows/include/boost/range/algorithm/replace_copy_if.hpp
-- Installing: C:/Users/Husky/source/repos/SynVHQ/vcpkg_installed/vcpkg/pkgs/boost-range_x64-windows/include/boost/range/algorithm/replace_if.hpp
-- Installing: C:/Users/Husky/source/repos/SynVHQ/vcpkg_installed/vcpkg/pkgs/boost-range_x64-windows/include/boost/range/algorithm/reverse.hpp
-- Installing: C:/Users/Husky/source/repos/SynVHQ/vcpkg_installed/vcpkg/pkgs/boost-range_x64-windows/include/boost/range/algorithm/reverse_copy.hpp
-- Installing: C:/Users/Husky/source/repos/SynVHQ/vcpkg_installed/vcpkg/pkgs/boost-range_x64-windows/include/boost/range/algorithm/rotate.hpp
-- Installing: C:/Users/Husky/source/repos/SynVHQ/vcpkg_installed/vcpkg/pkgs/boost-range_x64-windows/include/boost/range/algorithm/rotate_copy.hpp
-- Installing: C:/Users/Husky/source/repos/SynVHQ/vcpkg_installed/vcpkg/pkgs/boost-range_x64-windows/include/boost/range/algorithm/search.hpp
-- Installing: C:/Users/Husky/source/repos/SynVHQ/vcpkg_installed/vcpkg/pkgs/boost-range_x64-windows/include/boost/range/algorithm/search_n.hpp
-- Installing: C:/Users/Husky/source/repos/SynVHQ/vcpkg_installed/vcpkg/pkgs/boost-range_x64-windows/include/boost/range/algorithm/set_algorithm.hpp
-- Installing: C:/Users/Husky/source/repos/SynVHQ/vcpkg_installed/vcpkg/pkgs/boost-range_x64-windows/include/boost/range/algorithm/sort.hpp
-- Installing: C:/Users/Husky/source/repos/SynVHQ/vcpkg_installed/vcpkg/pkgs/boost-range_x64-windows/include/boost/range/algorithm/stable_partition.hpp
-- Installing: C:/Users/Husky/source/repos/SynVHQ/vcpkg_installed/vcpkg/pkgs/boost-range_x64-windows/include/boost/range/algorithm/stable_sort.hpp
-- Installing: C:/Users/Husky/source/repos/SynVHQ/vcpkg_installed/vcpkg/pkgs/boost-range_x64-windows/include/boost/range/algorithm/swap_ranges.hpp
-- Installing: C:/Users/Husky/source/repos/SynVHQ/vcpkg_installed/vcpkg/pkgs/boost-range_x64-windows/include/boost/range/algorithm/transform.hpp
-- Installing: C:/Users/Husky/source/repos/SynVHQ/vcpkg_installed/vcpkg/pkgs/boost-range_x64-windows/include/boost/range/algorithm/unique.hpp
-- Installing: C:/Users/Husky/source/repos/SynVHQ/vcpkg_installed/vcpkg/pkgs/boost-range_x64-windows/include/boost/range/algorithm/unique_copy.hpp
-- Installing: C:/Users/Husky/source/repos/SynVHQ/vcpkg_installed/vcpkg/pkgs/boost-range_x64-windows/include/boost/range/algorithm/upper_bound.hpp
-- Installing: C:/Users/Husky/source/repos/SynVHQ/vcpkg_installed/vcpkg/pkgs/boost-range_x64-windows/include/boost/range/algorithm.hpp
-- Installing: C:/Users/Husky/source/repos/SynVHQ/vcpkg_installed/vcpkg/pkgs/boost-range_x64-windows/include/boost/range/algorithm_ext
-- Installing: C:/Users/Husky/source/repos/SynVHQ/vcpkg_installed/vcpkg/pkgs/boost-range_x64-windows/include/boost/range/algorithm_ext/copy_n.hpp
-- Installing: C:/Users/Husky/source/repos/SynVHQ/vcpkg_installed/vcpkg/pkgs/boost-range_x64-windows/include/boost/range/algorithm_ext/erase.hpp
-- Installing: C:/Users/Husky/source/repos/SynVHQ/vcpkg_installed/vcpkg/pkgs/boost-range_x64-windows/include/boost/range/algorithm_ext/for_each.hpp
-- Installing: C:/Users/Husky/source/repos/SynVHQ/vcpkg_installed/vcpkg/pkgs/boost-range_x64-windows/include/boost/range/algorithm_ext/insert.hpp
-- Installing: C:/Users/Husky/source/repos/SynVHQ/vcpkg_installed/vcpkg/pkgs/boost-range_x64-windows/include/boost/range/algorithm_ext/iota.hpp
-- Installing: C:/Users/Husky/source/repos/SynVHQ/vcpkg_installed/vcpkg/pkgs/boost-range_x64-windows/include/boost/range/algorithm_ext/is_sorted.hpp
-- Installing: C:/Users/Husky/source/repos/SynVHQ/vcpkg_installed/vcpkg/pkgs/boost-range_x64-windows/include/boost/range/algorithm_ext/overwrite.hpp
-- Installing: C:/Users/Husky/source/repos/SynVHQ/vcpkg_installed/vcpkg/pkgs/boost-range_x64-windows/include/boost/range/algorithm_ext/push_back.hpp
-- Installing: C:/Users/Husky/source/repos/SynVHQ/vcpkg_installed/vcpkg/pkgs/boost-range_x64-windows/include/boost/range/algorithm_ext/push_front.hpp
-- Installing: C:/Users/Husky/source/repos/SynVHQ/vcpkg_installed/vcpkg/pkgs/boost-range_x64-windows/include/boost/range/algorithm_ext.hpp
-- Installing: C:/Users/Husky/source/repos/SynVHQ/vcpkg_installed/vcpkg/pkgs/boost-range_x64-windows/include/boost/range/any_range.hpp
-- Installing: C:/Users/Husky/source/repos/SynVHQ/vcpkg_installed/vcpkg/pkgs/boost-range_x64-windows/include/boost/range/as_array.hpp
-- Installing: C:/Users/Husky/source/repos/SynVHQ/vcpkg_installed/vcpkg/pkgs/boost-range_x64-windows/include/boost/range/as_literal.hpp
-- Installing: C:/Users/Husky/source/repos/SynVHQ/vcpkg_installed/vcpkg/pkgs/boost-range_x64-windows/include/boost/range/atl.hpp
-- Installing: C:/Users/Husky/source/repos/SynVHQ/vcpkg_installed/vcpkg/pkgs/boost-range_x64-windows/include/boost/range/begin.hpp
-- Installing: C:/Users/Husky/source/repos/SynVHQ/vcpkg_installed/vcpkg/pkgs/boost-range_x64-windows/include/boost/range/category.hpp
-- Installing: C:/Users/Husky/source/repos/SynVHQ/vcpkg_installed/vcpkg/pkgs/boost-range_x64-windows/include/boost/range/combine.hpp
-- Installing: C:/Users/Husky/source/repos/SynVHQ/vcpkg_installed/vcpkg/pkgs/boost-range_x64-windows/include/boost/range/concepts.hpp
-- Installing: C:/Users/Husky/source/repos/SynVHQ/vcpkg_installed/vcpkg/pkgs/boost-range_x64-windows/include/boost/range/config.hpp
-- Installing: C:/Users/Husky/source/repos/SynVHQ/vcpkg_installed/vcpkg/pkgs/boost-range_x64-windows/include/boost/range/const_iterator.hpp
-- Installing: C:/Users/Husky/source/repos/SynVHQ/vcpkg_installed/vcpkg/pkgs/boost-range_x64-windows/include/boost/range/const_reverse_iterator.hpp
-- Installing: C:/Users/Husky/source/repos/SynVHQ/vcpkg_installed/vcpkg/pkgs/boost-range_x64-windows/include/boost/range/counting_range.hpp
-- Installing: C:/Users/Husky/source/repos/SynVHQ/vcpkg_installed/vcpkg/pkgs/boost-range_x64-windows/include/boost/range/detail
-- Installing: C:/Users/Husky/source/repos/SynVHQ/vcpkg_installed/vcpkg/pkgs/boost-range_x64-windows/include/boost/range/detail/any_iterator.hpp
-- Installing: C:/Users/Husky/source/repos/SynVHQ/vcpkg_installed/vcpkg/pkgs/boost-range_x64-windows/include/boost/range/detail/any_iterator_buffer.hpp
-- Installing: C:/Users/Husky/source/repos/SynVHQ/vcpkg_installed/vcpkg/pkgs/boost-range_x64-windows/include/boost/range/detail/any_iterator_interface.hpp
-- Installing: C:/Users/Husky/source/repos/SynVHQ/vcpkg_installed/vcpkg/pkgs/boost-range_x64-windows/include/boost/range/detail/any_iterator_wrapper.hpp
-- Installing: C:/Users/Husky/source/repos/SynVHQ/vcpkg_installed/vcpkg/pkgs/boost-range_x64-windows/include/boost/range/detail/collection_traits.hpp
-- Installing: C:/Users/Husky/source/repos/SynVHQ/vcpkg_installed/vcpkg/pkgs/boost-range_x64-windows/include/boost/range/detail/collection_traits_detail.hpp
-- Installing: C:/Users/Husky/source/repos/SynVHQ/vcpkg_installed/vcpkg/pkgs/boost-range_x64-windows/include/boost/range/detail/combine_cxx03.hpp
-- Installing: C:/Users/Husky/source/repos/SynVHQ/vcpkg_installed/vcpkg/pkgs/boost-range_x64-windows/include/boost/range/detail/combine_cxx11.hpp
-- Installing: C:/Users/Husky/source/repos/SynVHQ/vcpkg_installed/vcpkg/pkgs/boost-range_x64-windows/include/boost/range/detail/combine_no_rvalue.hpp
-- Installing: C:/Users/Husky/source/repos/SynVHQ/vcpkg_installed/vcpkg/pkgs/boost-range_x64-windows/include/boost/range/detail/combine_rvalue.hpp
-- Installing: C:/Users/Husky/source/repos/SynVHQ/vcpkg_installed/vcpkg/pkgs/boost-range_x64-windows/include/boost/range/detail/common.hpp
-- Installing: C:/Users/Husky/source/repos/SynVHQ/vcpkg_installed/vcpkg/pkgs/boost-range_x64-windows/include/boost/range/detail/default_constructible_unary_fn.hpp
-- Installing: C:/Users/Husky/source/repos/SynVHQ/vcpkg_installed/vcpkg/pkgs/boost-range_x64-windows/include/boost/range/detail/demote_iterator_traversal_tag.hpp
-- Installing: C:/Users/Husky/source/repos/SynVHQ/vcpkg_installed/vcpkg/pkgs/boost-range_x64-windows/include/boost/range/detail/difference_type.hpp
-- Installing: C:/Users/Husky/source/repos/SynVHQ/vcpkg_installed/vcpkg/pkgs/boost-range_x64-windows/include/boost/range/detail/empty.hpp
-- Installing: C:/Users/Husky/source/repos/SynVHQ/vcpkg_installed/vcpkg/pkgs/boost-range_x64-windows/include/boost/range/detail/extract_optional_type.hpp
-- Installing: C:/Users/Husky/source/repos/SynVHQ/vcpkg_installed/vcpkg/pkgs/boost-range_x64-windows/include/boost/range/detail/has_member_size.hpp
-- Installing: C:/Users/Husky/source/repos/SynVHQ/vcpkg_installed/vcpkg/pkgs/boost-range_x64-windows/include/boost/range/detail/implementation_help.hpp
-- Installing: C:/Users/Husky/source/repos/SynVHQ/vcpkg_installed/vcpkg/pkgs/boost-range_x64-windows/include/boost/range/detail/join_iterator.hpp
-- Installing: C:/Users/Husky/source/repos/SynVHQ/vcpkg_installed/vcpkg/pkgs/boost-range_x64-windows/include/boost/range/detail/less.hpp
-- Installing: C:/Users/Husky/source/repos/SynVHQ/vcpkg_installed/vcpkg/pkgs/boost-range_x64-windows/include/boost/range/detail/microsoft.hpp
-- Installing: C:/Users/Husky/source/repos/SynVHQ/vcpkg_installed/vcpkg/pkgs/boost-range_x64-windows/include/boost/range/detail/misc_concept.hpp
-- Installing: C:/Users/Husky/source/repos/SynVHQ/vcpkg_installed/vcpkg/pkgs/boost-range_x64-windows/include/boost/range/detail/msvc_has_iterator_workaround.hpp
-- Installing: C:/Users/Husky/source/repos/SynVHQ/vcpkg_installed/vcpkg/pkgs/boost-range_x64-windows/include/boost/range/detail/range_return.hpp
-- Installing: C:/Users/Husky/source/repos/SynVHQ/vcpkg_installed/vcpkg/pkgs/boost-range_x64-windows/include/boost/range/detail/safe_bool.hpp
-- Installing: C:/Users/Husky/source/repos/SynVHQ/vcpkg_installed/vcpkg/pkgs/boost-range_x64-windows/include/boost/range/detail/sfinae.hpp
-- Installing: C:/Users/Husky/source/repos/SynVHQ/vcpkg_installed/vcpkg/pkgs/boost-range_x64-windows/include/boost/range/detail/sizer.hpp
-- Installing: C:/Users/Husky/source/repos/SynVHQ/vcpkg_installed/vcpkg/pkgs/boost-range_x64-windows/include/boost/range/detail/str_types.hpp
-- Installing: C:/Users/Husky/source/repos/SynVHQ/vcpkg_installed/vcpkg/pkgs/boost-range_x64-windows/include/boost/range/difference_type.hpp
-- Installing: C:/Users/Husky/source/repos/SynVHQ/vcpkg_installed/vcpkg/pkgs/boost-range_x64-windows/include/boost/range/distance.hpp
-- Installing: C:/Users/Husky/source/repos/SynVHQ/vcpkg_installed/vcpkg/pkgs/boost-range_x64-windows/include/boost/range/empty.hpp
-- Installing: C:/Users/Husky/source/repos/SynVHQ/vcpkg_installed/vcpkg/pkgs/boost-range_x64-windows/include/boost/range/end.hpp
-- Installing: C:/Users/Husky/source/repos/SynVHQ/vcpkg_installed/vcpkg/pkgs/boost-range_x64-windows/include/boost/range/functions.hpp
-- Installing: C:/Users/Husky/source/repos/SynVHQ/vcpkg_installed/vcpkg/pkgs/boost-range_x64-windows/include/boost/range/has_range_iterator.hpp
-- Installing: C:/Users/Husky/source/repos/SynVHQ/vcpkg_installed/vcpkg/pkgs/boost-range_x64-windows/include/boost/range/irange.hpp
-- Installing: C:/Users/Husky/source/repos/SynVHQ/vcpkg_installed/vcpkg/pkgs/boost-range_x64-windows/include/boost/range/istream_range.hpp
-- Installing: C:/Users/Husky/source/repos/SynVHQ/vcpkg_installed/vcpkg/pkgs/boost-range_x64-windows/include/boost/range/iterator.hpp
-- Installing: C:/Users/Husky/source/repos/SynVHQ/vcpkg_installed/vcpkg/pkgs/boost-range_x64-windows/include/boost/range/iterator_range.hpp
-- Installing: C:/Users/Husky/source/repos/SynVHQ/vcpkg_installed/vcpkg/pkgs/boost-range_x64-windows/include/boost/range/iterator_range_core.hpp
-- Installing: C:/Users/Husky/source/repos/SynVHQ/vcpkg_installed/vcpkg/pkgs/boost-range_x64-windows/include/boost/range/iterator_range_hash.hpp
-- Installing: C:/Users/Husky/source/repos/SynVHQ/vcpkg_installed/vcpkg/pkgs/boost-range_x64-windows/include/boost/range/iterator_range_io.hpp
-- Installing: C:/Users/Husky/source/repos/SynVHQ/vcpkg_installed/vcpkg/pkgs/boost-range_x64-windows/include/boost/range/join.hpp
-- Installing: C:/Users/Husky/source/repos/SynVHQ/vcpkg_installed/vcpkg/pkgs/boost-range_x64-windows/include/boost/range/metafunctions.hpp
-- Installing: C:/Users/Husky/source/repos/SynVHQ/vcpkg_installed/vcpkg/pkgs/boost-range_x64-windows/include/boost/range/mfc.hpp
-- Installing: C:/Users/Husky/source/repos/SynVHQ/vcpkg_installed/vcpkg/pkgs/boost-range_x64-windows/include/boost/range/mfc_map.hpp
-- Installing: C:/Users/Husky/source/repos/SynVHQ/vcpkg_installed/vcpkg/pkgs/boost-range_x64-windows/include/boost/range/mutable_iterator.hpp
-- Installing: C:/Users/Husky/source/repos/SynVHQ/vcpkg_installed/vcpkg/pkgs/boost-range_x64-windows/include/boost/range/numeric.hpp
-- Installing: C:/Users/Husky/source/repos/SynVHQ/vcpkg_installed/vcpkg/pkgs/boost-range_x64-windows/include/boost/range/pointer.hpp
-- Installing: C:/Users/Husky/source/repos/SynVHQ/vcpkg_installed/vcpkg/pkgs/boost-range_x64-windows/include/boost/range/range_fwd.hpp
-- Installing: C:/Users/Husky/source/repos/SynVHQ/vcpkg_installed/vcpkg/pkgs/boost-range_x64-windows/include/boost/range/rbegin.hpp
-- Installing: C:/Users/Husky/source/repos/SynVHQ/vcpkg_installed/vcpkg/pkgs/boost-range_x64-windows/include/boost/range/reference.hpp
-- Installing: C:/Users/Husky/source/repos/SynVHQ/vcpkg_installed/vcpkg/pkgs/boost-range_x64-windows/include/boost/range/rend.hpp
-- Installing: C:/Users/Husky/source/repos/SynVHQ/vcpkg_installed/vcpkg/pkgs/boost-range_x64-windows/include/boost/range/result_iterator.hpp
-- Installing: C:/Users/Husky/source/repos/SynVHQ/vcpkg_installed/vcpkg/pkgs/boost-range_x64-windows/include/boost/range/reverse_iterator.hpp
-- Installing: C:/Users/Husky/source/repos/SynVHQ/vcpkg_installed/vcpkg/pkgs/boost-range_x64-windows/include/boost/range/reverse_result_iterator.hpp
-- Installing: C:/Users/Husky/source/repos/SynVHQ/vcpkg_installed/vcpkg/pkgs/boost-range_x64-windows/include/boost/range/size.hpp
-- Installing: C:/Users/Husky/source/repos/SynVHQ/vcpkg_installed/vcpkg/pkgs/boost-range_x64-windows/include/boost/range/size_type.hpp
-- Installing: C:/Users/Husky/source/repos/SynVHQ/vcpkg_installed/vcpkg/pkgs/boost-range_x64-windows/include/boost/range/sub_range.hpp
-- Installing: C:/Users/Husky/source/repos/SynVHQ/vcpkg_installed/vcpkg/pkgs/boost-range_x64-windows/include/boost/range/traversal.hpp
-- Installing: C:/Users/Husky/source/repos/SynVHQ/vcpkg_installed/vcpkg/pkgs/boost-range_x64-windows/include/boost/range/value_type.hpp
-- Installing: C:/Users/Husky/source/repos/SynVHQ/vcpkg_installed/vcpkg/pkgs/boost-range_x64-windows/include/boost/range.hpp
-- Installing: C:/Users/Husky/source/repos/SynVHQ/vcpkg_installed/vcpkg/pkgs/boost-range_x64-windows/lib/cmake/boost_range-1.86.0/boost_range-targets.cmake
-- Installing: C:/Users/Husky/source/repos/SynVHQ/vcpkg_installed/vcpkg/pkgs/boost-range_x64-windows/lib/cmake/boost_range-1.86.0/boost_range-config.cmake
-- Installing: C:/Users/Husky/source/repos/SynVHQ/vcpkg_installed/vcpkg/pkgs/boost-range_x64-windows/lib/cmake/boost_range-1.86.0/boost_range-config-version.cmake

