# CMAKE generated file: DO NOT EDIT!
# Generated by "Ninja" Generator, CMake Version 3.30

# This file contains all the build statements describing the
# compilation DAG.

# =============================================================================
# Write statements declared in CMakeLists.txt:
# 
# Which is the root file.
# =============================================================================

# =============================================================================
# Project: Boost
# Configurations: Release
# =============================================================================

#############################################
# Minimal version of Ninja required by this file

ninja_required_version = 1.5


#############################################
# Set configuration variable for custom commands.

CONFIGURATION = Release
# =============================================================================
# Include auxiliary files.


#############################################
# Include rules file.

include CMakeFiles\rules.ninja

# =============================================================================

#############################################
# Logical path to working directory; prefix for absolute paths.

cmake_ninja_workdir = C$:\Users\Husky\source\repos\SynVHQ\vcpkg_installed\vcpkg\blds\boost-function\x64-windows-rel\

#############################################
# Utility command for tests

build tests: phony


#############################################
# Utility command for check

build check: phony CMakeFiles\check tests


#############################################
# Utility command for tests-quick

build tests-quick: phony


#############################################
# Utility command for check-quick

build check-quick: phony CMakeFiles\check-quick tests-quick


#############################################
# Utility command for edit_cache

build CMakeFiles\edit_cache.util: CUSTOM_COMMAND
  COMMAND = C:\WINDOWS\system32\cmd.exe /C "cd /D C:\Users\Husky\source\repos\SynVHQ\vcpkg_installed\vcpkg\blds\boost-function\x64-windows-rel && "C:\Program Files\Microsoft Visual Studio\2022\Community\Common7\IDE\CommonExtensions\Microsoft\CMake\CMake\bin\cmake.exe" -E echo "No interactive CMake dialog available.""
  DESC = No interactive CMake dialog available...
  restat = 1

build edit_cache: phony CMakeFiles\edit_cache.util


#############################################
# Utility command for rebuild_cache

build CMakeFiles\rebuild_cache.util: CUSTOM_COMMAND
  COMMAND = C:\WINDOWS\system32\cmd.exe /C "cd /D C:\Users\Husky\source\repos\SynVHQ\vcpkg_installed\vcpkg\blds\boost-function\x64-windows-rel && "C:\Program Files\Microsoft Visual Studio\2022\Community\Common7\IDE\CommonExtensions\Microsoft\CMake\CMake\bin\cmake.exe" --regenerate-during-build -SC:\Users\Husky\source\repos\SynVHQ\vcpkg_installed\vcpkg\blds\boost-function\src\ost-1.86.0-ec6eb5e976.clean -BC:\Users\Husky\source\repos\SynVHQ\vcpkg_installed\vcpkg\blds\boost-function\x64-windows-rel"
  DESC = Running CMake to regenerate build system...
  pool = console
  restat = 1

build rebuild_cache: phony CMakeFiles\rebuild_cache.util


#############################################
# Utility command for list_install_components

build list_install_components: phony


#############################################
# Utility command for install

build CMakeFiles\install.util: CUSTOM_COMMAND all
  COMMAND = C:\WINDOWS\system32\cmd.exe /C "cd /D C:\Users\Husky\source\repos\SynVHQ\vcpkg_installed\vcpkg\blds\boost-function\x64-windows-rel && "C:\Program Files\Microsoft Visual Studio\2022\Community\Common7\IDE\CommonExtensions\Microsoft\CMake\CMake\bin\cmake.exe" -P cmake_install.cmake"
  DESC = Install the project...
  pool = console
  restat = 1

build install: phony CMakeFiles\install.util


#############################################
# Utility command for install/local

build CMakeFiles\install\local.util: CUSTOM_COMMAND all
  COMMAND = C:\WINDOWS\system32\cmd.exe /C "cd /D C:\Users\Husky\source\repos\SynVHQ\vcpkg_installed\vcpkg\blds\boost-function\x64-windows-rel && "C:\Program Files\Microsoft Visual Studio\2022\Community\Common7\IDE\CommonExtensions\Microsoft\CMake\CMake\bin\cmake.exe" -DCMAKE_INSTALL_LOCAL_ONLY=1 -P cmake_install.cmake"
  DESC = Installing only the local directory...
  pool = console
  restat = 1

build install\local: phony CMakeFiles\install\local.util


#############################################
# Custom command for CMakeFiles\check

build CMakeFiles\check | ${cmake_ninja_workdir}CMakeFiles\check: CUSTOM_COMMAND || tests
  COMMAND = C:\WINDOWS\system32\cmd.exe /C "cd /D C:\Users\Husky\source\repos\SynVHQ\vcpkg_installed\vcpkg\blds\boost-function\x64-windows-rel && "C:\Program Files\Microsoft Visual Studio\2022\Community\Common7\IDE\CommonExtensions\Microsoft\CMake\CMake\bin\ctest.exe" --output-on-failure --no-tests=error -C Release"


#############################################
# Custom command for CMakeFiles\check-quick

build CMakeFiles\check-quick | ${cmake_ninja_workdir}CMakeFiles\check-quick: CUSTOM_COMMAND || tests-quick
  COMMAND = C:\WINDOWS\system32\cmd.exe /C "cd /D C:\Users\Husky\source\repos\SynVHQ\vcpkg_installed\vcpkg\blds\boost-function\x64-windows-rel && "C:\Program Files\Microsoft Visual Studio\2022\Community\Common7\IDE\CommonExtensions\Microsoft\CMake\CMake\bin\ctest.exe" --output-on-failure --no-tests=error -C Release -R quick"

# =============================================================================
# Write statements declared in CMakeLists.txt:
# C:/Users/Husky/source/repos/SynVHQ/vcpkg_installed/x64-windows/share/boost/cmake-build/BoostRoot.cmake
# =============================================================================


#############################################
# Utility command for edit_cache

build libs\function\CMakeFiles\edit_cache.util: CUSTOM_COMMAND
  COMMAND = C:\WINDOWS\system32\cmd.exe /C "cd /D C:\Users\Husky\source\repos\SynVHQ\vcpkg_installed\vcpkg\blds\boost-function\x64-windows-rel\libs\function && "C:\Program Files\Microsoft Visual Studio\2022\Community\Common7\IDE\CommonExtensions\Microsoft\CMake\CMake\bin\cmake.exe" -E echo "No interactive CMake dialog available.""
  DESC = No interactive CMake dialog available...
  restat = 1

build libs\function\edit_cache: phony libs\function\CMakeFiles\edit_cache.util


#############################################
# Utility command for rebuild_cache

build libs\function\CMakeFiles\rebuild_cache.util: CUSTOM_COMMAND
  COMMAND = C:\WINDOWS\system32\cmd.exe /C "cd /D C:\Users\Husky\source\repos\SynVHQ\vcpkg_installed\vcpkg\blds\boost-function\x64-windows-rel\libs\function && "C:\Program Files\Microsoft Visual Studio\2022\Community\Common7\IDE\CommonExtensions\Microsoft\CMake\CMake\bin\cmake.exe" --regenerate-during-build -SC:\Users\Husky\source\repos\SynVHQ\vcpkg_installed\vcpkg\blds\boost-function\src\ost-1.86.0-ec6eb5e976.clean -BC:\Users\Husky\source\repos\SynVHQ\vcpkg_installed\vcpkg\blds\boost-function\x64-windows-rel"
  DESC = Running CMake to regenerate build system...
  pool = console
  restat = 1

build libs\function\rebuild_cache: phony libs\function\CMakeFiles\rebuild_cache.util


#############################################
# Utility command for list_install_components

build libs\function\list_install_components: phony


#############################################
# Utility command for install

build libs\function\CMakeFiles\install.util: CUSTOM_COMMAND libs\function\all
  COMMAND = C:\WINDOWS\system32\cmd.exe /C "cd /D C:\Users\Husky\source\repos\SynVHQ\vcpkg_installed\vcpkg\blds\boost-function\x64-windows-rel\libs\function && "C:\Program Files\Microsoft Visual Studio\2022\Community\Common7\IDE\CommonExtensions\Microsoft\CMake\CMake\bin\cmake.exe" -P cmake_install.cmake"
  DESC = Install the project...
  pool = console
  restat = 1

build libs\function\install: phony libs\function\CMakeFiles\install.util


#############################################
# Utility command for install/local

build libs\function\CMakeFiles\install\local.util: CUSTOM_COMMAND libs\function\all
  COMMAND = C:\WINDOWS\system32\cmd.exe /C "cd /D C:\Users\Husky\source\repos\SynVHQ\vcpkg_installed\vcpkg\blds\boost-function\x64-windows-rel\libs\function && "C:\Program Files\Microsoft Visual Studio\2022\Community\Common7\IDE\CommonExtensions\Microsoft\CMake\CMake\bin\cmake.exe" -DCMAKE_INSTALL_LOCAL_ONLY=1 -P cmake_install.cmake"
  DESC = Installing only the local directory...
  pool = console
  restat = 1

build libs\function\install\local: phony libs\function\CMakeFiles\install\local.util

# =============================================================================
# Target aliases.

# =============================================================================
# Folder targets.

# =============================================================================

#############################################
# Folder: C:/Users/Husky/source/repos/SynVHQ/vcpkg_installed/vcpkg/blds/boost-function/x64-windows-rel

build all: phony libs\function\all

# =============================================================================

#############################################
# Folder: C:/Users/Husky/source/repos/SynVHQ/vcpkg_installed/vcpkg/blds/boost-function/x64-windows-rel/libs/function

build libs\function\all: phony

# =============================================================================
# Built-in targets


#############################################
# Re-run CMake if any of its inputs changed.

build build.ninja: RERUN_CMAKE | C$:\Program$ Files\Microsoft$ Visual$ Studio\2022\Community\Common7\IDE\CommonExtensions\Microsoft\CMake\CMake\share\cmake-3.30\Modules\BasicConfigVersion-SameMajorVersion.cmake.in C$:\Program$ Files\Microsoft$ Visual$ Studio\2022\Community\Common7\IDE\CommonExtensions\Microsoft\CMake\CMake\share\cmake-3.30\Modules\CMakeCXXCompiler.cmake.in C$:\Program$ Files\Microsoft$ Visual$ Studio\2022\Community\Common7\IDE\CommonExtensions\Microsoft\CMake\CMake\share\cmake-3.30\Modules\CMakeCXXCompilerABI.cpp C$:\Program$ Files\Microsoft$ Visual$ Studio\2022\Community\Common7\IDE\CommonExtensions\Microsoft\CMake\CMake\share\cmake-3.30\Modules\CMakeCXXInformation.cmake C$:\Program$ Files\Microsoft$ Visual$ Studio\2022\Community\Common7\IDE\CommonExtensions\Microsoft\CMake\CMake\share\cmake-3.30\Modules\CMakeCommonLanguageInclude.cmake C$:\Program$ Files\Microsoft$ Visual$ Studio\2022\Community\Common7\IDE\CommonExtensions\Microsoft\CMake\CMake\share\cmake-3.30\Modules\CMakeCompilerIdDetection.cmake C$:\Program$ Files\Microsoft$ Visual$ Studio\2022\Community\Common7\IDE\CommonExtensions\Microsoft\CMake\CMake\share\cmake-3.30\Modules\CMakeDependentOption.cmake C$:\Program$ Files\Microsoft$ Visual$ Studio\2022\Community\Common7\IDE\CommonExtensions\Microsoft\CMake\CMake\share\cmake-3.30\Modules\CMakeDetermineCXXCompiler.cmake C$:\Program$ Files\Microsoft$ Visual$ Studio\2022\Community\Common7\IDE\CommonExtensions\Microsoft\CMake\CMake\share\cmake-3.30\Modules\CMakeDetermineCompiler.cmake C$:\Program$ Files\Microsoft$ Visual$ Studio\2022\Community\Common7\IDE\CommonExtensions\Microsoft\CMake\CMake\share\cmake-3.30\Modules\CMakeDetermineCompilerABI.cmake C$:\Program$ Files\Microsoft$ Visual$ Studio\2022\Community\Common7\IDE\CommonExtensions\Microsoft\CMake\CMake\share\cmake-3.30\Modules\CMakeDetermineCompilerId.cmake C$:\Program$ Files\Microsoft$ Visual$ Studio\2022\Community\Common7\IDE\CommonExtensions\Microsoft\CMake\CMake\share\cmake-3.30\Modules\CMakeDetermineCompilerSupport.cmake C$:\Program$ Files\Microsoft$ Visual$ Studio\2022\Community\Common7\IDE\CommonExtensions\Microsoft\CMake\CMake\share\cmake-3.30\Modules\CMakeDetermineRCCompiler.cmake C$:\Program$ Files\Microsoft$ Visual$ Studio\2022\Community\Common7\IDE\CommonExtensions\Microsoft\CMake\CMake\share\cmake-3.30\Modules\CMakeDetermineSystem.cmake C$:\Program$ Files\Microsoft$ Visual$ Studio\2022\Community\Common7\IDE\CommonExtensions\Microsoft\CMake\CMake\share\cmake-3.30\Modules\CMakeFindBinUtils.cmake C$:\Program$ Files\Microsoft$ Visual$ Studio\2022\Community\Common7\IDE\CommonExtensions\Microsoft\CMake\CMake\share\cmake-3.30\Modules\CMakeFindDependencyMacro.cmake C$:\Program$ Files\Microsoft$ Visual$ Studio\2022\Community\Common7\IDE\CommonExtensions\Microsoft\CMake\CMake\share\cmake-3.30\Modules\CMakeGenericSystem.cmake C$:\Program$ Files\Microsoft$ Visual$ Studio\2022\Community\Common7\IDE\CommonExtensions\Microsoft\CMake\CMake\share\cmake-3.30\Modules\CMakeInitializeConfigs.cmake C$:\Program$ Files\Microsoft$ Visual$ Studio\2022\Community\Common7\IDE\CommonExtensions\Microsoft\CMake\CMake\share\cmake-3.30\Modules\CMakeLanguageInformation.cmake C$:\Program$ Files\Microsoft$ Visual$ Studio\2022\Community\Common7\IDE\CommonExtensions\Microsoft\CMake\CMake\share\cmake-3.30\Modules\CMakePackageConfigHelpers.cmake C$:\Program$ Files\Microsoft$ Visual$ Studio\2022\Community\Common7\IDE\CommonExtensions\Microsoft\CMake\CMake\share\cmake-3.30\Modules\CMakeParseImplicitIncludeInfo.cmake C$:\Program$ Files\Microsoft$ Visual$ Studio\2022\Community\Common7\IDE\CommonExtensions\Microsoft\CMake\CMake\share\cmake-3.30\Modules\CMakeParseImplicitLinkInfo.cmake C$:\Program$ Files\Microsoft$ Visual$ Studio\2022\Community\Common7\IDE\CommonExtensions\Microsoft\CMake\CMake\share\cmake-3.30\Modules\CMakeParseLibraryArchitecture.cmake C$:\Program$ Files\Microsoft$ Visual$ Studio\2022\Community\Common7\IDE\CommonExtensions\Microsoft\CMake\CMake\share\cmake-3.30\Modules\CMakeRCCompiler.cmake.in C$:\Program$ Files\Microsoft$ Visual$ Studio\2022\Community\Common7\IDE\CommonExtensions\Microsoft\CMake\CMake\share\cmake-3.30\Modules\CMakeRCInformation.cmake C$:\Program$ Files\Microsoft$ Visual$ Studio\2022\Community\Common7\IDE\CommonExtensions\Microsoft\CMake\CMake\share\cmake-3.30\Modules\CMakeSystem.cmake.in C$:\Program$ Files\Microsoft$ Visual$ Studio\2022\Community\Common7\IDE\CommonExtensions\Microsoft\CMake\CMake\share\cmake-3.30\Modules\CMakeSystemSpecificInformation.cmake C$:\Program$ Files\Microsoft$ Visual$ Studio\2022\Community\Common7\IDE\CommonExtensions\Microsoft\CMake\CMake\share\cmake-3.30\Modules\CMakeSystemSpecificInitialize.cmake C$:\Program$ Files\Microsoft$ Visual$ Studio\2022\Community\Common7\IDE\CommonExtensions\Microsoft\CMake\CMake\share\cmake-3.30\Modules\CMakeTestCXXCompiler.cmake C$:\Program$ Files\Microsoft$ Visual$ Studio\2022\Community\Common7\IDE\CommonExtensions\Microsoft\CMake\CMake\share\cmake-3.30\Modules\CMakeTestCompilerCommon.cmake C$:\Program$ Files\Microsoft$ Visual$ Studio\2022\Community\Common7\IDE\CommonExtensions\Microsoft\CMake\CMake\share\cmake-3.30\Modules\CMakeTestRCCompiler.cmake C$:\Program$ Files\Microsoft$ Visual$ Studio\2022\Community\Common7\IDE\CommonExtensions\Microsoft\CMake\CMake\share\cmake-3.30\Modules\CTest.cmake C$:\Program$ Files\Microsoft$ Visual$ Studio\2022\Community\Common7\IDE\CommonExtensions\Microsoft\CMake\CMake\share\cmake-3.30\Modules\CTestUseLaunchers.cmake C$:\Program$ Files\Microsoft$ Visual$ Studio\2022\Community\Common7\IDE\CommonExtensions\Microsoft\CMake\CMake\share\cmake-3.30\Modules\Compiler\ADSP-DetermineCompiler.cmake C$:\Program$ Files\Microsoft$ Visual$ Studio\2022\Community\Common7\IDE\CommonExtensions\Microsoft\CMake\CMake\share\cmake-3.30\Modules\Compiler\ARMCC-DetermineCompiler.cmake C$:\Program$ Files\Microsoft$ Visual$ Studio\2022\Community\Common7\IDE\CommonExtensions\Microsoft\CMake\CMake\share\cmake-3.30\Modules\Compiler\ARMClang-DetermineCompiler.cmake C$:\Program$ Files\Microsoft$ Visual$ Studio\2022\Community\Common7\IDE\CommonExtensions\Microsoft\CMake\CMake\share\cmake-3.30\Modules\Compiler\AppleClang-DetermineCompiler.cmake C$:\Program$ Files\Microsoft$ Visual$ Studio\2022\Community\Common7\IDE\CommonExtensions\Microsoft\CMake\CMake\share\cmake-3.30\Modules\Compiler\Borland-DetermineCompiler.cmake C$:\Program$ Files\Microsoft$ Visual$ Studio\2022\Community\Common7\IDE\CommonExtensions\Microsoft\CMake\CMake\share\cmake-3.30\Modules\Compiler\CMakeCommonCompilerMacros.cmake C$:\Program$ Files\Microsoft$ Visual$ Studio\2022\Community\Common7\IDE\CommonExtensions\Microsoft\CMake\CMake\share\cmake-3.30\Modules\Compiler\Clang-DetermineCompiler.cmake C$:\Program$ Files\Microsoft$ Visual$ Studio\2022\Community\Common7\IDE\CommonExtensions\Microsoft\CMake\CMake\share\cmake-3.30\Modules\Compiler\Clang-DetermineCompilerInternal.cmake C$:\Program$ Files\Microsoft$ Visual$ Studio\2022\Community\Common7\IDE\CommonExtensions\Microsoft\CMake\CMake\share\cmake-3.30\Modules\Compiler\Compaq-CXX-DetermineCompiler.cmake C$:\Program$ Files\Microsoft$ Visual$ Studio\2022\Community\Common7\IDE\CommonExtensions\Microsoft\CMake\CMake\share\cmake-3.30\Modules\Compiler\Cray-DetermineCompiler.cmake C$:\Program$ Files\Microsoft$ Visual$ Studio\2022\Community\Common7\IDE\CommonExtensions\Microsoft\CMake\CMake\share\cmake-3.30\Modules\Compiler\CrayClang-DetermineCompiler.cmake C$:\Program$ Files\Microsoft$ Visual$ Studio\2022\Community\Common7\IDE\CommonExtensions\Microsoft\CMake\CMake\share\cmake-3.30\Modules\Compiler\Embarcadero-DetermineCompiler.cmake C$:\Program$ Files\Microsoft$ Visual$ Studio\2022\Community\Common7\IDE\CommonExtensions\Microsoft\CMake\CMake\share\cmake-3.30\Modules\Compiler\Fujitsu-DetermineCompiler.cmake C$:\Program$ Files\Microsoft$ Visual$ Studio\2022\Community\Common7\IDE\CommonExtensions\Microsoft\CMake\CMake\share\cmake-3.30\Modules\Compiler\FujitsuClang-DetermineCompiler.cmake C$:\Program$ Files\Microsoft$ Visual$ Studio\2022\Community\Common7\IDE\CommonExtensions\Microsoft\CMake\CMake\share\cmake-3.30\Modules\Compiler\GHS-DetermineCompiler.cmake C$:\Program$ Files\Microsoft$ Visual$ Studio\2022\Community\Common7\IDE\CommonExtensions\Microsoft\CMake\CMake\share\cmake-3.30\Modules\Compiler\GNU-CXX-DetermineCompiler.cmake C$:\Program$ Files\Microsoft$ Visual$ Studio\2022\Community\Common7\IDE\CommonExtensions\Microsoft\CMake\CMake\share\cmake-3.30\Modules\Compiler\HP-CXX-DetermineCompiler.cmake C$:\Program$ Files\Microsoft$ Visual$ Studio\2022\Community\Common7\IDE\CommonExtensions\Microsoft\CMake\CMake\share\cmake-3.30\Modules\Compiler\IAR-DetermineCompiler.cmake C$:\Program$ Files\Microsoft$ Visual$ Studio\2022\Community\Common7\IDE\CommonExtensions\Microsoft\CMake\CMake\share\cmake-3.30\Modules\Compiler\IBMCPP-CXX-DetermineVersionInternal.cmake C$:\Program$ Files\Microsoft$ Visual$ Studio\2022\Community\Common7\IDE\CommonExtensions\Microsoft\CMake\CMake\share\cmake-3.30\Modules\Compiler\IBMClang-CXX-DetermineCompiler.cmake C$:\Program$ Files\Microsoft$ Visual$ Studio\2022\Community\Common7\IDE\CommonExtensions\Microsoft\CMake\CMake\share\cmake-3.30\Modules\Compiler\Intel-DetermineCompiler.cmake C$:\Program$ Files\Microsoft$ Visual$ Studio\2022\Community\Common7\IDE\CommonExtensions\Microsoft\CMake\CMake\share\cmake-3.30\Modules\Compiler\IntelLLVM-DetermineCompiler.cmake C$:\Program$ Files\Microsoft$ Visual$ Studio\2022\Community\Common7\IDE\CommonExtensions\Microsoft\CMake\CMake\share\cmake-3.30\Modules\Compiler\LCC-CXX-DetermineCompiler.cmake C$:\Program$ Files\Microsoft$ Visual$ Studio\2022\Community\Common7\IDE\CommonExtensions\Microsoft\CMake\CMake\share\cmake-3.30\Modules\Compiler\MSVC-CXX-CXXImportStd.cmake C$:\Program$ Files\Microsoft$ Visual$ Studio\2022\Community\Common7\IDE\CommonExtensions\Microsoft\CMake\CMake\share\cmake-3.30\Modules\Compiler\MSVC-CXX.cmake C$:\Program$ Files\Microsoft$ Visual$ Studio\2022\Community\Common7\IDE\CommonExtensions\Microsoft\CMake\CMake\share\cmake-3.30\Modules\Compiler\MSVC-DetermineCompiler.cmake C$:\Program$ Files\Microsoft$ Visual$ Studio\2022\Community\Common7\IDE\CommonExtensions\Microsoft\CMake\CMake\share\cmake-3.30\Modules\Compiler\MSVC.cmake C$:\Program$ Files\Microsoft$ Visual$ Studio\2022\Community\Common7\IDE\CommonExtensions\Microsoft\CMake\CMake\share\cmake-3.30\Modules\Compiler\NVHPC-DetermineCompiler.cmake C$:\Program$ Files\Microsoft$ Visual$ Studio\2022\Community\Common7\IDE\CommonExtensions\Microsoft\CMake\CMake\share\cmake-3.30\Modules\Compiler\NVIDIA-DetermineCompiler.cmake C$:\Program$ Files\Microsoft$ Visual$ Studio\2022\Community\Common7\IDE\CommonExtensions\Microsoft\CMake\CMake\share\cmake-3.30\Modules\Compiler\OpenWatcom-DetermineCompiler.cmake C$:\Program$ Files\Microsoft$ Visual$ Studio\2022\Community\Common7\IDE\CommonExtensions\Microsoft\CMake\CMake\share\cmake-3.30\Modules\Compiler\OrangeC-DetermineCompiler.cmake C$:\Program$ Files\Microsoft$ Visual$ Studio\2022\Community\Common7\IDE\CommonExtensions\Microsoft\CMake\CMake\share\cmake-3.30\Modules\Compiler\PGI-DetermineCompiler.cmake C$:\Program$ Files\Microsoft$ Visual$ Studio\2022\Community\Common7\IDE\CommonExtensions\Microsoft\CMake\CMake\share\cmake-3.30\Modules\Compiler\PathScale-DetermineCompiler.cmake C$:\Program$ Files\Microsoft$ Visual$ Studio\2022\Community\Common7\IDE\CommonExtensions\Microsoft\CMake\CMake\share\cmake-3.30\Modules\Compiler\SCO-DetermineCompiler.cmake C$:\Program$ Files\Microsoft$ Visual$ Studio\2022\Community\Common7\IDE\CommonExtensions\Microsoft\CMake\CMake\share\cmake-3.30\Modules\Compiler\SunPro-CXX-DetermineCompiler.cmake C$:\Program$ Files\Microsoft$ Visual$ Studio\2022\Community\Common7\IDE\CommonExtensions\Microsoft\CMake\CMake\share\cmake-3.30\Modules\Compiler\TI-DetermineCompiler.cmake C$:\Program$ Files\Microsoft$ Visual$ Studio\2022\Community\Common7\IDE\CommonExtensions\Microsoft\CMake\CMake\share\cmake-3.30\Modules\Compiler\TIClang-DetermineCompiler.cmake C$:\Program$ Files\Microsoft$ Visual$ Studio\2022\Community\Common7\IDE\CommonExtensions\Microsoft\CMake\CMake\share\cmake-3.30\Modules\Compiler\Tasking-DetermineCompiler.cmake C$:\Program$ Files\Microsoft$ Visual$ Studio\2022\Community\Common7\IDE\CommonExtensions\Microsoft\CMake\CMake\share\cmake-3.30\Modules\Compiler\VisualAge-CXX-DetermineCompiler.cmake C$:\Program$ Files\Microsoft$ Visual$ Studio\2022\Community\Common7\IDE\CommonExtensions\Microsoft\CMake\CMake\share\cmake-3.30\Modules\Compiler\Watcom-DetermineCompiler.cmake C$:\Program$ Files\Microsoft$ Visual$ Studio\2022\Community\Common7\IDE\CommonExtensions\Microsoft\CMake\CMake\share\cmake-3.30\Modules\Compiler\XL-CXX-DetermineCompiler.cmake C$:\Program$ Files\Microsoft$ Visual$ Studio\2022\Community\Common7\IDE\CommonExtensions\Microsoft\CMake\CMake\share\cmake-3.30\Modules\Compiler\XLClang-CXX-DetermineCompiler.cmake C$:\Program$ Files\Microsoft$ Visual$ Studio\2022\Community\Common7\IDE\CommonExtensions\Microsoft\CMake\CMake\share\cmake-3.30\Modules\Compiler\zOS-CXX-DetermineCompiler.cmake C$:\Program$ Files\Microsoft$ Visual$ Studio\2022\Community\Common7\IDE\CommonExtensions\Microsoft\CMake\CMake\share\cmake-3.30\Modules\GNUInstallDirs.cmake C$:\Program$ Files\Microsoft$ Visual$ Studio\2022\Community\Common7\IDE\CommonExtensions\Microsoft\CMake\CMake\share\cmake-3.30\Modules\Internal\CMakeDetermineLinkerId.cmake C$:\Program$ Files\Microsoft$ Visual$ Studio\2022\Community\Common7\IDE\CommonExtensions\Microsoft\CMake\CMake\share\cmake-3.30\Modules\Internal\FeatureTesting.cmake C$:\Program$ Files\Microsoft$ Visual$ Studio\2022\Community\Common7\IDE\CommonExtensions\Microsoft\CMake\CMake\share\cmake-3.30\Modules\Platform\Windows-Determine-CXX.cmake C$:\Program$ Files\Microsoft$ Visual$ Studio\2022\Community\Common7\IDE\CommonExtensions\Microsoft\CMake\CMake\share\cmake-3.30\Modules\Platform\Windows-Initialize.cmake C$:\Program$ Files\Microsoft$ Visual$ Studio\2022\Community\Common7\IDE\CommonExtensions\Microsoft\CMake\CMake\share\cmake-3.30\Modules\Platform\Windows-MSVC-CXX.cmake C$:\Program$ Files\Microsoft$ Visual$ Studio\2022\Community\Common7\IDE\CommonExtensions\Microsoft\CMake\CMake\share\cmake-3.30\Modules\Platform\Windows-MSVC.cmake C$:\Program$ Files\Microsoft$ Visual$ Studio\2022\Community\Common7\IDE\CommonExtensions\Microsoft\CMake\CMake\share\cmake-3.30\Modules\Platform\Windows.cmake C$:\Program$ Files\Microsoft$ Visual$ Studio\2022\Community\Common7\IDE\CommonExtensions\Microsoft\CMake\CMake\share\cmake-3.30\Modules\Platform\WindowsPaths.cmake C$:\Program$ Files\Microsoft$ Visual$ Studio\2022\Community\Common7\IDE\CommonExtensions\Microsoft\CMake\CMake\share\cmake-3.30\Modules\WriteBasicConfigVersionFile.cmake C$:\Program$ Files\Microsoft$ Visual$ Studio\2022\Community\VC\vcpkg\scripts\buildsystems\vcpkg.cmake C$:\Program$ Files\Microsoft$ Visual$ Studio\2022\Community\VC\vcpkg\scripts\toolchains\windows.cmake C$:\Users\Husky\source\repos\SynVHQ\vcpkg_installed\vcpkg\blds\boost-function\src\ost-1.86.0-ec6eb5e976.clean\CMakeLists.txt C$:\Users\Husky\source\repos\SynVHQ\vcpkg_installed\vcpkg\blds\boost-function\src\ost-1.86.0-ec6eb5e976.clean\libs\function\CMakeLists.txt C$:\Users\Husky\source\repos\SynVHQ\vcpkg_installed\x64-windows\share\boost\BoostConfig.cmake C$:\Users\Husky\source\repos\SynVHQ\vcpkg_installed\x64-windows\share\boost\BoostConfigVersion.cmake C$:\Users\Husky\source\repos\SynVHQ\vcpkg_installed\x64-windows\share\boost\cmake-build\BoostInstall.cmake C$:\Users\Husky\source\repos\SynVHQ\vcpkg_installed\x64-windows\share\boost\cmake-build\BoostMessage.cmake C$:\Users\Husky\source\repos\SynVHQ\vcpkg_installed\x64-windows\share\boost\cmake-build\BoostRoot.cmake C$:\Users\Husky\source\repos\SynVHQ\vcpkg_installed\x64-windows\share\boost\vcpkg-cmake-wrapper.cmake C$:\Users\Husky\source\repos\SynVHQ\vcpkg_installed\x64-windows\share\boost_assert\boost_assert-config-version.cmake C$:\Users\Husky\source\repos\SynVHQ\vcpkg_installed\x64-windows\share\boost_assert\boost_assert-config.cmake C$:\Users\Husky\source\repos\SynVHQ\vcpkg_installed\x64-windows\share\boost_assert\boost_assert-targets.cmake C$:\Users\Husky\source\repos\SynVHQ\vcpkg_installed\x64-windows\share\boost_bind\boost_bind-config-version.cmake C$:\Users\Husky\source\repos\SynVHQ\vcpkg_installed\x64-windows\share\boost_bind\boost_bind-config.cmake C$:\Users\Husky\source\repos\SynVHQ\vcpkg_installed\x64-windows\share\boost_bind\boost_bind-targets.cmake C$:\Users\Husky\source\repos\SynVHQ\vcpkg_installed\x64-windows\share\boost_config\boost_config-config-version.cmake C$:\Users\Husky\source\repos\SynVHQ\vcpkg_installed\x64-windows\share\boost_config\boost_config-config.cmake C$:\Users\Husky\source\repos\SynVHQ\vcpkg_installed\x64-windows\share\boost_config\boost_config-targets.cmake C$:\Users\Husky\source\repos\SynVHQ\vcpkg_installed\x64-windows\share\boost_core\boost_core-config-version.cmake C$:\Users\Husky\source\repos\SynVHQ\vcpkg_installed\x64-windows\share\boost_core\boost_core-config.cmake C$:\Users\Husky\source\repos\SynVHQ\vcpkg_installed\x64-windows\share\boost_core\boost_core-targets.cmake C$:\Users\Husky\source\repos\SynVHQ\vcpkg_installed\x64-windows\share\boost_headers\boost_headers-config-version.cmake C$:\Users\Husky\source\repos\SynVHQ\vcpkg_installed\x64-windows\share\boost_headers\boost_headers-config.cmake C$:\Users\Husky\source\repos\SynVHQ\vcpkg_installed\x64-windows\share\boost_headers\boost_headers-targets.cmake C$:\Users\Husky\source\repos\SynVHQ\vcpkg_installed\x64-windows\share\boost_static_assert\boost_static_assert-config-version.cmake C$:\Users\Husky\source\repos\SynVHQ\vcpkg_installed\x64-windows\share\boost_static_assert\boost_static_assert-config.cmake C$:\Users\Husky\source\repos\SynVHQ\vcpkg_installed\x64-windows\share\boost_static_assert\boost_static_assert-targets.cmake C$:\Users\Husky\source\repos\SynVHQ\vcpkg_installed\x64-windows\share\boost_throw_exception\boost_throw_exception-config-version.cmake C$:\Users\Husky\source\repos\SynVHQ\vcpkg_installed\x64-windows\share\boost_throw_exception\boost_throw_exception-config.cmake C$:\Users\Husky\source\repos\SynVHQ\vcpkg_installed\x64-windows\share\boost_throw_exception\boost_throw_exception-targets.cmake C$:\Users\Husky\source\repos\SynVHQ\vcpkg_installed\x64-windows\share\boost_type_traits\boost_type_traits-config-version.cmake C$:\Users\Husky\source\repos\SynVHQ\vcpkg_installed\x64-windows\share\boost_type_traits\boost_type_traits-config.cmake C$:\Users\Husky\source\repos\SynVHQ\vcpkg_installed\x64-windows\share\boost_type_traits\boost_type_traits-targets.cmake CMakeCache.txt CMakeFiles\3.30.5-msvc23\CMakeCXXCompiler.cmake CMakeFiles\3.30.5-msvc23\CMakeRCCompiler.cmake CMakeFiles\3.30.5-msvc23\CMakeSystem.cmake
  pool = console


#############################################
# A missing CMake input file is not an error.

build C$:\Program$ Files\Microsoft$ Visual$ Studio\2022\Community\Common7\IDE\CommonExtensions\Microsoft\CMake\CMake\share\cmake-3.30\Modules\BasicConfigVersion-SameMajorVersion.cmake.in C$:\Program$ Files\Microsoft$ Visual$ Studio\2022\Community\Common7\IDE\CommonExtensions\Microsoft\CMake\CMake\share\cmake-3.30\Modules\CMakeCXXCompiler.cmake.in C$:\Program$ Files\Microsoft$ Visual$ Studio\2022\Community\Common7\IDE\CommonExtensions\Microsoft\CMake\CMake\share\cmake-3.30\Modules\CMakeCXXCompilerABI.cpp C$:\Program$ Files\Microsoft$ Visual$ Studio\2022\Community\Common7\IDE\CommonExtensions\Microsoft\CMake\CMake\share\cmake-3.30\Modules\CMakeCXXInformation.cmake C$:\Program$ Files\Microsoft$ Visual$ Studio\2022\Community\Common7\IDE\CommonExtensions\Microsoft\CMake\CMake\share\cmake-3.30\Modules\CMakeCommonLanguageInclude.cmake C$:\Program$ Files\Microsoft$ Visual$ Studio\2022\Community\Common7\IDE\CommonExtensions\Microsoft\CMake\CMake\share\cmake-3.30\Modules\CMakeCompilerIdDetection.cmake C$:\Program$ Files\Microsoft$ Visual$ Studio\2022\Community\Common7\IDE\CommonExtensions\Microsoft\CMake\CMake\share\cmake-3.30\Modules\CMakeDependentOption.cmake C$:\Program$ Files\Microsoft$ Visual$ Studio\2022\Community\Common7\IDE\CommonExtensions\Microsoft\CMake\CMake\share\cmake-3.30\Modules\CMakeDetermineCXXCompiler.cmake C$:\Program$ Files\Microsoft$ Visual$ Studio\2022\Community\Common7\IDE\CommonExtensions\Microsoft\CMake\CMake\share\cmake-3.30\Modules\CMakeDetermineCompiler.cmake C$:\Program$ Files\Microsoft$ Visual$ Studio\2022\Community\Common7\IDE\CommonExtensions\Microsoft\CMake\CMake\share\cmake-3.30\Modules\CMakeDetermineCompilerABI.cmake C$:\Program$ Files\Microsoft$ Visual$ Studio\2022\Community\Common7\IDE\CommonExtensions\Microsoft\CMake\CMake\share\cmake-3.30\Modules\CMakeDetermineCompilerId.cmake C$:\Program$ Files\Microsoft$ Visual$ Studio\2022\Community\Common7\IDE\CommonExtensions\Microsoft\CMake\CMake\share\cmake-3.30\Modules\CMakeDetermineCompilerSupport.cmake C$:\Program$ Files\Microsoft$ Visual$ Studio\2022\Community\Common7\IDE\CommonExtensions\Microsoft\CMake\CMake\share\cmake-3.30\Modules\CMakeDetermineRCCompiler.cmake C$:\Program$ Files\Microsoft$ Visual$ Studio\2022\Community\Common7\IDE\CommonExtensions\Microsoft\CMake\CMake\share\cmake-3.30\Modules\CMakeDetermineSystem.cmake C$:\Program$ Files\Microsoft$ Visual$ Studio\2022\Community\Common7\IDE\CommonExtensions\Microsoft\CMake\CMake\share\cmake-3.30\Modules\CMakeFindBinUtils.cmake C$:\Program$ Files\Microsoft$ Visual$ Studio\2022\Community\Common7\IDE\CommonExtensions\Microsoft\CMake\CMake\share\cmake-3.30\Modules\CMakeFindDependencyMacro.cmake C$:\Program$ Files\Microsoft$ Visual$ Studio\2022\Community\Common7\IDE\CommonExtensions\Microsoft\CMake\CMake\share\cmake-3.30\Modules\CMakeGenericSystem.cmake C$:\Program$ Files\Microsoft$ Visual$ Studio\2022\Community\Common7\IDE\CommonExtensions\Microsoft\CMake\CMake\share\cmake-3.30\Modules\CMakeInitializeConfigs.cmake C$:\Program$ Files\Microsoft$ Visual$ Studio\2022\Community\Common7\IDE\CommonExtensions\Microsoft\CMake\CMake\share\cmake-3.30\Modules\CMakeLanguageInformation.cmake C$:\Program$ Files\Microsoft$ Visual$ Studio\2022\Community\Common7\IDE\CommonExtensions\Microsoft\CMake\CMake\share\cmake-3.30\Modules\CMakePackageConfigHelpers.cmake C$:\Program$ Files\Microsoft$ Visual$ Studio\2022\Community\Common7\IDE\CommonExtensions\Microsoft\CMake\CMake\share\cmake-3.30\Modules\CMakeParseImplicitIncludeInfo.cmake C$:\Program$ Files\Microsoft$ Visual$ Studio\2022\Community\Common7\IDE\CommonExtensions\Microsoft\CMake\CMake\share\cmake-3.30\Modules\CMakeParseImplicitLinkInfo.cmake C$:\Program$ Files\Microsoft$ Visual$ Studio\2022\Community\Common7\IDE\CommonExtensions\Microsoft\CMake\CMake\share\cmake-3.30\Modules\CMakeParseLibraryArchitecture.cmake C$:\Program$ Files\Microsoft$ Visual$ Studio\2022\Community\Common7\IDE\CommonExtensions\Microsoft\CMake\CMake\share\cmake-3.30\Modules\CMakeRCCompiler.cmake.in C$:\Program$ Files\Microsoft$ Visual$ Studio\2022\Community\Common7\IDE\CommonExtensions\Microsoft\CMake\CMake\share\cmake-3.30\Modules\CMakeRCInformation.cmake C$:\Program$ Files\Microsoft$ Visual$ Studio\2022\Community\Common7\IDE\CommonExtensions\Microsoft\CMake\CMake\share\cmake-3.30\Modules\CMakeSystem.cmake.in C$:\Program$ Files\Microsoft$ Visual$ Studio\2022\Community\Common7\IDE\CommonExtensions\Microsoft\CMake\CMake\share\cmake-3.30\Modules\CMakeSystemSpecificInformation.cmake C$:\Program$ Files\Microsoft$ Visual$ Studio\2022\Community\Common7\IDE\CommonExtensions\Microsoft\CMake\CMake\share\cmake-3.30\Modules\CMakeSystemSpecificInitialize.cmake C$:\Program$ Files\Microsoft$ Visual$ Studio\2022\Community\Common7\IDE\CommonExtensions\Microsoft\CMake\CMake\share\cmake-3.30\Modules\CMakeTestCXXCompiler.cmake C$:\Program$ Files\Microsoft$ Visual$ Studio\2022\Community\Common7\IDE\CommonExtensions\Microsoft\CMake\CMake\share\cmake-3.30\Modules\CMakeTestCompilerCommon.cmake C$:\Program$ Files\Microsoft$ Visual$ Studio\2022\Community\Common7\IDE\CommonExtensions\Microsoft\CMake\CMake\share\cmake-3.30\Modules\CMakeTestRCCompiler.cmake C$:\Program$ Files\Microsoft$ Visual$ Studio\2022\Community\Common7\IDE\CommonExtensions\Microsoft\CMake\CMake\share\cmake-3.30\Modules\CTest.cmake C$:\Program$ Files\Microsoft$ Visual$ Studio\2022\Community\Common7\IDE\CommonExtensions\Microsoft\CMake\CMake\share\cmake-3.30\Modules\CTestUseLaunchers.cmake C$:\Program$ Files\Microsoft$ Visual$ Studio\2022\Community\Common7\IDE\CommonExtensions\Microsoft\CMake\CMake\share\cmake-3.30\Modules\Compiler\ADSP-DetermineCompiler.cmake C$:\Program$ Files\Microsoft$ Visual$ Studio\2022\Community\Common7\IDE\CommonExtensions\Microsoft\CMake\CMake\share\cmake-3.30\Modules\Compiler\ARMCC-DetermineCompiler.cmake C$:\Program$ Files\Microsoft$ Visual$ Studio\2022\Community\Common7\IDE\CommonExtensions\Microsoft\CMake\CMake\share\cmake-3.30\Modules\Compiler\ARMClang-DetermineCompiler.cmake C$:\Program$ Files\Microsoft$ Visual$ Studio\2022\Community\Common7\IDE\CommonExtensions\Microsoft\CMake\CMake\share\cmake-3.30\Modules\Compiler\AppleClang-DetermineCompiler.cmake C$:\Program$ Files\Microsoft$ Visual$ Studio\2022\Community\Common7\IDE\CommonExtensions\Microsoft\CMake\CMake\share\cmake-3.30\Modules\Compiler\Borland-DetermineCompiler.cmake C$:\Program$ Files\Microsoft$ Visual$ Studio\2022\Community\Common7\IDE\CommonExtensions\Microsoft\CMake\CMake\share\cmake-3.30\Modules\Compiler\CMakeCommonCompilerMacros.cmake C$:\Program$ Files\Microsoft$ Visual$ Studio\2022\Community\Common7\IDE\CommonExtensions\Microsoft\CMake\CMake\share\cmake-3.30\Modules\Compiler\Clang-DetermineCompiler.cmake C$:\Program$ Files\Microsoft$ Visual$ Studio\2022\Community\Common7\IDE\CommonExtensions\Microsoft\CMake\CMake\share\cmake-3.30\Modules\Compiler\Clang-DetermineCompilerInternal.cmake C$:\Program$ Files\Microsoft$ Visual$ Studio\2022\Community\Common7\IDE\CommonExtensions\Microsoft\CMake\CMake\share\cmake-3.30\Modules\Compiler\Compaq-CXX-DetermineCompiler.cmake C$:\Program$ Files\Microsoft$ Visual$ Studio\2022\Community\Common7\IDE\CommonExtensions\Microsoft\CMake\CMake\share\cmake-3.30\Modules\Compiler\Cray-DetermineCompiler.cmake C$:\Program$ Files\Microsoft$ Visual$ Studio\2022\Community\Common7\IDE\CommonExtensions\Microsoft\CMake\CMake\share\cmake-3.30\Modules\Compiler\CrayClang-DetermineCompiler.cmake C$:\Program$ Files\Microsoft$ Visual$ Studio\2022\Community\Common7\IDE\CommonExtensions\Microsoft\CMake\CMake\share\cmake-3.30\Modules\Compiler\Embarcadero-DetermineCompiler.cmake C$:\Program$ Files\Microsoft$ Visual$ Studio\2022\Community\Common7\IDE\CommonExtensions\Microsoft\CMake\CMake\share\cmake-3.30\Modules\Compiler\Fujitsu-DetermineCompiler.cmake C$:\Program$ Files\Microsoft$ Visual$ Studio\2022\Community\Common7\IDE\CommonExtensions\Microsoft\CMake\CMake\share\cmake-3.30\Modules\Compiler\FujitsuClang-DetermineCompiler.cmake C$:\Program$ Files\Microsoft$ Visual$ Studio\2022\Community\Common7\IDE\CommonExtensions\Microsoft\CMake\CMake\share\cmake-3.30\Modules\Compiler\GHS-DetermineCompiler.cmake C$:\Program$ Files\Microsoft$ Visual$ Studio\2022\Community\Common7\IDE\CommonExtensions\Microsoft\CMake\CMake\share\cmake-3.30\Modules\Compiler\GNU-CXX-DetermineCompiler.cmake C$:\Program$ Files\Microsoft$ Visual$ Studio\2022\Community\Common7\IDE\CommonExtensions\Microsoft\CMake\CMake\share\cmake-3.30\Modules\Compiler\HP-CXX-DetermineCompiler.cmake C$:\Program$ Files\Microsoft$ Visual$ Studio\2022\Community\Common7\IDE\CommonExtensions\Microsoft\CMake\CMake\share\cmake-3.30\Modules\Compiler\IAR-DetermineCompiler.cmake C$:\Program$ Files\Microsoft$ Visual$ Studio\2022\Community\Common7\IDE\CommonExtensions\Microsoft\CMake\CMake\share\cmake-3.30\Modules\Compiler\IBMCPP-CXX-DetermineVersionInternal.cmake C$:\Program$ Files\Microsoft$ Visual$ Studio\2022\Community\Common7\IDE\CommonExtensions\Microsoft\CMake\CMake\share\cmake-3.30\Modules\Compiler\IBMClang-CXX-DetermineCompiler.cmake C$:\Program$ Files\Microsoft$ Visual$ Studio\2022\Community\Common7\IDE\CommonExtensions\Microsoft\CMake\CMake\share\cmake-3.30\Modules\Compiler\Intel-DetermineCompiler.cmake C$:\Program$ Files\Microsoft$ Visual$ Studio\2022\Community\Common7\IDE\CommonExtensions\Microsoft\CMake\CMake\share\cmake-3.30\Modules\Compiler\IntelLLVM-DetermineCompiler.cmake C$:\Program$ Files\Microsoft$ Visual$ Studio\2022\Community\Common7\IDE\CommonExtensions\Microsoft\CMake\CMake\share\cmake-3.30\Modules\Compiler\LCC-CXX-DetermineCompiler.cmake C$:\Program$ Files\Microsoft$ Visual$ Studio\2022\Community\Common7\IDE\CommonExtensions\Microsoft\CMake\CMake\share\cmake-3.30\Modules\Compiler\MSVC-CXX-CXXImportStd.cmake C$:\Program$ Files\Microsoft$ Visual$ Studio\2022\Community\Common7\IDE\CommonExtensions\Microsoft\CMake\CMake\share\cmake-3.30\Modules\Compiler\MSVC-CXX.cmake C$:\Program$ Files\Microsoft$ Visual$ Studio\2022\Community\Common7\IDE\CommonExtensions\Microsoft\CMake\CMake\share\cmake-3.30\Modules\Compiler\MSVC-DetermineCompiler.cmake C$:\Program$ Files\Microsoft$ Visual$ Studio\2022\Community\Common7\IDE\CommonExtensions\Microsoft\CMake\CMake\share\cmake-3.30\Modules\Compiler\MSVC.cmake C$:\Program$ Files\Microsoft$ Visual$ Studio\2022\Community\Common7\IDE\CommonExtensions\Microsoft\CMake\CMake\share\cmake-3.30\Modules\Compiler\NVHPC-DetermineCompiler.cmake C$:\Program$ Files\Microsoft$ Visual$ Studio\2022\Community\Common7\IDE\CommonExtensions\Microsoft\CMake\CMake\share\cmake-3.30\Modules\Compiler\NVIDIA-DetermineCompiler.cmake C$:\Program$ Files\Microsoft$ Visual$ Studio\2022\Community\Common7\IDE\CommonExtensions\Microsoft\CMake\CMake\share\cmake-3.30\Modules\Compiler\OpenWatcom-DetermineCompiler.cmake C$:\Program$ Files\Microsoft$ Visual$ Studio\2022\Community\Common7\IDE\CommonExtensions\Microsoft\CMake\CMake\share\cmake-3.30\Modules\Compiler\OrangeC-DetermineCompiler.cmake C$:\Program$ Files\Microsoft$ Visual$ Studio\2022\Community\Common7\IDE\CommonExtensions\Microsoft\CMake\CMake\share\cmake-3.30\Modules\Compiler\PGI-DetermineCompiler.cmake C$:\Program$ Files\Microsoft$ Visual$ Studio\2022\Community\Common7\IDE\CommonExtensions\Microsoft\CMake\CMake\share\cmake-3.30\Modules\Compiler\PathScale-DetermineCompiler.cmake C$:\Program$ Files\Microsoft$ Visual$ Studio\2022\Community\Common7\IDE\CommonExtensions\Microsoft\CMake\CMake\share\cmake-3.30\Modules\Compiler\SCO-DetermineCompiler.cmake C$:\Program$ Files\Microsoft$ Visual$ Studio\2022\Community\Common7\IDE\CommonExtensions\Microsoft\CMake\CMake\share\cmake-3.30\Modules\Compiler\SunPro-CXX-DetermineCompiler.cmake C$:\Program$ Files\Microsoft$ Visual$ Studio\2022\Community\Common7\IDE\CommonExtensions\Microsoft\CMake\CMake\share\cmake-3.30\Modules\Compiler\TI-DetermineCompiler.cmake C$:\Program$ Files\Microsoft$ Visual$ Studio\2022\Community\Common7\IDE\CommonExtensions\Microsoft\CMake\CMake\share\cmake-3.30\Modules\Compiler\TIClang-DetermineCompiler.cmake C$:\Program$ Files\Microsoft$ Visual$ Studio\2022\Community\Common7\IDE\CommonExtensions\Microsoft\CMake\CMake\share\cmake-3.30\Modules\Compiler\Tasking-DetermineCompiler.cmake C$:\Program$ Files\Microsoft$ Visual$ Studio\2022\Community\Common7\IDE\CommonExtensions\Microsoft\CMake\CMake\share\cmake-3.30\Modules\Compiler\VisualAge-CXX-DetermineCompiler.cmake C$:\Program$ Files\Microsoft$ Visual$ Studio\2022\Community\Common7\IDE\CommonExtensions\Microsoft\CMake\CMake\share\cmake-3.30\Modules\Compiler\Watcom-DetermineCompiler.cmake C$:\Program$ Files\Microsoft$ Visual$ Studio\2022\Community\Common7\IDE\CommonExtensions\Microsoft\CMake\CMake\share\cmake-3.30\Modules\Compiler\XL-CXX-DetermineCompiler.cmake C$:\Program$ Files\Microsoft$ Visual$ Studio\2022\Community\Common7\IDE\CommonExtensions\Microsoft\CMake\CMake\share\cmake-3.30\Modules\Compiler\XLClang-CXX-DetermineCompiler.cmake C$:\Program$ Files\Microsoft$ Visual$ Studio\2022\Community\Common7\IDE\CommonExtensions\Microsoft\CMake\CMake\share\cmake-3.30\Modules\Compiler\zOS-CXX-DetermineCompiler.cmake C$:\Program$ Files\Microsoft$ Visual$ Studio\2022\Community\Common7\IDE\CommonExtensions\Microsoft\CMake\CMake\share\cmake-3.30\Modules\GNUInstallDirs.cmake C$:\Program$ Files\Microsoft$ Visual$ Studio\2022\Community\Common7\IDE\CommonExtensions\Microsoft\CMake\CMake\share\cmake-3.30\Modules\Internal\CMakeDetermineLinkerId.cmake C$:\Program$ Files\Microsoft$ Visual$ Studio\2022\Community\Common7\IDE\CommonExtensions\Microsoft\CMake\CMake\share\cmake-3.30\Modules\Internal\FeatureTesting.cmake C$:\Program$ Files\Microsoft$ Visual$ Studio\2022\Community\Common7\IDE\CommonExtensions\Microsoft\CMake\CMake\share\cmake-3.30\Modules\Platform\Windows-Determine-CXX.cmake C$:\Program$ Files\Microsoft$ Visual$ Studio\2022\Community\Common7\IDE\CommonExtensions\Microsoft\CMake\CMake\share\cmake-3.30\Modules\Platform\Windows-Initialize.cmake C$:\Program$ Files\Microsoft$ Visual$ Studio\2022\Community\Common7\IDE\CommonExtensions\Microsoft\CMake\CMake\share\cmake-3.30\Modules\Platform\Windows-MSVC-CXX.cmake C$:\Program$ Files\Microsoft$ Visual$ Studio\2022\Community\Common7\IDE\CommonExtensions\Microsoft\CMake\CMake\share\cmake-3.30\Modules\Platform\Windows-MSVC.cmake C$:\Program$ Files\Microsoft$ Visual$ Studio\2022\Community\Common7\IDE\CommonExtensions\Microsoft\CMake\CMake\share\cmake-3.30\Modules\Platform\Windows.cmake C$:\Program$ Files\Microsoft$ Visual$ Studio\2022\Community\Common7\IDE\CommonExtensions\Microsoft\CMake\CMake\share\cmake-3.30\Modules\Platform\WindowsPaths.cmake C$:\Program$ Files\Microsoft$ Visual$ Studio\2022\Community\Common7\IDE\CommonExtensions\Microsoft\CMake\CMake\share\cmake-3.30\Modules\WriteBasicConfigVersionFile.cmake C$:\Program$ Files\Microsoft$ Visual$ Studio\2022\Community\VC\vcpkg\scripts\buildsystems\vcpkg.cmake C$:\Program$ Files\Microsoft$ Visual$ Studio\2022\Community\VC\vcpkg\scripts\toolchains\windows.cmake C$:\Users\Husky\source\repos\SynVHQ\vcpkg_installed\vcpkg\blds\boost-function\src\ost-1.86.0-ec6eb5e976.clean\CMakeLists.txt C$:\Users\Husky\source\repos\SynVHQ\vcpkg_installed\vcpkg\blds\boost-function\src\ost-1.86.0-ec6eb5e976.clean\libs\function\CMakeLists.txt C$:\Users\Husky\source\repos\SynVHQ\vcpkg_installed\x64-windows\share\boost\BoostConfig.cmake C$:\Users\Husky\source\repos\SynVHQ\vcpkg_installed\x64-windows\share\boost\BoostConfigVersion.cmake C$:\Users\Husky\source\repos\SynVHQ\vcpkg_installed\x64-windows\share\boost\cmake-build\BoostInstall.cmake C$:\Users\Husky\source\repos\SynVHQ\vcpkg_installed\x64-windows\share\boost\cmake-build\BoostMessage.cmake C$:\Users\Husky\source\repos\SynVHQ\vcpkg_installed\x64-windows\share\boost\cmake-build\BoostRoot.cmake C$:\Users\Husky\source\repos\SynVHQ\vcpkg_installed\x64-windows\share\boost\vcpkg-cmake-wrapper.cmake C$:\Users\Husky\source\repos\SynVHQ\vcpkg_installed\x64-windows\share\boost_assert\boost_assert-config-version.cmake C$:\Users\Husky\source\repos\SynVHQ\vcpkg_installed\x64-windows\share\boost_assert\boost_assert-config.cmake C$:\Users\Husky\source\repos\SynVHQ\vcpkg_installed\x64-windows\share\boost_assert\boost_assert-targets.cmake C$:\Users\Husky\source\repos\SynVHQ\vcpkg_installed\x64-windows\share\boost_bind\boost_bind-config-version.cmake C$:\Users\Husky\source\repos\SynVHQ\vcpkg_installed\x64-windows\share\boost_bind\boost_bind-config.cmake C$:\Users\Husky\source\repos\SynVHQ\vcpkg_installed\x64-windows\share\boost_bind\boost_bind-targets.cmake C$:\Users\Husky\source\repos\SynVHQ\vcpkg_installed\x64-windows\share\boost_config\boost_config-config-version.cmake C$:\Users\Husky\source\repos\SynVHQ\vcpkg_installed\x64-windows\share\boost_config\boost_config-config.cmake C$:\Users\Husky\source\repos\SynVHQ\vcpkg_installed\x64-windows\share\boost_config\boost_config-targets.cmake C$:\Users\Husky\source\repos\SynVHQ\vcpkg_installed\x64-windows\share\boost_core\boost_core-config-version.cmake C$:\Users\Husky\source\repos\SynVHQ\vcpkg_installed\x64-windows\share\boost_core\boost_core-config.cmake C$:\Users\Husky\source\repos\SynVHQ\vcpkg_installed\x64-windows\share\boost_core\boost_core-targets.cmake C$:\Users\Husky\source\repos\SynVHQ\vcpkg_installed\x64-windows\share\boost_headers\boost_headers-config-version.cmake C$:\Users\Husky\source\repos\SynVHQ\vcpkg_installed\x64-windows\share\boost_headers\boost_headers-config.cmake C$:\Users\Husky\source\repos\SynVHQ\vcpkg_installed\x64-windows\share\boost_headers\boost_headers-targets.cmake C$:\Users\Husky\source\repos\SynVHQ\vcpkg_installed\x64-windows\share\boost_static_assert\boost_static_assert-config-version.cmake C$:\Users\Husky\source\repos\SynVHQ\vcpkg_installed\x64-windows\share\boost_static_assert\boost_static_assert-config.cmake C$:\Users\Husky\source\repos\SynVHQ\vcpkg_installed\x64-windows\share\boost_static_assert\boost_static_assert-targets.cmake C$:\Users\Husky\source\repos\SynVHQ\vcpkg_installed\x64-windows\share\boost_throw_exception\boost_throw_exception-config-version.cmake C$:\Users\Husky\source\repos\SynVHQ\vcpkg_installed\x64-windows\share\boost_throw_exception\boost_throw_exception-config.cmake C$:\Users\Husky\source\repos\SynVHQ\vcpkg_installed\x64-windows\share\boost_throw_exception\boost_throw_exception-targets.cmake C$:\Users\Husky\source\repos\SynVHQ\vcpkg_installed\x64-windows\share\boost_type_traits\boost_type_traits-config-version.cmake C$:\Users\Husky\source\repos\SynVHQ\vcpkg_installed\x64-windows\share\boost_type_traits\boost_type_traits-config.cmake C$:\Users\Husky\source\repos\SynVHQ\vcpkg_installed\x64-windows\share\boost_type_traits\boost_type_traits-targets.cmake CMakeCache.txt CMakeFiles\3.30.5-msvc23\CMakeCXXCompiler.cmake CMakeFiles\3.30.5-msvc23\CMakeRCCompiler.cmake CMakeFiles\3.30.5-msvc23\CMakeSystem.cmake: phony


#############################################
# Clean all the built files.

build clean: CLEAN


#############################################
# Print all primary targets available.

build help: HELP


#############################################
# Make the all target the default.

default all
