Change Dir: 'C:/Users/Husky/source/repos/SynVHQ/vcpkg_installed/vcpkg/blds/boost-coroutine/x64-windows-rel'

Run Build Command(s): "C:/Program Files/Microsoft Visual Studio/2022/Community/Common7/IDE/CommonExtensions/Microsoft/CMake/Ninja/ninja.exe" -v -v -j17 install
[1/5] C:\PROGRA~1\MICROS~4\2022\COMMUN~1\VC\Tools\MSVC\1443~1.348\bin\Hostx64\x64\cl.exe   /TP -DBOOST_CONTEXT_DYN_LINK="" -DBOOST_CONTEXT_EXPORT=EXPORT -DBOOST_CONTEXT_NO_LIB="" -DBOOST_COROUTINES_DYN_LINK -DBOOST_COROUTINES_SOURCE -DBOOST_COROUTINE_DYN_LINK -DBOOST_COROUTINE_NO_LIB -DBOOST_COROUTINE_SOURCE -Dboost_coroutine_EXPORTS -IC:\Users\Husky\source\repos\SynVHQ\vcpkg_installed\vcpkg\blds\boost-coroutine\src\ost-1.86.0-6eefa8f68f.clean\libs\coroutine\include -external:IC:\Users\Husky\source\repos\SynVHQ\vcpkg_installed\x64-windows\include -external:W0 /nologo /DWIN32 /D_WINDOWS /utf-8 /GR /EHsc /MP  /MD /O2 /Oi /Gy /DNDEBUG /Z7  -MD /showIncludes /Folibs\coroutine\CMakeFiles\boost_coroutine.dir\src\detail\coroutine_context.cpp.obj /Fdlibs\coroutine\CMakeFiles\boost_coroutine.dir\ /FS -c C:\Users\Husky\source\repos\SynVHQ\vcpkg_installed\vcpkg\blds\boost-coroutine\src\ost-1.86.0-6eefa8f68f.clean\libs\coroutine\src\detail\coroutine_context.cpp
[2/5] C:\PROGRA~1\MICROS~4\2022\COMMUN~1\VC\Tools\MSVC\1443~1.348\bin\Hostx64\x64\cl.exe   /TP -DBOOST_CONTEXT_DYN_LINK="" -DBOOST_CONTEXT_EXPORT=EXPORT -DBOOST_CONTEXT_NO_LIB="" -DBOOST_COROUTINES_DYN_LINK -DBOOST_COROUTINES_SOURCE -DBOOST_COROUTINE_DYN_LINK -DBOOST_COROUTINE_NO_LIB -DBOOST_COROUTINE_SOURCE -Dboost_coroutine_EXPORTS -IC:\Users\Husky\source\repos\SynVHQ\vcpkg_installed\vcpkg\blds\boost-coroutine\src\ost-1.86.0-6eefa8f68f.clean\libs\coroutine\include -external:IC:\Users\Husky\source\repos\SynVHQ\vcpkg_installed\x64-windows\include -external:W0 /nologo /DWIN32 /D_WINDOWS /utf-8 /GR /EHsc /MP  /MD /O2 /Oi /Gy /DNDEBUG /Z7  -MD /showIncludes /Folibs\coroutine\CMakeFiles\boost_coroutine.dir\src\exceptions.cpp.obj /Fdlibs\coroutine\CMakeFiles\boost_coroutine.dir\ /FS -c C:\Users\Husky\source\repos\SynVHQ\vcpkg_installed\vcpkg\blds\boost-coroutine\src\ost-1.86.0-6eefa8f68f.clean\libs\coroutine\src\exceptions.cpp
[3/5] C:\PROGRA~1\MICROS~4\2022\COMMUN~1\VC\Tools\MSVC\1443~1.348\bin\Hostx64\x64\cl.exe   /TP -DBOOST_CONTEXT_DYN_LINK="" -DBOOST_CONTEXT_EXPORT=EXPORT -DBOOST_CONTEXT_NO_LIB="" -DBOOST_COROUTINES_DYN_LINK -DBOOST_COROUTINES_SOURCE -DBOOST_COROUTINE_DYN_LINK -DBOOST_COROUTINE_NO_LIB -DBOOST_COROUTINE_SOURCE -Dboost_coroutine_EXPORTS -IC:\Users\Husky\source\repos\SynVHQ\vcpkg_installed\vcpkg\blds\boost-coroutine\src\ost-1.86.0-6eefa8f68f.clean\libs\coroutine\include -external:IC:\Users\Husky\source\repos\SynVHQ\vcpkg_installed\x64-windows\include -external:W0 /nologo /DWIN32 /D_WINDOWS /utf-8 /GR /EHsc /MP  /MD /O2 /Oi /Gy /DNDEBUG /Z7  -MD /showIncludes /Folibs\coroutine\CMakeFiles\boost_coroutine.dir\src\windows\stack_traits.cpp.obj /Fdlibs\coroutine\CMakeFiles\boost_coroutine.dir\ /FS -c C:\Users\Husky\source\repos\SynVHQ\vcpkg_installed\vcpkg\blds\boost-coroutine\src\ost-1.86.0-6eefa8f68f.clean\libs\coroutine\src\windows\stack_traits.cpp
[4/5] C:\WINDOWS\system32\cmd.exe /C "cd . && "C:\Program Files\Microsoft Visual Studio\2022\Community\Common7\IDE\CommonExtensions\Microsoft\CMake\CMake\bin\cmake.exe" -E vs_link_dll --intdir=libs\coroutine\CMakeFiles\boost_coroutine.dir --rc=C:\PROGRA~2\WI3CF2~1\10\bin\100226~1.0\x64\rc.exe --mt=C:\PROGRA~2\WI3CF2~1\10\bin\100226~1.0\x64\mt.exe --manifests  -- C:\PROGRA~1\MICROS~4\2022\COMMUN~1\VC\Tools\MSVC\1443~1.348\bin\Hostx64\x64\link.exe  libs\coroutine\CMakeFiles\boost_coroutine.dir\src\detail\coroutine_context.cpp.obj libs\coroutine\CMakeFiles\boost_coroutine.dir\src\exceptions.cpp.obj libs\coroutine\CMakeFiles\boost_coroutine.dir\src\windows\stack_traits.cpp.obj  /out:stage\bin\boost_coroutine-vc143-mt-x64-1_86.dll /implib:stage\lib\boost_coroutine-vc143-mt-x64-1_86.lib /pdb:stage\bin\boost_coroutine-vc143-mt-x64-1_86.pdb /dll /version:1.86 /machine:x64 /nologo /DEBUG /INCREMENTAL:NO /OPT:REF /OPT:ICF  C:\Users\Husky\source\repos\SynVHQ\vcpkg_installed\x64-windows\lib\boost_context-vc143-mt-x64-1_86.lib  C:\Users\Husky\source\repos\SynVHQ\vcpkg_installed\x64-windows\lib\boost_system-vc143-mt-x64-1_86.lib  kernel32.lib user32.lib gdi32.lib winspool.lib shell32.lib ole32.lib oleaut32.lib uuid.lib comdlg32.lib advapi32.lib && cd ."
[4/5] C:\WINDOWS\system32\cmd.exe /C "cd /D C:\Users\Husky\source\repos\SynVHQ\vcpkg_installed\vcpkg\blds\boost-coroutine\x64-windows-rel && "C:\Program Files\Microsoft Visual Studio\2022\Community\Common7\IDE\CommonExtensions\Microsoft\CMake\CMake\bin\cmake.exe" -P cmake_install.cmake"
-- Install configuration: "Release"
-- Installing: C:/Users/Husky/source/repos/SynVHQ/vcpkg_installed/vcpkg/pkgs/boost-coroutine_x64-windows/include
-- Installing: C:/Users/Husky/source/repos/SynVHQ/vcpkg_installed/vcpkg/pkgs/boost-coroutine_x64-windows/include/boost
-- Installing: C:/Users/Husky/source/repos/SynVHQ/vcpkg_installed/vcpkg/pkgs/boost-coroutine_x64-windows/include/boost/coroutine
-- Installing: C:/Users/Husky/source/repos/SynVHQ/vcpkg_installed/vcpkg/pkgs/boost-coroutine_x64-windows/include/boost/coroutine/all.hpp
-- Installing: C:/Users/Husky/source/repos/SynVHQ/vcpkg_installed/vcpkg/pkgs/boost-coroutine_x64-windows/include/boost/coroutine/asymmetric_coroutine.hpp
-- Installing: C:/Users/Husky/source/repos/SynVHQ/vcpkg_installed/vcpkg/pkgs/boost-coroutine_x64-windows/include/boost/coroutine/attributes.hpp
-- Installing: C:/Users/Husky/source/repos/SynVHQ/vcpkg_installed/vcpkg/pkgs/boost-coroutine_x64-windows/include/boost/coroutine/coroutine.hpp
-- Installing: C:/Users/Husky/source/repos/SynVHQ/vcpkg_installed/vcpkg/pkgs/boost-coroutine_x64-windows/include/boost/coroutine/detail
-- Installing: C:/Users/Husky/source/repos/SynVHQ/vcpkg_installed/vcpkg/pkgs/boost-coroutine_x64-windows/include/boost/coroutine/detail/config.hpp
-- Installing: C:/Users/Husky/source/repos/SynVHQ/vcpkg_installed/vcpkg/pkgs/boost-coroutine_x64-windows/include/boost/coroutine/detail/coroutine_context.hpp
-- Installing: C:/Users/Husky/source/repos/SynVHQ/vcpkg_installed/vcpkg/pkgs/boost-coroutine_x64-windows/include/boost/coroutine/detail/data.hpp
-- Installing: C:/Users/Husky/source/repos/SynVHQ/vcpkg_installed/vcpkg/pkgs/boost-coroutine_x64-windows/include/boost/coroutine/detail/flags.hpp
-- Installing: C:/Users/Husky/source/repos/SynVHQ/vcpkg_installed/vcpkg/pkgs/boost-coroutine_x64-windows/include/boost/coroutine/detail/parameters.hpp
-- Installing: C:/Users/Husky/source/repos/SynVHQ/vcpkg_installed/vcpkg/pkgs/boost-coroutine_x64-windows/include/boost/coroutine/detail/preallocated.hpp
-- Installing: C:/Users/Husky/source/repos/SynVHQ/vcpkg_installed/vcpkg/pkgs/boost-coroutine_x64-windows/include/boost/coroutine/detail/pull_coroutine_impl.hpp
-- Installing: C:/Users/Husky/source/repos/SynVHQ/vcpkg_installed/vcpkg/pkgs/boost-coroutine_x64-windows/include/boost/coroutine/detail/pull_coroutine_object.hpp
-- Installing: C:/Users/Husky/source/repos/SynVHQ/vcpkg_installed/vcpkg/pkgs/boost-coroutine_x64-windows/include/boost/coroutine/detail/pull_coroutine_synthesized.hpp
-- Installing: C:/Users/Husky/source/repos/SynVHQ/vcpkg_installed/vcpkg/pkgs/boost-coroutine_x64-windows/include/boost/coroutine/detail/push_coroutine_impl.hpp
-- Installing: C:/Users/Husky/source/repos/SynVHQ/vcpkg_installed/vcpkg/pkgs/boost-coroutine_x64-windows/include/boost/coroutine/detail/push_coroutine_object.hpp
-- Installing: C:/Users/Husky/source/repos/SynVHQ/vcpkg_installed/vcpkg/pkgs/boost-coroutine_x64-windows/include/boost/coroutine/detail/push_coroutine_synthesized.hpp
-- Installing: C:/Users/Husky/source/repos/SynVHQ/vcpkg_installed/vcpkg/pkgs/boost-coroutine_x64-windows/include/boost/coroutine/detail/setup.hpp
-- Installing: C:/Users/Husky/source/repos/SynVHQ/vcpkg_installed/vcpkg/pkgs/boost-coroutine_x64-windows/include/boost/coroutine/detail/symmetric_coroutine_call.hpp
-- Installing: C:/Users/Husky/source/repos/SynVHQ/vcpkg_installed/vcpkg/pkgs/boost-coroutine_x64-windows/include/boost/coroutine/detail/symmetric_coroutine_impl.hpp
-- Installing: C:/Users/Husky/source/repos/SynVHQ/vcpkg_installed/vcpkg/pkgs/boost-coroutine_x64-windows/include/boost/coroutine/detail/symmetric_coroutine_object.hpp
-- Installing: C:/Users/Husky/source/repos/SynVHQ/vcpkg_installed/vcpkg/pkgs/boost-coroutine_x64-windows/include/boost/coroutine/detail/symmetric_coroutine_yield.hpp
-- Installing: C:/Users/Husky/source/repos/SynVHQ/vcpkg_installed/vcpkg/pkgs/boost-coroutine_x64-windows/include/boost/coroutine/detail/trampoline.hpp
-- Installing: C:/Users/Husky/source/repos/SynVHQ/vcpkg_installed/vcpkg/pkgs/boost-coroutine_x64-windows/include/boost/coroutine/detail/trampoline_pull.hpp
-- Installing: C:/Users/Husky/source/repos/SynVHQ/vcpkg_installed/vcpkg/pkgs/boost-coroutine_x64-windows/include/boost/coroutine/detail/trampoline_push.hpp
-- Installing: C:/Users/Husky/source/repos/SynVHQ/vcpkg_installed/vcpkg/pkgs/boost-coroutine_x64-windows/include/boost/coroutine/exceptions.hpp
-- Installing: C:/Users/Husky/source/repos/SynVHQ/vcpkg_installed/vcpkg/pkgs/boost-coroutine_x64-windows/include/boost/coroutine/flags.hpp
-- Installing: C:/Users/Husky/source/repos/SynVHQ/vcpkg_installed/vcpkg/pkgs/boost-coroutine_x64-windows/include/boost/coroutine/posix
-- Installing: C:/Users/Husky/source/repos/SynVHQ/vcpkg_installed/vcpkg/pkgs/boost-coroutine_x64-windows/include/boost/coroutine/posix/protected_stack_allocator.hpp
-- Installing: C:/Users/Husky/source/repos/SynVHQ/vcpkg_installed/vcpkg/pkgs/boost-coroutine_x64-windows/include/boost/coroutine/posix/segmented_stack_allocator.hpp
-- Installing: C:/Users/Husky/source/repos/SynVHQ/vcpkg_installed/vcpkg/pkgs/boost-coroutine_x64-windows/include/boost/coroutine/protected_stack_allocator.hpp
-- Installing: C:/Users/Husky/source/repos/SynVHQ/vcpkg_installed/vcpkg/pkgs/boost-coroutine_x64-windows/include/boost/coroutine/segmented_stack_allocator.hpp
-- Installing: C:/Users/Husky/source/repos/SynVHQ/vcpkg_installed/vcpkg/pkgs/boost-coroutine_x64-windows/include/boost/coroutine/stack_allocator.hpp
-- Installing: C:/Users/Husky/source/repos/SynVHQ/vcpkg_installed/vcpkg/pkgs/boost-coroutine_x64-windows/include/boost/coroutine/stack_context.hpp
-- Installing: C:/Users/Husky/source/repos/SynVHQ/vcpkg_installed/vcpkg/pkgs/boost-coroutine_x64-windows/include/boost/coroutine/stack_traits.hpp
-- Installing: C:/Users/Husky/source/repos/SynVHQ/vcpkg_installed/vcpkg/pkgs/boost-coroutine_x64-windows/include/boost/coroutine/standard_stack_allocator.hpp
-- Installing: C:/Users/Husky/source/repos/SynVHQ/vcpkg_installed/vcpkg/pkgs/boost-coroutine_x64-windows/include/boost/coroutine/symmetric_coroutine.hpp
-- Installing: C:/Users/Husky/source/repos/SynVHQ/vcpkg_installed/vcpkg/pkgs/boost-coroutine_x64-windows/include/boost/coroutine/windows
-- Installing: C:/Users/Husky/source/repos/SynVHQ/vcpkg_installed/vcpkg/pkgs/boost-coroutine_x64-windows/include/boost/coroutine/windows/protected_stack_allocator.hpp
-- Installing: C:/Users/Husky/source/repos/SynVHQ/vcpkg_installed/vcpkg/pkgs/boost-coroutine_x64-windows/lib/boost_coroutine-vc143-mt-x64-1_86.lib
-- Installing: C:/Users/Husky/source/repos/SynVHQ/vcpkg_installed/vcpkg/pkgs/boost-coroutine_x64-windows/bin/boost_coroutine-vc143-mt-x64-1_86.dll
-- Installing: C:/Users/Husky/source/repos/SynVHQ/vcpkg_installed/vcpkg/pkgs/boost-coroutine_x64-windows/bin/boost_coroutine-vc143-mt-x64-1_86.pdb
-- Installing: C:/Users/Husky/source/repos/SynVHQ/vcpkg_installed/vcpkg/pkgs/boost-coroutine_x64-windows/lib/cmake/boost_coroutine-1.86.0/boost_coroutine-targets.cmake
-- Installing: C:/Users/Husky/source/repos/SynVHQ/vcpkg_installed/vcpkg/pkgs/boost-coroutine_x64-windows/lib/cmake/boost_coroutine-1.86.0/boost_coroutine-targets-release.cmake
-- Installing: C:/Users/Husky/source/repos/SynVHQ/vcpkg_installed/vcpkg/pkgs/boost-coroutine_x64-windows/lib/cmake/boost_coroutine-1.86.0/boost_coroutine-config.cmake
-- Installing: C:/Users/Husky/source/repos/SynVHQ/vcpkg_installed/vcpkg/pkgs/boost-coroutine_x64-windows/lib/cmake/boost_coroutine-1.86.0/boost_coroutine-config-version.cmake

