Change Dir: 'C:/Users/Husky/source/repos/SynVHQ/vcpkg_installed/vcpkg/blds/boost-integer/x64-windows-rel'

Run Build Command(s): "C:/Program Files/Microsoft Visual Studio/2022/Community/Common7/IDE/CommonExtensions/Microsoft/CMake/Ninja/ninja.exe" -v -v -j17 install
[0/1] C:\WINDOWS\system32\cmd.exe /C "cd /D C:\Users\Husky\source\repos\SynVHQ\vcpkg_installed\vcpkg\blds\boost-integer\x64-windows-rel && "C:\Program Files\Microsoft Visual Studio\2022\Community\Common7\IDE\CommonExtensions\Microsoft\CMake\CMake\bin\cmake.exe" -P cmake_install.cmake"
-- Install configuration: "Release"
-- Installing: C:/Users/Husky/source/repos/SynVHQ/vcpkg_installed/vcpkg/pkgs/boost-integer_x64-windows/include
-- Installing: C:/Users/Husky/source/repos/SynVHQ/vcpkg_installed/vcpkg/pkgs/boost-integer_x64-windows/include/boost
-- Installing: C:/Users/Husky/source/repos/SynVHQ/vcpkg_installed/vcpkg/pkgs/boost-integer_x64-windows/include/boost/integer
-- Installing: C:/Users/Husky/source/repos/SynVHQ/vcpkg_installed/vcpkg/pkgs/boost-integer_x64-windows/include/boost/integer/common_factor.hpp
-- Installing: C:/Users/Husky/source/repos/SynVHQ/vcpkg_installed/vcpkg/pkgs/boost-integer_x64-windows/include/boost/integer/common_factor_ct.hpp
-- Installing: C:/Users/Husky/source/repos/SynVHQ/vcpkg_installed/vcpkg/pkgs/boost-integer_x64-windows/include/boost/integer/common_factor_rt.hpp
-- Installing: C:/Users/Husky/source/repos/SynVHQ/vcpkg_installed/vcpkg/pkgs/boost-integer_x64-windows/include/boost/integer/extended_euclidean.hpp
-- Installing: C:/Users/Husky/source/repos/SynVHQ/vcpkg_installed/vcpkg/pkgs/boost-integer_x64-windows/include/boost/integer/integer_log2.hpp
-- Installing: C:/Users/Husky/source/repos/SynVHQ/vcpkg_installed/vcpkg/pkgs/boost-integer_x64-windows/include/boost/integer/integer_mask.hpp
-- Installing: C:/Users/Husky/source/repos/SynVHQ/vcpkg_installed/vcpkg/pkgs/boost-integer_x64-windows/include/boost/integer/mod_inverse.hpp
-- Installing: C:/Users/Husky/source/repos/SynVHQ/vcpkg_installed/vcpkg/pkgs/boost-integer_x64-windows/include/boost/integer/static_log2.hpp
-- Installing: C:/Users/Husky/source/repos/SynVHQ/vcpkg_installed/vcpkg/pkgs/boost-integer_x64-windows/include/boost/integer/static_min_max.hpp
-- Installing: C:/Users/Husky/source/repos/SynVHQ/vcpkg_installed/vcpkg/pkgs/boost-integer_x64-windows/include/boost/integer.hpp
-- Installing: C:/Users/Husky/source/repos/SynVHQ/vcpkg_installed/vcpkg/pkgs/boost-integer_x64-windows/include/boost/integer_fwd.hpp
-- Installing: C:/Users/Husky/source/repos/SynVHQ/vcpkg_installed/vcpkg/pkgs/boost-integer_x64-windows/include/boost/integer_traits.hpp
-- Installing: C:/Users/Husky/source/repos/SynVHQ/vcpkg_installed/vcpkg/pkgs/boost-integer_x64-windows/include/boost/pending
-- Installing: C:/Users/Husky/source/repos/SynVHQ/vcpkg_installed/vcpkg/pkgs/boost-integer_x64-windows/include/boost/pending/integer_log2.hpp
-- Installing: C:/Users/Husky/source/repos/SynVHQ/vcpkg_installed/vcpkg/pkgs/boost-integer_x64-windows/lib/cmake/boost_integer-1.86.0/boost_integer-targets.cmake
-- Installing: C:/Users/Husky/source/repos/SynVHQ/vcpkg_installed/vcpkg/pkgs/boost-integer_x64-windows/lib/cmake/boost_integer-1.86.0/boost_integer-config.cmake
-- Installing: C:/Users/Husky/source/repos/SynVHQ/vcpkg_installed/vcpkg/pkgs/boost-integer_x64-windows/lib/cmake/boost_integer-1.86.0/boost_integer-config-version.cmake

