Change Dir: 'C:/Users/Husky/source/repos/SynVHQ/vcpkg_installed/vcpkg/blds/boost-function-types/x64-windows-rel'

Run Build Command(s): "C:/Program Files/Microsoft Visual Studio/2022/Community/Common7/IDE/CommonExtensions/Microsoft/CMake/Ninja/ninja.exe" -v -v -j17 install
[0/1] C:\WINDOWS\system32\cmd.exe /C "cd /D C:\Users\Husky\source\repos\SynVHQ\vcpkg_installed\vcpkg\blds\boost-function-types\x64-windows-rel && "C:\Program Files\Microsoft Visual Studio\2022\Community\Common7\IDE\CommonExtensions\Microsoft\CMake\CMake\bin\cmake.exe" -P cmake_install.cmake"
-- Install configuration: "Release"
-- Installing: C:/Users/Husky/source/repos/SynVHQ/vcpkg_installed/vcpkg/pkgs/boost-function-types_x64-windows/include
-- Installing: C:/Users/Husky/source/repos/SynVHQ/vcpkg_installed/vcpkg/pkgs/boost-function-types_x64-windows/include/boost
-- Installing: C:/Users/Husky/source/repos/SynVHQ/vcpkg_installed/vcpkg/pkgs/boost-function-types_x64-windows/include/boost/function_types
-- Installing: C:/Users/Husky/source/repos/SynVHQ/vcpkg_installed/vcpkg/pkgs/boost-function-types_x64-windows/include/boost/function_types/components.hpp
-- Installing: C:/Users/Husky/source/repos/SynVHQ/vcpkg_installed/vcpkg/pkgs/boost-function-types_x64-windows/include/boost/function_types/config
-- Installing: C:/Users/Husky/source/repos/SynVHQ/vcpkg_installed/vcpkg/pkgs/boost-function-types_x64-windows/include/boost/function_types/config/cc_names.hpp
-- Installing: C:/Users/Husky/source/repos/SynVHQ/vcpkg_installed/vcpkg/pkgs/boost-function-types_x64-windows/include/boost/function_types/config/compiler.hpp
-- Installing: C:/Users/Husky/source/repos/SynVHQ/vcpkg_installed/vcpkg/pkgs/boost-function-types_x64-windows/include/boost/function_types/config/config.hpp
-- Installing: C:/Users/Husky/source/repos/SynVHQ/vcpkg_installed/vcpkg/pkgs/boost-function-types_x64-windows/include/boost/function_types/detail
-- Installing: C:/Users/Husky/source/repos/SynVHQ/vcpkg_installed/vcpkg/pkgs/boost-function-types_x64-windows/include/boost/function_types/detail/classifier.hpp
-- Installing: C:/Users/Husky/source/repos/SynVHQ/vcpkg_installed/vcpkg/pkgs/boost-function-types_x64-windows/include/boost/function_types/detail/classifier_impl
-- Installing: C:/Users/Husky/source/repos/SynVHQ/vcpkg_installed/vcpkg/pkgs/boost-function-types_x64-windows/include/boost/function_types/detail/classifier_impl/arity10_0.hpp
-- Installing: C:/Users/Husky/source/repos/SynVHQ/vcpkg_installed/vcpkg/pkgs/boost-function-types_x64-windows/include/boost/function_types/detail/classifier_impl/arity10_1.hpp
-- Installing: C:/Users/Husky/source/repos/SynVHQ/vcpkg_installed/vcpkg/pkgs/boost-function-types_x64-windows/include/boost/function_types/detail/classifier_impl/arity20_0.hpp
-- Installing: C:/Users/Husky/source/repos/SynVHQ/vcpkg_installed/vcpkg/pkgs/boost-function-types_x64-windows/include/boost/function_types/detail/classifier_impl/arity20_1.hpp
-- Installing: C:/Users/Husky/source/repos/SynVHQ/vcpkg_installed/vcpkg/pkgs/boost-function-types_x64-windows/include/boost/function_types/detail/classifier_impl/arity30_0.hpp
-- Installing: C:/Users/Husky/source/repos/SynVHQ/vcpkg_installed/vcpkg/pkgs/boost-function-types_x64-windows/include/boost/function_types/detail/classifier_impl/arity30_1.hpp
-- Installing: C:/Users/Husky/source/repos/SynVHQ/vcpkg_installed/vcpkg/pkgs/boost-function-types_x64-windows/include/boost/function_types/detail/classifier_impl/arity40_0.hpp
-- Installing: C:/Users/Husky/source/repos/SynVHQ/vcpkg_installed/vcpkg/pkgs/boost-function-types_x64-windows/include/boost/function_types/detail/classifier_impl/arity40_1.hpp
-- Installing: C:/Users/Husky/source/repos/SynVHQ/vcpkg_installed/vcpkg/pkgs/boost-function-types_x64-windows/include/boost/function_types/detail/classifier_impl/arity50_0.hpp
-- Installing: C:/Users/Husky/source/repos/SynVHQ/vcpkg_installed/vcpkg/pkgs/boost-function-types_x64-windows/include/boost/function_types/detail/classifier_impl/arity50_1.hpp
-- Installing: C:/Users/Husky/source/repos/SynVHQ/vcpkg_installed/vcpkg/pkgs/boost-function-types_x64-windows/include/boost/function_types/detail/classifier_impl/master.hpp
-- Installing: C:/Users/Husky/source/repos/SynVHQ/vcpkg_installed/vcpkg/pkgs/boost-function-types_x64-windows/include/boost/function_types/detail/class_transform.hpp
-- Installing: C:/Users/Husky/source/repos/SynVHQ/vcpkg_installed/vcpkg/pkgs/boost-function-types_x64-windows/include/boost/function_types/detail/components_as_mpl_sequence.hpp
-- Installing: C:/Users/Husky/source/repos/SynVHQ/vcpkg_installed/vcpkg/pkgs/boost-function-types_x64-windows/include/boost/function_types/detail/components_impl
-- Installing: C:/Users/Husky/source/repos/SynVHQ/vcpkg_installed/vcpkg/pkgs/boost-function-types_x64-windows/include/boost/function_types/detail/components_impl/arity10_0.hpp
-- Installing: C:/Users/Husky/source/repos/SynVHQ/vcpkg_installed/vcpkg/pkgs/boost-function-types_x64-windows/include/boost/function_types/detail/components_impl/arity10_1.hpp
-- Installing: C:/Users/Husky/source/repos/SynVHQ/vcpkg_installed/vcpkg/pkgs/boost-function-types_x64-windows/include/boost/function_types/detail/components_impl/arity20_0.hpp
-- Installing: C:/Users/Husky/source/repos/SynVHQ/vcpkg_installed/vcpkg/pkgs/boost-function-types_x64-windows/include/boost/function_types/detail/components_impl/arity20_1.hpp
-- Installing: C:/Users/Husky/source/repos/SynVHQ/vcpkg_installed/vcpkg/pkgs/boost-function-types_x64-windows/include/boost/function_types/detail/components_impl/arity30_0.hpp
-- Installing: C:/Users/Husky/source/repos/SynVHQ/vcpkg_installed/vcpkg/pkgs/boost-function-types_x64-windows/include/boost/function_types/detail/components_impl/arity30_1.hpp
-- Installing: C:/Users/Husky/source/repos/SynVHQ/vcpkg_installed/vcpkg/pkgs/boost-function-types_x64-windows/include/boost/function_types/detail/components_impl/arity40_0.hpp
-- Installing: C:/Users/Husky/source/repos/SynVHQ/vcpkg_installed/vcpkg/pkgs/boost-function-types_x64-windows/include/boost/function_types/detail/components_impl/arity40_1.hpp
-- Installing: C:/Users/Husky/source/repos/SynVHQ/vcpkg_installed/vcpkg/pkgs/boost-function-types_x64-windows/include/boost/function_types/detail/components_impl/arity50_0.hpp
-- Installing: C:/Users/Husky/source/repos/SynVHQ/vcpkg_installed/vcpkg/pkgs/boost-function-types_x64-windows/include/boost/function_types/detail/components_impl/arity50_1.hpp
-- Installing: C:/Users/Husky/source/repos/SynVHQ/vcpkg_installed/vcpkg/pkgs/boost-function-types_x64-windows/include/boost/function_types/detail/components_impl/master.hpp
-- Installing: C:/Users/Husky/source/repos/SynVHQ/vcpkg_installed/vcpkg/pkgs/boost-function-types_x64-windows/include/boost/function_types/detail/cv_traits.hpp
-- Installing: C:/Users/Husky/source/repos/SynVHQ/vcpkg_installed/vcpkg/pkgs/boost-function-types_x64-windows/include/boost/function_types/detail/encoding
-- Installing: C:/Users/Husky/source/repos/SynVHQ/vcpkg_installed/vcpkg/pkgs/boost-function-types_x64-windows/include/boost/function_types/detail/encoding/aliases_def.hpp
-- Installing: C:/Users/Husky/source/repos/SynVHQ/vcpkg_installed/vcpkg/pkgs/boost-function-types_x64-windows/include/boost/function_types/detail/encoding/aliases_undef.hpp
-- Installing: C:/Users/Husky/source/repos/SynVHQ/vcpkg_installed/vcpkg/pkgs/boost-function-types_x64-windows/include/boost/function_types/detail/encoding/def.hpp
-- Installing: C:/Users/Husky/source/repos/SynVHQ/vcpkg_installed/vcpkg/pkgs/boost-function-types_x64-windows/include/boost/function_types/detail/encoding/undef.hpp
-- Installing: C:/Users/Husky/source/repos/SynVHQ/vcpkg_installed/vcpkg/pkgs/boost-function-types_x64-windows/include/boost/function_types/detail/pp_arity_loop.hpp
-- Installing: C:/Users/Husky/source/repos/SynVHQ/vcpkg_installed/vcpkg/pkgs/boost-function-types_x64-windows/include/boost/function_types/detail/pp_cc_loop
-- Installing: C:/Users/Husky/source/repos/SynVHQ/vcpkg_installed/vcpkg/pkgs/boost-function-types_x64-windows/include/boost/function_types/detail/pp_cc_loop/master.hpp
-- Installing: C:/Users/Husky/source/repos/SynVHQ/vcpkg_installed/vcpkg/pkgs/boost-function-types_x64-windows/include/boost/function_types/detail/pp_cc_loop/preprocessed.hpp
-- Installing: C:/Users/Husky/source/repos/SynVHQ/vcpkg_installed/vcpkg/pkgs/boost-function-types_x64-windows/include/boost/function_types/detail/pp_loop.hpp
-- Installing: C:/Users/Husky/source/repos/SynVHQ/vcpkg_installed/vcpkg/pkgs/boost-function-types_x64-windows/include/boost/function_types/detail/pp_retag_default_cc
-- Installing: C:/Users/Husky/source/repos/SynVHQ/vcpkg_installed/vcpkg/pkgs/boost-function-types_x64-windows/include/boost/function_types/detail/pp_retag_default_cc/master.hpp
-- Installing: C:/Users/Husky/source/repos/SynVHQ/vcpkg_installed/vcpkg/pkgs/boost-function-types_x64-windows/include/boost/function_types/detail/pp_retag_default_cc/preprocessed.hpp
-- Installing: C:/Users/Husky/source/repos/SynVHQ/vcpkg_installed/vcpkg/pkgs/boost-function-types_x64-windows/include/boost/function_types/detail/pp_tags
-- Installing: C:/Users/Husky/source/repos/SynVHQ/vcpkg_installed/vcpkg/pkgs/boost-function-types_x64-windows/include/boost/function_types/detail/pp_tags/cc_tag.hpp
-- Installing: C:/Users/Husky/source/repos/SynVHQ/vcpkg_installed/vcpkg/pkgs/boost-function-types_x64-windows/include/boost/function_types/detail/pp_tags/master.hpp
-- Installing: C:/Users/Husky/source/repos/SynVHQ/vcpkg_installed/vcpkg/pkgs/boost-function-types_x64-windows/include/boost/function_types/detail/pp_tags/preprocessed.hpp
-- Installing: C:/Users/Husky/source/repos/SynVHQ/vcpkg_installed/vcpkg/pkgs/boost-function-types_x64-windows/include/boost/function_types/detail/pp_variate_loop
-- Installing: C:/Users/Husky/source/repos/SynVHQ/vcpkg_installed/vcpkg/pkgs/boost-function-types_x64-windows/include/boost/function_types/detail/pp_variate_loop/master.hpp
-- Installing: C:/Users/Husky/source/repos/SynVHQ/vcpkg_installed/vcpkg/pkgs/boost-function-types_x64-windows/include/boost/function_types/detail/pp_variate_loop/preprocessed.hpp
-- Installing: C:/Users/Husky/source/repos/SynVHQ/vcpkg_installed/vcpkg/pkgs/boost-function-types_x64-windows/include/boost/function_types/detail/retag_default_cc.hpp
-- Installing: C:/Users/Husky/source/repos/SynVHQ/vcpkg_installed/vcpkg/pkgs/boost-function-types_x64-windows/include/boost/function_types/detail/synthesize.hpp
-- Installing: C:/Users/Husky/source/repos/SynVHQ/vcpkg_installed/vcpkg/pkgs/boost-function-types_x64-windows/include/boost/function_types/detail/synthesize_impl
-- Installing: C:/Users/Husky/source/repos/SynVHQ/vcpkg_installed/vcpkg/pkgs/boost-function-types_x64-windows/include/boost/function_types/detail/synthesize_impl/arity10_0.hpp
-- Installing: C:/Users/Husky/source/repos/SynVHQ/vcpkg_installed/vcpkg/pkgs/boost-function-types_x64-windows/include/boost/function_types/detail/synthesize_impl/arity10_1.hpp
-- Installing: C:/Users/Husky/source/repos/SynVHQ/vcpkg_installed/vcpkg/pkgs/boost-function-types_x64-windows/include/boost/function_types/detail/synthesize_impl/arity20_0.hpp
-- Installing: C:/Users/Husky/source/repos/SynVHQ/vcpkg_installed/vcpkg/pkgs/boost-function-types_x64-windows/include/boost/function_types/detail/synthesize_impl/arity20_1.hpp
-- Installing: C:/Users/Husky/source/repos/SynVHQ/vcpkg_installed/vcpkg/pkgs/boost-function-types_x64-windows/include/boost/function_types/detail/synthesize_impl/arity30_0.hpp
-- Installing: C:/Users/Husky/source/repos/SynVHQ/vcpkg_installed/vcpkg/pkgs/boost-function-types_x64-windows/include/boost/function_types/detail/synthesize_impl/arity30_1.hpp
-- Installing: C:/Users/Husky/source/repos/SynVHQ/vcpkg_installed/vcpkg/pkgs/boost-function-types_x64-windows/include/boost/function_types/detail/synthesize_impl/arity40_0.hpp
-- Installing: C:/Users/Husky/source/repos/SynVHQ/vcpkg_installed/vcpkg/pkgs/boost-function-types_x64-windows/include/boost/function_types/detail/synthesize_impl/arity40_1.hpp
-- Installing: C:/Users/Husky/source/repos/SynVHQ/vcpkg_installed/vcpkg/pkgs/boost-function-types_x64-windows/include/boost/function_types/detail/synthesize_impl/arity50_0.hpp
-- Installing: C:/Users/Husky/source/repos/SynVHQ/vcpkg_installed/vcpkg/pkgs/boost-function-types_x64-windows/include/boost/function_types/detail/synthesize_impl/arity50_1.hpp
-- Installing: C:/Users/Husky/source/repos/SynVHQ/vcpkg_installed/vcpkg/pkgs/boost-function-types_x64-windows/include/boost/function_types/detail/synthesize_impl/master.hpp
-- Installing: C:/Users/Husky/source/repos/SynVHQ/vcpkg_installed/vcpkg/pkgs/boost-function-types_x64-windows/include/boost/function_types/detail/to_sequence.hpp
-- Installing: C:/Users/Husky/source/repos/SynVHQ/vcpkg_installed/vcpkg/pkgs/boost-function-types_x64-windows/include/boost/function_types/function_arity.hpp
-- Installing: C:/Users/Husky/source/repos/SynVHQ/vcpkg_installed/vcpkg/pkgs/boost-function-types_x64-windows/include/boost/function_types/function_pointer.hpp
-- Installing: C:/Users/Husky/source/repos/SynVHQ/vcpkg_installed/vcpkg/pkgs/boost-function-types_x64-windows/include/boost/function_types/function_reference.hpp
-- Installing: C:/Users/Husky/source/repos/SynVHQ/vcpkg_installed/vcpkg/pkgs/boost-function-types_x64-windows/include/boost/function_types/function_type.hpp
-- Installing: C:/Users/Husky/source/repos/SynVHQ/vcpkg_installed/vcpkg/pkgs/boost-function-types_x64-windows/include/boost/function_types/is_callable_builtin.hpp
-- Installing: C:/Users/Husky/source/repos/SynVHQ/vcpkg_installed/vcpkg/pkgs/boost-function-types_x64-windows/include/boost/function_types/is_function.hpp
-- Installing: C:/Users/Husky/source/repos/SynVHQ/vcpkg_installed/vcpkg/pkgs/boost-function-types_x64-windows/include/boost/function_types/is_function_pointer.hpp
-- Installing: C:/Users/Husky/source/repos/SynVHQ/vcpkg_installed/vcpkg/pkgs/boost-function-types_x64-windows/include/boost/function_types/is_function_reference.hpp
-- Installing: C:/Users/Husky/source/repos/SynVHQ/vcpkg_installed/vcpkg/pkgs/boost-function-types_x64-windows/include/boost/function_types/is_member_function_pointer.hpp
-- Installing: C:/Users/Husky/source/repos/SynVHQ/vcpkg_installed/vcpkg/pkgs/boost-function-types_x64-windows/include/boost/function_types/is_member_object_pointer.hpp
-- Installing: C:/Users/Husky/source/repos/SynVHQ/vcpkg_installed/vcpkg/pkgs/boost-function-types_x64-windows/include/boost/function_types/is_member_pointer.hpp
-- Installing: C:/Users/Husky/source/repos/SynVHQ/vcpkg_installed/vcpkg/pkgs/boost-function-types_x64-windows/include/boost/function_types/is_nonmember_callable_builtin.hpp
-- Installing: C:/Users/Husky/source/repos/SynVHQ/vcpkg_installed/vcpkg/pkgs/boost-function-types_x64-windows/include/boost/function_types/member_function_pointer.hpp
-- Installing: C:/Users/Husky/source/repos/SynVHQ/vcpkg_installed/vcpkg/pkgs/boost-function-types_x64-windows/include/boost/function_types/member_object_pointer.hpp
-- Installing: C:/Users/Husky/source/repos/SynVHQ/vcpkg_installed/vcpkg/pkgs/boost-function-types_x64-windows/include/boost/function_types/parameter_types.hpp
-- Installing: C:/Users/Husky/source/repos/SynVHQ/vcpkg_installed/vcpkg/pkgs/boost-function-types_x64-windows/include/boost/function_types/property_tags.hpp
-- Installing: C:/Users/Husky/source/repos/SynVHQ/vcpkg_installed/vcpkg/pkgs/boost-function-types_x64-windows/include/boost/function_types/result_type.hpp
-- Installing: C:/Users/Husky/source/repos/SynVHQ/vcpkg_installed/vcpkg/pkgs/boost-function-types_x64-windows/lib/cmake/boost_function_types-1.86.0/boost_function_types-targets.cmake
-- Installing: C:/Users/Husky/source/repos/SynVHQ/vcpkg_installed/vcpkg/pkgs/boost-function-types_x64-windows/lib/cmake/boost_function_types-1.86.0/boost_function_types-config.cmake
-- Installing: C:/Users/Husky/source/repos/SynVHQ/vcpkg_installed/vcpkg/pkgs/boost-function-types_x64-windows/lib/cmake/boost_function_types-1.86.0/boost_function_types-config-version.cmake

