Change Dir: 'C:/Users/Husky/source/repos/SynVHQ/vcpkg_installed/vcpkg/blds/boost-asio/x64-windows-rel'

Run Build Command(s): "C:/Program Files/Microsoft Visual Studio/2022/Community/Common7/IDE/CommonExtensions/Microsoft/CMake/Ninja/ninja.exe" -v -v -j17 install
[0/1] C:\WINDOWS\system32\cmd.exe /C "cd /D C:\Users\Husky\source\repos\SynVHQ\vcpkg_installed\vcpkg\blds\boost-asio\x64-windows-rel && "C:\Program Files\Microsoft Visual Studio\2022\Community\Common7\IDE\CommonExtensions\Microsoft\CMake\CMake\bin\cmake.exe" -P cmake_install.cmake"
-- Install configuration: "Release"
-- Installing: C:/Users/Husky/source/repos/SynVHQ/vcpkg_installed/vcpkg/pkgs/boost-asio_x64-windows/include
-- Installing: C:/Users/Husky/source/repos/SynVHQ/vcpkg_installed/vcpkg/pkgs/boost-asio_x64-windows/include/boost
-- Installing: C:/Users/Husky/source/repos/SynVHQ/vcpkg_installed/vcpkg/pkgs/boost-asio_x64-windows/include/boost/asio
-- Installing: C:/Users/Husky/source/repos/SynVHQ/vcpkg_installed/vcpkg/pkgs/boost-asio_x64-windows/include/boost/asio/any_completion_executor.hpp
-- Installing: C:/Users/Husky/source/repos/SynVHQ/vcpkg_installed/vcpkg/pkgs/boost-asio_x64-windows/include/boost/asio/any_completion_handler.hpp
-- Installing: C:/Users/Husky/source/repos/SynVHQ/vcpkg_installed/vcpkg/pkgs/boost-asio_x64-windows/include/boost/asio/any_io_executor.hpp
-- Installing: C:/Users/Husky/source/repos/SynVHQ/vcpkg_installed/vcpkg/pkgs/boost-asio_x64-windows/include/boost/asio/append.hpp
-- Installing: C:/Users/Husky/source/repos/SynVHQ/vcpkg_installed/vcpkg/pkgs/boost-asio_x64-windows/include/boost/asio/associated_allocator.hpp
-- Installing: C:/Users/Husky/source/repos/SynVHQ/vcpkg_installed/vcpkg/pkgs/boost-asio_x64-windows/include/boost/asio/associated_cancellation_slot.hpp
-- Installing: C:/Users/Husky/source/repos/SynVHQ/vcpkg_installed/vcpkg/pkgs/boost-asio_x64-windows/include/boost/asio/associated_executor.hpp
-- Installing: C:/Users/Husky/source/repos/SynVHQ/vcpkg_installed/vcpkg/pkgs/boost-asio_x64-windows/include/boost/asio/associated_immediate_executor.hpp
-- Installing: C:/Users/Husky/source/repos/SynVHQ/vcpkg_installed/vcpkg/pkgs/boost-asio_x64-windows/include/boost/asio/associator.hpp
-- Installing: C:/Users/Husky/source/repos/SynVHQ/vcpkg_installed/vcpkg/pkgs/boost-asio_x64-windows/include/boost/asio/async_result.hpp
-- Installing: C:/Users/Husky/source/repos/SynVHQ/vcpkg_installed/vcpkg/pkgs/boost-asio_x64-windows/include/boost/asio/as_tuple.hpp
-- Installing: C:/Users/Husky/source/repos/SynVHQ/vcpkg_installed/vcpkg/pkgs/boost-asio_x64-windows/include/boost/asio/awaitable.hpp
-- Installing: C:/Users/Husky/source/repos/SynVHQ/vcpkg_installed/vcpkg/pkgs/boost-asio_x64-windows/include/boost/asio/basic_datagram_socket.hpp
-- Installing: C:/Users/Husky/source/repos/SynVHQ/vcpkg_installed/vcpkg/pkgs/boost-asio_x64-windows/include/boost/asio/basic_deadline_timer.hpp
-- Installing: C:/Users/Husky/source/repos/SynVHQ/vcpkg_installed/vcpkg/pkgs/boost-asio_x64-windows/include/boost/asio/basic_file.hpp
-- Installing: C:/Users/Husky/source/repos/SynVHQ/vcpkg_installed/vcpkg/pkgs/boost-asio_x64-windows/include/boost/asio/basic_io_object.hpp
-- Installing: C:/Users/Husky/source/repos/SynVHQ/vcpkg_installed/vcpkg/pkgs/boost-asio_x64-windows/include/boost/asio/basic_random_access_file.hpp
-- Installing: C:/Users/Husky/source/repos/SynVHQ/vcpkg_installed/vcpkg/pkgs/boost-asio_x64-windows/include/boost/asio/basic_raw_socket.hpp
-- Installing: C:/Users/Husky/source/repos/SynVHQ/vcpkg_installed/vcpkg/pkgs/boost-asio_x64-windows/include/boost/asio/basic_readable_pipe.hpp
-- Installing: C:/Users/Husky/source/repos/SynVHQ/vcpkg_installed/vcpkg/pkgs/boost-asio_x64-windows/include/boost/asio/basic_seq_packet_socket.hpp
-- Installing: C:/Users/Husky/source/repos/SynVHQ/vcpkg_installed/vcpkg/pkgs/boost-asio_x64-windows/include/boost/asio/basic_serial_port.hpp
-- Installing: C:/Users/Husky/source/repos/SynVHQ/vcpkg_installed/vcpkg/pkgs/boost-asio_x64-windows/include/boost/asio/basic_signal_set.hpp
-- Installing: C:/Users/Husky/source/repos/SynVHQ/vcpkg_installed/vcpkg/pkgs/boost-asio_x64-windows/include/boost/asio/basic_socket.hpp
-- Installing: C:/Users/Husky/source/repos/SynVHQ/vcpkg_installed/vcpkg/pkgs/boost-asio_x64-windows/include/boost/asio/basic_socket_acceptor.hpp
-- Installing: C:/Users/Husky/source/repos/SynVHQ/vcpkg_installed/vcpkg/pkgs/boost-asio_x64-windows/include/boost/asio/basic_socket_iostream.hpp
-- Installing: C:/Users/Husky/source/repos/SynVHQ/vcpkg_installed/vcpkg/pkgs/boost-asio_x64-windows/include/boost/asio/basic_socket_streambuf.hpp
-- Installing: C:/Users/Husky/source/repos/SynVHQ/vcpkg_installed/vcpkg/pkgs/boost-asio_x64-windows/include/boost/asio/basic_streambuf.hpp
-- Installing: C:/Users/Husky/source/repos/SynVHQ/vcpkg_installed/vcpkg/pkgs/boost-asio_x64-windows/include/boost/asio/basic_streambuf_fwd.hpp
-- Installing: C:/Users/Husky/source/repos/SynVHQ/vcpkg_installed/vcpkg/pkgs/boost-asio_x64-windows/include/boost/asio/basic_stream_file.hpp
-- Installing: C:/Users/Husky/source/repos/SynVHQ/vcpkg_installed/vcpkg/pkgs/boost-asio_x64-windows/include/boost/asio/basic_stream_socket.hpp
-- Installing: C:/Users/Husky/source/repos/SynVHQ/vcpkg_installed/vcpkg/pkgs/boost-asio_x64-windows/include/boost/asio/basic_waitable_timer.hpp
-- Installing: C:/Users/Husky/source/repos/SynVHQ/vcpkg_installed/vcpkg/pkgs/boost-asio_x64-windows/include/boost/asio/basic_writable_pipe.hpp
-- Installing: C:/Users/Husky/source/repos/SynVHQ/vcpkg_installed/vcpkg/pkgs/boost-asio_x64-windows/include/boost/asio/bind_allocator.hpp
-- Installing: C:/Users/Husky/source/repos/SynVHQ/vcpkg_installed/vcpkg/pkgs/boost-asio_x64-windows/include/boost/asio/bind_cancellation_slot.hpp
-- Installing: C:/Users/Husky/source/repos/SynVHQ/vcpkg_installed/vcpkg/pkgs/boost-asio_x64-windows/include/boost/asio/bind_executor.hpp
-- Installing: C:/Users/Husky/source/repos/SynVHQ/vcpkg_installed/vcpkg/pkgs/boost-asio_x64-windows/include/boost/asio/bind_immediate_executor.hpp
-- Installing: C:/Users/Husky/source/repos/SynVHQ/vcpkg_installed/vcpkg/pkgs/boost-asio_x64-windows/include/boost/asio/buffer.hpp
-- Installing: C:/Users/Husky/source/repos/SynVHQ/vcpkg_installed/vcpkg/pkgs/boost-asio_x64-windows/include/boost/asio/buffered_read_stream.hpp
-- Installing: C:/Users/Husky/source/repos/SynVHQ/vcpkg_installed/vcpkg/pkgs/boost-asio_x64-windows/include/boost/asio/buffered_read_stream_fwd.hpp
-- Installing: C:/Users/Husky/source/repos/SynVHQ/vcpkg_installed/vcpkg/pkgs/boost-asio_x64-windows/include/boost/asio/buffered_stream.hpp
-- Installing: C:/Users/Husky/source/repos/SynVHQ/vcpkg_installed/vcpkg/pkgs/boost-asio_x64-windows/include/boost/asio/buffered_stream_fwd.hpp
-- Installing: C:/Users/Husky/source/repos/SynVHQ/vcpkg_installed/vcpkg/pkgs/boost-asio_x64-windows/include/boost/asio/buffered_write_stream.hpp
-- Installing: C:/Users/Husky/source/repos/SynVHQ/vcpkg_installed/vcpkg/pkgs/boost-asio_x64-windows/include/boost/asio/buffered_write_stream_fwd.hpp
-- Installing: C:/Users/Husky/source/repos/SynVHQ/vcpkg_installed/vcpkg/pkgs/boost-asio_x64-windows/include/boost/asio/buffers_iterator.hpp
-- Installing: C:/Users/Husky/source/repos/SynVHQ/vcpkg_installed/vcpkg/pkgs/boost-asio_x64-windows/include/boost/asio/buffer_registration.hpp
-- Installing: C:/Users/Husky/source/repos/SynVHQ/vcpkg_installed/vcpkg/pkgs/boost-asio_x64-windows/include/boost/asio/cancellation_signal.hpp
-- Installing: C:/Users/Husky/source/repos/SynVHQ/vcpkg_installed/vcpkg/pkgs/boost-asio_x64-windows/include/boost/asio/cancellation_state.hpp
-- Installing: C:/Users/Husky/source/repos/SynVHQ/vcpkg_installed/vcpkg/pkgs/boost-asio_x64-windows/include/boost/asio/cancellation_type.hpp
-- Installing: C:/Users/Husky/source/repos/SynVHQ/vcpkg_installed/vcpkg/pkgs/boost-asio_x64-windows/include/boost/asio/cancel_after.hpp
-- Installing: C:/Users/Husky/source/repos/SynVHQ/vcpkg_installed/vcpkg/pkgs/boost-asio_x64-windows/include/boost/asio/cancel_at.hpp
-- Installing: C:/Users/Husky/source/repos/SynVHQ/vcpkg_installed/vcpkg/pkgs/boost-asio_x64-windows/include/boost/asio/completion_condition.hpp
-- Installing: C:/Users/Husky/source/repos/SynVHQ/vcpkg_installed/vcpkg/pkgs/boost-asio_x64-windows/include/boost/asio/compose.hpp
-- Installing: C:/Users/Husky/source/repos/SynVHQ/vcpkg_installed/vcpkg/pkgs/boost-asio_x64-windows/include/boost/asio/composed.hpp
-- Installing: C:/Users/Husky/source/repos/SynVHQ/vcpkg_installed/vcpkg/pkgs/boost-asio_x64-windows/include/boost/asio/connect.hpp
-- Installing: C:/Users/Husky/source/repos/SynVHQ/vcpkg_installed/vcpkg/pkgs/boost-asio_x64-windows/include/boost/asio/connect_pipe.hpp
-- Installing: C:/Users/Husky/source/repos/SynVHQ/vcpkg_installed/vcpkg/pkgs/boost-asio_x64-windows/include/boost/asio/consign.hpp
-- Installing: C:/Users/Husky/source/repos/SynVHQ/vcpkg_installed/vcpkg/pkgs/boost-asio_x64-windows/include/boost/asio/coroutine.hpp
-- Installing: C:/Users/Husky/source/repos/SynVHQ/vcpkg_installed/vcpkg/pkgs/boost-asio_x64-windows/include/boost/asio/co_composed.hpp
-- Installing: C:/Users/Husky/source/repos/SynVHQ/vcpkg_installed/vcpkg/pkgs/boost-asio_x64-windows/include/boost/asio/co_spawn.hpp
-- Installing: C:/Users/Husky/source/repos/SynVHQ/vcpkg_installed/vcpkg/pkgs/boost-asio_x64-windows/include/boost/asio/deadline_timer.hpp
-- Installing: C:/Users/Husky/source/repos/SynVHQ/vcpkg_installed/vcpkg/pkgs/boost-asio_x64-windows/include/boost/asio/default_completion_token.hpp
-- Installing: C:/Users/Husky/source/repos/SynVHQ/vcpkg_installed/vcpkg/pkgs/boost-asio_x64-windows/include/boost/asio/defer.hpp
-- Installing: C:/Users/Husky/source/repos/SynVHQ/vcpkg_installed/vcpkg/pkgs/boost-asio_x64-windows/include/boost/asio/deferred.hpp
-- Installing: C:/Users/Husky/source/repos/SynVHQ/vcpkg_installed/vcpkg/pkgs/boost-asio_x64-windows/include/boost/asio/detached.hpp
-- Installing: C:/Users/Husky/source/repos/SynVHQ/vcpkg_installed/vcpkg/pkgs/boost-asio_x64-windows/include/boost/asio/detail
-- Installing: C:/Users/Husky/source/repos/SynVHQ/vcpkg_installed/vcpkg/pkgs/boost-asio_x64-windows/include/boost/asio/detail/array.hpp
-- Installing: C:/Users/Husky/source/repos/SynVHQ/vcpkg_installed/vcpkg/pkgs/boost-asio_x64-windows/include/boost/asio/detail/array_fwd.hpp
-- Installing: C:/Users/Husky/source/repos/SynVHQ/vcpkg_installed/vcpkg/pkgs/boost-asio_x64-windows/include/boost/asio/detail/assert.hpp
-- Installing: C:/Users/Husky/source/repos/SynVHQ/vcpkg_installed/vcpkg/pkgs/boost-asio_x64-windows/include/boost/asio/detail/atomic_count.hpp
-- Installing: C:/Users/Husky/source/repos/SynVHQ/vcpkg_installed/vcpkg/pkgs/boost-asio_x64-windows/include/boost/asio/detail/base_from_cancellation_state.hpp
-- Installing: C:/Users/Husky/source/repos/SynVHQ/vcpkg_installed/vcpkg/pkgs/boost-asio_x64-windows/include/boost/asio/detail/base_from_completion_cond.hpp
-- Installing: C:/Users/Husky/source/repos/SynVHQ/vcpkg_installed/vcpkg/pkgs/boost-asio_x64-windows/include/boost/asio/detail/bind_handler.hpp
-- Installing: C:/Users/Husky/source/repos/SynVHQ/vcpkg_installed/vcpkg/pkgs/boost-asio_x64-windows/include/boost/asio/detail/blocking_executor_op.hpp
-- Installing: C:/Users/Husky/source/repos/SynVHQ/vcpkg_installed/vcpkg/pkgs/boost-asio_x64-windows/include/boost/asio/detail/buffered_stream_storage.hpp
-- Installing: C:/Users/Husky/source/repos/SynVHQ/vcpkg_installed/vcpkg/pkgs/boost-asio_x64-windows/include/boost/asio/detail/buffer_resize_guard.hpp
-- Installing: C:/Users/Husky/source/repos/SynVHQ/vcpkg_installed/vcpkg/pkgs/boost-asio_x64-windows/include/boost/asio/detail/buffer_sequence_adapter.hpp
-- Installing: C:/Users/Husky/source/repos/SynVHQ/vcpkg_installed/vcpkg/pkgs/boost-asio_x64-windows/include/boost/asio/detail/call_stack.hpp
-- Installing: C:/Users/Husky/source/repos/SynVHQ/vcpkg_installed/vcpkg/pkgs/boost-asio_x64-windows/include/boost/asio/detail/chrono.hpp
-- Installing: C:/Users/Husky/source/repos/SynVHQ/vcpkg_installed/vcpkg/pkgs/boost-asio_x64-windows/include/boost/asio/detail/chrono_time_traits.hpp
-- Installing: C:/Users/Husky/source/repos/SynVHQ/vcpkg_installed/vcpkg/pkgs/boost-asio_x64-windows/include/boost/asio/detail/completion_handler.hpp
-- Installing: C:/Users/Husky/source/repos/SynVHQ/vcpkg_installed/vcpkg/pkgs/boost-asio_x64-windows/include/boost/asio/detail/completion_message.hpp
-- Installing: C:/Users/Husky/source/repos/SynVHQ/vcpkg_installed/vcpkg/pkgs/boost-asio_x64-windows/include/boost/asio/detail/completion_payload.hpp
-- Installing: C:/Users/Husky/source/repos/SynVHQ/vcpkg_installed/vcpkg/pkgs/boost-asio_x64-windows/include/boost/asio/detail/completion_payload_handler.hpp
-- Installing: C:/Users/Husky/source/repos/SynVHQ/vcpkg_installed/vcpkg/pkgs/boost-asio_x64-windows/include/boost/asio/detail/composed_work.hpp
-- Installing: C:/Users/Husky/source/repos/SynVHQ/vcpkg_installed/vcpkg/pkgs/boost-asio_x64-windows/include/boost/asio/detail/concurrency_hint.hpp
-- Installing: C:/Users/Husky/source/repos/SynVHQ/vcpkg_installed/vcpkg/pkgs/boost-asio_x64-windows/include/boost/asio/detail/conditionally_enabled_event.hpp
-- Installing: C:/Users/Husky/source/repos/SynVHQ/vcpkg_installed/vcpkg/pkgs/boost-asio_x64-windows/include/boost/asio/detail/conditionally_enabled_mutex.hpp
-- Installing: C:/Users/Husky/source/repos/SynVHQ/vcpkg_installed/vcpkg/pkgs/boost-asio_x64-windows/include/boost/asio/detail/config.hpp
-- Installing: C:/Users/Husky/source/repos/SynVHQ/vcpkg_installed/vcpkg/pkgs/boost-asio_x64-windows/include/boost/asio/detail/consuming_buffers.hpp
-- Installing: C:/Users/Husky/source/repos/SynVHQ/vcpkg_installed/vcpkg/pkgs/boost-asio_x64-windows/include/boost/asio/detail/cstddef.hpp
-- Installing: C:/Users/Husky/source/repos/SynVHQ/vcpkg_installed/vcpkg/pkgs/boost-asio_x64-windows/include/boost/asio/detail/cstdint.hpp
-- Installing: C:/Users/Husky/source/repos/SynVHQ/vcpkg_installed/vcpkg/pkgs/boost-asio_x64-windows/include/boost/asio/detail/date_time_fwd.hpp
-- Installing: C:/Users/Husky/source/repos/SynVHQ/vcpkg_installed/vcpkg/pkgs/boost-asio_x64-windows/include/boost/asio/detail/deadline_timer_service.hpp
-- Installing: C:/Users/Husky/source/repos/SynVHQ/vcpkg_installed/vcpkg/pkgs/boost-asio_x64-windows/include/boost/asio/detail/dependent_type.hpp
-- Installing: C:/Users/Husky/source/repos/SynVHQ/vcpkg_installed/vcpkg/pkgs/boost-asio_x64-windows/include/boost/asio/detail/descriptor_ops.hpp
-- Installing: C:/Users/Husky/source/repos/SynVHQ/vcpkg_installed/vcpkg/pkgs/boost-asio_x64-windows/include/boost/asio/detail/descriptor_read_op.hpp
-- Installing: C:/Users/Husky/source/repos/SynVHQ/vcpkg_installed/vcpkg/pkgs/boost-asio_x64-windows/include/boost/asio/detail/descriptor_write_op.hpp
-- Installing: C:/Users/Husky/source/repos/SynVHQ/vcpkg_installed/vcpkg/pkgs/boost-asio_x64-windows/include/boost/asio/detail/dev_poll_reactor.hpp
-- Installing: C:/Users/Husky/source/repos/SynVHQ/vcpkg_installed/vcpkg/pkgs/boost-asio_x64-windows/include/boost/asio/detail/epoll_reactor.hpp
-- Installing: C:/Users/Husky/source/repos/SynVHQ/vcpkg_installed/vcpkg/pkgs/boost-asio_x64-windows/include/boost/asio/detail/event.hpp
-- Installing: C:/Users/Husky/source/repos/SynVHQ/vcpkg_installed/vcpkg/pkgs/boost-asio_x64-windows/include/boost/asio/detail/eventfd_select_interrupter.hpp
-- Installing: C:/Users/Husky/source/repos/SynVHQ/vcpkg_installed/vcpkg/pkgs/boost-asio_x64-windows/include/boost/asio/detail/exception.hpp
-- Installing: C:/Users/Husky/source/repos/SynVHQ/vcpkg_installed/vcpkg/pkgs/boost-asio_x64-windows/include/boost/asio/detail/executor_function.hpp
-- Installing: C:/Users/Husky/source/repos/SynVHQ/vcpkg_installed/vcpkg/pkgs/boost-asio_x64-windows/include/boost/asio/detail/executor_op.hpp
-- Installing: C:/Users/Husky/source/repos/SynVHQ/vcpkg_installed/vcpkg/pkgs/boost-asio_x64-windows/include/boost/asio/detail/fd_set_adapter.hpp
-- Installing: C:/Users/Husky/source/repos/SynVHQ/vcpkg_installed/vcpkg/pkgs/boost-asio_x64-windows/include/boost/asio/detail/fenced_block.hpp
-- Installing: C:/Users/Husky/source/repos/SynVHQ/vcpkg_installed/vcpkg/pkgs/boost-asio_x64-windows/include/boost/asio/detail/functional.hpp
-- Installing: C:/Users/Husky/source/repos/SynVHQ/vcpkg_installed/vcpkg/pkgs/boost-asio_x64-windows/include/boost/asio/detail/future.hpp
-- Installing: C:/Users/Husky/source/repos/SynVHQ/vcpkg_installed/vcpkg/pkgs/boost-asio_x64-windows/include/boost/asio/detail/global.hpp
-- Installing: C:/Users/Husky/source/repos/SynVHQ/vcpkg_installed/vcpkg/pkgs/boost-asio_x64-windows/include/boost/asio/detail/handler_alloc_helpers.hpp
-- Installing: C:/Users/Husky/source/repos/SynVHQ/vcpkg_installed/vcpkg/pkgs/boost-asio_x64-windows/include/boost/asio/detail/handler_cont_helpers.hpp
-- Installing: C:/Users/Husky/source/repos/SynVHQ/vcpkg_installed/vcpkg/pkgs/boost-asio_x64-windows/include/boost/asio/detail/handler_tracking.hpp
-- Installing: C:/Users/Husky/source/repos/SynVHQ/vcpkg_installed/vcpkg/pkgs/boost-asio_x64-windows/include/boost/asio/detail/handler_type_requirements.hpp
-- Installing: C:/Users/Husky/source/repos/SynVHQ/vcpkg_installed/vcpkg/pkgs/boost-asio_x64-windows/include/boost/asio/detail/handler_work.hpp
-- Installing: C:/Users/Husky/source/repos/SynVHQ/vcpkg_installed/vcpkg/pkgs/boost-asio_x64-windows/include/boost/asio/detail/hash_map.hpp
-- Installing: C:/Users/Husky/source/repos/SynVHQ/vcpkg_installed/vcpkg/pkgs/boost-asio_x64-windows/include/boost/asio/detail/impl
-- Installing: C:/Users/Husky/source/repos/SynVHQ/vcpkg_installed/vcpkg/pkgs/boost-asio_x64-windows/include/boost/asio/detail/impl/buffer_sequence_adapter.ipp
-- Installing: C:/Users/Husky/source/repos/SynVHQ/vcpkg_installed/vcpkg/pkgs/boost-asio_x64-windows/include/boost/asio/detail/impl/descriptor_ops.ipp
-- Installing: C:/Users/Husky/source/repos/SynVHQ/vcpkg_installed/vcpkg/pkgs/boost-asio_x64-windows/include/boost/asio/detail/impl/dev_poll_reactor.hpp
-- Installing: C:/Users/Husky/source/repos/SynVHQ/vcpkg_installed/vcpkg/pkgs/boost-asio_x64-windows/include/boost/asio/detail/impl/dev_poll_reactor.ipp
-- Installing: C:/Users/Husky/source/repos/SynVHQ/vcpkg_installed/vcpkg/pkgs/boost-asio_x64-windows/include/boost/asio/detail/impl/epoll_reactor.hpp
-- Installing: C:/Users/Husky/source/repos/SynVHQ/vcpkg_installed/vcpkg/pkgs/boost-asio_x64-windows/include/boost/asio/detail/impl/epoll_reactor.ipp
-- Installing: C:/Users/Husky/source/repos/SynVHQ/vcpkg_installed/vcpkg/pkgs/boost-asio_x64-windows/include/boost/asio/detail/impl/eventfd_select_interrupter.ipp
-- Installing: C:/Users/Husky/source/repos/SynVHQ/vcpkg_installed/vcpkg/pkgs/boost-asio_x64-windows/include/boost/asio/detail/impl/handler_tracking.ipp
-- Installing: C:/Users/Husky/source/repos/SynVHQ/vcpkg_installed/vcpkg/pkgs/boost-asio_x64-windows/include/boost/asio/detail/impl/io_uring_descriptor_service.ipp
-- Installing: C:/Users/Husky/source/repos/SynVHQ/vcpkg_installed/vcpkg/pkgs/boost-asio_x64-windows/include/boost/asio/detail/impl/io_uring_file_service.ipp
-- Installing: C:/Users/Husky/source/repos/SynVHQ/vcpkg_installed/vcpkg/pkgs/boost-asio_x64-windows/include/boost/asio/detail/impl/io_uring_service.hpp
-- Installing: C:/Users/Husky/source/repos/SynVHQ/vcpkg_installed/vcpkg/pkgs/boost-asio_x64-windows/include/boost/asio/detail/impl/io_uring_service.ipp
-- Installing: C:/Users/Husky/source/repos/SynVHQ/vcpkg_installed/vcpkg/pkgs/boost-asio_x64-windows/include/boost/asio/detail/impl/io_uring_socket_service_base.ipp
-- Installing: C:/Users/Husky/source/repos/SynVHQ/vcpkg_installed/vcpkg/pkgs/boost-asio_x64-windows/include/boost/asio/detail/impl/kqueue_reactor.hpp
-- Installing: C:/Users/Husky/source/repos/SynVHQ/vcpkg_installed/vcpkg/pkgs/boost-asio_x64-windows/include/boost/asio/detail/impl/kqueue_reactor.ipp
-- Installing: C:/Users/Husky/source/repos/SynVHQ/vcpkg_installed/vcpkg/pkgs/boost-asio_x64-windows/include/boost/asio/detail/impl/null_event.ipp
-- Installing: C:/Users/Husky/source/repos/SynVHQ/vcpkg_installed/vcpkg/pkgs/boost-asio_x64-windows/include/boost/asio/detail/impl/pipe_select_interrupter.ipp
-- Installing: C:/Users/Husky/source/repos/SynVHQ/vcpkg_installed/vcpkg/pkgs/boost-asio_x64-windows/include/boost/asio/detail/impl/posix_event.ipp
-- Installing: C:/Users/Husky/source/repos/SynVHQ/vcpkg_installed/vcpkg/pkgs/boost-asio_x64-windows/include/boost/asio/detail/impl/posix_mutex.ipp
-- Installing: C:/Users/Husky/source/repos/SynVHQ/vcpkg_installed/vcpkg/pkgs/boost-asio_x64-windows/include/boost/asio/detail/impl/posix_serial_port_service.ipp
-- Installing: C:/Users/Husky/source/repos/SynVHQ/vcpkg_installed/vcpkg/pkgs/boost-asio_x64-windows/include/boost/asio/detail/impl/posix_thread.ipp
-- Installing: C:/Users/Husky/source/repos/SynVHQ/vcpkg_installed/vcpkg/pkgs/boost-asio_x64-windows/include/boost/asio/detail/impl/posix_tss_ptr.ipp
-- Installing: C:/Users/Husky/source/repos/SynVHQ/vcpkg_installed/vcpkg/pkgs/boost-asio_x64-windows/include/boost/asio/detail/impl/reactive_descriptor_service.ipp
-- Installing: C:/Users/Husky/source/repos/SynVHQ/vcpkg_installed/vcpkg/pkgs/boost-asio_x64-windows/include/boost/asio/detail/impl/reactive_socket_service_base.ipp
-- Installing: C:/Users/Husky/source/repos/SynVHQ/vcpkg_installed/vcpkg/pkgs/boost-asio_x64-windows/include/boost/asio/detail/impl/resolver_service_base.ipp
-- Installing: C:/Users/Husky/source/repos/SynVHQ/vcpkg_installed/vcpkg/pkgs/boost-asio_x64-windows/include/boost/asio/detail/impl/scheduler.ipp
-- Installing: C:/Users/Husky/source/repos/SynVHQ/vcpkg_installed/vcpkg/pkgs/boost-asio_x64-windows/include/boost/asio/detail/impl/select_reactor.hpp
-- Installing: C:/Users/Husky/source/repos/SynVHQ/vcpkg_installed/vcpkg/pkgs/boost-asio_x64-windows/include/boost/asio/detail/impl/select_reactor.ipp
-- Installing: C:/Users/Husky/source/repos/SynVHQ/vcpkg_installed/vcpkg/pkgs/boost-asio_x64-windows/include/boost/asio/detail/impl/service_registry.hpp
-- Installing: C:/Users/Husky/source/repos/SynVHQ/vcpkg_installed/vcpkg/pkgs/boost-asio_x64-windows/include/boost/asio/detail/impl/service_registry.ipp
-- Installing: C:/Users/Husky/source/repos/SynVHQ/vcpkg_installed/vcpkg/pkgs/boost-asio_x64-windows/include/boost/asio/detail/impl/signal_set_service.ipp
-- Installing: C:/Users/Husky/source/repos/SynVHQ/vcpkg_installed/vcpkg/pkgs/boost-asio_x64-windows/include/boost/asio/detail/impl/socket_ops.ipp
-- Installing: C:/Users/Husky/source/repos/SynVHQ/vcpkg_installed/vcpkg/pkgs/boost-asio_x64-windows/include/boost/asio/detail/impl/socket_select_interrupter.ipp
-- Installing: C:/Users/Husky/source/repos/SynVHQ/vcpkg_installed/vcpkg/pkgs/boost-asio_x64-windows/include/boost/asio/detail/impl/strand_executor_service.hpp
-- Installing: C:/Users/Husky/source/repos/SynVHQ/vcpkg_installed/vcpkg/pkgs/boost-asio_x64-windows/include/boost/asio/detail/impl/strand_executor_service.ipp
-- Installing: C:/Users/Husky/source/repos/SynVHQ/vcpkg_installed/vcpkg/pkgs/boost-asio_x64-windows/include/boost/asio/detail/impl/strand_service.hpp
-- Installing: C:/Users/Husky/source/repos/SynVHQ/vcpkg_installed/vcpkg/pkgs/boost-asio_x64-windows/include/boost/asio/detail/impl/strand_service.ipp
-- Installing: C:/Users/Husky/source/repos/SynVHQ/vcpkg_installed/vcpkg/pkgs/boost-asio_x64-windows/include/boost/asio/detail/impl/thread_context.ipp
-- Installing: C:/Users/Husky/source/repos/SynVHQ/vcpkg_installed/vcpkg/pkgs/boost-asio_x64-windows/include/boost/asio/detail/impl/throw_error.ipp
-- Installing: C:/Users/Husky/source/repos/SynVHQ/vcpkg_installed/vcpkg/pkgs/boost-asio_x64-windows/include/boost/asio/detail/impl/timer_queue_ptime.ipp
-- Installing: C:/Users/Husky/source/repos/SynVHQ/vcpkg_installed/vcpkg/pkgs/boost-asio_x64-windows/include/boost/asio/detail/impl/timer_queue_set.ipp
-- Installing: C:/Users/Husky/source/repos/SynVHQ/vcpkg_installed/vcpkg/pkgs/boost-asio_x64-windows/include/boost/asio/detail/impl/winrt_ssocket_service_base.ipp
-- Installing: C:/Users/Husky/source/repos/SynVHQ/vcpkg_installed/vcpkg/pkgs/boost-asio_x64-windows/include/boost/asio/detail/impl/winrt_timer_scheduler.hpp
-- Installing: C:/Users/Husky/source/repos/SynVHQ/vcpkg_installed/vcpkg/pkgs/boost-asio_x64-windows/include/boost/asio/detail/impl/winrt_timer_scheduler.ipp
-- Installing: C:/Users/Husky/source/repos/SynVHQ/vcpkg_installed/vcpkg/pkgs/boost-asio_x64-windows/include/boost/asio/detail/impl/winsock_init.ipp
-- Installing: C:/Users/Husky/source/repos/SynVHQ/vcpkg_installed/vcpkg/pkgs/boost-asio_x64-windows/include/boost/asio/detail/impl/win_event.ipp
-- Installing: C:/Users/Husky/source/repos/SynVHQ/vcpkg_installed/vcpkg/pkgs/boost-asio_x64-windows/include/boost/asio/detail/impl/win_iocp_file_service.ipp
-- Installing: C:/Users/Husky/source/repos/SynVHQ/vcpkg_installed/vcpkg/pkgs/boost-asio_x64-windows/include/boost/asio/detail/impl/win_iocp_handle_service.ipp
-- Installing: C:/Users/Husky/source/repos/SynVHQ/vcpkg_installed/vcpkg/pkgs/boost-asio_x64-windows/include/boost/asio/detail/impl/win_iocp_io_context.hpp
-- Installing: C:/Users/Husky/source/repos/SynVHQ/vcpkg_installed/vcpkg/pkgs/boost-asio_x64-windows/include/boost/asio/detail/impl/win_iocp_io_context.ipp
-- Installing: C:/Users/Husky/source/repos/SynVHQ/vcpkg_installed/vcpkg/pkgs/boost-asio_x64-windows/include/boost/asio/detail/impl/win_iocp_serial_port_service.ipp
-- Installing: C:/Users/Husky/source/repos/SynVHQ/vcpkg_installed/vcpkg/pkgs/boost-asio_x64-windows/include/boost/asio/detail/impl/win_iocp_socket_service_base.ipp
-- Installing: C:/Users/Husky/source/repos/SynVHQ/vcpkg_installed/vcpkg/pkgs/boost-asio_x64-windows/include/boost/asio/detail/impl/win_mutex.ipp
-- Installing: C:/Users/Husky/source/repos/SynVHQ/vcpkg_installed/vcpkg/pkgs/boost-asio_x64-windows/include/boost/asio/detail/impl/win_object_handle_service.ipp
-- Installing: C:/Users/Husky/source/repos/SynVHQ/vcpkg_installed/vcpkg/pkgs/boost-asio_x64-windows/include/boost/asio/detail/impl/win_static_mutex.ipp
-- Installing: C:/Users/Husky/source/repos/SynVHQ/vcpkg_installed/vcpkg/pkgs/boost-asio_x64-windows/include/boost/asio/detail/impl/win_thread.ipp
-- Installing: C:/Users/Husky/source/repos/SynVHQ/vcpkg_installed/vcpkg/pkgs/boost-asio_x64-windows/include/boost/asio/detail/impl/win_tss_ptr.ipp
-- Installing: C:/Users/Husky/source/repos/SynVHQ/vcpkg_installed/vcpkg/pkgs/boost-asio_x64-windows/include/boost/asio/detail/initiate_defer.hpp
-- Installing: C:/Users/Husky/source/repos/SynVHQ/vcpkg_installed/vcpkg/pkgs/boost-asio_x64-windows/include/boost/asio/detail/initiate_dispatch.hpp
-- Installing: C:/Users/Husky/source/repos/SynVHQ/vcpkg_installed/vcpkg/pkgs/boost-asio_x64-windows/include/boost/asio/detail/initiate_post.hpp
-- Installing: C:/Users/Husky/source/repos/SynVHQ/vcpkg_installed/vcpkg/pkgs/boost-asio_x64-windows/include/boost/asio/detail/initiation_base.hpp
-- Installing: C:/Users/Husky/source/repos/SynVHQ/vcpkg_installed/vcpkg/pkgs/boost-asio_x64-windows/include/boost/asio/detail/io_control.hpp
-- Installing: C:/Users/Husky/source/repos/SynVHQ/vcpkg_installed/vcpkg/pkgs/boost-asio_x64-windows/include/boost/asio/detail/io_object_impl.hpp
-- Installing: C:/Users/Husky/source/repos/SynVHQ/vcpkg_installed/vcpkg/pkgs/boost-asio_x64-windows/include/boost/asio/detail/io_uring_descriptor_read_at_op.hpp
-- Installing: C:/Users/Husky/source/repos/SynVHQ/vcpkg_installed/vcpkg/pkgs/boost-asio_x64-windows/include/boost/asio/detail/io_uring_descriptor_read_op.hpp
-- Installing: C:/Users/Husky/source/repos/SynVHQ/vcpkg_installed/vcpkg/pkgs/boost-asio_x64-windows/include/boost/asio/detail/io_uring_descriptor_service.hpp
-- Installing: C:/Users/Husky/source/repos/SynVHQ/vcpkg_installed/vcpkg/pkgs/boost-asio_x64-windows/include/boost/asio/detail/io_uring_descriptor_write_at_op.hpp
-- Installing: C:/Users/Husky/source/repos/SynVHQ/vcpkg_installed/vcpkg/pkgs/boost-asio_x64-windows/include/boost/asio/detail/io_uring_descriptor_write_op.hpp
-- Installing: C:/Users/Husky/source/repos/SynVHQ/vcpkg_installed/vcpkg/pkgs/boost-asio_x64-windows/include/boost/asio/detail/io_uring_file_service.hpp
-- Installing: C:/Users/Husky/source/repos/SynVHQ/vcpkg_installed/vcpkg/pkgs/boost-asio_x64-windows/include/boost/asio/detail/io_uring_null_buffers_op.hpp
-- Installing: C:/Users/Husky/source/repos/SynVHQ/vcpkg_installed/vcpkg/pkgs/boost-asio_x64-windows/include/boost/asio/detail/io_uring_operation.hpp
-- Installing: C:/Users/Husky/source/repos/SynVHQ/vcpkg_installed/vcpkg/pkgs/boost-asio_x64-windows/include/boost/asio/detail/io_uring_service.hpp
-- Installing: C:/Users/Husky/source/repos/SynVHQ/vcpkg_installed/vcpkg/pkgs/boost-asio_x64-windows/include/boost/asio/detail/io_uring_socket_accept_op.hpp
-- Installing: C:/Users/Husky/source/repos/SynVHQ/vcpkg_installed/vcpkg/pkgs/boost-asio_x64-windows/include/boost/asio/detail/io_uring_socket_connect_op.hpp
-- Installing: C:/Users/Husky/source/repos/SynVHQ/vcpkg_installed/vcpkg/pkgs/boost-asio_x64-windows/include/boost/asio/detail/io_uring_socket_recvfrom_op.hpp
-- Installing: C:/Users/Husky/source/repos/SynVHQ/vcpkg_installed/vcpkg/pkgs/boost-asio_x64-windows/include/boost/asio/detail/io_uring_socket_recvmsg_op.hpp
-- Installing: C:/Users/Husky/source/repos/SynVHQ/vcpkg_installed/vcpkg/pkgs/boost-asio_x64-windows/include/boost/asio/detail/io_uring_socket_recv_op.hpp
-- Installing: C:/Users/Husky/source/repos/SynVHQ/vcpkg_installed/vcpkg/pkgs/boost-asio_x64-windows/include/boost/asio/detail/io_uring_socket_sendto_op.hpp
-- Installing: C:/Users/Husky/source/repos/SynVHQ/vcpkg_installed/vcpkg/pkgs/boost-asio_x64-windows/include/boost/asio/detail/io_uring_socket_send_op.hpp
-- Installing: C:/Users/Husky/source/repos/SynVHQ/vcpkg_installed/vcpkg/pkgs/boost-asio_x64-windows/include/boost/asio/detail/io_uring_socket_service.hpp
-- Installing: C:/Users/Husky/source/repos/SynVHQ/vcpkg_installed/vcpkg/pkgs/boost-asio_x64-windows/include/boost/asio/detail/io_uring_socket_service_base.hpp
-- Installing: C:/Users/Husky/source/repos/SynVHQ/vcpkg_installed/vcpkg/pkgs/boost-asio_x64-windows/include/boost/asio/detail/io_uring_wait_op.hpp
-- Installing: C:/Users/Husky/source/repos/SynVHQ/vcpkg_installed/vcpkg/pkgs/boost-asio_x64-windows/include/boost/asio/detail/is_buffer_sequence.hpp
-- Installing: C:/Users/Husky/source/repos/SynVHQ/vcpkg_installed/vcpkg/pkgs/boost-asio_x64-windows/include/boost/asio/detail/is_executor.hpp
-- Installing: C:/Users/Husky/source/repos/SynVHQ/vcpkg_installed/vcpkg/pkgs/boost-asio_x64-windows/include/boost/asio/detail/keyword_tss_ptr.hpp
-- Installing: C:/Users/Husky/source/repos/SynVHQ/vcpkg_installed/vcpkg/pkgs/boost-asio_x64-windows/include/boost/asio/detail/kqueue_reactor.hpp
-- Installing: C:/Users/Husky/source/repos/SynVHQ/vcpkg_installed/vcpkg/pkgs/boost-asio_x64-windows/include/boost/asio/detail/limits.hpp
-- Installing: C:/Users/Husky/source/repos/SynVHQ/vcpkg_installed/vcpkg/pkgs/boost-asio_x64-windows/include/boost/asio/detail/local_free_on_block_exit.hpp
-- Installing: C:/Users/Husky/source/repos/SynVHQ/vcpkg_installed/vcpkg/pkgs/boost-asio_x64-windows/include/boost/asio/detail/memory.hpp
-- Installing: C:/Users/Husky/source/repos/SynVHQ/vcpkg_installed/vcpkg/pkgs/boost-asio_x64-windows/include/boost/asio/detail/mutex.hpp
-- Installing: C:/Users/Husky/source/repos/SynVHQ/vcpkg_installed/vcpkg/pkgs/boost-asio_x64-windows/include/boost/asio/detail/noncopyable.hpp
-- Installing: C:/Users/Husky/source/repos/SynVHQ/vcpkg_installed/vcpkg/pkgs/boost-asio_x64-windows/include/boost/asio/detail/non_const_lvalue.hpp
-- Installing: C:/Users/Husky/source/repos/SynVHQ/vcpkg_installed/vcpkg/pkgs/boost-asio_x64-windows/include/boost/asio/detail/null_event.hpp
-- Installing: C:/Users/Husky/source/repos/SynVHQ/vcpkg_installed/vcpkg/pkgs/boost-asio_x64-windows/include/boost/asio/detail/null_fenced_block.hpp
-- Installing: C:/Users/Husky/source/repos/SynVHQ/vcpkg_installed/vcpkg/pkgs/boost-asio_x64-windows/include/boost/asio/detail/null_global.hpp
-- Installing: C:/Users/Husky/source/repos/SynVHQ/vcpkg_installed/vcpkg/pkgs/boost-asio_x64-windows/include/boost/asio/detail/null_mutex.hpp
-- Installing: C:/Users/Husky/source/repos/SynVHQ/vcpkg_installed/vcpkg/pkgs/boost-asio_x64-windows/include/boost/asio/detail/null_reactor.hpp
-- Installing: C:/Users/Husky/source/repos/SynVHQ/vcpkg_installed/vcpkg/pkgs/boost-asio_x64-windows/include/boost/asio/detail/null_signal_blocker.hpp
-- Installing: C:/Users/Husky/source/repos/SynVHQ/vcpkg_installed/vcpkg/pkgs/boost-asio_x64-windows/include/boost/asio/detail/null_socket_service.hpp
-- Installing: C:/Users/Husky/source/repos/SynVHQ/vcpkg_installed/vcpkg/pkgs/boost-asio_x64-windows/include/boost/asio/detail/null_static_mutex.hpp
-- Installing: C:/Users/Husky/source/repos/SynVHQ/vcpkg_installed/vcpkg/pkgs/boost-asio_x64-windows/include/boost/asio/detail/null_thread.hpp
-- Installing: C:/Users/Husky/source/repos/SynVHQ/vcpkg_installed/vcpkg/pkgs/boost-asio_x64-windows/include/boost/asio/detail/null_tss_ptr.hpp
-- Installing: C:/Users/Husky/source/repos/SynVHQ/vcpkg_installed/vcpkg/pkgs/boost-asio_x64-windows/include/boost/asio/detail/object_pool.hpp
-- Installing: C:/Users/Husky/source/repos/SynVHQ/vcpkg_installed/vcpkg/pkgs/boost-asio_x64-windows/include/boost/asio/detail/old_win_sdk_compat.hpp
-- Installing: C:/Users/Husky/source/repos/SynVHQ/vcpkg_installed/vcpkg/pkgs/boost-asio_x64-windows/include/boost/asio/detail/operation.hpp
-- Installing: C:/Users/Husky/source/repos/SynVHQ/vcpkg_installed/vcpkg/pkgs/boost-asio_x64-windows/include/boost/asio/detail/op_queue.hpp
-- Installing: C:/Users/Husky/source/repos/SynVHQ/vcpkg_installed/vcpkg/pkgs/boost-asio_x64-windows/include/boost/asio/detail/pipe_select_interrupter.hpp
-- Installing: C:/Users/Husky/source/repos/SynVHQ/vcpkg_installed/vcpkg/pkgs/boost-asio_x64-windows/include/boost/asio/detail/pop_options.hpp
-- Installing: C:/Users/Husky/source/repos/SynVHQ/vcpkg_installed/vcpkg/pkgs/boost-asio_x64-windows/include/boost/asio/detail/posix_event.hpp
-- Installing: C:/Users/Husky/source/repos/SynVHQ/vcpkg_installed/vcpkg/pkgs/boost-asio_x64-windows/include/boost/asio/detail/posix_fd_set_adapter.hpp
-- Installing: C:/Users/Husky/source/repos/SynVHQ/vcpkg_installed/vcpkg/pkgs/boost-asio_x64-windows/include/boost/asio/detail/posix_global.hpp
-- Installing: C:/Users/Husky/source/repos/SynVHQ/vcpkg_installed/vcpkg/pkgs/boost-asio_x64-windows/include/boost/asio/detail/posix_mutex.hpp
-- Installing: C:/Users/Husky/source/repos/SynVHQ/vcpkg_installed/vcpkg/pkgs/boost-asio_x64-windows/include/boost/asio/detail/posix_serial_port_service.hpp
-- Installing: C:/Users/Husky/source/repos/SynVHQ/vcpkg_installed/vcpkg/pkgs/boost-asio_x64-windows/include/boost/asio/detail/posix_signal_blocker.hpp
-- Installing: C:/Users/Husky/source/repos/SynVHQ/vcpkg_installed/vcpkg/pkgs/boost-asio_x64-windows/include/boost/asio/detail/posix_static_mutex.hpp
-- Installing: C:/Users/Husky/source/repos/SynVHQ/vcpkg_installed/vcpkg/pkgs/boost-asio_x64-windows/include/boost/asio/detail/posix_thread.hpp
-- Installing: C:/Users/Husky/source/repos/SynVHQ/vcpkg_installed/vcpkg/pkgs/boost-asio_x64-windows/include/boost/asio/detail/posix_tss_ptr.hpp
-- Installing: C:/Users/Husky/source/repos/SynVHQ/vcpkg_installed/vcpkg/pkgs/boost-asio_x64-windows/include/boost/asio/detail/push_options.hpp
-- Installing: C:/Users/Husky/source/repos/SynVHQ/vcpkg_installed/vcpkg/pkgs/boost-asio_x64-windows/include/boost/asio/detail/reactive_descriptor_service.hpp
-- Installing: C:/Users/Husky/source/repos/SynVHQ/vcpkg_installed/vcpkg/pkgs/boost-asio_x64-windows/include/boost/asio/detail/reactive_null_buffers_op.hpp
-- Installing: C:/Users/Husky/source/repos/SynVHQ/vcpkg_installed/vcpkg/pkgs/boost-asio_x64-windows/include/boost/asio/detail/reactive_socket_accept_op.hpp
-- Installing: C:/Users/Husky/source/repos/SynVHQ/vcpkg_installed/vcpkg/pkgs/boost-asio_x64-windows/include/boost/asio/detail/reactive_socket_connect_op.hpp
-- Installing: C:/Users/Husky/source/repos/SynVHQ/vcpkg_installed/vcpkg/pkgs/boost-asio_x64-windows/include/boost/asio/detail/reactive_socket_recvfrom_op.hpp
-- Installing: C:/Users/Husky/source/repos/SynVHQ/vcpkg_installed/vcpkg/pkgs/boost-asio_x64-windows/include/boost/asio/detail/reactive_socket_recvmsg_op.hpp
-- Installing: C:/Users/Husky/source/repos/SynVHQ/vcpkg_installed/vcpkg/pkgs/boost-asio_x64-windows/include/boost/asio/detail/reactive_socket_recv_op.hpp
-- Installing: C:/Users/Husky/source/repos/SynVHQ/vcpkg_installed/vcpkg/pkgs/boost-asio_x64-windows/include/boost/asio/detail/reactive_socket_sendto_op.hpp
-- Installing: C:/Users/Husky/source/repos/SynVHQ/vcpkg_installed/vcpkg/pkgs/boost-asio_x64-windows/include/boost/asio/detail/reactive_socket_send_op.hpp
-- Installing: C:/Users/Husky/source/repos/SynVHQ/vcpkg_installed/vcpkg/pkgs/boost-asio_x64-windows/include/boost/asio/detail/reactive_socket_service.hpp
-- Installing: C:/Users/Husky/source/repos/SynVHQ/vcpkg_installed/vcpkg/pkgs/boost-asio_x64-windows/include/boost/asio/detail/reactive_socket_service_base.hpp
-- Installing: C:/Users/Husky/source/repos/SynVHQ/vcpkg_installed/vcpkg/pkgs/boost-asio_x64-windows/include/boost/asio/detail/reactive_wait_op.hpp
-- Installing: C:/Users/Husky/source/repos/SynVHQ/vcpkg_installed/vcpkg/pkgs/boost-asio_x64-windows/include/boost/asio/detail/reactor.hpp
-- Installing: C:/Users/Husky/source/repos/SynVHQ/vcpkg_installed/vcpkg/pkgs/boost-asio_x64-windows/include/boost/asio/detail/reactor_op.hpp
-- Installing: C:/Users/Husky/source/repos/SynVHQ/vcpkg_installed/vcpkg/pkgs/boost-asio_x64-windows/include/boost/asio/detail/reactor_op_queue.hpp
-- Installing: C:/Users/Husky/source/repos/SynVHQ/vcpkg_installed/vcpkg/pkgs/boost-asio_x64-windows/include/boost/asio/detail/recycling_allocator.hpp
-- Installing: C:/Users/Husky/source/repos/SynVHQ/vcpkg_installed/vcpkg/pkgs/boost-asio_x64-windows/include/boost/asio/detail/regex_fwd.hpp
-- Installing: C:/Users/Husky/source/repos/SynVHQ/vcpkg_installed/vcpkg/pkgs/boost-asio_x64-windows/include/boost/asio/detail/resolver_service.hpp
-- Installing: C:/Users/Husky/source/repos/SynVHQ/vcpkg_installed/vcpkg/pkgs/boost-asio_x64-windows/include/boost/asio/detail/resolver_service_base.hpp
-- Installing: C:/Users/Husky/source/repos/SynVHQ/vcpkg_installed/vcpkg/pkgs/boost-asio_x64-windows/include/boost/asio/detail/resolve_endpoint_op.hpp
-- Installing: C:/Users/Husky/source/repos/SynVHQ/vcpkg_installed/vcpkg/pkgs/boost-asio_x64-windows/include/boost/asio/detail/resolve_op.hpp
-- Installing: C:/Users/Husky/source/repos/SynVHQ/vcpkg_installed/vcpkg/pkgs/boost-asio_x64-windows/include/boost/asio/detail/resolve_query_op.hpp
-- Installing: C:/Users/Husky/source/repos/SynVHQ/vcpkg_installed/vcpkg/pkgs/boost-asio_x64-windows/include/boost/asio/detail/scheduler.hpp
-- Installing: C:/Users/Husky/source/repos/SynVHQ/vcpkg_installed/vcpkg/pkgs/boost-asio_x64-windows/include/boost/asio/detail/scheduler_operation.hpp
-- Installing: C:/Users/Husky/source/repos/SynVHQ/vcpkg_installed/vcpkg/pkgs/boost-asio_x64-windows/include/boost/asio/detail/scheduler_task.hpp
-- Installing: C:/Users/Husky/source/repos/SynVHQ/vcpkg_installed/vcpkg/pkgs/boost-asio_x64-windows/include/boost/asio/detail/scheduler_thread_info.hpp
-- Installing: C:/Users/Husky/source/repos/SynVHQ/vcpkg_installed/vcpkg/pkgs/boost-asio_x64-windows/include/boost/asio/detail/scoped_lock.hpp
-- Installing: C:/Users/Husky/source/repos/SynVHQ/vcpkg_installed/vcpkg/pkgs/boost-asio_x64-windows/include/boost/asio/detail/scoped_ptr.hpp
-- Installing: C:/Users/Husky/source/repos/SynVHQ/vcpkg_installed/vcpkg/pkgs/boost-asio_x64-windows/include/boost/asio/detail/select_interrupter.hpp
-- Installing: C:/Users/Husky/source/repos/SynVHQ/vcpkg_installed/vcpkg/pkgs/boost-asio_x64-windows/include/boost/asio/detail/select_reactor.hpp
-- Installing: C:/Users/Husky/source/repos/SynVHQ/vcpkg_installed/vcpkg/pkgs/boost-asio_x64-windows/include/boost/asio/detail/service_registry.hpp
-- Installing: C:/Users/Husky/source/repos/SynVHQ/vcpkg_installed/vcpkg/pkgs/boost-asio_x64-windows/include/boost/asio/detail/signal_blocker.hpp
-- Installing: C:/Users/Husky/source/repos/SynVHQ/vcpkg_installed/vcpkg/pkgs/boost-asio_x64-windows/include/boost/asio/detail/signal_handler.hpp
-- Installing: C:/Users/Husky/source/repos/SynVHQ/vcpkg_installed/vcpkg/pkgs/boost-asio_x64-windows/include/boost/asio/detail/signal_init.hpp
-- Installing: C:/Users/Husky/source/repos/SynVHQ/vcpkg_installed/vcpkg/pkgs/boost-asio_x64-windows/include/boost/asio/detail/signal_op.hpp
-- Installing: C:/Users/Husky/source/repos/SynVHQ/vcpkg_installed/vcpkg/pkgs/boost-asio_x64-windows/include/boost/asio/detail/signal_set_service.hpp
-- Installing: C:/Users/Husky/source/repos/SynVHQ/vcpkg_installed/vcpkg/pkgs/boost-asio_x64-windows/include/boost/asio/detail/socket_holder.hpp
-- Installing: C:/Users/Husky/source/repos/SynVHQ/vcpkg_installed/vcpkg/pkgs/boost-asio_x64-windows/include/boost/asio/detail/socket_ops.hpp
-- Installing: C:/Users/Husky/source/repos/SynVHQ/vcpkg_installed/vcpkg/pkgs/boost-asio_x64-windows/include/boost/asio/detail/socket_option.hpp
-- Installing: C:/Users/Husky/source/repos/SynVHQ/vcpkg_installed/vcpkg/pkgs/boost-asio_x64-windows/include/boost/asio/detail/socket_select_interrupter.hpp
-- Installing: C:/Users/Husky/source/repos/SynVHQ/vcpkg_installed/vcpkg/pkgs/boost-asio_x64-windows/include/boost/asio/detail/socket_types.hpp
-- Installing: C:/Users/Husky/source/repos/SynVHQ/vcpkg_installed/vcpkg/pkgs/boost-asio_x64-windows/include/boost/asio/detail/source_location.hpp
-- Installing: C:/Users/Husky/source/repos/SynVHQ/vcpkg_installed/vcpkg/pkgs/boost-asio_x64-windows/include/boost/asio/detail/static_mutex.hpp
-- Installing: C:/Users/Husky/source/repos/SynVHQ/vcpkg_installed/vcpkg/pkgs/boost-asio_x64-windows/include/boost/asio/detail/std_event.hpp
-- Installing: C:/Users/Husky/source/repos/SynVHQ/vcpkg_installed/vcpkg/pkgs/boost-asio_x64-windows/include/boost/asio/detail/std_fenced_block.hpp
-- Installing: C:/Users/Husky/source/repos/SynVHQ/vcpkg_installed/vcpkg/pkgs/boost-asio_x64-windows/include/boost/asio/detail/std_global.hpp
-- Installing: C:/Users/Husky/source/repos/SynVHQ/vcpkg_installed/vcpkg/pkgs/boost-asio_x64-windows/include/boost/asio/detail/std_mutex.hpp
-- Installing: C:/Users/Husky/source/repos/SynVHQ/vcpkg_installed/vcpkg/pkgs/boost-asio_x64-windows/include/boost/asio/detail/std_static_mutex.hpp
-- Installing: C:/Users/Husky/source/repos/SynVHQ/vcpkg_installed/vcpkg/pkgs/boost-asio_x64-windows/include/boost/asio/detail/std_thread.hpp
-- Installing: C:/Users/Husky/source/repos/SynVHQ/vcpkg_installed/vcpkg/pkgs/boost-asio_x64-windows/include/boost/asio/detail/strand_executor_service.hpp
-- Installing: C:/Users/Husky/source/repos/SynVHQ/vcpkg_installed/vcpkg/pkgs/boost-asio_x64-windows/include/boost/asio/detail/strand_service.hpp
-- Installing: C:/Users/Husky/source/repos/SynVHQ/vcpkg_installed/vcpkg/pkgs/boost-asio_x64-windows/include/boost/asio/detail/string_view.hpp
-- Installing: C:/Users/Husky/source/repos/SynVHQ/vcpkg_installed/vcpkg/pkgs/boost-asio_x64-windows/include/boost/asio/detail/thread.hpp
-- Installing: C:/Users/Husky/source/repos/SynVHQ/vcpkg_installed/vcpkg/pkgs/boost-asio_x64-windows/include/boost/asio/detail/thread_context.hpp
-- Installing: C:/Users/Husky/source/repos/SynVHQ/vcpkg_installed/vcpkg/pkgs/boost-asio_x64-windows/include/boost/asio/detail/thread_group.hpp
-- Installing: C:/Users/Husky/source/repos/SynVHQ/vcpkg_installed/vcpkg/pkgs/boost-asio_x64-windows/include/boost/asio/detail/thread_info_base.hpp
-- Installing: C:/Users/Husky/source/repos/SynVHQ/vcpkg_installed/vcpkg/pkgs/boost-asio_x64-windows/include/boost/asio/detail/throw_error.hpp
-- Installing: C:/Users/Husky/source/repos/SynVHQ/vcpkg_installed/vcpkg/pkgs/boost-asio_x64-windows/include/boost/asio/detail/throw_exception.hpp
-- Installing: C:/Users/Husky/source/repos/SynVHQ/vcpkg_installed/vcpkg/pkgs/boost-asio_x64-windows/include/boost/asio/detail/timed_cancel_op.hpp
-- Installing: C:/Users/Husky/source/repos/SynVHQ/vcpkg_installed/vcpkg/pkgs/boost-asio_x64-windows/include/boost/asio/detail/timer_queue.hpp
-- Installing: C:/Users/Husky/source/repos/SynVHQ/vcpkg_installed/vcpkg/pkgs/boost-asio_x64-windows/include/boost/asio/detail/timer_queue_base.hpp
-- Installing: C:/Users/Husky/source/repos/SynVHQ/vcpkg_installed/vcpkg/pkgs/boost-asio_x64-windows/include/boost/asio/detail/timer_queue_ptime.hpp
-- Installing: C:/Users/Husky/source/repos/SynVHQ/vcpkg_installed/vcpkg/pkgs/boost-asio_x64-windows/include/boost/asio/detail/timer_queue_set.hpp
-- Installing: C:/Users/Husky/source/repos/SynVHQ/vcpkg_installed/vcpkg/pkgs/boost-asio_x64-windows/include/boost/asio/detail/timer_scheduler.hpp
-- Installing: C:/Users/Husky/source/repos/SynVHQ/vcpkg_installed/vcpkg/pkgs/boost-asio_x64-windows/include/boost/asio/detail/timer_scheduler_fwd.hpp
-- Installing: C:/Users/Husky/source/repos/SynVHQ/vcpkg_installed/vcpkg/pkgs/boost-asio_x64-windows/include/boost/asio/detail/tss_ptr.hpp
-- Installing: C:/Users/Husky/source/repos/SynVHQ/vcpkg_installed/vcpkg/pkgs/boost-asio_x64-windows/include/boost/asio/detail/type_traits.hpp
-- Installing: C:/Users/Husky/source/repos/SynVHQ/vcpkg_installed/vcpkg/pkgs/boost-asio_x64-windows/include/boost/asio/detail/utility.hpp
-- Installing: C:/Users/Husky/source/repos/SynVHQ/vcpkg_installed/vcpkg/pkgs/boost-asio_x64-windows/include/boost/asio/detail/wait_handler.hpp
-- Installing: C:/Users/Husky/source/repos/SynVHQ/vcpkg_installed/vcpkg/pkgs/boost-asio_x64-windows/include/boost/asio/detail/wait_op.hpp
-- Installing: C:/Users/Husky/source/repos/SynVHQ/vcpkg_installed/vcpkg/pkgs/boost-asio_x64-windows/include/boost/asio/detail/winapp_thread.hpp
-- Installing: C:/Users/Husky/source/repos/SynVHQ/vcpkg_installed/vcpkg/pkgs/boost-asio_x64-windows/include/boost/asio/detail/wince_thread.hpp
-- Installing: C:/Users/Husky/source/repos/SynVHQ/vcpkg_installed/vcpkg/pkgs/boost-asio_x64-windows/include/boost/asio/detail/winrt_async_manager.hpp
-- Installing: C:/Users/Husky/source/repos/SynVHQ/vcpkg_installed/vcpkg/pkgs/boost-asio_x64-windows/include/boost/asio/detail/winrt_async_op.hpp
-- Installing: C:/Users/Husky/source/repos/SynVHQ/vcpkg_installed/vcpkg/pkgs/boost-asio_x64-windows/include/boost/asio/detail/winrt_resolver_service.hpp
-- Installing: C:/Users/Husky/source/repos/SynVHQ/vcpkg_installed/vcpkg/pkgs/boost-asio_x64-windows/include/boost/asio/detail/winrt_resolve_op.hpp
-- Installing: C:/Users/Husky/source/repos/SynVHQ/vcpkg_installed/vcpkg/pkgs/boost-asio_x64-windows/include/boost/asio/detail/winrt_socket_connect_op.hpp
-- Installing: C:/Users/Husky/source/repos/SynVHQ/vcpkg_installed/vcpkg/pkgs/boost-asio_x64-windows/include/boost/asio/detail/winrt_socket_recv_op.hpp
-- Installing: C:/Users/Husky/source/repos/SynVHQ/vcpkg_installed/vcpkg/pkgs/boost-asio_x64-windows/include/boost/asio/detail/winrt_socket_send_op.hpp
-- Installing: C:/Users/Husky/source/repos/SynVHQ/vcpkg_installed/vcpkg/pkgs/boost-asio_x64-windows/include/boost/asio/detail/winrt_ssocket_service.hpp
-- Installing: C:/Users/Husky/source/repos/SynVHQ/vcpkg_installed/vcpkg/pkgs/boost-asio_x64-windows/include/boost/asio/detail/winrt_ssocket_service_base.hpp
-- Installing: C:/Users/Husky/source/repos/SynVHQ/vcpkg_installed/vcpkg/pkgs/boost-asio_x64-windows/include/boost/asio/detail/winrt_timer_scheduler.hpp
-- Installing: C:/Users/Husky/source/repos/SynVHQ/vcpkg_installed/vcpkg/pkgs/boost-asio_x64-windows/include/boost/asio/detail/winrt_utils.hpp
-- Installing: C:/Users/Husky/source/repos/SynVHQ/vcpkg_installed/vcpkg/pkgs/boost-asio_x64-windows/include/boost/asio/detail/winsock_init.hpp
-- Installing: C:/Users/Husky/source/repos/SynVHQ/vcpkg_installed/vcpkg/pkgs/boost-asio_x64-windows/include/boost/asio/detail/win_event.hpp
-- Installing: C:/Users/Husky/source/repos/SynVHQ/vcpkg_installed/vcpkg/pkgs/boost-asio_x64-windows/include/boost/asio/detail/win_fd_set_adapter.hpp
-- Installing: C:/Users/Husky/source/repos/SynVHQ/vcpkg_installed/vcpkg/pkgs/boost-asio_x64-windows/include/boost/asio/detail/win_global.hpp
-- Installing: C:/Users/Husky/source/repos/SynVHQ/vcpkg_installed/vcpkg/pkgs/boost-asio_x64-windows/include/boost/asio/detail/win_iocp_file_service.hpp
-- Installing: C:/Users/Husky/source/repos/SynVHQ/vcpkg_installed/vcpkg/pkgs/boost-asio_x64-windows/include/boost/asio/detail/win_iocp_handle_read_op.hpp
-- Installing: C:/Users/Husky/source/repos/SynVHQ/vcpkg_installed/vcpkg/pkgs/boost-asio_x64-windows/include/boost/asio/detail/win_iocp_handle_service.hpp
-- Installing: C:/Users/Husky/source/repos/SynVHQ/vcpkg_installed/vcpkg/pkgs/boost-asio_x64-windows/include/boost/asio/detail/win_iocp_handle_write_op.hpp
-- Installing: C:/Users/Husky/source/repos/SynVHQ/vcpkg_installed/vcpkg/pkgs/boost-asio_x64-windows/include/boost/asio/detail/win_iocp_io_context.hpp
-- Installing: C:/Users/Husky/source/repos/SynVHQ/vcpkg_installed/vcpkg/pkgs/boost-asio_x64-windows/include/boost/asio/detail/win_iocp_null_buffers_op.hpp
-- Installing: C:/Users/Husky/source/repos/SynVHQ/vcpkg_installed/vcpkg/pkgs/boost-asio_x64-windows/include/boost/asio/detail/win_iocp_operation.hpp
-- Installing: C:/Users/Husky/source/repos/SynVHQ/vcpkg_installed/vcpkg/pkgs/boost-asio_x64-windows/include/boost/asio/detail/win_iocp_overlapped_op.hpp
-- Installing: C:/Users/Husky/source/repos/SynVHQ/vcpkg_installed/vcpkg/pkgs/boost-asio_x64-windows/include/boost/asio/detail/win_iocp_overlapped_ptr.hpp
-- Installing: C:/Users/Husky/source/repos/SynVHQ/vcpkg_installed/vcpkg/pkgs/boost-asio_x64-windows/include/boost/asio/detail/win_iocp_serial_port_service.hpp
-- Installing: C:/Users/Husky/source/repos/SynVHQ/vcpkg_installed/vcpkg/pkgs/boost-asio_x64-windows/include/boost/asio/detail/win_iocp_socket_accept_op.hpp
-- Installing: C:/Users/Husky/source/repos/SynVHQ/vcpkg_installed/vcpkg/pkgs/boost-asio_x64-windows/include/boost/asio/detail/win_iocp_socket_connect_op.hpp
-- Installing: C:/Users/Husky/source/repos/SynVHQ/vcpkg_installed/vcpkg/pkgs/boost-asio_x64-windows/include/boost/asio/detail/win_iocp_socket_recvfrom_op.hpp
-- Installing: C:/Users/Husky/source/repos/SynVHQ/vcpkg_installed/vcpkg/pkgs/boost-asio_x64-windows/include/boost/asio/detail/win_iocp_socket_recvmsg_op.hpp
-- Installing: C:/Users/Husky/source/repos/SynVHQ/vcpkg_installed/vcpkg/pkgs/boost-asio_x64-windows/include/boost/asio/detail/win_iocp_socket_recv_op.hpp
-- Installing: C:/Users/Husky/source/repos/SynVHQ/vcpkg_installed/vcpkg/pkgs/boost-asio_x64-windows/include/boost/asio/detail/win_iocp_socket_send_op.hpp
-- Installing: C:/Users/Husky/source/repos/SynVHQ/vcpkg_installed/vcpkg/pkgs/boost-asio_x64-windows/include/boost/asio/detail/win_iocp_socket_service.hpp
-- Installing: C:/Users/Husky/source/repos/SynVHQ/vcpkg_installed/vcpkg/pkgs/boost-asio_x64-windows/include/boost/asio/detail/win_iocp_socket_service_base.hpp
-- Installing: C:/Users/Husky/source/repos/SynVHQ/vcpkg_installed/vcpkg/pkgs/boost-asio_x64-windows/include/boost/asio/detail/win_iocp_thread_info.hpp
-- Installing: C:/Users/Husky/source/repos/SynVHQ/vcpkg_installed/vcpkg/pkgs/boost-asio_x64-windows/include/boost/asio/detail/win_iocp_wait_op.hpp
-- Installing: C:/Users/Husky/source/repos/SynVHQ/vcpkg_installed/vcpkg/pkgs/boost-asio_x64-windows/include/boost/asio/detail/win_mutex.hpp
-- Installing: C:/Users/Husky/source/repos/SynVHQ/vcpkg_installed/vcpkg/pkgs/boost-asio_x64-windows/include/boost/asio/detail/win_object_handle_service.hpp
-- Installing: C:/Users/Husky/source/repos/SynVHQ/vcpkg_installed/vcpkg/pkgs/boost-asio_x64-windows/include/boost/asio/detail/win_static_mutex.hpp
-- Installing: C:/Users/Husky/source/repos/SynVHQ/vcpkg_installed/vcpkg/pkgs/boost-asio_x64-windows/include/boost/asio/detail/win_thread.hpp
-- Installing: C:/Users/Husky/source/repos/SynVHQ/vcpkg_installed/vcpkg/pkgs/boost-asio_x64-windows/include/boost/asio/detail/win_tss_ptr.hpp
-- Installing: C:/Users/Husky/source/repos/SynVHQ/vcpkg_installed/vcpkg/pkgs/boost-asio_x64-windows/include/boost/asio/detail/work_dispatcher.hpp
-- Installing: C:/Users/Husky/source/repos/SynVHQ/vcpkg_installed/vcpkg/pkgs/boost-asio_x64-windows/include/boost/asio/detail/wrapped_handler.hpp
-- Installing: C:/Users/Husky/source/repos/SynVHQ/vcpkg_installed/vcpkg/pkgs/boost-asio_x64-windows/include/boost/asio/dispatch.hpp
-- Installing: C:/Users/Husky/source/repos/SynVHQ/vcpkg_installed/vcpkg/pkgs/boost-asio_x64-windows/include/boost/asio/error.hpp
-- Installing: C:/Users/Husky/source/repos/SynVHQ/vcpkg_installed/vcpkg/pkgs/boost-asio_x64-windows/include/boost/asio/execution
-- Installing: C:/Users/Husky/source/repos/SynVHQ/vcpkg_installed/vcpkg/pkgs/boost-asio_x64-windows/include/boost/asio/execution/allocator.hpp
-- Installing: C:/Users/Husky/source/repos/SynVHQ/vcpkg_installed/vcpkg/pkgs/boost-asio_x64-windows/include/boost/asio/execution/any_executor.hpp
-- Installing: C:/Users/Husky/source/repos/SynVHQ/vcpkg_installed/vcpkg/pkgs/boost-asio_x64-windows/include/boost/asio/execution/bad_executor.hpp
-- Installing: C:/Users/Husky/source/repos/SynVHQ/vcpkg_installed/vcpkg/pkgs/boost-asio_x64-windows/include/boost/asio/execution/blocking.hpp
-- Installing: C:/Users/Husky/source/repos/SynVHQ/vcpkg_installed/vcpkg/pkgs/boost-asio_x64-windows/include/boost/asio/execution/blocking_adaptation.hpp
-- Installing: C:/Users/Husky/source/repos/SynVHQ/vcpkg_installed/vcpkg/pkgs/boost-asio_x64-windows/include/boost/asio/execution/context.hpp
-- Installing: C:/Users/Husky/source/repos/SynVHQ/vcpkg_installed/vcpkg/pkgs/boost-asio_x64-windows/include/boost/asio/execution/context_as.hpp
-- Installing: C:/Users/Husky/source/repos/SynVHQ/vcpkg_installed/vcpkg/pkgs/boost-asio_x64-windows/include/boost/asio/execution/executor.hpp
-- Installing: C:/Users/Husky/source/repos/SynVHQ/vcpkg_installed/vcpkg/pkgs/boost-asio_x64-windows/include/boost/asio/execution/impl
-- Installing: C:/Users/Husky/source/repos/SynVHQ/vcpkg_installed/vcpkg/pkgs/boost-asio_x64-windows/include/boost/asio/execution/impl/bad_executor.ipp
-- Installing: C:/Users/Husky/source/repos/SynVHQ/vcpkg_installed/vcpkg/pkgs/boost-asio_x64-windows/include/boost/asio/execution/invocable_archetype.hpp
-- Installing: C:/Users/Husky/source/repos/SynVHQ/vcpkg_installed/vcpkg/pkgs/boost-asio_x64-windows/include/boost/asio/execution/mapping.hpp
-- Installing: C:/Users/Husky/source/repos/SynVHQ/vcpkg_installed/vcpkg/pkgs/boost-asio_x64-windows/include/boost/asio/execution/occupancy.hpp
-- Installing: C:/Users/Husky/source/repos/SynVHQ/vcpkg_installed/vcpkg/pkgs/boost-asio_x64-windows/include/boost/asio/execution/outstanding_work.hpp
-- Installing: C:/Users/Husky/source/repos/SynVHQ/vcpkg_installed/vcpkg/pkgs/boost-asio_x64-windows/include/boost/asio/execution/prefer_only.hpp
-- Installing: C:/Users/Husky/source/repos/SynVHQ/vcpkg_installed/vcpkg/pkgs/boost-asio_x64-windows/include/boost/asio/execution/relationship.hpp
-- Installing: C:/Users/Husky/source/repos/SynVHQ/vcpkg_installed/vcpkg/pkgs/boost-asio_x64-windows/include/boost/asio/execution.hpp
-- Installing: C:/Users/Husky/source/repos/SynVHQ/vcpkg_installed/vcpkg/pkgs/boost-asio_x64-windows/include/boost/asio/execution_context.hpp
-- Installing: C:/Users/Husky/source/repos/SynVHQ/vcpkg_installed/vcpkg/pkgs/boost-asio_x64-windows/include/boost/asio/executor.hpp
-- Installing: C:/Users/Husky/source/repos/SynVHQ/vcpkg_installed/vcpkg/pkgs/boost-asio_x64-windows/include/boost/asio/executor_work_guard.hpp
-- Installing: C:/Users/Husky/source/repos/SynVHQ/vcpkg_installed/vcpkg/pkgs/boost-asio_x64-windows/include/boost/asio/experimental
-- Installing: C:/Users/Husky/source/repos/SynVHQ/vcpkg_installed/vcpkg/pkgs/boost-asio_x64-windows/include/boost/asio/experimental/append.hpp
-- Installing: C:/Users/Husky/source/repos/SynVHQ/vcpkg_installed/vcpkg/pkgs/boost-asio_x64-windows/include/boost/asio/experimental/as_single.hpp
-- Installing: C:/Users/Husky/source/repos/SynVHQ/vcpkg_installed/vcpkg/pkgs/boost-asio_x64-windows/include/boost/asio/experimental/as_tuple.hpp
-- Installing: C:/Users/Husky/source/repos/SynVHQ/vcpkg_installed/vcpkg/pkgs/boost-asio_x64-windows/include/boost/asio/experimental/awaitable_operators.hpp
-- Installing: C:/Users/Husky/source/repos/SynVHQ/vcpkg_installed/vcpkg/pkgs/boost-asio_x64-windows/include/boost/asio/experimental/basic_channel.hpp
-- Installing: C:/Users/Husky/source/repos/SynVHQ/vcpkg_installed/vcpkg/pkgs/boost-asio_x64-windows/include/boost/asio/experimental/basic_concurrent_channel.hpp
-- Installing: C:/Users/Husky/source/repos/SynVHQ/vcpkg_installed/vcpkg/pkgs/boost-asio_x64-windows/include/boost/asio/experimental/cancellation_condition.hpp
-- Installing: C:/Users/Husky/source/repos/SynVHQ/vcpkg_installed/vcpkg/pkgs/boost-asio_x64-windows/include/boost/asio/experimental/channel.hpp
-- Installing: C:/Users/Husky/source/repos/SynVHQ/vcpkg_installed/vcpkg/pkgs/boost-asio_x64-windows/include/boost/asio/experimental/channel_error.hpp
-- Installing: C:/Users/Husky/source/repos/SynVHQ/vcpkg_installed/vcpkg/pkgs/boost-asio_x64-windows/include/boost/asio/experimental/channel_traits.hpp
-- Installing: C:/Users/Husky/source/repos/SynVHQ/vcpkg_installed/vcpkg/pkgs/boost-asio_x64-windows/include/boost/asio/experimental/concurrent_channel.hpp
-- Installing: C:/Users/Husky/source/repos/SynVHQ/vcpkg_installed/vcpkg/pkgs/boost-asio_x64-windows/include/boost/asio/experimental/coro.hpp
-- Installing: C:/Users/Husky/source/repos/SynVHQ/vcpkg_installed/vcpkg/pkgs/boost-asio_x64-windows/include/boost/asio/experimental/coro_traits.hpp
-- Installing: C:/Users/Husky/source/repos/SynVHQ/vcpkg_installed/vcpkg/pkgs/boost-asio_x64-windows/include/boost/asio/experimental/co_composed.hpp
-- Installing: C:/Users/Husky/source/repos/SynVHQ/vcpkg_installed/vcpkg/pkgs/boost-asio_x64-windows/include/boost/asio/experimental/co_spawn.hpp
-- Installing: C:/Users/Husky/source/repos/SynVHQ/vcpkg_installed/vcpkg/pkgs/boost-asio_x64-windows/include/boost/asio/experimental/deferred.hpp
-- Installing: C:/Users/Husky/source/repos/SynVHQ/vcpkg_installed/vcpkg/pkgs/boost-asio_x64-windows/include/boost/asio/experimental/detail
-- Installing: C:/Users/Husky/source/repos/SynVHQ/vcpkg_installed/vcpkg/pkgs/boost-asio_x64-windows/include/boost/asio/experimental/detail/channel_operation.hpp
-- Installing: C:/Users/Husky/source/repos/SynVHQ/vcpkg_installed/vcpkg/pkgs/boost-asio_x64-windows/include/boost/asio/experimental/detail/channel_receive_op.hpp
-- Installing: C:/Users/Husky/source/repos/SynVHQ/vcpkg_installed/vcpkg/pkgs/boost-asio_x64-windows/include/boost/asio/experimental/detail/channel_send_functions.hpp
-- Installing: C:/Users/Husky/source/repos/SynVHQ/vcpkg_installed/vcpkg/pkgs/boost-asio_x64-windows/include/boost/asio/experimental/detail/channel_send_op.hpp
-- Installing: C:/Users/Husky/source/repos/SynVHQ/vcpkg_installed/vcpkg/pkgs/boost-asio_x64-windows/include/boost/asio/experimental/detail/channel_service.hpp
-- Installing: C:/Users/Husky/source/repos/SynVHQ/vcpkg_installed/vcpkg/pkgs/boost-asio_x64-windows/include/boost/asio/experimental/detail/coro_completion_handler.hpp
-- Installing: C:/Users/Husky/source/repos/SynVHQ/vcpkg_installed/vcpkg/pkgs/boost-asio_x64-windows/include/boost/asio/experimental/detail/coro_promise_allocator.hpp
-- Installing: C:/Users/Husky/source/repos/SynVHQ/vcpkg_installed/vcpkg/pkgs/boost-asio_x64-windows/include/boost/asio/experimental/detail/has_signature.hpp
-- Installing: C:/Users/Husky/source/repos/SynVHQ/vcpkg_installed/vcpkg/pkgs/boost-asio_x64-windows/include/boost/asio/experimental/detail/impl
-- Installing: C:/Users/Husky/source/repos/SynVHQ/vcpkg_installed/vcpkg/pkgs/boost-asio_x64-windows/include/boost/asio/experimental/detail/impl/channel_service.hpp
-- Installing: C:/Users/Husky/source/repos/SynVHQ/vcpkg_installed/vcpkg/pkgs/boost-asio_x64-windows/include/boost/asio/experimental/detail/partial_promise.hpp
-- Installing: C:/Users/Husky/source/repos/SynVHQ/vcpkg_installed/vcpkg/pkgs/boost-asio_x64-windows/include/boost/asio/experimental/impl
-- Installing: C:/Users/Husky/source/repos/SynVHQ/vcpkg_installed/vcpkg/pkgs/boost-asio_x64-windows/include/boost/asio/experimental/impl/as_single.hpp
-- Installing: C:/Users/Husky/source/repos/SynVHQ/vcpkg_installed/vcpkg/pkgs/boost-asio_x64-windows/include/boost/asio/experimental/impl/channel_error.ipp
-- Installing: C:/Users/Husky/source/repos/SynVHQ/vcpkg_installed/vcpkg/pkgs/boost-asio_x64-windows/include/boost/asio/experimental/impl/coro.hpp
-- Installing: C:/Users/Husky/source/repos/SynVHQ/vcpkg_installed/vcpkg/pkgs/boost-asio_x64-windows/include/boost/asio/experimental/impl/parallel_group.hpp
-- Installing: C:/Users/Husky/source/repos/SynVHQ/vcpkg_installed/vcpkg/pkgs/boost-asio_x64-windows/include/boost/asio/experimental/impl/promise.hpp
-- Installing: C:/Users/Husky/source/repos/SynVHQ/vcpkg_installed/vcpkg/pkgs/boost-asio_x64-windows/include/boost/asio/experimental/impl/use_coro.hpp
-- Installing: C:/Users/Husky/source/repos/SynVHQ/vcpkg_installed/vcpkg/pkgs/boost-asio_x64-windows/include/boost/asio/experimental/impl/use_promise.hpp
-- Installing: C:/Users/Husky/source/repos/SynVHQ/vcpkg_installed/vcpkg/pkgs/boost-asio_x64-windows/include/boost/asio/experimental/parallel_group.hpp
-- Installing: C:/Users/Husky/source/repos/SynVHQ/vcpkg_installed/vcpkg/pkgs/boost-asio_x64-windows/include/boost/asio/experimental/prepend.hpp
-- Installing: C:/Users/Husky/source/repos/SynVHQ/vcpkg_installed/vcpkg/pkgs/boost-asio_x64-windows/include/boost/asio/experimental/promise.hpp
-- Installing: C:/Users/Husky/source/repos/SynVHQ/vcpkg_installed/vcpkg/pkgs/boost-asio_x64-windows/include/boost/asio/experimental/use_coro.hpp
-- Installing: C:/Users/Husky/source/repos/SynVHQ/vcpkg_installed/vcpkg/pkgs/boost-asio_x64-windows/include/boost/asio/experimental/use_promise.hpp
-- Installing: C:/Users/Husky/source/repos/SynVHQ/vcpkg_installed/vcpkg/pkgs/boost-asio_x64-windows/include/boost/asio/file_base.hpp
-- Installing: C:/Users/Husky/source/repos/SynVHQ/vcpkg_installed/vcpkg/pkgs/boost-asio_x64-windows/include/boost/asio/generic
-- Installing: C:/Users/Husky/source/repos/SynVHQ/vcpkg_installed/vcpkg/pkgs/boost-asio_x64-windows/include/boost/asio/generic/basic_endpoint.hpp
-- Installing: C:/Users/Husky/source/repos/SynVHQ/vcpkg_installed/vcpkg/pkgs/boost-asio_x64-windows/include/boost/asio/generic/datagram_protocol.hpp
-- Installing: C:/Users/Husky/source/repos/SynVHQ/vcpkg_installed/vcpkg/pkgs/boost-asio_x64-windows/include/boost/asio/generic/detail
-- Installing: C:/Users/Husky/source/repos/SynVHQ/vcpkg_installed/vcpkg/pkgs/boost-asio_x64-windows/include/boost/asio/generic/detail/endpoint.hpp
-- Installing: C:/Users/Husky/source/repos/SynVHQ/vcpkg_installed/vcpkg/pkgs/boost-asio_x64-windows/include/boost/asio/generic/detail/impl
-- Installing: C:/Users/Husky/source/repos/SynVHQ/vcpkg_installed/vcpkg/pkgs/boost-asio_x64-windows/include/boost/asio/generic/detail/impl/endpoint.ipp
-- Installing: C:/Users/Husky/source/repos/SynVHQ/vcpkg_installed/vcpkg/pkgs/boost-asio_x64-windows/include/boost/asio/generic/raw_protocol.hpp
-- Installing: C:/Users/Husky/source/repos/SynVHQ/vcpkg_installed/vcpkg/pkgs/boost-asio_x64-windows/include/boost/asio/generic/seq_packet_protocol.hpp
-- Installing: C:/Users/Husky/source/repos/SynVHQ/vcpkg_installed/vcpkg/pkgs/boost-asio_x64-windows/include/boost/asio/generic/stream_protocol.hpp
-- Installing: C:/Users/Husky/source/repos/SynVHQ/vcpkg_installed/vcpkg/pkgs/boost-asio_x64-windows/include/boost/asio/handler_continuation_hook.hpp
-- Installing: C:/Users/Husky/source/repos/SynVHQ/vcpkg_installed/vcpkg/pkgs/boost-asio_x64-windows/include/boost/asio/high_resolution_timer.hpp
-- Installing: C:/Users/Husky/source/repos/SynVHQ/vcpkg_installed/vcpkg/pkgs/boost-asio_x64-windows/include/boost/asio/immediate.hpp
-- Installing: C:/Users/Husky/source/repos/SynVHQ/vcpkg_installed/vcpkg/pkgs/boost-asio_x64-windows/include/boost/asio/impl
-- Installing: C:/Users/Husky/source/repos/SynVHQ/vcpkg_installed/vcpkg/pkgs/boost-asio_x64-windows/include/boost/asio/impl/any_completion_executor.ipp
-- Installing: C:/Users/Husky/source/repos/SynVHQ/vcpkg_installed/vcpkg/pkgs/boost-asio_x64-windows/include/boost/asio/impl/any_io_executor.ipp
-- Installing: C:/Users/Husky/source/repos/SynVHQ/vcpkg_installed/vcpkg/pkgs/boost-asio_x64-windows/include/boost/asio/impl/append.hpp
-- Installing: C:/Users/Husky/source/repos/SynVHQ/vcpkg_installed/vcpkg/pkgs/boost-asio_x64-windows/include/boost/asio/impl/as_tuple.hpp
-- Installing: C:/Users/Husky/source/repos/SynVHQ/vcpkg_installed/vcpkg/pkgs/boost-asio_x64-windows/include/boost/asio/impl/awaitable.hpp
-- Installing: C:/Users/Husky/source/repos/SynVHQ/vcpkg_installed/vcpkg/pkgs/boost-asio_x64-windows/include/boost/asio/impl/buffered_read_stream.hpp
-- Installing: C:/Users/Husky/source/repos/SynVHQ/vcpkg_installed/vcpkg/pkgs/boost-asio_x64-windows/include/boost/asio/impl/buffered_write_stream.hpp
-- Installing: C:/Users/Husky/source/repos/SynVHQ/vcpkg_installed/vcpkg/pkgs/boost-asio_x64-windows/include/boost/asio/impl/cancellation_signal.ipp
-- Installing: C:/Users/Husky/source/repos/SynVHQ/vcpkg_installed/vcpkg/pkgs/boost-asio_x64-windows/include/boost/asio/impl/cancel_after.hpp
-- Installing: C:/Users/Husky/source/repos/SynVHQ/vcpkg_installed/vcpkg/pkgs/boost-asio_x64-windows/include/boost/asio/impl/cancel_at.hpp
-- Installing: C:/Users/Husky/source/repos/SynVHQ/vcpkg_installed/vcpkg/pkgs/boost-asio_x64-windows/include/boost/asio/impl/connect.hpp
-- Installing: C:/Users/Husky/source/repos/SynVHQ/vcpkg_installed/vcpkg/pkgs/boost-asio_x64-windows/include/boost/asio/impl/connect_pipe.hpp
-- Installing: C:/Users/Husky/source/repos/SynVHQ/vcpkg_installed/vcpkg/pkgs/boost-asio_x64-windows/include/boost/asio/impl/connect_pipe.ipp
-- Installing: C:/Users/Husky/source/repos/SynVHQ/vcpkg_installed/vcpkg/pkgs/boost-asio_x64-windows/include/boost/asio/impl/consign.hpp
-- Installing: C:/Users/Husky/source/repos/SynVHQ/vcpkg_installed/vcpkg/pkgs/boost-asio_x64-windows/include/boost/asio/impl/co_spawn.hpp
-- Installing: C:/Users/Husky/source/repos/SynVHQ/vcpkg_installed/vcpkg/pkgs/boost-asio_x64-windows/include/boost/asio/impl/deferred.hpp
-- Installing: C:/Users/Husky/source/repos/SynVHQ/vcpkg_installed/vcpkg/pkgs/boost-asio_x64-windows/include/boost/asio/impl/detached.hpp
-- Installing: C:/Users/Husky/source/repos/SynVHQ/vcpkg_installed/vcpkg/pkgs/boost-asio_x64-windows/include/boost/asio/impl/error.ipp
-- Installing: C:/Users/Husky/source/repos/SynVHQ/vcpkg_installed/vcpkg/pkgs/boost-asio_x64-windows/include/boost/asio/impl/execution_context.hpp
-- Installing: C:/Users/Husky/source/repos/SynVHQ/vcpkg_installed/vcpkg/pkgs/boost-asio_x64-windows/include/boost/asio/impl/execution_context.ipp
-- Installing: C:/Users/Husky/source/repos/SynVHQ/vcpkg_installed/vcpkg/pkgs/boost-asio_x64-windows/include/boost/asio/impl/executor.hpp
-- Installing: C:/Users/Husky/source/repos/SynVHQ/vcpkg_installed/vcpkg/pkgs/boost-asio_x64-windows/include/boost/asio/impl/executor.ipp
-- Installing: C:/Users/Husky/source/repos/SynVHQ/vcpkg_installed/vcpkg/pkgs/boost-asio_x64-windows/include/boost/asio/impl/io_context.hpp
-- Installing: C:/Users/Husky/source/repos/SynVHQ/vcpkg_installed/vcpkg/pkgs/boost-asio_x64-windows/include/boost/asio/impl/io_context.ipp
-- Installing: C:/Users/Husky/source/repos/SynVHQ/vcpkg_installed/vcpkg/pkgs/boost-asio_x64-windows/include/boost/asio/impl/multiple_exceptions.ipp
-- Installing: C:/Users/Husky/source/repos/SynVHQ/vcpkg_installed/vcpkg/pkgs/boost-asio_x64-windows/include/boost/asio/impl/prepend.hpp
-- Installing: C:/Users/Husky/source/repos/SynVHQ/vcpkg_installed/vcpkg/pkgs/boost-asio_x64-windows/include/boost/asio/impl/read.hpp
-- Installing: C:/Users/Husky/source/repos/SynVHQ/vcpkg_installed/vcpkg/pkgs/boost-asio_x64-windows/include/boost/asio/impl/read_at.hpp
-- Installing: C:/Users/Husky/source/repos/SynVHQ/vcpkg_installed/vcpkg/pkgs/boost-asio_x64-windows/include/boost/asio/impl/read_until.hpp
-- Installing: C:/Users/Husky/source/repos/SynVHQ/vcpkg_installed/vcpkg/pkgs/boost-asio_x64-windows/include/boost/asio/impl/redirect_error.hpp
-- Installing: C:/Users/Husky/source/repos/SynVHQ/vcpkg_installed/vcpkg/pkgs/boost-asio_x64-windows/include/boost/asio/impl/serial_port_base.hpp
-- Installing: C:/Users/Husky/source/repos/SynVHQ/vcpkg_installed/vcpkg/pkgs/boost-asio_x64-windows/include/boost/asio/impl/serial_port_base.ipp
-- Installing: C:/Users/Husky/source/repos/SynVHQ/vcpkg_installed/vcpkg/pkgs/boost-asio_x64-windows/include/boost/asio/impl/spawn.hpp
-- Installing: C:/Users/Husky/source/repos/SynVHQ/vcpkg_installed/vcpkg/pkgs/boost-asio_x64-windows/include/boost/asio/impl/src.hpp
-- Installing: C:/Users/Husky/source/repos/SynVHQ/vcpkg_installed/vcpkg/pkgs/boost-asio_x64-windows/include/boost/asio/impl/system_context.hpp
-- Installing: C:/Users/Husky/source/repos/SynVHQ/vcpkg_installed/vcpkg/pkgs/boost-asio_x64-windows/include/boost/asio/impl/system_context.ipp
-- Installing: C:/Users/Husky/source/repos/SynVHQ/vcpkg_installed/vcpkg/pkgs/boost-asio_x64-windows/include/boost/asio/impl/system_executor.hpp
-- Installing: C:/Users/Husky/source/repos/SynVHQ/vcpkg_installed/vcpkg/pkgs/boost-asio_x64-windows/include/boost/asio/impl/thread_pool.hpp
-- Installing: C:/Users/Husky/source/repos/SynVHQ/vcpkg_installed/vcpkg/pkgs/boost-asio_x64-windows/include/boost/asio/impl/thread_pool.ipp
-- Installing: C:/Users/Husky/source/repos/SynVHQ/vcpkg_installed/vcpkg/pkgs/boost-asio_x64-windows/include/boost/asio/impl/use_awaitable.hpp
-- Installing: C:/Users/Husky/source/repos/SynVHQ/vcpkg_installed/vcpkg/pkgs/boost-asio_x64-windows/include/boost/asio/impl/use_future.hpp
-- Installing: C:/Users/Husky/source/repos/SynVHQ/vcpkg_installed/vcpkg/pkgs/boost-asio_x64-windows/include/boost/asio/impl/write.hpp
-- Installing: C:/Users/Husky/source/repos/SynVHQ/vcpkg_installed/vcpkg/pkgs/boost-asio_x64-windows/include/boost/asio/impl/write_at.hpp
-- Installing: C:/Users/Husky/source/repos/SynVHQ/vcpkg_installed/vcpkg/pkgs/boost-asio_x64-windows/include/boost/asio/io_context.hpp
-- Installing: C:/Users/Husky/source/repos/SynVHQ/vcpkg_installed/vcpkg/pkgs/boost-asio_x64-windows/include/boost/asio/io_context_strand.hpp
-- Installing: C:/Users/Husky/source/repos/SynVHQ/vcpkg_installed/vcpkg/pkgs/boost-asio_x64-windows/include/boost/asio/io_service.hpp
-- Installing: C:/Users/Husky/source/repos/SynVHQ/vcpkg_installed/vcpkg/pkgs/boost-asio_x64-windows/include/boost/asio/io_service_strand.hpp
-- Installing: C:/Users/Husky/source/repos/SynVHQ/vcpkg_installed/vcpkg/pkgs/boost-asio_x64-windows/include/boost/asio/ip
-- Installing: C:/Users/Husky/source/repos/SynVHQ/vcpkg_installed/vcpkg/pkgs/boost-asio_x64-windows/include/boost/asio/ip/address.hpp
-- Installing: C:/Users/Husky/source/repos/SynVHQ/vcpkg_installed/vcpkg/pkgs/boost-asio_x64-windows/include/boost/asio/ip/address_v4.hpp
-- Installing: C:/Users/Husky/source/repos/SynVHQ/vcpkg_installed/vcpkg/pkgs/boost-asio_x64-windows/include/boost/asio/ip/address_v4_iterator.hpp
-- Installing: C:/Users/Husky/source/repos/SynVHQ/vcpkg_installed/vcpkg/pkgs/boost-asio_x64-windows/include/boost/asio/ip/address_v4_range.hpp
-- Installing: C:/Users/Husky/source/repos/SynVHQ/vcpkg_installed/vcpkg/pkgs/boost-asio_x64-windows/include/boost/asio/ip/address_v6.hpp
-- Installing: C:/Users/Husky/source/repos/SynVHQ/vcpkg_installed/vcpkg/pkgs/boost-asio_x64-windows/include/boost/asio/ip/address_v6_iterator.hpp
-- Installing: C:/Users/Husky/source/repos/SynVHQ/vcpkg_installed/vcpkg/pkgs/boost-asio_x64-windows/include/boost/asio/ip/address_v6_range.hpp
-- Installing: C:/Users/Husky/source/repos/SynVHQ/vcpkg_installed/vcpkg/pkgs/boost-asio_x64-windows/include/boost/asio/ip/bad_address_cast.hpp
-- Installing: C:/Users/Husky/source/repos/SynVHQ/vcpkg_installed/vcpkg/pkgs/boost-asio_x64-windows/include/boost/asio/ip/basic_endpoint.hpp
-- Installing: C:/Users/Husky/source/repos/SynVHQ/vcpkg_installed/vcpkg/pkgs/boost-asio_x64-windows/include/boost/asio/ip/basic_resolver.hpp
-- Installing: C:/Users/Husky/source/repos/SynVHQ/vcpkg_installed/vcpkg/pkgs/boost-asio_x64-windows/include/boost/asio/ip/basic_resolver_entry.hpp
-- Installing: C:/Users/Husky/source/repos/SynVHQ/vcpkg_installed/vcpkg/pkgs/boost-asio_x64-windows/include/boost/asio/ip/basic_resolver_iterator.hpp
-- Installing: C:/Users/Husky/source/repos/SynVHQ/vcpkg_installed/vcpkg/pkgs/boost-asio_x64-windows/include/boost/asio/ip/basic_resolver_query.hpp
-- Installing: C:/Users/Husky/source/repos/SynVHQ/vcpkg_installed/vcpkg/pkgs/boost-asio_x64-windows/include/boost/asio/ip/basic_resolver_results.hpp
-- Installing: C:/Users/Husky/source/repos/SynVHQ/vcpkg_installed/vcpkg/pkgs/boost-asio_x64-windows/include/boost/asio/ip/detail
-- Installing: C:/Users/Husky/source/repos/SynVHQ/vcpkg_installed/vcpkg/pkgs/boost-asio_x64-windows/include/boost/asio/ip/detail/endpoint.hpp
-- Installing: C:/Users/Husky/source/repos/SynVHQ/vcpkg_installed/vcpkg/pkgs/boost-asio_x64-windows/include/boost/asio/ip/detail/impl
-- Installing: C:/Users/Husky/source/repos/SynVHQ/vcpkg_installed/vcpkg/pkgs/boost-asio_x64-windows/include/boost/asio/ip/detail/impl/endpoint.ipp
-- Installing: C:/Users/Husky/source/repos/SynVHQ/vcpkg_installed/vcpkg/pkgs/boost-asio_x64-windows/include/boost/asio/ip/detail/socket_option.hpp
-- Installing: C:/Users/Husky/source/repos/SynVHQ/vcpkg_installed/vcpkg/pkgs/boost-asio_x64-windows/include/boost/asio/ip/host_name.hpp
-- Installing: C:/Users/Husky/source/repos/SynVHQ/vcpkg_installed/vcpkg/pkgs/boost-asio_x64-windows/include/boost/asio/ip/icmp.hpp
-- Installing: C:/Users/Husky/source/repos/SynVHQ/vcpkg_installed/vcpkg/pkgs/boost-asio_x64-windows/include/boost/asio/ip/impl
-- Installing: C:/Users/Husky/source/repos/SynVHQ/vcpkg_installed/vcpkg/pkgs/boost-asio_x64-windows/include/boost/asio/ip/impl/address.hpp
-- Installing: C:/Users/Husky/source/repos/SynVHQ/vcpkg_installed/vcpkg/pkgs/boost-asio_x64-windows/include/boost/asio/ip/impl/address.ipp
-- Installing: C:/Users/Husky/source/repos/SynVHQ/vcpkg_installed/vcpkg/pkgs/boost-asio_x64-windows/include/boost/asio/ip/impl/address_v4.hpp
-- Installing: C:/Users/Husky/source/repos/SynVHQ/vcpkg_installed/vcpkg/pkgs/boost-asio_x64-windows/include/boost/asio/ip/impl/address_v4.ipp
-- Installing: C:/Users/Husky/source/repos/SynVHQ/vcpkg_installed/vcpkg/pkgs/boost-asio_x64-windows/include/boost/asio/ip/impl/address_v6.hpp
-- Installing: C:/Users/Husky/source/repos/SynVHQ/vcpkg_installed/vcpkg/pkgs/boost-asio_x64-windows/include/boost/asio/ip/impl/address_v6.ipp
-- Installing: C:/Users/Husky/source/repos/SynVHQ/vcpkg_installed/vcpkg/pkgs/boost-asio_x64-windows/include/boost/asio/ip/impl/basic_endpoint.hpp
-- Installing: C:/Users/Husky/source/repos/SynVHQ/vcpkg_installed/vcpkg/pkgs/boost-asio_x64-windows/include/boost/asio/ip/impl/host_name.ipp
-- Installing: C:/Users/Husky/source/repos/SynVHQ/vcpkg_installed/vcpkg/pkgs/boost-asio_x64-windows/include/boost/asio/ip/impl/network_v4.hpp
-- Installing: C:/Users/Husky/source/repos/SynVHQ/vcpkg_installed/vcpkg/pkgs/boost-asio_x64-windows/include/boost/asio/ip/impl/network_v4.ipp
-- Installing: C:/Users/Husky/source/repos/SynVHQ/vcpkg_installed/vcpkg/pkgs/boost-asio_x64-windows/include/boost/asio/ip/impl/network_v6.hpp
-- Installing: C:/Users/Husky/source/repos/SynVHQ/vcpkg_installed/vcpkg/pkgs/boost-asio_x64-windows/include/boost/asio/ip/impl/network_v6.ipp
-- Installing: C:/Users/Husky/source/repos/SynVHQ/vcpkg_installed/vcpkg/pkgs/boost-asio_x64-windows/include/boost/asio/ip/multicast.hpp
-- Installing: C:/Users/Husky/source/repos/SynVHQ/vcpkg_installed/vcpkg/pkgs/boost-asio_x64-windows/include/boost/asio/ip/network_v4.hpp
-- Installing: C:/Users/Husky/source/repos/SynVHQ/vcpkg_installed/vcpkg/pkgs/boost-asio_x64-windows/include/boost/asio/ip/network_v6.hpp
-- Installing: C:/Users/Husky/source/repos/SynVHQ/vcpkg_installed/vcpkg/pkgs/boost-asio_x64-windows/include/boost/asio/ip/resolver_base.hpp
-- Installing: C:/Users/Husky/source/repos/SynVHQ/vcpkg_installed/vcpkg/pkgs/boost-asio_x64-windows/include/boost/asio/ip/resolver_query_base.hpp
-- Installing: C:/Users/Husky/source/repos/SynVHQ/vcpkg_installed/vcpkg/pkgs/boost-asio_x64-windows/include/boost/asio/ip/tcp.hpp
-- Installing: C:/Users/Husky/source/repos/SynVHQ/vcpkg_installed/vcpkg/pkgs/boost-asio_x64-windows/include/boost/asio/ip/udp.hpp
-- Installing: C:/Users/Husky/source/repos/SynVHQ/vcpkg_installed/vcpkg/pkgs/boost-asio_x64-windows/include/boost/asio/ip/unicast.hpp
-- Installing: C:/Users/Husky/source/repos/SynVHQ/vcpkg_installed/vcpkg/pkgs/boost-asio_x64-windows/include/boost/asio/ip/v6_only.hpp
-- Installing: C:/Users/Husky/source/repos/SynVHQ/vcpkg_installed/vcpkg/pkgs/boost-asio_x64-windows/include/boost/asio/is_applicable_property.hpp
-- Installing: C:/Users/Husky/source/repos/SynVHQ/vcpkg_installed/vcpkg/pkgs/boost-asio_x64-windows/include/boost/asio/is_contiguous_iterator.hpp
-- Installing: C:/Users/Husky/source/repos/SynVHQ/vcpkg_installed/vcpkg/pkgs/boost-asio_x64-windows/include/boost/asio/is_executor.hpp
-- Installing: C:/Users/Husky/source/repos/SynVHQ/vcpkg_installed/vcpkg/pkgs/boost-asio_x64-windows/include/boost/asio/is_read_buffered.hpp
-- Installing: C:/Users/Husky/source/repos/SynVHQ/vcpkg_installed/vcpkg/pkgs/boost-asio_x64-windows/include/boost/asio/is_write_buffered.hpp
-- Installing: C:/Users/Husky/source/repos/SynVHQ/vcpkg_installed/vcpkg/pkgs/boost-asio_x64-windows/include/boost/asio/local
-- Installing: C:/Users/Husky/source/repos/SynVHQ/vcpkg_installed/vcpkg/pkgs/boost-asio_x64-windows/include/boost/asio/local/basic_endpoint.hpp
-- Installing: C:/Users/Husky/source/repos/SynVHQ/vcpkg_installed/vcpkg/pkgs/boost-asio_x64-windows/include/boost/asio/local/connect_pair.hpp
-- Installing: C:/Users/Husky/source/repos/SynVHQ/vcpkg_installed/vcpkg/pkgs/boost-asio_x64-windows/include/boost/asio/local/datagram_protocol.hpp
-- Installing: C:/Users/Husky/source/repos/SynVHQ/vcpkg_installed/vcpkg/pkgs/boost-asio_x64-windows/include/boost/asio/local/detail
-- Installing: C:/Users/Husky/source/repos/SynVHQ/vcpkg_installed/vcpkg/pkgs/boost-asio_x64-windows/include/boost/asio/local/detail/endpoint.hpp
-- Installing: C:/Users/Husky/source/repos/SynVHQ/vcpkg_installed/vcpkg/pkgs/boost-asio_x64-windows/include/boost/asio/local/detail/impl
-- Installing: C:/Users/Husky/source/repos/SynVHQ/vcpkg_installed/vcpkg/pkgs/boost-asio_x64-windows/include/boost/asio/local/detail/impl/endpoint.ipp
-- Installing: C:/Users/Husky/source/repos/SynVHQ/vcpkg_installed/vcpkg/pkgs/boost-asio_x64-windows/include/boost/asio/local/seq_packet_protocol.hpp
-- Installing: C:/Users/Husky/source/repos/SynVHQ/vcpkg_installed/vcpkg/pkgs/boost-asio_x64-windows/include/boost/asio/local/stream_protocol.hpp
-- Installing: C:/Users/Husky/source/repos/SynVHQ/vcpkg_installed/vcpkg/pkgs/boost-asio_x64-windows/include/boost/asio/multiple_exceptions.hpp
-- Installing: C:/Users/Husky/source/repos/SynVHQ/vcpkg_installed/vcpkg/pkgs/boost-asio_x64-windows/include/boost/asio/packaged_task.hpp
-- Installing: C:/Users/Husky/source/repos/SynVHQ/vcpkg_installed/vcpkg/pkgs/boost-asio_x64-windows/include/boost/asio/placeholders.hpp
-- Installing: C:/Users/Husky/source/repos/SynVHQ/vcpkg_installed/vcpkg/pkgs/boost-asio_x64-windows/include/boost/asio/posix
-- Installing: C:/Users/Husky/source/repos/SynVHQ/vcpkg_installed/vcpkg/pkgs/boost-asio_x64-windows/include/boost/asio/posix/basic_descriptor.hpp
-- Installing: C:/Users/Husky/source/repos/SynVHQ/vcpkg_installed/vcpkg/pkgs/boost-asio_x64-windows/include/boost/asio/posix/basic_stream_descriptor.hpp
-- Installing: C:/Users/Husky/source/repos/SynVHQ/vcpkg_installed/vcpkg/pkgs/boost-asio_x64-windows/include/boost/asio/posix/descriptor.hpp
-- Installing: C:/Users/Husky/source/repos/SynVHQ/vcpkg_installed/vcpkg/pkgs/boost-asio_x64-windows/include/boost/asio/posix/descriptor_base.hpp
-- Installing: C:/Users/Husky/source/repos/SynVHQ/vcpkg_installed/vcpkg/pkgs/boost-asio_x64-windows/include/boost/asio/posix/stream_descriptor.hpp
-- Installing: C:/Users/Husky/source/repos/SynVHQ/vcpkg_installed/vcpkg/pkgs/boost-asio_x64-windows/include/boost/asio/post.hpp
-- Installing: C:/Users/Husky/source/repos/SynVHQ/vcpkg_installed/vcpkg/pkgs/boost-asio_x64-windows/include/boost/asio/prefer.hpp
-- Installing: C:/Users/Husky/source/repos/SynVHQ/vcpkg_installed/vcpkg/pkgs/boost-asio_x64-windows/include/boost/asio/prepend.hpp
-- Installing: C:/Users/Husky/source/repos/SynVHQ/vcpkg_installed/vcpkg/pkgs/boost-asio_x64-windows/include/boost/asio/query.hpp
-- Installing: C:/Users/Husky/source/repos/SynVHQ/vcpkg_installed/vcpkg/pkgs/boost-asio_x64-windows/include/boost/asio/random_access_file.hpp
-- Installing: C:/Users/Husky/source/repos/SynVHQ/vcpkg_installed/vcpkg/pkgs/boost-asio_x64-windows/include/boost/asio/read.hpp
-- Installing: C:/Users/Husky/source/repos/SynVHQ/vcpkg_installed/vcpkg/pkgs/boost-asio_x64-windows/include/boost/asio/readable_pipe.hpp
-- Installing: C:/Users/Husky/source/repos/SynVHQ/vcpkg_installed/vcpkg/pkgs/boost-asio_x64-windows/include/boost/asio/read_at.hpp
-- Installing: C:/Users/Husky/source/repos/SynVHQ/vcpkg_installed/vcpkg/pkgs/boost-asio_x64-windows/include/boost/asio/read_until.hpp
-- Installing: C:/Users/Husky/source/repos/SynVHQ/vcpkg_installed/vcpkg/pkgs/boost-asio_x64-windows/include/boost/asio/recycling_allocator.hpp
-- Installing: C:/Users/Husky/source/repos/SynVHQ/vcpkg_installed/vcpkg/pkgs/boost-asio_x64-windows/include/boost/asio/redirect_error.hpp
-- Installing: C:/Users/Husky/source/repos/SynVHQ/vcpkg_installed/vcpkg/pkgs/boost-asio_x64-windows/include/boost/asio/registered_buffer.hpp
-- Installing: C:/Users/Husky/source/repos/SynVHQ/vcpkg_installed/vcpkg/pkgs/boost-asio_x64-windows/include/boost/asio/require.hpp
-- Installing: C:/Users/Husky/source/repos/SynVHQ/vcpkg_installed/vcpkg/pkgs/boost-asio_x64-windows/include/boost/asio/require_concept.hpp
-- Installing: C:/Users/Husky/source/repos/SynVHQ/vcpkg_installed/vcpkg/pkgs/boost-asio_x64-windows/include/boost/asio/serial_port.hpp
-- Installing: C:/Users/Husky/source/repos/SynVHQ/vcpkg_installed/vcpkg/pkgs/boost-asio_x64-windows/include/boost/asio/serial_port_base.hpp
-- Installing: C:/Users/Husky/source/repos/SynVHQ/vcpkg_installed/vcpkg/pkgs/boost-asio_x64-windows/include/boost/asio/signal_set.hpp
-- Installing: C:/Users/Husky/source/repos/SynVHQ/vcpkg_installed/vcpkg/pkgs/boost-asio_x64-windows/include/boost/asio/signal_set_base.hpp
-- Installing: C:/Users/Husky/source/repos/SynVHQ/vcpkg_installed/vcpkg/pkgs/boost-asio_x64-windows/include/boost/asio/socket_base.hpp
-- Installing: C:/Users/Husky/source/repos/SynVHQ/vcpkg_installed/vcpkg/pkgs/boost-asio_x64-windows/include/boost/asio/spawn.hpp
-- Installing: C:/Users/Husky/source/repos/SynVHQ/vcpkg_installed/vcpkg/pkgs/boost-asio_x64-windows/include/boost/asio/ssl
-- Installing: C:/Users/Husky/source/repos/SynVHQ/vcpkg_installed/vcpkg/pkgs/boost-asio_x64-windows/include/boost/asio/ssl/context.hpp
-- Installing: C:/Users/Husky/source/repos/SynVHQ/vcpkg_installed/vcpkg/pkgs/boost-asio_x64-windows/include/boost/asio/ssl/context_base.hpp
-- Installing: C:/Users/Husky/source/repos/SynVHQ/vcpkg_installed/vcpkg/pkgs/boost-asio_x64-windows/include/boost/asio/ssl/detail
-- Installing: C:/Users/Husky/source/repos/SynVHQ/vcpkg_installed/vcpkg/pkgs/boost-asio_x64-windows/include/boost/asio/ssl/detail/buffered_handshake_op.hpp
-- Installing: C:/Users/Husky/source/repos/SynVHQ/vcpkg_installed/vcpkg/pkgs/boost-asio_x64-windows/include/boost/asio/ssl/detail/engine.hpp
-- Installing: C:/Users/Husky/source/repos/SynVHQ/vcpkg_installed/vcpkg/pkgs/boost-asio_x64-windows/include/boost/asio/ssl/detail/handshake_op.hpp
-- Installing: C:/Users/Husky/source/repos/SynVHQ/vcpkg_installed/vcpkg/pkgs/boost-asio_x64-windows/include/boost/asio/ssl/detail/impl
-- Installing: C:/Users/Husky/source/repos/SynVHQ/vcpkg_installed/vcpkg/pkgs/boost-asio_x64-windows/include/boost/asio/ssl/detail/impl/engine.ipp
-- Installing: C:/Users/Husky/source/repos/SynVHQ/vcpkg_installed/vcpkg/pkgs/boost-asio_x64-windows/include/boost/asio/ssl/detail/impl/openssl_init.ipp
-- Installing: C:/Users/Husky/source/repos/SynVHQ/vcpkg_installed/vcpkg/pkgs/boost-asio_x64-windows/include/boost/asio/ssl/detail/io.hpp
-- Installing: C:/Users/Husky/source/repos/SynVHQ/vcpkg_installed/vcpkg/pkgs/boost-asio_x64-windows/include/boost/asio/ssl/detail/openssl_init.hpp
-- Installing: C:/Users/Husky/source/repos/SynVHQ/vcpkg_installed/vcpkg/pkgs/boost-asio_x64-windows/include/boost/asio/ssl/detail/openssl_types.hpp
-- Installing: C:/Users/Husky/source/repos/SynVHQ/vcpkg_installed/vcpkg/pkgs/boost-asio_x64-windows/include/boost/asio/ssl/detail/password_callback.hpp
-- Installing: C:/Users/Husky/source/repos/SynVHQ/vcpkg_installed/vcpkg/pkgs/boost-asio_x64-windows/include/boost/asio/ssl/detail/read_op.hpp
-- Installing: C:/Users/Husky/source/repos/SynVHQ/vcpkg_installed/vcpkg/pkgs/boost-asio_x64-windows/include/boost/asio/ssl/detail/shutdown_op.hpp
-- Installing: C:/Users/Husky/source/repos/SynVHQ/vcpkg_installed/vcpkg/pkgs/boost-asio_x64-windows/include/boost/asio/ssl/detail/stream_core.hpp
-- Installing: C:/Users/Husky/source/repos/SynVHQ/vcpkg_installed/vcpkg/pkgs/boost-asio_x64-windows/include/boost/asio/ssl/detail/verify_callback.hpp
-- Installing: C:/Users/Husky/source/repos/SynVHQ/vcpkg_installed/vcpkg/pkgs/boost-asio_x64-windows/include/boost/asio/ssl/detail/write_op.hpp
-- Installing: C:/Users/Husky/source/repos/SynVHQ/vcpkg_installed/vcpkg/pkgs/boost-asio_x64-windows/include/boost/asio/ssl/error.hpp
-- Installing: C:/Users/Husky/source/repos/SynVHQ/vcpkg_installed/vcpkg/pkgs/boost-asio_x64-windows/include/boost/asio/ssl/host_name_verification.hpp
-- Installing: C:/Users/Husky/source/repos/SynVHQ/vcpkg_installed/vcpkg/pkgs/boost-asio_x64-windows/include/boost/asio/ssl/impl
-- Installing: C:/Users/Husky/source/repos/SynVHQ/vcpkg_installed/vcpkg/pkgs/boost-asio_x64-windows/include/boost/asio/ssl/impl/context.hpp
-- Installing: C:/Users/Husky/source/repos/SynVHQ/vcpkg_installed/vcpkg/pkgs/boost-asio_x64-windows/include/boost/asio/ssl/impl/context.ipp
-- Installing: C:/Users/Husky/source/repos/SynVHQ/vcpkg_installed/vcpkg/pkgs/boost-asio_x64-windows/include/boost/asio/ssl/impl/error.ipp
-- Installing: C:/Users/Husky/source/repos/SynVHQ/vcpkg_installed/vcpkg/pkgs/boost-asio_x64-windows/include/boost/asio/ssl/impl/host_name_verification.ipp
-- Installing: C:/Users/Husky/source/repos/SynVHQ/vcpkg_installed/vcpkg/pkgs/boost-asio_x64-windows/include/boost/asio/ssl/impl/rfc2818_verification.ipp
-- Installing: C:/Users/Husky/source/repos/SynVHQ/vcpkg_installed/vcpkg/pkgs/boost-asio_x64-windows/include/boost/asio/ssl/impl/src.hpp
-- Installing: C:/Users/Husky/source/repos/SynVHQ/vcpkg_installed/vcpkg/pkgs/boost-asio_x64-windows/include/boost/asio/ssl/rfc2818_verification.hpp
-- Installing: C:/Users/Husky/source/repos/SynVHQ/vcpkg_installed/vcpkg/pkgs/boost-asio_x64-windows/include/boost/asio/ssl/stream.hpp
-- Installing: C:/Users/Husky/source/repos/SynVHQ/vcpkg_installed/vcpkg/pkgs/boost-asio_x64-windows/include/boost/asio/ssl/stream_base.hpp
-- Installing: C:/Users/Husky/source/repos/SynVHQ/vcpkg_installed/vcpkg/pkgs/boost-asio_x64-windows/include/boost/asio/ssl/verify_context.hpp
-- Installing: C:/Users/Husky/source/repos/SynVHQ/vcpkg_installed/vcpkg/pkgs/boost-asio_x64-windows/include/boost/asio/ssl/verify_mode.hpp
-- Installing: C:/Users/Husky/source/repos/SynVHQ/vcpkg_installed/vcpkg/pkgs/boost-asio_x64-windows/include/boost/asio/ssl.hpp
-- Installing: C:/Users/Husky/source/repos/SynVHQ/vcpkg_installed/vcpkg/pkgs/boost-asio_x64-windows/include/boost/asio/static_thread_pool.hpp
-- Installing: C:/Users/Husky/source/repos/SynVHQ/vcpkg_installed/vcpkg/pkgs/boost-asio_x64-windows/include/boost/asio/steady_timer.hpp
-- Installing: C:/Users/Husky/source/repos/SynVHQ/vcpkg_installed/vcpkg/pkgs/boost-asio_x64-windows/include/boost/asio/strand.hpp
-- Installing: C:/Users/Husky/source/repos/SynVHQ/vcpkg_installed/vcpkg/pkgs/boost-asio_x64-windows/include/boost/asio/streambuf.hpp
-- Installing: C:/Users/Husky/source/repos/SynVHQ/vcpkg_installed/vcpkg/pkgs/boost-asio_x64-windows/include/boost/asio/stream_file.hpp
-- Installing: C:/Users/Husky/source/repos/SynVHQ/vcpkg_installed/vcpkg/pkgs/boost-asio_x64-windows/include/boost/asio/system_context.hpp
-- Installing: C:/Users/Husky/source/repos/SynVHQ/vcpkg_installed/vcpkg/pkgs/boost-asio_x64-windows/include/boost/asio/system_executor.hpp
-- Installing: C:/Users/Husky/source/repos/SynVHQ/vcpkg_installed/vcpkg/pkgs/boost-asio_x64-windows/include/boost/asio/system_timer.hpp
-- Installing: C:/Users/Husky/source/repos/SynVHQ/vcpkg_installed/vcpkg/pkgs/boost-asio_x64-windows/include/boost/asio/this_coro.hpp
-- Installing: C:/Users/Husky/source/repos/SynVHQ/vcpkg_installed/vcpkg/pkgs/boost-asio_x64-windows/include/boost/asio/thread_pool.hpp
-- Installing: C:/Users/Husky/source/repos/SynVHQ/vcpkg_installed/vcpkg/pkgs/boost-asio_x64-windows/include/boost/asio/time_traits.hpp
-- Installing: C:/Users/Husky/source/repos/SynVHQ/vcpkg_installed/vcpkg/pkgs/boost-asio_x64-windows/include/boost/asio/traits
-- Installing: C:/Users/Husky/source/repos/SynVHQ/vcpkg_installed/vcpkg/pkgs/boost-asio_x64-windows/include/boost/asio/traits/equality_comparable.hpp
-- Installing: C:/Users/Husky/source/repos/SynVHQ/vcpkg_installed/vcpkg/pkgs/boost-asio_x64-windows/include/boost/asio/traits/execute_member.hpp
-- Installing: C:/Users/Husky/source/repos/SynVHQ/vcpkg_installed/vcpkg/pkgs/boost-asio_x64-windows/include/boost/asio/traits/prefer_free.hpp
-- Installing: C:/Users/Husky/source/repos/SynVHQ/vcpkg_installed/vcpkg/pkgs/boost-asio_x64-windows/include/boost/asio/traits/prefer_member.hpp
-- Installing: C:/Users/Husky/source/repos/SynVHQ/vcpkg_installed/vcpkg/pkgs/boost-asio_x64-windows/include/boost/asio/traits/query_free.hpp
-- Installing: C:/Users/Husky/source/repos/SynVHQ/vcpkg_installed/vcpkg/pkgs/boost-asio_x64-windows/include/boost/asio/traits/query_member.hpp
-- Installing: C:/Users/Husky/source/repos/SynVHQ/vcpkg_installed/vcpkg/pkgs/boost-asio_x64-windows/include/boost/asio/traits/query_static_constexpr_member.hpp
-- Installing: C:/Users/Husky/source/repos/SynVHQ/vcpkg_installed/vcpkg/pkgs/boost-asio_x64-windows/include/boost/asio/traits/require_concept_free.hpp
-- Installing: C:/Users/Husky/source/repos/SynVHQ/vcpkg_installed/vcpkg/pkgs/boost-asio_x64-windows/include/boost/asio/traits/require_concept_member.hpp
-- Installing: C:/Users/Husky/source/repos/SynVHQ/vcpkg_installed/vcpkg/pkgs/boost-asio_x64-windows/include/boost/asio/traits/require_free.hpp
-- Installing: C:/Users/Husky/source/repos/SynVHQ/vcpkg_installed/vcpkg/pkgs/boost-asio_x64-windows/include/boost/asio/traits/require_member.hpp
-- Installing: C:/Users/Husky/source/repos/SynVHQ/vcpkg_installed/vcpkg/pkgs/boost-asio_x64-windows/include/boost/asio/traits/static_query.hpp
-- Installing: C:/Users/Husky/source/repos/SynVHQ/vcpkg_installed/vcpkg/pkgs/boost-asio_x64-windows/include/boost/asio/traits/static_require.hpp
-- Installing: C:/Users/Husky/source/repos/SynVHQ/vcpkg_installed/vcpkg/pkgs/boost-asio_x64-windows/include/boost/asio/traits/static_require_concept.hpp
-- Installing: C:/Users/Husky/source/repos/SynVHQ/vcpkg_installed/vcpkg/pkgs/boost-asio_x64-windows/include/boost/asio/ts
-- Installing: C:/Users/Husky/source/repos/SynVHQ/vcpkg_installed/vcpkg/pkgs/boost-asio_x64-windows/include/boost/asio/ts/buffer.hpp
-- Installing: C:/Users/Husky/source/repos/SynVHQ/vcpkg_installed/vcpkg/pkgs/boost-asio_x64-windows/include/boost/asio/ts/executor.hpp
-- Installing: C:/Users/Husky/source/repos/SynVHQ/vcpkg_installed/vcpkg/pkgs/boost-asio_x64-windows/include/boost/asio/ts/internet.hpp
-- Installing: C:/Users/Husky/source/repos/SynVHQ/vcpkg_installed/vcpkg/pkgs/boost-asio_x64-windows/include/boost/asio/ts/io_context.hpp
-- Installing: C:/Users/Husky/source/repos/SynVHQ/vcpkg_installed/vcpkg/pkgs/boost-asio_x64-windows/include/boost/asio/ts/net.hpp
-- Installing: C:/Users/Husky/source/repos/SynVHQ/vcpkg_installed/vcpkg/pkgs/boost-asio_x64-windows/include/boost/asio/ts/netfwd.hpp
-- Installing: C:/Users/Husky/source/repos/SynVHQ/vcpkg_installed/vcpkg/pkgs/boost-asio_x64-windows/include/boost/asio/ts/socket.hpp
-- Installing: C:/Users/Husky/source/repos/SynVHQ/vcpkg_installed/vcpkg/pkgs/boost-asio_x64-windows/include/boost/asio/ts/timer.hpp
-- Installing: C:/Users/Husky/source/repos/SynVHQ/vcpkg_installed/vcpkg/pkgs/boost-asio_x64-windows/include/boost/asio/unyield.hpp
-- Installing: C:/Users/Husky/source/repos/SynVHQ/vcpkg_installed/vcpkg/pkgs/boost-asio_x64-windows/include/boost/asio/uses_executor.hpp
-- Installing: C:/Users/Husky/source/repos/SynVHQ/vcpkg_installed/vcpkg/pkgs/boost-asio_x64-windows/include/boost/asio/use_awaitable.hpp
-- Installing: C:/Users/Husky/source/repos/SynVHQ/vcpkg_installed/vcpkg/pkgs/boost-asio_x64-windows/include/boost/asio/use_future.hpp
-- Installing: C:/Users/Husky/source/repos/SynVHQ/vcpkg_installed/vcpkg/pkgs/boost-asio_x64-windows/include/boost/asio/version.hpp
-- Installing: C:/Users/Husky/source/repos/SynVHQ/vcpkg_installed/vcpkg/pkgs/boost-asio_x64-windows/include/boost/asio/wait_traits.hpp
-- Installing: C:/Users/Husky/source/repos/SynVHQ/vcpkg_installed/vcpkg/pkgs/boost-asio_x64-windows/include/boost/asio/windows
-- Installing: C:/Users/Husky/source/repos/SynVHQ/vcpkg_installed/vcpkg/pkgs/boost-asio_x64-windows/include/boost/asio/windows/basic_object_handle.hpp
-- Installing: C:/Users/Husky/source/repos/SynVHQ/vcpkg_installed/vcpkg/pkgs/boost-asio_x64-windows/include/boost/asio/windows/basic_overlapped_handle.hpp
-- Installing: C:/Users/Husky/source/repos/SynVHQ/vcpkg_installed/vcpkg/pkgs/boost-asio_x64-windows/include/boost/asio/windows/basic_random_access_handle.hpp
-- Installing: C:/Users/Husky/source/repos/SynVHQ/vcpkg_installed/vcpkg/pkgs/boost-asio_x64-windows/include/boost/asio/windows/basic_stream_handle.hpp
-- Installing: C:/Users/Husky/source/repos/SynVHQ/vcpkg_installed/vcpkg/pkgs/boost-asio_x64-windows/include/boost/asio/windows/object_handle.hpp
-- Installing: C:/Users/Husky/source/repos/SynVHQ/vcpkg_installed/vcpkg/pkgs/boost-asio_x64-windows/include/boost/asio/windows/overlapped_handle.hpp
-- Installing: C:/Users/Husky/source/repos/SynVHQ/vcpkg_installed/vcpkg/pkgs/boost-asio_x64-windows/include/boost/asio/windows/overlapped_ptr.hpp
-- Installing: C:/Users/Husky/source/repos/SynVHQ/vcpkg_installed/vcpkg/pkgs/boost-asio_x64-windows/include/boost/asio/windows/random_access_handle.hpp
-- Installing: C:/Users/Husky/source/repos/SynVHQ/vcpkg_installed/vcpkg/pkgs/boost-asio_x64-windows/include/boost/asio/windows/stream_handle.hpp
-- Installing: C:/Users/Husky/source/repos/SynVHQ/vcpkg_installed/vcpkg/pkgs/boost-asio_x64-windows/include/boost/asio/writable_pipe.hpp
-- Installing: C:/Users/Husky/source/repos/SynVHQ/vcpkg_installed/vcpkg/pkgs/boost-asio_x64-windows/include/boost/asio/write.hpp
-- Installing: C:/Users/Husky/source/repos/SynVHQ/vcpkg_installed/vcpkg/pkgs/boost-asio_x64-windows/include/boost/asio/write_at.hpp
-- Installing: C:/Users/Husky/source/repos/SynVHQ/vcpkg_installed/vcpkg/pkgs/boost-asio_x64-windows/include/boost/asio/yield.hpp
-- Installing: C:/Users/Husky/source/repos/SynVHQ/vcpkg_installed/vcpkg/pkgs/boost-asio_x64-windows/include/boost/asio.hpp
-- Installing: C:/Users/Husky/source/repos/SynVHQ/vcpkg_installed/vcpkg/pkgs/boost-asio_x64-windows/lib/cmake/boost_asio-1.86.0/boost_asio-targets.cmake
-- Installing: C:/Users/Husky/source/repos/SynVHQ/vcpkg_installed/vcpkg/pkgs/boost-asio_x64-windows/lib/cmake/boost_asio-1.86.0/boost_asio-config.cmake
-- Installing: C:/Users/Husky/source/repos/SynVHQ/vcpkg_installed/vcpkg/pkgs/boost-asio_x64-windows/lib/cmake/boost_asio-1.86.0/boost_asio-config-version.cmake

