Change Dir: 'C:/Users/Husky/source/repos/SynVHQ/vcpkg_installed/vcpkg/blds/boost-concept-check/x64-windows-rel'

Run Build Command(s): "C:/Program Files/Microsoft Visual Studio/2022/Community/Common7/IDE/CommonExtensions/Microsoft/CMake/Ninja/ninja.exe" -v -v -j17 install
[0/1] C:\WINDOWS\system32\cmd.exe /C "cd /D C:\Users\Husky\source\repos\SynVHQ\vcpkg_installed\vcpkg\blds\boost-concept-check\x64-windows-rel && "C:\Program Files\Microsoft Visual Studio\2022\Community\Common7\IDE\CommonExtensions\Microsoft\CMake\CMake\bin\cmake.exe" -P cmake_install.cmake"
-- Install configuration: "Release"
-- Installing: C:/Users/Husky/source/repos/SynVHQ/vcpkg_installed/vcpkg/pkgs/boost-concept-check_x64-windows/include
-- Installing: C:/Users/Husky/source/repos/SynVHQ/vcpkg_installed/vcpkg/pkgs/boost-concept-check_x64-windows/include/boost
-- Installing: C:/Users/Husky/source/repos/SynVHQ/vcpkg_installed/vcpkg/pkgs/boost-concept-check_x64-windows/include/boost/concept
-- Installing: C:/Users/Husky/source/repos/SynVHQ/vcpkg_installed/vcpkg/pkgs/boost-concept-check_x64-windows/include/boost/concept/assert.hpp
-- Installing: C:/Users/Husky/source/repos/SynVHQ/vcpkg_installed/vcpkg/pkgs/boost-concept-check_x64-windows/include/boost/concept/detail
-- Installing: C:/Users/Husky/source/repos/SynVHQ/vcpkg_installed/vcpkg/pkgs/boost-concept-check_x64-windows/include/boost/concept/detail/backward_compatibility.hpp
-- Installing: C:/Users/Husky/source/repos/SynVHQ/vcpkg_installed/vcpkg/pkgs/boost-concept-check_x64-windows/include/boost/concept/detail/borland.hpp
-- Installing: C:/Users/Husky/source/repos/SynVHQ/vcpkg_installed/vcpkg/pkgs/boost-concept-check_x64-windows/include/boost/concept/detail/concept_def.hpp
-- Installing: C:/Users/Husky/source/repos/SynVHQ/vcpkg_installed/vcpkg/pkgs/boost-concept-check_x64-windows/include/boost/concept/detail/concept_undef.hpp
-- Installing: C:/Users/Husky/source/repos/SynVHQ/vcpkg_installed/vcpkg/pkgs/boost-concept-check_x64-windows/include/boost/concept/detail/general.hpp
-- Installing: C:/Users/Husky/source/repos/SynVHQ/vcpkg_installed/vcpkg/pkgs/boost-concept-check_x64-windows/include/boost/concept/detail/has_constraints.hpp
-- Installing: C:/Users/Husky/source/repos/SynVHQ/vcpkg_installed/vcpkg/pkgs/boost-concept-check_x64-windows/include/boost/concept/detail/msvc.hpp
-- Installing: C:/Users/Husky/source/repos/SynVHQ/vcpkg_installed/vcpkg/pkgs/boost-concept-check_x64-windows/include/boost/concept/requires.hpp
-- Installing: C:/Users/Husky/source/repos/SynVHQ/vcpkg_installed/vcpkg/pkgs/boost-concept-check_x64-windows/include/boost/concept/usage.hpp
-- Installing: C:/Users/Husky/source/repos/SynVHQ/vcpkg_installed/vcpkg/pkgs/boost-concept-check_x64-windows/include/boost/concept_archetype.hpp
-- Installing: C:/Users/Husky/source/repos/SynVHQ/vcpkg_installed/vcpkg/pkgs/boost-concept-check_x64-windows/include/boost/concept_check
-- Installing: C:/Users/Husky/source/repos/SynVHQ/vcpkg_installed/vcpkg/pkgs/boost-concept-check_x64-windows/include/boost/concept_check/borland.hpp
-- Installing: C:/Users/Husky/source/repos/SynVHQ/vcpkg_installed/vcpkg/pkgs/boost-concept-check_x64-windows/include/boost/concept_check/general.hpp
-- Installing: C:/Users/Husky/source/repos/SynVHQ/vcpkg_installed/vcpkg/pkgs/boost-concept-check_x64-windows/include/boost/concept_check/has_constraints.hpp
-- Installing: C:/Users/Husky/source/repos/SynVHQ/vcpkg_installed/vcpkg/pkgs/boost-concept-check_x64-windows/include/boost/concept_check/msvc.hpp
-- Installing: C:/Users/Husky/source/repos/SynVHQ/vcpkg_installed/vcpkg/pkgs/boost-concept-check_x64-windows/include/boost/concept_check.hpp
-- Installing: C:/Users/Husky/source/repos/SynVHQ/vcpkg_installed/vcpkg/pkgs/boost-concept-check_x64-windows/lib/cmake/boost_concept_check-1.86.0/boost_concept_check-targets.cmake
-- Installing: C:/Users/Husky/source/repos/SynVHQ/vcpkg_installed/vcpkg/pkgs/boost-concept-check_x64-windows/lib/cmake/boost_concept_check-1.86.0/boost_concept_check-config.cmake
-- Installing: C:/Users/Husky/source/repos/SynVHQ/vcpkg_installed/vcpkg/pkgs/boost-concept-check_x64-windows/lib/cmake/boost_concept_check-1.86.0/boost_concept_check-config-version.cmake

