  ClientPerf.cpp
C:\Users\Husky\source\repos\SynVHQ\includes.h(300,9): warning C4267: 'argument': conversion from 'size_t' to 'int', possible loss of data
  (compiling source file 'ClientPerf.cpp')
  
C:\Users\Husky\source\repos\SynVHQ\includes.h(298,56): warning C4267: 'argument': conversion from 'size_t' to 'int', possible loss of data
  (compiling source file 'ClientPerf.cpp')
  
C:\Users\Husky\source\repos\SynVHQ\includes.h(385,41): warning C4267: 'argument': conversion from 'size_t' to 'int', possible loss of data
  (compiling source file 'ClientPerf.cpp')
  
C:\Users\Husky\source\repos\SynVHQ\includes.h(473,47): warning C4267: 'argument': conversion from 'size_t' to 'int', possible loss of data
  (compiling source file 'ClientPerf.cpp')
  
C:\Users\Husky\source\repos\SynVHQ\includes.h(506,28): warning C4267: 'argument': conversion from 'size_t' to 'int', possible loss of data
  (compiling source file 'ClientPerf.cpp')
  
C:\Users\Husky\source\repos\SynVHQ\includes.h(579,40): warning C4267: 'argument': conversion from 'size_t' to 'int', possible loss of data
  (compiling source file 'ClientPerf.cpp')
  
C:\Users\Husky\source\repos\SynVHQ\PathOram.h(29,35): warning C4267: 'return': conversion from 'size_t' to 'int', possible loss of data
  (compiling source file 'ClientPerf.cpp')
  
C:\Users\Husky\source\repos\SynVHQ\PathOram.h(33,27): warning C4267: 'return': conversion from 'size_t' to 'int', possible loss of data
  (compiling source file 'ClientPerf.cpp')
  
C:\Users\Husky\source\repos\SynVHQ\PathOram.h(156,36): warning C4267: 'argument': conversion from 'size_t' to 'unsigned int', possible loss of data
  (compiling source file 'ClientPerf.cpp')
  
C:\Users\Husky\source\repos\SynVHQ\PathOram.h(157,24): warning C4244: '=': conversion from 'double' to 'size_t', possible loss of data
  (compiling source file 'ClientPerf.cpp')
  
C:\Users\Husky\source\repos\SynVHQ\PathOram.h(192,56): warning C4267: '=': conversion from 'size_t' to 'int', possible loss of data
  (compiling source file 'ClientPerf.cpp')
  
C:\Users\Husky\source\repos\SynVHQ\PathOram.h(215,20): warning C4267: 'argument': conversion from 'size_t' to 'int', possible loss of data
  (compiling source file 'ClientPerf.cpp')
  
C:\Users\Husky\source\repos\SynVHQ\PathOram.h(224,43): warning C4267: 'argument': conversion from 'size_t' to 'int', possible loss of data
  (compiling source file 'ClientPerf.cpp')
  
C:\Users\Husky\source\repos\SynVHQ\PathOram.h(248,32): warning C4267: 'argument': conversion from 'size_t' to 'int', possible loss of data
  (compiling source file 'ClientPerf.cpp')
  
C:\Users\Husky\source\repos\SynVHQ\LDX.h(167,56): warning C4267: 'argument': conversion from 'size_t' to 'int', possible loss of data
  (compiling source file 'ClientPerf.cpp')
  
C:\Users\Husky\source\repos\SynVHQ\LDX.h(167,53): warning C4267: 'argument': conversion from 'size_t' to 'int', possible loss of data
  (compiling source file 'ClientPerf.cpp')
  
C:\Users\Husky\source\repos\SynVHQ\LDX.h(173,45): warning C4267: 'argument': conversion from 'size_t' to 'int', possible loss of data
  (compiling source file 'ClientPerf.cpp')
  
C:\Users\Husky\source\repos\SynVHQ\LDX.h(173,42): warning C4267: 'argument': conversion from 'size_t' to 'int', possible loss of data
  (compiling source file 'ClientPerf.cpp')
  
C:\Users\Husky\source\repos\SynVHQ\Lat.h(71,29): warning C4267: 'initializing': conversion from 'size_t' to 'int', possible loss of data
  (compiling source file 'ClientPerf.cpp')
  
C:\Users\Husky\source\repos\SynVHQ\Lat.h(109,16): warning C4101: 'waitTime': unreferenced local variable
  (compiling source file 'ClientPerf.cpp')
  
C:\Users\Husky\source\repos\client\ClientPerf.cpp(16,20): warning C4267: 'initializing': conversion from 'size_t' to 'int', possible loss of data
C:\Users\Husky\source\repos\client\ClientPerf.cpp(120,12): warning C4267: 'return': conversion from 'size_t' to 'int', possible loss of data
C:\Users\Husky\source\repos\client\ClientPerf.cpp(131,55): warning C4267: 'argument': conversion from 'size_t' to '_Ty', possible loss of data
C:\Users\Husky\source\repos\client\ClientPerf.cpp(131,55): warning C4267:         with
C:\Users\Husky\source\repos\client\ClientPerf.cpp(131,55): warning C4267:         [
C:\Users\Husky\source\repos\client\ClientPerf.cpp(131,55): warning C4267:             _Ty=int
C:\Users\Husky\source\repos\client\ClientPerf.cpp(131,55): warning C4267:         ]
C:\Users\Husky\source\repos\client\ClientPerf.cpp(149,16): warning C4244: 'initializing': conversion from 'double' to 'int', possible loss of data
C:\Users\Husky\source\repos\client\ClientPerf.cpp(150,14): warning C4244: 'initializing': conversion from 'double' to 'int', possible loss of data
C:\Users\Husky\source\repos\client\ClientPerf.cpp(244,141): warning C4244: 'argument': conversion from 'double' to 'size_t', possible loss of data
  client.vcxproj -> C:\Users\Husky\source\repos\SynVHQ\x64\Debug\client.exe
