Change Dir: 'C:/Users/Husky/source/repos/SynVHQ/vcpkg_installed/vcpkg/blds/boost-interprocess/x64-windows-rel'

Run Build Command(s): "C:/Program Files/Microsoft Visual Studio/2022/Community/Common7/IDE/CommonExtensions/Microsoft/CMake/Ninja/ninja.exe" -v -v -j17 install
[0/1] C:\WINDOWS\system32\cmd.exe /C "cd /D C:\Users\Husky\source\repos\SynVHQ\vcpkg_installed\vcpkg\blds\boost-interprocess\x64-windows-rel && "C:\Program Files\Microsoft Visual Studio\2022\Community\Common7\IDE\CommonExtensions\Microsoft\CMake\CMake\bin\cmake.exe" -P cmake_install.cmake"
-- Install configuration: "Release"
-- Installing: C:/Users/Husky/source/repos/SynVHQ/vcpkg_installed/vcpkg/pkgs/boost-interprocess_x64-windows/include
-- Installing: C:/Users/Husky/source/repos/SynVHQ/vcpkg_installed/vcpkg/pkgs/boost-interprocess_x64-windows/include/boost
-- Installing: C:/Users/Husky/source/repos/SynVHQ/vcpkg_installed/vcpkg/pkgs/boost-interprocess_x64-windows/include/boost/interprocess
-- Installing: C:/Users/Husky/source/repos/SynVHQ/vcpkg_installed/vcpkg/pkgs/boost-interprocess_x64-windows/include/boost/interprocess/allocators
-- Installing: C:/Users/Husky/source/repos/SynVHQ/vcpkg_installed/vcpkg/pkgs/boost-interprocess_x64-windows/include/boost/interprocess/allocators/adaptive_pool.hpp
-- Installing: C:/Users/Husky/source/repos/SynVHQ/vcpkg_installed/vcpkg/pkgs/boost-interprocess_x64-windows/include/boost/interprocess/allocators/allocator.hpp
-- Installing: C:/Users/Husky/source/repos/SynVHQ/vcpkg_installed/vcpkg/pkgs/boost-interprocess_x64-windows/include/boost/interprocess/allocators/cached_adaptive_pool.hpp
-- Installing: C:/Users/Husky/source/repos/SynVHQ/vcpkg_installed/vcpkg/pkgs/boost-interprocess_x64-windows/include/boost/interprocess/allocators/cached_node_allocator.hpp
-- Installing: C:/Users/Husky/source/repos/SynVHQ/vcpkg_installed/vcpkg/pkgs/boost-interprocess_x64-windows/include/boost/interprocess/allocators/detail
-- Installing: C:/Users/Husky/source/repos/SynVHQ/vcpkg_installed/vcpkg/pkgs/boost-interprocess_x64-windows/include/boost/interprocess/allocators/detail/adaptive_node_pool.hpp
-- Installing: C:/Users/Husky/source/repos/SynVHQ/vcpkg_installed/vcpkg/pkgs/boost-interprocess_x64-windows/include/boost/interprocess/allocators/detail/allocator_common.hpp
-- Installing: C:/Users/Husky/source/repos/SynVHQ/vcpkg_installed/vcpkg/pkgs/boost-interprocess_x64-windows/include/boost/interprocess/allocators/detail/node_pool.hpp
-- Installing: C:/Users/Husky/source/repos/SynVHQ/vcpkg_installed/vcpkg/pkgs/boost-interprocess_x64-windows/include/boost/interprocess/allocators/detail/node_tools.hpp
-- Installing: C:/Users/Husky/source/repos/SynVHQ/vcpkg_installed/vcpkg/pkgs/boost-interprocess_x64-windows/include/boost/interprocess/allocators/node_allocator.hpp
-- Installing: C:/Users/Husky/source/repos/SynVHQ/vcpkg_installed/vcpkg/pkgs/boost-interprocess_x64-windows/include/boost/interprocess/allocators/private_adaptive_pool.hpp
-- Installing: C:/Users/Husky/source/repos/SynVHQ/vcpkg_installed/vcpkg/pkgs/boost-interprocess_x64-windows/include/boost/interprocess/allocators/private_node_allocator.hpp
-- Installing: C:/Users/Husky/source/repos/SynVHQ/vcpkg_installed/vcpkg/pkgs/boost-interprocess_x64-windows/include/boost/interprocess/anonymous_shared_memory.hpp
-- Installing: C:/Users/Husky/source/repos/SynVHQ/vcpkg_installed/vcpkg/pkgs/boost-interprocess_x64-windows/include/boost/interprocess/containers
-- Installing: C:/Users/Husky/source/repos/SynVHQ/vcpkg_installed/vcpkg/pkgs/boost-interprocess_x64-windows/include/boost/interprocess/containers/allocation_type.hpp
-- Installing: C:/Users/Husky/source/repos/SynVHQ/vcpkg_installed/vcpkg/pkgs/boost-interprocess_x64-windows/include/boost/interprocess/containers/containers_fwd.hpp
-- Installing: C:/Users/Husky/source/repos/SynVHQ/vcpkg_installed/vcpkg/pkgs/boost-interprocess_x64-windows/include/boost/interprocess/containers/deque.hpp
-- Installing: C:/Users/Husky/source/repos/SynVHQ/vcpkg_installed/vcpkg/pkgs/boost-interprocess_x64-windows/include/boost/interprocess/containers/flat_map.hpp
-- Installing: C:/Users/Husky/source/repos/SynVHQ/vcpkg_installed/vcpkg/pkgs/boost-interprocess_x64-windows/include/boost/interprocess/containers/flat_set.hpp
-- Installing: C:/Users/Husky/source/repos/SynVHQ/vcpkg_installed/vcpkg/pkgs/boost-interprocess_x64-windows/include/boost/interprocess/containers/list.hpp
-- Installing: C:/Users/Husky/source/repos/SynVHQ/vcpkg_installed/vcpkg/pkgs/boost-interprocess_x64-windows/include/boost/interprocess/containers/map.hpp
-- Installing: C:/Users/Husky/source/repos/SynVHQ/vcpkg_installed/vcpkg/pkgs/boost-interprocess_x64-windows/include/boost/interprocess/containers/pair.hpp
-- Installing: C:/Users/Husky/source/repos/SynVHQ/vcpkg_installed/vcpkg/pkgs/boost-interprocess_x64-windows/include/boost/interprocess/containers/set.hpp
-- Installing: C:/Users/Husky/source/repos/SynVHQ/vcpkg_installed/vcpkg/pkgs/boost-interprocess_x64-windows/include/boost/interprocess/containers/slist.hpp
-- Installing: C:/Users/Husky/source/repos/SynVHQ/vcpkg_installed/vcpkg/pkgs/boost-interprocess_x64-windows/include/boost/interprocess/containers/stable_vector.hpp
-- Installing: C:/Users/Husky/source/repos/SynVHQ/vcpkg_installed/vcpkg/pkgs/boost-interprocess_x64-windows/include/boost/interprocess/containers/string.hpp
-- Installing: C:/Users/Husky/source/repos/SynVHQ/vcpkg_installed/vcpkg/pkgs/boost-interprocess_x64-windows/include/boost/interprocess/containers/vector.hpp
-- Installing: C:/Users/Husky/source/repos/SynVHQ/vcpkg_installed/vcpkg/pkgs/boost-interprocess_x64-windows/include/boost/interprocess/containers/version_type.hpp
-- Installing: C:/Users/Husky/source/repos/SynVHQ/vcpkg_installed/vcpkg/pkgs/boost-interprocess_x64-windows/include/boost/interprocess/creation_tags.hpp
-- Installing: C:/Users/Husky/source/repos/SynVHQ/vcpkg_installed/vcpkg/pkgs/boost-interprocess_x64-windows/include/boost/interprocess/detail
-- Installing: C:/Users/Husky/source/repos/SynVHQ/vcpkg_installed/vcpkg/pkgs/boost-interprocess_x64-windows/include/boost/interprocess/detail/atomic.hpp
-- Installing: C:/Users/Husky/source/repos/SynVHQ/vcpkg_installed/vcpkg/pkgs/boost-interprocess_x64-windows/include/boost/interprocess/detail/cast_tags.hpp
-- Installing: C:/Users/Husky/source/repos/SynVHQ/vcpkg_installed/vcpkg/pkgs/boost-interprocess_x64-windows/include/boost/interprocess/detail/char_wchar_holder.hpp
-- Installing: C:/Users/Husky/source/repos/SynVHQ/vcpkg_installed/vcpkg/pkgs/boost-interprocess_x64-windows/include/boost/interprocess/detail/config_begin.hpp
-- Installing: C:/Users/Husky/source/repos/SynVHQ/vcpkg_installed/vcpkg/pkgs/boost-interprocess_x64-windows/include/boost/interprocess/detail/config_end.hpp
-- Installing: C:/Users/Husky/source/repos/SynVHQ/vcpkg_installed/vcpkg/pkgs/boost-interprocess_x64-windows/include/boost/interprocess/detail/config_external_begin.hpp
-- Installing: C:/Users/Husky/source/repos/SynVHQ/vcpkg_installed/vcpkg/pkgs/boost-interprocess_x64-windows/include/boost/interprocess/detail/config_external_end.hpp
-- Installing: C:/Users/Husky/source/repos/SynVHQ/vcpkg_installed/vcpkg/pkgs/boost-interprocess_x64-windows/include/boost/interprocess/detail/file_locking_helpers.hpp
-- Installing: C:/Users/Husky/source/repos/SynVHQ/vcpkg_installed/vcpkg/pkgs/boost-interprocess_x64-windows/include/boost/interprocess/detail/file_wrapper.hpp
-- Installing: C:/Users/Husky/source/repos/SynVHQ/vcpkg_installed/vcpkg/pkgs/boost-interprocess_x64-windows/include/boost/interprocess/detail/intermodule_singleton.hpp
-- Installing: C:/Users/Husky/source/repos/SynVHQ/vcpkg_installed/vcpkg/pkgs/boost-interprocess_x64-windows/include/boost/interprocess/detail/intermodule_singleton_common.hpp
-- Installing: C:/Users/Husky/source/repos/SynVHQ/vcpkg_installed/vcpkg/pkgs/boost-interprocess_x64-windows/include/boost/interprocess/detail/interprocess_tester.hpp
-- Installing: C:/Users/Husky/source/repos/SynVHQ/vcpkg_installed/vcpkg/pkgs/boost-interprocess_x64-windows/include/boost/interprocess/detail/in_place_interface.hpp
-- Installing: C:/Users/Husky/source/repos/SynVHQ/vcpkg_installed/vcpkg/pkgs/boost-interprocess_x64-windows/include/boost/interprocess/detail/managed_global_memory.hpp
-- Installing: C:/Users/Husky/source/repos/SynVHQ/vcpkg_installed/vcpkg/pkgs/boost-interprocess_x64-windows/include/boost/interprocess/detail/managed_memory_impl.hpp
-- Installing: C:/Users/Husky/source/repos/SynVHQ/vcpkg_installed/vcpkg/pkgs/boost-interprocess_x64-windows/include/boost/interprocess/detail/managed_open_or_create_impl.hpp
-- Installing: C:/Users/Husky/source/repos/SynVHQ/vcpkg_installed/vcpkg/pkgs/boost-interprocess_x64-windows/include/boost/interprocess/detail/math_functions.hpp
-- Installing: C:/Users/Husky/source/repos/SynVHQ/vcpkg_installed/vcpkg/pkgs/boost-interprocess_x64-windows/include/boost/interprocess/detail/min_max.hpp
-- Installing: C:/Users/Husky/source/repos/SynVHQ/vcpkg_installed/vcpkg/pkgs/boost-interprocess_x64-windows/include/boost/interprocess/detail/move.hpp
-- Installing: C:/Users/Husky/source/repos/SynVHQ/vcpkg_installed/vcpkg/pkgs/boost-interprocess_x64-windows/include/boost/interprocess/detail/mpl.hpp
-- Installing: C:/Users/Husky/source/repos/SynVHQ/vcpkg_installed/vcpkg/pkgs/boost-interprocess_x64-windows/include/boost/interprocess/detail/named_proxy.hpp
-- Installing: C:/Users/Husky/source/repos/SynVHQ/vcpkg_installed/vcpkg/pkgs/boost-interprocess_x64-windows/include/boost/interprocess/detail/nothrow.hpp
-- Installing: C:/Users/Husky/source/repos/SynVHQ/vcpkg_installed/vcpkg/pkgs/boost-interprocess_x64-windows/include/boost/interprocess/detail/os_file_functions.hpp
-- Installing: C:/Users/Husky/source/repos/SynVHQ/vcpkg_installed/vcpkg/pkgs/boost-interprocess_x64-windows/include/boost/interprocess/detail/os_thread_functions.hpp
-- Installing: C:/Users/Husky/source/repos/SynVHQ/vcpkg_installed/vcpkg/pkgs/boost-interprocess_x64-windows/include/boost/interprocess/detail/pointer_type.hpp
-- Installing: C:/Users/Husky/source/repos/SynVHQ/vcpkg_installed/vcpkg/pkgs/boost-interprocess_x64-windows/include/boost/interprocess/detail/portable_intermodule_singleton.hpp
-- Installing: C:/Users/Husky/source/repos/SynVHQ/vcpkg_installed/vcpkg/pkgs/boost-interprocess_x64-windows/include/boost/interprocess/detail/robust_emulation.hpp
-- Installing: C:/Users/Husky/source/repos/SynVHQ/vcpkg_installed/vcpkg/pkgs/boost-interprocess_x64-windows/include/boost/interprocess/detail/segment_manager_helper.hpp
-- Installing: C:/Users/Husky/source/repos/SynVHQ/vcpkg_installed/vcpkg/pkgs/boost-interprocess_x64-windows/include/boost/interprocess/detail/shared_dir_helpers.hpp
-- Installing: C:/Users/Husky/source/repos/SynVHQ/vcpkg_installed/vcpkg/pkgs/boost-interprocess_x64-windows/include/boost/interprocess/detail/simple_swap.hpp
-- Installing: C:/Users/Husky/source/repos/SynVHQ/vcpkg_installed/vcpkg/pkgs/boost-interprocess_x64-windows/include/boost/interprocess/detail/std_fwd.hpp
-- Installing: C:/Users/Husky/source/repos/SynVHQ/vcpkg_installed/vcpkg/pkgs/boost-interprocess_x64-windows/include/boost/interprocess/detail/timed_utils.hpp
-- Installing: C:/Users/Husky/source/repos/SynVHQ/vcpkg_installed/vcpkg/pkgs/boost-interprocess_x64-windows/include/boost/interprocess/detail/transform_iterator.hpp
-- Installing: C:/Users/Husky/source/repos/SynVHQ/vcpkg_installed/vcpkg/pkgs/boost-interprocess_x64-windows/include/boost/interprocess/detail/type_traits.hpp
-- Installing: C:/Users/Husky/source/repos/SynVHQ/vcpkg_installed/vcpkg/pkgs/boost-interprocess_x64-windows/include/boost/interprocess/detail/utilities.hpp
-- Installing: C:/Users/Husky/source/repos/SynVHQ/vcpkg_installed/vcpkg/pkgs/boost-interprocess_x64-windows/include/boost/interprocess/detail/variadic_templates_tools.hpp
-- Installing: C:/Users/Husky/source/repos/SynVHQ/vcpkg_installed/vcpkg/pkgs/boost-interprocess_x64-windows/include/boost/interprocess/detail/win32_api.hpp
-- Installing: C:/Users/Husky/source/repos/SynVHQ/vcpkg_installed/vcpkg/pkgs/boost-interprocess_x64-windows/include/boost/interprocess/detail/windows_intermodule_singleton.hpp
-- Installing: C:/Users/Husky/source/repos/SynVHQ/vcpkg_installed/vcpkg/pkgs/boost-interprocess_x64-windows/include/boost/interprocess/detail/workaround.hpp
-- Installing: C:/Users/Husky/source/repos/SynVHQ/vcpkg_installed/vcpkg/pkgs/boost-interprocess_x64-windows/include/boost/interprocess/detail/xsi_shared_memory_file_wrapper.hpp
-- Installing: C:/Users/Husky/source/repos/SynVHQ/vcpkg_installed/vcpkg/pkgs/boost-interprocess_x64-windows/include/boost/interprocess/errors.hpp
-- Installing: C:/Users/Husky/source/repos/SynVHQ/vcpkg_installed/vcpkg/pkgs/boost-interprocess_x64-windows/include/boost/interprocess/exceptions.hpp
-- Installing: C:/Users/Husky/source/repos/SynVHQ/vcpkg_installed/vcpkg/pkgs/boost-interprocess_x64-windows/include/boost/interprocess/file_mapping.hpp
-- Installing: C:/Users/Husky/source/repos/SynVHQ/vcpkg_installed/vcpkg/pkgs/boost-interprocess_x64-windows/include/boost/interprocess/indexes
-- Installing: C:/Users/Husky/source/repos/SynVHQ/vcpkg_installed/vcpkg/pkgs/boost-interprocess_x64-windows/include/boost/interprocess/indexes/flat_map_index.hpp
-- Installing: C:/Users/Husky/source/repos/SynVHQ/vcpkg_installed/vcpkg/pkgs/boost-interprocess_x64-windows/include/boost/interprocess/indexes/iset_index.hpp
-- Installing: C:/Users/Husky/source/repos/SynVHQ/vcpkg_installed/vcpkg/pkgs/boost-interprocess_x64-windows/include/boost/interprocess/indexes/iunordered_set_index.hpp
-- Installing: C:/Users/Husky/source/repos/SynVHQ/vcpkg_installed/vcpkg/pkgs/boost-interprocess_x64-windows/include/boost/interprocess/indexes/map_index.hpp
-- Installing: C:/Users/Husky/source/repos/SynVHQ/vcpkg_installed/vcpkg/pkgs/boost-interprocess_x64-windows/include/boost/interprocess/indexes/null_index.hpp
-- Installing: C:/Users/Husky/source/repos/SynVHQ/vcpkg_installed/vcpkg/pkgs/boost-interprocess_x64-windows/include/boost/interprocess/interprocess_fwd.hpp
-- Installing: C:/Users/Husky/source/repos/SynVHQ/vcpkg_installed/vcpkg/pkgs/boost-interprocess_x64-windows/include/boost/interprocess/ipc
-- Installing: C:/Users/Husky/source/repos/SynVHQ/vcpkg_installed/vcpkg/pkgs/boost-interprocess_x64-windows/include/boost/interprocess/ipc/message_queue.hpp
-- Installing: C:/Users/Husky/source/repos/SynVHQ/vcpkg_installed/vcpkg/pkgs/boost-interprocess_x64-windows/include/boost/interprocess/managed_external_buffer.hpp
-- Installing: C:/Users/Husky/source/repos/SynVHQ/vcpkg_installed/vcpkg/pkgs/boost-interprocess_x64-windows/include/boost/interprocess/managed_heap_memory.hpp
-- Installing: C:/Users/Husky/source/repos/SynVHQ/vcpkg_installed/vcpkg/pkgs/boost-interprocess_x64-windows/include/boost/interprocess/managed_mapped_file.hpp
-- Installing: C:/Users/Husky/source/repos/SynVHQ/vcpkg_installed/vcpkg/pkgs/boost-interprocess_x64-windows/include/boost/interprocess/managed_shared_memory.hpp
-- Installing: C:/Users/Husky/source/repos/SynVHQ/vcpkg_installed/vcpkg/pkgs/boost-interprocess_x64-windows/include/boost/interprocess/managed_windows_shared_memory.hpp
-- Installing: C:/Users/Husky/source/repos/SynVHQ/vcpkg_installed/vcpkg/pkgs/boost-interprocess_x64-windows/include/boost/interprocess/managed_xsi_shared_memory.hpp
-- Installing: C:/Users/Husky/source/repos/SynVHQ/vcpkg_installed/vcpkg/pkgs/boost-interprocess_x64-windows/include/boost/interprocess/mapped_region.hpp
-- Installing: C:/Users/Husky/source/repos/SynVHQ/vcpkg_installed/vcpkg/pkgs/boost-interprocess_x64-windows/include/boost/interprocess/mem_algo
-- Installing: C:/Users/Husky/source/repos/SynVHQ/vcpkg_installed/vcpkg/pkgs/boost-interprocess_x64-windows/include/boost/interprocess/mem_algo/detail
-- Installing: C:/Users/Husky/source/repos/SynVHQ/vcpkg_installed/vcpkg/pkgs/boost-interprocess_x64-windows/include/boost/interprocess/mem_algo/detail/mem_algo_common.hpp
-- Installing: C:/Users/Husky/source/repos/SynVHQ/vcpkg_installed/vcpkg/pkgs/boost-interprocess_x64-windows/include/boost/interprocess/mem_algo/detail/simple_seq_fit_impl.hpp
-- Installing: C:/Users/Husky/source/repos/SynVHQ/vcpkg_installed/vcpkg/pkgs/boost-interprocess_x64-windows/include/boost/interprocess/mem_algo/rbtree_best_fit.hpp
-- Installing: C:/Users/Husky/source/repos/SynVHQ/vcpkg_installed/vcpkg/pkgs/boost-interprocess_x64-windows/include/boost/interprocess/mem_algo/simple_seq_fit.hpp
-- Installing: C:/Users/Husky/source/repos/SynVHQ/vcpkg_installed/vcpkg/pkgs/boost-interprocess_x64-windows/include/boost/interprocess/offset_ptr.hpp
-- Installing: C:/Users/Husky/source/repos/SynVHQ/vcpkg_installed/vcpkg/pkgs/boost-interprocess_x64-windows/include/boost/interprocess/permissions.hpp
-- Installing: C:/Users/Husky/source/repos/SynVHQ/vcpkg_installed/vcpkg/pkgs/boost-interprocess_x64-windows/include/boost/interprocess/segment_manager.hpp
-- Installing: C:/Users/Husky/source/repos/SynVHQ/vcpkg_installed/vcpkg/pkgs/boost-interprocess_x64-windows/include/boost/interprocess/shared_memory_object.hpp
-- Installing: C:/Users/Husky/source/repos/SynVHQ/vcpkg_installed/vcpkg/pkgs/boost-interprocess_x64-windows/include/boost/interprocess/smart_ptr
-- Installing: C:/Users/Husky/source/repos/SynVHQ/vcpkg_installed/vcpkg/pkgs/boost-interprocess_x64-windows/include/boost/interprocess/smart_ptr/deleter.hpp
-- Installing: C:/Users/Husky/source/repos/SynVHQ/vcpkg_installed/vcpkg/pkgs/boost-interprocess_x64-windows/include/boost/interprocess/smart_ptr/detail
-- Installing: C:/Users/Husky/source/repos/SynVHQ/vcpkg_installed/vcpkg/pkgs/boost-interprocess_x64-windows/include/boost/interprocess/smart_ptr/detail/bad_weak_ptr.hpp
-- Installing: C:/Users/Husky/source/repos/SynVHQ/vcpkg_installed/vcpkg/pkgs/boost-interprocess_x64-windows/include/boost/interprocess/smart_ptr/detail/shared_count.hpp
-- Installing: C:/Users/Husky/source/repos/SynVHQ/vcpkg_installed/vcpkg/pkgs/boost-interprocess_x64-windows/include/boost/interprocess/smart_ptr/detail/sp_counted_base.hpp
-- Installing: C:/Users/Husky/source/repos/SynVHQ/vcpkg_installed/vcpkg/pkgs/boost-interprocess_x64-windows/include/boost/interprocess/smart_ptr/detail/sp_counted_base_atomic.hpp
-- Installing: C:/Users/Husky/source/repos/SynVHQ/vcpkg_installed/vcpkg/pkgs/boost-interprocess_x64-windows/include/boost/interprocess/smart_ptr/detail/sp_counted_impl.hpp
-- Installing: C:/Users/Husky/source/repos/SynVHQ/vcpkg_installed/vcpkg/pkgs/boost-interprocess_x64-windows/include/boost/interprocess/smart_ptr/enable_shared_from_this.hpp
-- Installing: C:/Users/Husky/source/repos/SynVHQ/vcpkg_installed/vcpkg/pkgs/boost-interprocess_x64-windows/include/boost/interprocess/smart_ptr/intrusive_ptr.hpp
-- Installing: C:/Users/Husky/source/repos/SynVHQ/vcpkg_installed/vcpkg/pkgs/boost-interprocess_x64-windows/include/boost/interprocess/smart_ptr/scoped_ptr.hpp
-- Installing: C:/Users/Husky/source/repos/SynVHQ/vcpkg_installed/vcpkg/pkgs/boost-interprocess_x64-windows/include/boost/interprocess/smart_ptr/shared_ptr.hpp
-- Installing: C:/Users/Husky/source/repos/SynVHQ/vcpkg_installed/vcpkg/pkgs/boost-interprocess_x64-windows/include/boost/interprocess/smart_ptr/unique_ptr.hpp
-- Installing: C:/Users/Husky/source/repos/SynVHQ/vcpkg_installed/vcpkg/pkgs/boost-interprocess_x64-windows/include/boost/interprocess/smart_ptr/weak_ptr.hpp
-- Installing: C:/Users/Husky/source/repos/SynVHQ/vcpkg_installed/vcpkg/pkgs/boost-interprocess_x64-windows/include/boost/interprocess/streams
-- Installing: C:/Users/Husky/source/repos/SynVHQ/vcpkg_installed/vcpkg/pkgs/boost-interprocess_x64-windows/include/boost/interprocess/streams/bufferstream.hpp
-- Installing: C:/Users/Husky/source/repos/SynVHQ/vcpkg_installed/vcpkg/pkgs/boost-interprocess_x64-windows/include/boost/interprocess/streams/vectorstream.hpp
-- Installing: C:/Users/Husky/source/repos/SynVHQ/vcpkg_installed/vcpkg/pkgs/boost-interprocess_x64-windows/include/boost/interprocess/sync
-- Installing: C:/Users/Husky/source/repos/SynVHQ/vcpkg_installed/vcpkg/pkgs/boost-interprocess_x64-windows/include/boost/interprocess/sync/cv_status.hpp
-- Installing: C:/Users/Husky/source/repos/SynVHQ/vcpkg_installed/vcpkg/pkgs/boost-interprocess_x64-windows/include/boost/interprocess/sync/detail
-- Installing: C:/Users/Husky/source/repos/SynVHQ/vcpkg_installed/vcpkg/pkgs/boost-interprocess_x64-windows/include/boost/interprocess/sync/detail/common_algorithms.hpp
-- Installing: C:/Users/Husky/source/repos/SynVHQ/vcpkg_installed/vcpkg/pkgs/boost-interprocess_x64-windows/include/boost/interprocess/sync/detail/condition_algorithm_8a.hpp
-- Installing: C:/Users/Husky/source/repos/SynVHQ/vcpkg_installed/vcpkg/pkgs/boost-interprocess_x64-windows/include/boost/interprocess/sync/detail/condition_any_algorithm.hpp
-- Installing: C:/Users/Husky/source/repos/SynVHQ/vcpkg_installed/vcpkg/pkgs/boost-interprocess_x64-windows/include/boost/interprocess/sync/detail/locks.hpp
-- Installing: C:/Users/Husky/source/repos/SynVHQ/vcpkg_installed/vcpkg/pkgs/boost-interprocess_x64-windows/include/boost/interprocess/sync/file_lock.hpp
-- Installing: C:/Users/Husky/source/repos/SynVHQ/vcpkg_installed/vcpkg/pkgs/boost-interprocess_x64-windows/include/boost/interprocess/sync/interprocess_condition.hpp
-- Installing: C:/Users/Husky/source/repos/SynVHQ/vcpkg_installed/vcpkg/pkgs/boost-interprocess_x64-windows/include/boost/interprocess/sync/interprocess_condition_any.hpp
-- Installing: C:/Users/Husky/source/repos/SynVHQ/vcpkg_installed/vcpkg/pkgs/boost-interprocess_x64-windows/include/boost/interprocess/sync/interprocess_mutex.hpp
-- Installing: C:/Users/Husky/source/repos/SynVHQ/vcpkg_installed/vcpkg/pkgs/boost-interprocess_x64-windows/include/boost/interprocess/sync/interprocess_recursive_mutex.hpp
-- Installing: C:/Users/Husky/source/repos/SynVHQ/vcpkg_installed/vcpkg/pkgs/boost-interprocess_x64-windows/include/boost/interprocess/sync/interprocess_semaphore.hpp
-- Installing: C:/Users/Husky/source/repos/SynVHQ/vcpkg_installed/vcpkg/pkgs/boost-interprocess_x64-windows/include/boost/interprocess/sync/interprocess_sharable_mutex.hpp
-- Installing: C:/Users/Husky/source/repos/SynVHQ/vcpkg_installed/vcpkg/pkgs/boost-interprocess_x64-windows/include/boost/interprocess/sync/interprocess_upgradable_mutex.hpp
-- Installing: C:/Users/Husky/source/repos/SynVHQ/vcpkg_installed/vcpkg/pkgs/boost-interprocess_x64-windows/include/boost/interprocess/sync/lock_options.hpp
-- Installing: C:/Users/Husky/source/repos/SynVHQ/vcpkg_installed/vcpkg/pkgs/boost-interprocess_x64-windows/include/boost/interprocess/sync/mutex_family.hpp
-- Installing: C:/Users/Husky/source/repos/SynVHQ/vcpkg_installed/vcpkg/pkgs/boost-interprocess_x64-windows/include/boost/interprocess/sync/named_condition.hpp
-- Installing: C:/Users/Husky/source/repos/SynVHQ/vcpkg_installed/vcpkg/pkgs/boost-interprocess_x64-windows/include/boost/interprocess/sync/named_condition_any.hpp
-- Installing: C:/Users/Husky/source/repos/SynVHQ/vcpkg_installed/vcpkg/pkgs/boost-interprocess_x64-windows/include/boost/interprocess/sync/named_mutex.hpp
-- Installing: C:/Users/Husky/source/repos/SynVHQ/vcpkg_installed/vcpkg/pkgs/boost-interprocess_x64-windows/include/boost/interprocess/sync/named_recursive_mutex.hpp
-- Installing: C:/Users/Husky/source/repos/SynVHQ/vcpkg_installed/vcpkg/pkgs/boost-interprocess_x64-windows/include/boost/interprocess/sync/named_semaphore.hpp
-- Installing: C:/Users/Husky/source/repos/SynVHQ/vcpkg_installed/vcpkg/pkgs/boost-interprocess_x64-windows/include/boost/interprocess/sync/named_sharable_mutex.hpp
-- Installing: C:/Users/Husky/source/repos/SynVHQ/vcpkg_installed/vcpkg/pkgs/boost-interprocess_x64-windows/include/boost/interprocess/sync/named_upgradable_mutex.hpp
-- Installing: C:/Users/Husky/source/repos/SynVHQ/vcpkg_installed/vcpkg/pkgs/boost-interprocess_x64-windows/include/boost/interprocess/sync/null_mutex.hpp
-- Installing: C:/Users/Husky/source/repos/SynVHQ/vcpkg_installed/vcpkg/pkgs/boost-interprocess_x64-windows/include/boost/interprocess/sync/posix
-- Installing: C:/Users/Husky/source/repos/SynVHQ/vcpkg_installed/vcpkg/pkgs/boost-interprocess_x64-windows/include/boost/interprocess/sync/posix/condition.hpp
-- Installing: C:/Users/Husky/source/repos/SynVHQ/vcpkg_installed/vcpkg/pkgs/boost-interprocess_x64-windows/include/boost/interprocess/sync/posix/mutex.hpp
-- Installing: C:/Users/Husky/source/repos/SynVHQ/vcpkg_installed/vcpkg/pkgs/boost-interprocess_x64-windows/include/boost/interprocess/sync/posix/named_mutex.hpp
-- Installing: C:/Users/Husky/source/repos/SynVHQ/vcpkg_installed/vcpkg/pkgs/boost-interprocess_x64-windows/include/boost/interprocess/sync/posix/named_semaphore.hpp
-- Installing: C:/Users/Husky/source/repos/SynVHQ/vcpkg_installed/vcpkg/pkgs/boost-interprocess_x64-windows/include/boost/interprocess/sync/posix/pthread_helpers.hpp
-- Installing: C:/Users/Husky/source/repos/SynVHQ/vcpkg_installed/vcpkg/pkgs/boost-interprocess_x64-windows/include/boost/interprocess/sync/posix/recursive_mutex.hpp
-- Installing: C:/Users/Husky/source/repos/SynVHQ/vcpkg_installed/vcpkg/pkgs/boost-interprocess_x64-windows/include/boost/interprocess/sync/posix/semaphore.hpp
-- Installing: C:/Users/Husky/source/repos/SynVHQ/vcpkg_installed/vcpkg/pkgs/boost-interprocess_x64-windows/include/boost/interprocess/sync/posix/semaphore_wrapper.hpp
-- Installing: C:/Users/Husky/source/repos/SynVHQ/vcpkg_installed/vcpkg/pkgs/boost-interprocess_x64-windows/include/boost/interprocess/sync/posix/timepoint_to_timespec.hpp
-- Installing: C:/Users/Husky/source/repos/SynVHQ/vcpkg_installed/vcpkg/pkgs/boost-interprocess_x64-windows/include/boost/interprocess/sync/scoped_lock.hpp
-- Installing: C:/Users/Husky/source/repos/SynVHQ/vcpkg_installed/vcpkg/pkgs/boost-interprocess_x64-windows/include/boost/interprocess/sync/sharable_lock.hpp
-- Installing: C:/Users/Husky/source/repos/SynVHQ/vcpkg_installed/vcpkg/pkgs/boost-interprocess_x64-windows/include/boost/interprocess/sync/shm
-- Installing: C:/Users/Husky/source/repos/SynVHQ/vcpkg_installed/vcpkg/pkgs/boost-interprocess_x64-windows/include/boost/interprocess/sync/shm/named_condition.hpp
-- Installing: C:/Users/Husky/source/repos/SynVHQ/vcpkg_installed/vcpkg/pkgs/boost-interprocess_x64-windows/include/boost/interprocess/sync/shm/named_condition_any.hpp
-- Installing: C:/Users/Husky/source/repos/SynVHQ/vcpkg_installed/vcpkg/pkgs/boost-interprocess_x64-windows/include/boost/interprocess/sync/shm/named_creation_functor.hpp
-- Installing: C:/Users/Husky/source/repos/SynVHQ/vcpkg_installed/vcpkg/pkgs/boost-interprocess_x64-windows/include/boost/interprocess/sync/shm/named_mutex.hpp
-- Installing: C:/Users/Husky/source/repos/SynVHQ/vcpkg_installed/vcpkg/pkgs/boost-interprocess_x64-windows/include/boost/interprocess/sync/shm/named_recursive_mutex.hpp
-- Installing: C:/Users/Husky/source/repos/SynVHQ/vcpkg_installed/vcpkg/pkgs/boost-interprocess_x64-windows/include/boost/interprocess/sync/shm/named_semaphore.hpp
-- Installing: C:/Users/Husky/source/repos/SynVHQ/vcpkg_installed/vcpkg/pkgs/boost-interprocess_x64-windows/include/boost/interprocess/sync/shm/named_upgradable_mutex.hpp
-- Installing: C:/Users/Husky/source/repos/SynVHQ/vcpkg_installed/vcpkg/pkgs/boost-interprocess_x64-windows/include/boost/interprocess/sync/spin
-- Installing: C:/Users/Husky/source/repos/SynVHQ/vcpkg_installed/vcpkg/pkgs/boost-interprocess_x64-windows/include/boost/interprocess/sync/spin/condition.hpp
-- Installing: C:/Users/Husky/source/repos/SynVHQ/vcpkg_installed/vcpkg/pkgs/boost-interprocess_x64-windows/include/boost/interprocess/sync/spin/interprocess_barrier.hpp
-- Installing: C:/Users/Husky/source/repos/SynVHQ/vcpkg_installed/vcpkg/pkgs/boost-interprocess_x64-windows/include/boost/interprocess/sync/spin/mutex.hpp
-- Installing: C:/Users/Husky/source/repos/SynVHQ/vcpkg_installed/vcpkg/pkgs/boost-interprocess_x64-windows/include/boost/interprocess/sync/spin/recursive_mutex.hpp
-- Installing: C:/Users/Husky/source/repos/SynVHQ/vcpkg_installed/vcpkg/pkgs/boost-interprocess_x64-windows/include/boost/interprocess/sync/spin/semaphore.hpp
-- Installing: C:/Users/Husky/source/repos/SynVHQ/vcpkg_installed/vcpkg/pkgs/boost-interprocess_x64-windows/include/boost/interprocess/sync/spin/wait.hpp
-- Installing: C:/Users/Husky/source/repos/SynVHQ/vcpkg_installed/vcpkg/pkgs/boost-interprocess_x64-windows/include/boost/interprocess/sync/upgradable_lock.hpp
-- Installing: C:/Users/Husky/source/repos/SynVHQ/vcpkg_installed/vcpkg/pkgs/boost-interprocess_x64-windows/include/boost/interprocess/sync/windows
-- Installing: C:/Users/Husky/source/repos/SynVHQ/vcpkg_installed/vcpkg/pkgs/boost-interprocess_x64-windows/include/boost/interprocess/sync/windows/condition.hpp
-- Installing: C:/Users/Husky/source/repos/SynVHQ/vcpkg_installed/vcpkg/pkgs/boost-interprocess_x64-windows/include/boost/interprocess/sync/windows/mutex.hpp
-- Installing: C:/Users/Husky/source/repos/SynVHQ/vcpkg_installed/vcpkg/pkgs/boost-interprocess_x64-windows/include/boost/interprocess/sync/windows/named_condition.hpp
-- Installing: C:/Users/Husky/source/repos/SynVHQ/vcpkg_installed/vcpkg/pkgs/boost-interprocess_x64-windows/include/boost/interprocess/sync/windows/named_condition_any.hpp
-- Installing: C:/Users/Husky/source/repos/SynVHQ/vcpkg_installed/vcpkg/pkgs/boost-interprocess_x64-windows/include/boost/interprocess/sync/windows/named_mutex.hpp
-- Installing: C:/Users/Husky/source/repos/SynVHQ/vcpkg_installed/vcpkg/pkgs/boost-interprocess_x64-windows/include/boost/interprocess/sync/windows/named_recursive_mutex.hpp
-- Installing: C:/Users/Husky/source/repos/SynVHQ/vcpkg_installed/vcpkg/pkgs/boost-interprocess_x64-windows/include/boost/interprocess/sync/windows/named_semaphore.hpp
-- Installing: C:/Users/Husky/source/repos/SynVHQ/vcpkg_installed/vcpkg/pkgs/boost-interprocess_x64-windows/include/boost/interprocess/sync/windows/named_sync.hpp
-- Installing: C:/Users/Husky/source/repos/SynVHQ/vcpkg_installed/vcpkg/pkgs/boost-interprocess_x64-windows/include/boost/interprocess/sync/windows/recursive_mutex.hpp
-- Installing: C:/Users/Husky/source/repos/SynVHQ/vcpkg_installed/vcpkg/pkgs/boost-interprocess_x64-windows/include/boost/interprocess/sync/windows/semaphore.hpp
-- Installing: C:/Users/Husky/source/repos/SynVHQ/vcpkg_installed/vcpkg/pkgs/boost-interprocess_x64-windows/include/boost/interprocess/sync/windows/sync_utils.hpp
-- Installing: C:/Users/Husky/source/repos/SynVHQ/vcpkg_installed/vcpkg/pkgs/boost-interprocess_x64-windows/include/boost/interprocess/sync/windows/winapi_mutex_wrapper.hpp
-- Installing: C:/Users/Husky/source/repos/SynVHQ/vcpkg_installed/vcpkg/pkgs/boost-interprocess_x64-windows/include/boost/interprocess/sync/windows/winapi_semaphore_wrapper.hpp
-- Installing: C:/Users/Husky/source/repos/SynVHQ/vcpkg_installed/vcpkg/pkgs/boost-interprocess_x64-windows/include/boost/interprocess/sync/windows/winapi_wrapper_common.hpp
-- Installing: C:/Users/Husky/source/repos/SynVHQ/vcpkg_installed/vcpkg/pkgs/boost-interprocess_x64-windows/include/boost/interprocess/timed_utils.hpp
-- Installing: C:/Users/Husky/source/repos/SynVHQ/vcpkg_installed/vcpkg/pkgs/boost-interprocess_x64-windows/include/boost/interprocess/windows_shared_memory.hpp
-- Installing: C:/Users/Husky/source/repos/SynVHQ/vcpkg_installed/vcpkg/pkgs/boost-interprocess_x64-windows/include/boost/interprocess/xsi_key.hpp
-- Installing: C:/Users/Husky/source/repos/SynVHQ/vcpkg_installed/vcpkg/pkgs/boost-interprocess_x64-windows/include/boost/interprocess/xsi_shared_memory.hpp
-- Installing: C:/Users/Husky/source/repos/SynVHQ/vcpkg_installed/vcpkg/pkgs/boost-interprocess_x64-windows/lib/cmake/boost_interprocess-1.86.0/boost_interprocess-targets.cmake
-- Installing: C:/Users/Husky/source/repos/SynVHQ/vcpkg_installed/vcpkg/pkgs/boost-interprocess_x64-windows/lib/cmake/boost_interprocess-1.86.0/boost_interprocess-config.cmake
-- Installing: C:/Users/Husky/source/repos/SynVHQ/vcpkg_installed/vcpkg/pkgs/boost-interprocess_x64-windows/lib/cmake/boost_interprocess-1.86.0/boost_interprocess-config-version.cmake

