Change Dir: 'C:/Users/Husky/source/repos/SynVHQ/vcpkg_installed/vcpkg/blds/boost-core/x64-windows-rel'

Run Build Command(s): "C:/Program Files/Microsoft Visual Studio/2022/Community/Common7/IDE/CommonExtensions/Microsoft/CMake/Ninja/ninja.exe" -v -v -j17 install
[0/1] C:\WINDOWS\system32\cmd.exe /C "cd /D C:\Users\Husky\source\repos\SynVHQ\vcpkg_installed\vcpkg\blds\boost-core\x64-windows-rel && "C:\Program Files\Microsoft Visual Studio\2022\Community\Common7\IDE\CommonExtensions\Microsoft\CMake\CMake\bin\cmake.exe" -P cmake_install.cmake"
-- Install configuration: "Release"
-- Installing: C:/Users/Husky/source/repos/SynVHQ/vcpkg_installed/vcpkg/pkgs/boost-core_x64-windows/include
-- Installing: C:/Users/Husky/source/repos/SynVHQ/vcpkg_installed/vcpkg/pkgs/boost-core_x64-windows/include/boost
-- Installing: C:/Users/Husky/source/repos/SynVHQ/vcpkg_installed/vcpkg/pkgs/boost-core_x64-windows/include/boost/checked_delete.hpp
-- Installing: C:/Users/Husky/source/repos/SynVHQ/vcpkg_installed/vcpkg/pkgs/boost-core_x64-windows/include/boost/core
-- Installing: C:/Users/Husky/source/repos/SynVHQ/vcpkg_installed/vcpkg/pkgs/boost-core_x64-windows/include/boost/core/addressof.hpp
-- Installing: C:/Users/Husky/source/repos/SynVHQ/vcpkg_installed/vcpkg/pkgs/boost-core_x64-windows/include/boost/core/alignof.hpp
-- Installing: C:/Users/Husky/source/repos/SynVHQ/vcpkg_installed/vcpkg/pkgs/boost-core_x64-windows/include/boost/core/allocator_access.hpp
-- Installing: C:/Users/Husky/source/repos/SynVHQ/vcpkg_installed/vcpkg/pkgs/boost-core_x64-windows/include/boost/core/allocator_traits.hpp
-- Installing: C:/Users/Husky/source/repos/SynVHQ/vcpkg_installed/vcpkg/pkgs/boost-core_x64-windows/include/boost/core/alloc_construct.hpp
-- Installing: C:/Users/Husky/source/repos/SynVHQ/vcpkg_installed/vcpkg/pkgs/boost-core_x64-windows/include/boost/core/bit.hpp
-- Installing: C:/Users/Husky/source/repos/SynVHQ/vcpkg_installed/vcpkg/pkgs/boost-core_x64-windows/include/boost/core/checked_delete.hpp
-- Installing: C:/Users/Husky/source/repos/SynVHQ/vcpkg_installed/vcpkg/pkgs/boost-core_x64-windows/include/boost/core/cmath.hpp
-- Installing: C:/Users/Husky/source/repos/SynVHQ/vcpkg_installed/vcpkg/pkgs/boost-core_x64-windows/include/boost/core/data.hpp
-- Installing: C:/Users/Husky/source/repos/SynVHQ/vcpkg_installed/vcpkg/pkgs/boost-core_x64-windows/include/boost/core/default_allocator.hpp
-- Installing: C:/Users/Husky/source/repos/SynVHQ/vcpkg_installed/vcpkg/pkgs/boost-core_x64-windows/include/boost/core/demangle.hpp
-- Installing: C:/Users/Husky/source/repos/SynVHQ/vcpkg_installed/vcpkg/pkgs/boost-core_x64-windows/include/boost/core/detail
-- Installing: C:/Users/Husky/source/repos/SynVHQ/vcpkg_installed/vcpkg/pkgs/boost-core_x64-windows/include/boost/core/detail/is_same.hpp
-- Installing: C:/Users/Husky/source/repos/SynVHQ/vcpkg_installed/vcpkg/pkgs/boost-core_x64-windows/include/boost/core/detail/lwt_unattended.hpp
-- Installing: C:/Users/Husky/source/repos/SynVHQ/vcpkg_installed/vcpkg/pkgs/boost-core_x64-windows/include/boost/core/detail/minstd_rand.hpp
-- Installing: C:/Users/Husky/source/repos/SynVHQ/vcpkg_installed/vcpkg/pkgs/boost-core_x64-windows/include/boost/core/detail/splitmix64.hpp
-- Installing: C:/Users/Husky/source/repos/SynVHQ/vcpkg_installed/vcpkg/pkgs/boost-core_x64-windows/include/boost/core/detail/sp_thread_pause.hpp
-- Installing: C:/Users/Husky/source/repos/SynVHQ/vcpkg_installed/vcpkg/pkgs/boost-core_x64-windows/include/boost/core/detail/sp_thread_sleep.hpp
-- Installing: C:/Users/Husky/source/repos/SynVHQ/vcpkg_installed/vcpkg/pkgs/boost-core_x64-windows/include/boost/core/detail/sp_thread_yield.hpp
-- Installing: C:/Users/Husky/source/repos/SynVHQ/vcpkg_installed/vcpkg/pkgs/boost-core_x64-windows/include/boost/core/detail/sp_win32_sleep.hpp
-- Installing: C:/Users/Husky/source/repos/SynVHQ/vcpkg_installed/vcpkg/pkgs/boost-core_x64-windows/include/boost/core/detail/string_view.hpp
-- Installing: C:/Users/Husky/source/repos/SynVHQ/vcpkg_installed/vcpkg/pkgs/boost-core_x64-windows/include/boost/core/empty_value.hpp
-- Installing: C:/Users/Husky/source/repos/SynVHQ/vcpkg_installed/vcpkg/pkgs/boost-core_x64-windows/include/boost/core/enable_if.hpp
-- Installing: C:/Users/Husky/source/repos/SynVHQ/vcpkg_installed/vcpkg/pkgs/boost-core_x64-windows/include/boost/core/exchange.hpp
-- Installing: C:/Users/Husky/source/repos/SynVHQ/vcpkg_installed/vcpkg/pkgs/boost-core_x64-windows/include/boost/core/explicit_operator_bool.hpp
-- Installing: C:/Users/Husky/source/repos/SynVHQ/vcpkg_installed/vcpkg/pkgs/boost-core_x64-windows/include/boost/core/fclose_deleter.hpp
-- Installing: C:/Users/Husky/source/repos/SynVHQ/vcpkg_installed/vcpkg/pkgs/boost-core_x64-windows/include/boost/core/first_scalar.hpp
-- Installing: C:/Users/Husky/source/repos/SynVHQ/vcpkg_installed/vcpkg/pkgs/boost-core_x64-windows/include/boost/core/functor.hpp
-- Installing: C:/Users/Husky/source/repos/SynVHQ/vcpkg_installed/vcpkg/pkgs/boost-core_x64-windows/include/boost/core/identity.hpp
-- Installing: C:/Users/Husky/source/repos/SynVHQ/vcpkg_installed/vcpkg/pkgs/boost-core_x64-windows/include/boost/core/ignore_unused.hpp
-- Installing: C:/Users/Husky/source/repos/SynVHQ/vcpkg_installed/vcpkg/pkgs/boost-core_x64-windows/include/boost/core/invoke_swap.hpp
-- Installing: C:/Users/Husky/source/repos/SynVHQ/vcpkg_installed/vcpkg/pkgs/boost-core_x64-windows/include/boost/core/is_same.hpp
-- Installing: C:/Users/Husky/source/repos/SynVHQ/vcpkg_installed/vcpkg/pkgs/boost-core_x64-windows/include/boost/core/launder.hpp
-- Installing: C:/Users/Husky/source/repos/SynVHQ/vcpkg_installed/vcpkg/pkgs/boost-core_x64-windows/include/boost/core/lightweight_test.hpp
-- Installing: C:/Users/Husky/source/repos/SynVHQ/vcpkg_installed/vcpkg/pkgs/boost-core_x64-windows/include/boost/core/lightweight_test_trait.hpp
-- Installing: C:/Users/Husky/source/repos/SynVHQ/vcpkg_installed/vcpkg/pkgs/boost-core_x64-windows/include/boost/core/make_span.hpp
-- Installing: C:/Users/Husky/source/repos/SynVHQ/vcpkg_installed/vcpkg/pkgs/boost-core_x64-windows/include/boost/core/max_align.hpp
-- Installing: C:/Users/Husky/source/repos/SynVHQ/vcpkg_installed/vcpkg/pkgs/boost-core_x64-windows/include/boost/core/memory_resource.hpp
-- Installing: C:/Users/Husky/source/repos/SynVHQ/vcpkg_installed/vcpkg/pkgs/boost-core_x64-windows/include/boost/core/noinit_adaptor.hpp
-- Installing: C:/Users/Husky/source/repos/SynVHQ/vcpkg_installed/vcpkg/pkgs/boost-core_x64-windows/include/boost/core/noncopyable.hpp
-- Installing: C:/Users/Husky/source/repos/SynVHQ/vcpkg_installed/vcpkg/pkgs/boost-core_x64-windows/include/boost/core/no_exceptions_support.hpp
-- Installing: C:/Users/Husky/source/repos/SynVHQ/vcpkg_installed/vcpkg/pkgs/boost-core_x64-windows/include/boost/core/null_deleter.hpp
-- Installing: C:/Users/Husky/source/repos/SynVHQ/vcpkg_installed/vcpkg/pkgs/boost-core_x64-windows/include/boost/core/nvp.hpp
-- Installing: C:/Users/Husky/source/repos/SynVHQ/vcpkg_installed/vcpkg/pkgs/boost-core_x64-windows/include/boost/core/pointer_in_range.hpp
-- Installing: C:/Users/Husky/source/repos/SynVHQ/vcpkg_installed/vcpkg/pkgs/boost-core_x64-windows/include/boost/core/pointer_traits.hpp
-- Installing: C:/Users/Husky/source/repos/SynVHQ/vcpkg_installed/vcpkg/pkgs/boost-core_x64-windows/include/boost/core/quick_exit.hpp
-- Installing: C:/Users/Husky/source/repos/SynVHQ/vcpkg_installed/vcpkg/pkgs/boost-core_x64-windows/include/boost/core/ref.hpp
-- Installing: C:/Users/Husky/source/repos/SynVHQ/vcpkg_installed/vcpkg/pkgs/boost-core_x64-windows/include/boost/core/scoped_enum.hpp
-- Installing: C:/Users/Husky/source/repos/SynVHQ/vcpkg_installed/vcpkg/pkgs/boost-core_x64-windows/include/boost/core/serialization.hpp
-- Installing: C:/Users/Husky/source/repos/SynVHQ/vcpkg_installed/vcpkg/pkgs/boost-core_x64-windows/include/boost/core/size.hpp
-- Installing: C:/Users/Husky/source/repos/SynVHQ/vcpkg_installed/vcpkg/pkgs/boost-core_x64-windows/include/boost/core/snprintf.hpp
-- Installing: C:/Users/Husky/source/repos/SynVHQ/vcpkg_installed/vcpkg/pkgs/boost-core_x64-windows/include/boost/core/span.hpp
-- Installing: C:/Users/Husky/source/repos/SynVHQ/vcpkg_installed/vcpkg/pkgs/boost-core_x64-windows/include/boost/core/swap.hpp
-- Installing: C:/Users/Husky/source/repos/SynVHQ/vcpkg_installed/vcpkg/pkgs/boost-core_x64-windows/include/boost/core/typeinfo.hpp
-- Installing: C:/Users/Husky/source/repos/SynVHQ/vcpkg_installed/vcpkg/pkgs/boost-core_x64-windows/include/boost/core/type_name.hpp
-- Installing: C:/Users/Husky/source/repos/SynVHQ/vcpkg_installed/vcpkg/pkgs/boost-core_x64-windows/include/boost/core/uncaught_exceptions.hpp
-- Installing: C:/Users/Husky/source/repos/SynVHQ/vcpkg_installed/vcpkg/pkgs/boost-core_x64-windows/include/boost/core/underlying_type.hpp
-- Installing: C:/Users/Husky/source/repos/SynVHQ/vcpkg_installed/vcpkg/pkgs/boost-core_x64-windows/include/boost/core/use_default.hpp
-- Installing: C:/Users/Husky/source/repos/SynVHQ/vcpkg_installed/vcpkg/pkgs/boost-core_x64-windows/include/boost/core/verbose_terminate_handler.hpp
-- Installing: C:/Users/Husky/source/repos/SynVHQ/vcpkg_installed/vcpkg/pkgs/boost-core_x64-windows/include/boost/core/yield_primitives.hpp
-- Installing: C:/Users/Husky/source/repos/SynVHQ/vcpkg_installed/vcpkg/pkgs/boost-core_x64-windows/include/boost/detail
-- Installing: C:/Users/Husky/source/repos/SynVHQ/vcpkg_installed/vcpkg/pkgs/boost-core_x64-windows/include/boost/detail/iterator.hpp
-- Installing: C:/Users/Husky/source/repos/SynVHQ/vcpkg_installed/vcpkg/pkgs/boost-core_x64-windows/include/boost/detail/lightweight_test.hpp
-- Installing: C:/Users/Husky/source/repos/SynVHQ/vcpkg_installed/vcpkg/pkgs/boost-core_x64-windows/include/boost/detail/no_exceptions_support.hpp
-- Installing: C:/Users/Husky/source/repos/SynVHQ/vcpkg_installed/vcpkg/pkgs/boost-core_x64-windows/include/boost/detail/scoped_enum_emulation.hpp
-- Installing: C:/Users/Husky/source/repos/SynVHQ/vcpkg_installed/vcpkg/pkgs/boost-core_x64-windows/include/boost/detail/sp_typeinfo.hpp
-- Installing: C:/Users/Husky/source/repos/SynVHQ/vcpkg_installed/vcpkg/pkgs/boost-core_x64-windows/include/boost/get_pointer.hpp
-- Installing: C:/Users/Husky/source/repos/SynVHQ/vcpkg_installed/vcpkg/pkgs/boost-core_x64-windows/include/boost/iterator.hpp
-- Installing: C:/Users/Husky/source/repos/SynVHQ/vcpkg_installed/vcpkg/pkgs/boost-core_x64-windows/include/boost/noncopyable.hpp
-- Installing: C:/Users/Husky/source/repos/SynVHQ/vcpkg_installed/vcpkg/pkgs/boost-core_x64-windows/include/boost/non_type.hpp
-- Installing: C:/Users/Husky/source/repos/SynVHQ/vcpkg_installed/vcpkg/pkgs/boost-core_x64-windows/include/boost/ref.hpp
-- Installing: C:/Users/Husky/source/repos/SynVHQ/vcpkg_installed/vcpkg/pkgs/boost-core_x64-windows/include/boost/swap.hpp
-- Installing: C:/Users/Husky/source/repos/SynVHQ/vcpkg_installed/vcpkg/pkgs/boost-core_x64-windows/include/boost/type.hpp
-- Installing: C:/Users/Husky/source/repos/SynVHQ/vcpkg_installed/vcpkg/pkgs/boost-core_x64-windows/include/boost/utility
-- Installing: C:/Users/Husky/source/repos/SynVHQ/vcpkg_installed/vcpkg/pkgs/boost-core_x64-windows/include/boost/utility/addressof.hpp
-- Installing: C:/Users/Husky/source/repos/SynVHQ/vcpkg_installed/vcpkg/pkgs/boost-core_x64-windows/include/boost/utility/enable_if.hpp
-- Installing: C:/Users/Husky/source/repos/SynVHQ/vcpkg_installed/vcpkg/pkgs/boost-core_x64-windows/include/boost/utility/explicit_operator_bool.hpp
-- Installing: C:/Users/Husky/source/repos/SynVHQ/vcpkg_installed/vcpkg/pkgs/boost-core_x64-windows/include/boost/utility/swap.hpp
-- Installing: C:/Users/Husky/source/repos/SynVHQ/vcpkg_installed/vcpkg/pkgs/boost-core_x64-windows/include/boost/visit_each.hpp
-- Installing: C:/Users/Husky/source/repos/SynVHQ/vcpkg_installed/vcpkg/pkgs/boost-core_x64-windows/lib/cmake/boost_core-1.86.0/boost_core-targets.cmake
-- Installing: C:/Users/Husky/source/repos/SynVHQ/vcpkg_installed/vcpkg/pkgs/boost-core_x64-windows/lib/cmake/boost_core-1.86.0/boost_core-config.cmake
-- Installing: C:/Users/Husky/source/repos/SynVHQ/vcpkg_installed/vcpkg/pkgs/boost-core_x64-windows/lib/cmake/boost_core-1.86.0/boost_core-config-version.cmake

