Change Dir: 'C:/Users/Husky/source/repos/SynVHQ/vcpkg_installed/vcpkg/blds/boost-algorithm/x64-windows-rel'

Run Build Command(s): "C:/Program Files/Microsoft Visual Studio/2022/Community/Common7/IDE/CommonExtensions/Microsoft/CMake/Ninja/ninja.exe" -v -v -j17 install
[0/1] C:\WINDOWS\system32\cmd.exe /C "cd /D C:\Users\Husky\source\repos\SynVHQ\vcpkg_installed\vcpkg\blds\boost-algorithm\x64-windows-rel && "C:\Program Files\Microsoft Visual Studio\2022\Community\Common7\IDE\CommonExtensions\Microsoft\CMake\CMake\bin\cmake.exe" -P cmake_install.cmake"
-- Install configuration: "Release"
-- Installing: C:/Users/Husky/source/repos/SynVHQ/vcpkg_installed/vcpkg/pkgs/boost-algorithm_x64-windows/include
-- Installing: C:/Users/Husky/source/repos/SynVHQ/vcpkg_installed/vcpkg/pkgs/boost-algorithm_x64-windows/include/boost
-- Installing: C:/Users/Husky/source/repos/SynVHQ/vcpkg_installed/vcpkg/pkgs/boost-algorithm_x64-windows/include/boost/algorithm
-- Installing: C:/Users/Husky/source/repos/SynVHQ/vcpkg_installed/vcpkg/pkgs/boost-algorithm_x64-windows/include/boost/algorithm/algorithm.hpp
-- Installing: C:/Users/Husky/source/repos/SynVHQ/vcpkg_installed/vcpkg/pkgs/boost-algorithm_x64-windows/include/boost/algorithm/apply_permutation.hpp
-- Installing: C:/Users/Husky/source/repos/SynVHQ/vcpkg_installed/vcpkg/pkgs/boost-algorithm_x64-windows/include/boost/algorithm/clamp.hpp
-- Installing: C:/Users/Husky/source/repos/SynVHQ/vcpkg_installed/vcpkg/pkgs/boost-algorithm_x64-windows/include/boost/algorithm/cxx11
-- Installing: C:/Users/Husky/source/repos/SynVHQ/vcpkg_installed/vcpkg/pkgs/boost-algorithm_x64-windows/include/boost/algorithm/cxx11/all_of.hpp
-- Installing: C:/Users/Husky/source/repos/SynVHQ/vcpkg_installed/vcpkg/pkgs/boost-algorithm_x64-windows/include/boost/algorithm/cxx11/any_of.hpp
-- Installing: C:/Users/Husky/source/repos/SynVHQ/vcpkg_installed/vcpkg/pkgs/boost-algorithm_x64-windows/include/boost/algorithm/cxx11/copy_if.hpp
-- Installing: C:/Users/Husky/source/repos/SynVHQ/vcpkg_installed/vcpkg/pkgs/boost-algorithm_x64-windows/include/boost/algorithm/cxx11/copy_n.hpp
-- Installing: C:/Users/Husky/source/repos/SynVHQ/vcpkg_installed/vcpkg/pkgs/boost-algorithm_x64-windows/include/boost/algorithm/cxx11/find_if_not.hpp
-- Installing: C:/Users/Husky/source/repos/SynVHQ/vcpkg_installed/vcpkg/pkgs/boost-algorithm_x64-windows/include/boost/algorithm/cxx11/iota.hpp
-- Installing: C:/Users/Husky/source/repos/SynVHQ/vcpkg_installed/vcpkg/pkgs/boost-algorithm_x64-windows/include/boost/algorithm/cxx11/is_partitioned.hpp
-- Installing: C:/Users/Husky/source/repos/SynVHQ/vcpkg_installed/vcpkg/pkgs/boost-algorithm_x64-windows/include/boost/algorithm/cxx11/is_permutation.hpp
-- Installing: C:/Users/Husky/source/repos/SynVHQ/vcpkg_installed/vcpkg/pkgs/boost-algorithm_x64-windows/include/boost/algorithm/cxx11/is_sorted.hpp
-- Installing: C:/Users/Husky/source/repos/SynVHQ/vcpkg_installed/vcpkg/pkgs/boost-algorithm_x64-windows/include/boost/algorithm/cxx11/none_of.hpp
-- Installing: C:/Users/Husky/source/repos/SynVHQ/vcpkg_installed/vcpkg/pkgs/boost-algorithm_x64-windows/include/boost/algorithm/cxx11/one_of.hpp
-- Installing: C:/Users/Husky/source/repos/SynVHQ/vcpkg_installed/vcpkg/pkgs/boost-algorithm_x64-windows/include/boost/algorithm/cxx11/partition_copy.hpp
-- Installing: C:/Users/Husky/source/repos/SynVHQ/vcpkg_installed/vcpkg/pkgs/boost-algorithm_x64-windows/include/boost/algorithm/cxx11/partition_point.hpp
-- Installing: C:/Users/Husky/source/repos/SynVHQ/vcpkg_installed/vcpkg/pkgs/boost-algorithm_x64-windows/include/boost/algorithm/cxx14
-- Installing: C:/Users/Husky/source/repos/SynVHQ/vcpkg_installed/vcpkg/pkgs/boost-algorithm_x64-windows/include/boost/algorithm/cxx14/equal.hpp
-- Installing: C:/Users/Husky/source/repos/SynVHQ/vcpkg_installed/vcpkg/pkgs/boost-algorithm_x64-windows/include/boost/algorithm/cxx14/is_permutation.hpp
-- Installing: C:/Users/Husky/source/repos/SynVHQ/vcpkg_installed/vcpkg/pkgs/boost-algorithm_x64-windows/include/boost/algorithm/cxx14/mismatch.hpp
-- Installing: C:/Users/Husky/source/repos/SynVHQ/vcpkg_installed/vcpkg/pkgs/boost-algorithm_x64-windows/include/boost/algorithm/cxx17
-- Installing: C:/Users/Husky/source/repos/SynVHQ/vcpkg_installed/vcpkg/pkgs/boost-algorithm_x64-windows/include/boost/algorithm/cxx17/exclusive_scan.hpp
-- Installing: C:/Users/Husky/source/repos/SynVHQ/vcpkg_installed/vcpkg/pkgs/boost-algorithm_x64-windows/include/boost/algorithm/cxx17/for_each_n.hpp
-- Installing: C:/Users/Husky/source/repos/SynVHQ/vcpkg_installed/vcpkg/pkgs/boost-algorithm_x64-windows/include/boost/algorithm/cxx17/inclusive_scan.hpp
-- Installing: C:/Users/Husky/source/repos/SynVHQ/vcpkg_installed/vcpkg/pkgs/boost-algorithm_x64-windows/include/boost/algorithm/cxx17/reduce.hpp
-- Installing: C:/Users/Husky/source/repos/SynVHQ/vcpkg_installed/vcpkg/pkgs/boost-algorithm_x64-windows/include/boost/algorithm/cxx17/transform_exclusive_scan.hpp
-- Installing: C:/Users/Husky/source/repos/SynVHQ/vcpkg_installed/vcpkg/pkgs/boost-algorithm_x64-windows/include/boost/algorithm/cxx17/transform_inclusive_scan.hpp
-- Installing: C:/Users/Husky/source/repos/SynVHQ/vcpkg_installed/vcpkg/pkgs/boost-algorithm_x64-windows/include/boost/algorithm/cxx17/transform_reduce.hpp
-- Installing: C:/Users/Husky/source/repos/SynVHQ/vcpkg_installed/vcpkg/pkgs/boost-algorithm_x64-windows/include/boost/algorithm/find_backward.hpp
-- Installing: C:/Users/Husky/source/repos/SynVHQ/vcpkg_installed/vcpkg/pkgs/boost-algorithm_x64-windows/include/boost/algorithm/find_not.hpp
-- Installing: C:/Users/Husky/source/repos/SynVHQ/vcpkg_installed/vcpkg/pkgs/boost-algorithm_x64-windows/include/boost/algorithm/gather.hpp
-- Installing: C:/Users/Husky/source/repos/SynVHQ/vcpkg_installed/vcpkg/pkgs/boost-algorithm_x64-windows/include/boost/algorithm/hex.hpp
-- Installing: C:/Users/Husky/source/repos/SynVHQ/vcpkg_installed/vcpkg/pkgs/boost-algorithm_x64-windows/include/boost/algorithm/is_clamped.hpp
-- Installing: C:/Users/Husky/source/repos/SynVHQ/vcpkg_installed/vcpkg/pkgs/boost-algorithm_x64-windows/include/boost/algorithm/is_palindrome.hpp
-- Installing: C:/Users/Husky/source/repos/SynVHQ/vcpkg_installed/vcpkg/pkgs/boost-algorithm_x64-windows/include/boost/algorithm/is_partitioned_until.hpp
-- Installing: C:/Users/Husky/source/repos/SynVHQ/vcpkg_installed/vcpkg/pkgs/boost-algorithm_x64-windows/include/boost/algorithm/minmax.hpp
-- Installing: C:/Users/Husky/source/repos/SynVHQ/vcpkg_installed/vcpkg/pkgs/boost-algorithm_x64-windows/include/boost/algorithm/minmax_element.hpp
-- Installing: C:/Users/Husky/source/repos/SynVHQ/vcpkg_installed/vcpkg/pkgs/boost-algorithm_x64-windows/include/boost/algorithm/searching
-- Installing: C:/Users/Husky/source/repos/SynVHQ/vcpkg_installed/vcpkg/pkgs/boost-algorithm_x64-windows/include/boost/algorithm/searching/boyer_moore.hpp
-- Installing: C:/Users/Husky/source/repos/SynVHQ/vcpkg_installed/vcpkg/pkgs/boost-algorithm_x64-windows/include/boost/algorithm/searching/boyer_moore_horspool.hpp
-- Installing: C:/Users/Husky/source/repos/SynVHQ/vcpkg_installed/vcpkg/pkgs/boost-algorithm_x64-windows/include/boost/algorithm/searching/detail
-- Installing: C:/Users/Husky/source/repos/SynVHQ/vcpkg_installed/vcpkg/pkgs/boost-algorithm_x64-windows/include/boost/algorithm/searching/detail/bm_traits.hpp
-- Installing: C:/Users/Husky/source/repos/SynVHQ/vcpkg_installed/vcpkg/pkgs/boost-algorithm_x64-windows/include/boost/algorithm/searching/detail/debugging.hpp
-- Installing: C:/Users/Husky/source/repos/SynVHQ/vcpkg_installed/vcpkg/pkgs/boost-algorithm_x64-windows/include/boost/algorithm/searching/knuth_morris_pratt.hpp
-- Installing: C:/Users/Husky/source/repos/SynVHQ/vcpkg_installed/vcpkg/pkgs/boost-algorithm_x64-windows/include/boost/algorithm/sort_subrange.hpp
-- Installing: C:/Users/Husky/source/repos/SynVHQ/vcpkg_installed/vcpkg/pkgs/boost-algorithm_x64-windows/include/boost/algorithm/string
-- Installing: C:/Users/Husky/source/repos/SynVHQ/vcpkg_installed/vcpkg/pkgs/boost-algorithm_x64-windows/include/boost/algorithm/string/case_conv.hpp
-- Installing: C:/Users/Husky/source/repos/SynVHQ/vcpkg_installed/vcpkg/pkgs/boost-algorithm_x64-windows/include/boost/algorithm/string/classification.hpp
-- Installing: C:/Users/Husky/source/repos/SynVHQ/vcpkg_installed/vcpkg/pkgs/boost-algorithm_x64-windows/include/boost/algorithm/string/compare.hpp
-- Installing: C:/Users/Husky/source/repos/SynVHQ/vcpkg_installed/vcpkg/pkgs/boost-algorithm_x64-windows/include/boost/algorithm/string/concept.hpp
-- Installing: C:/Users/Husky/source/repos/SynVHQ/vcpkg_installed/vcpkg/pkgs/boost-algorithm_x64-windows/include/boost/algorithm/string/config.hpp
-- Installing: C:/Users/Husky/source/repos/SynVHQ/vcpkg_installed/vcpkg/pkgs/boost-algorithm_x64-windows/include/boost/algorithm/string/constants.hpp
-- Installing: C:/Users/Husky/source/repos/SynVHQ/vcpkg_installed/vcpkg/pkgs/boost-algorithm_x64-windows/include/boost/algorithm/string/detail
-- Installing: C:/Users/Husky/source/repos/SynVHQ/vcpkg_installed/vcpkg/pkgs/boost-algorithm_x64-windows/include/boost/algorithm/string/detail/case_conv.hpp
-- Installing: C:/Users/Husky/source/repos/SynVHQ/vcpkg_installed/vcpkg/pkgs/boost-algorithm_x64-windows/include/boost/algorithm/string/detail/classification.hpp
-- Installing: C:/Users/Husky/source/repos/SynVHQ/vcpkg_installed/vcpkg/pkgs/boost-algorithm_x64-windows/include/boost/algorithm/string/detail/finder.hpp
-- Installing: C:/Users/Husky/source/repos/SynVHQ/vcpkg_installed/vcpkg/pkgs/boost-algorithm_x64-windows/include/boost/algorithm/string/detail/finder_regex.hpp
-- Installing: C:/Users/Husky/source/repos/SynVHQ/vcpkg_installed/vcpkg/pkgs/boost-algorithm_x64-windows/include/boost/algorithm/string/detail/find_format.hpp
-- Installing: C:/Users/Husky/source/repos/SynVHQ/vcpkg_installed/vcpkg/pkgs/boost-algorithm_x64-windows/include/boost/algorithm/string/detail/find_format_all.hpp
-- Installing: C:/Users/Husky/source/repos/SynVHQ/vcpkg_installed/vcpkg/pkgs/boost-algorithm_x64-windows/include/boost/algorithm/string/detail/find_format_store.hpp
-- Installing: C:/Users/Husky/source/repos/SynVHQ/vcpkg_installed/vcpkg/pkgs/boost-algorithm_x64-windows/include/boost/algorithm/string/detail/find_iterator.hpp
-- Installing: C:/Users/Husky/source/repos/SynVHQ/vcpkg_installed/vcpkg/pkgs/boost-algorithm_x64-windows/include/boost/algorithm/string/detail/formatter.hpp
-- Installing: C:/Users/Husky/source/repos/SynVHQ/vcpkg_installed/vcpkg/pkgs/boost-algorithm_x64-windows/include/boost/algorithm/string/detail/formatter_regex.hpp
-- Installing: C:/Users/Husky/source/repos/SynVHQ/vcpkg_installed/vcpkg/pkgs/boost-algorithm_x64-windows/include/boost/algorithm/string/detail/predicate.hpp
-- Installing: C:/Users/Husky/source/repos/SynVHQ/vcpkg_installed/vcpkg/pkgs/boost-algorithm_x64-windows/include/boost/algorithm/string/detail/replace_storage.hpp
-- Installing: C:/Users/Husky/source/repos/SynVHQ/vcpkg_installed/vcpkg/pkgs/boost-algorithm_x64-windows/include/boost/algorithm/string/detail/sequence.hpp
-- Installing: C:/Users/Husky/source/repos/SynVHQ/vcpkg_installed/vcpkg/pkgs/boost-algorithm_x64-windows/include/boost/algorithm/string/detail/trim.hpp
-- Installing: C:/Users/Husky/source/repos/SynVHQ/vcpkg_installed/vcpkg/pkgs/boost-algorithm_x64-windows/include/boost/algorithm/string/detail/util.hpp
-- Installing: C:/Users/Husky/source/repos/SynVHQ/vcpkg_installed/vcpkg/pkgs/boost-algorithm_x64-windows/include/boost/algorithm/string/erase.hpp
-- Installing: C:/Users/Husky/source/repos/SynVHQ/vcpkg_installed/vcpkg/pkgs/boost-algorithm_x64-windows/include/boost/algorithm/string/find.hpp
-- Installing: C:/Users/Husky/source/repos/SynVHQ/vcpkg_installed/vcpkg/pkgs/boost-algorithm_x64-windows/include/boost/algorithm/string/finder.hpp
-- Installing: C:/Users/Husky/source/repos/SynVHQ/vcpkg_installed/vcpkg/pkgs/boost-algorithm_x64-windows/include/boost/algorithm/string/find_format.hpp
-- Installing: C:/Users/Husky/source/repos/SynVHQ/vcpkg_installed/vcpkg/pkgs/boost-algorithm_x64-windows/include/boost/algorithm/string/find_iterator.hpp
-- Installing: C:/Users/Husky/source/repos/SynVHQ/vcpkg_installed/vcpkg/pkgs/boost-algorithm_x64-windows/include/boost/algorithm/string/formatter.hpp
-- Installing: C:/Users/Husky/source/repos/SynVHQ/vcpkg_installed/vcpkg/pkgs/boost-algorithm_x64-windows/include/boost/algorithm/string/iter_find.hpp
-- Installing: C:/Users/Husky/source/repos/SynVHQ/vcpkg_installed/vcpkg/pkgs/boost-algorithm_x64-windows/include/boost/algorithm/string/join.hpp
-- Installing: C:/Users/Husky/source/repos/SynVHQ/vcpkg_installed/vcpkg/pkgs/boost-algorithm_x64-windows/include/boost/algorithm/string/predicate.hpp
-- Installing: C:/Users/Husky/source/repos/SynVHQ/vcpkg_installed/vcpkg/pkgs/boost-algorithm_x64-windows/include/boost/algorithm/string/predicate_facade.hpp
-- Installing: C:/Users/Husky/source/repos/SynVHQ/vcpkg_installed/vcpkg/pkgs/boost-algorithm_x64-windows/include/boost/algorithm/string/regex.hpp
-- Installing: C:/Users/Husky/source/repos/SynVHQ/vcpkg_installed/vcpkg/pkgs/boost-algorithm_x64-windows/include/boost/algorithm/string/regex_find_format.hpp
-- Installing: C:/Users/Husky/source/repos/SynVHQ/vcpkg_installed/vcpkg/pkgs/boost-algorithm_x64-windows/include/boost/algorithm/string/replace.hpp
-- Installing: C:/Users/Husky/source/repos/SynVHQ/vcpkg_installed/vcpkg/pkgs/boost-algorithm_x64-windows/include/boost/algorithm/string/sequence_traits.hpp
-- Installing: C:/Users/Husky/source/repos/SynVHQ/vcpkg_installed/vcpkg/pkgs/boost-algorithm_x64-windows/include/boost/algorithm/string/split.hpp
-- Installing: C:/Users/Husky/source/repos/SynVHQ/vcpkg_installed/vcpkg/pkgs/boost-algorithm_x64-windows/include/boost/algorithm/string/std
-- Installing: C:/Users/Husky/source/repos/SynVHQ/vcpkg_installed/vcpkg/pkgs/boost-algorithm_x64-windows/include/boost/algorithm/string/std/list_traits.hpp
-- Installing: C:/Users/Husky/source/repos/SynVHQ/vcpkg_installed/vcpkg/pkgs/boost-algorithm_x64-windows/include/boost/algorithm/string/std/rope_traits.hpp
-- Installing: C:/Users/Husky/source/repos/SynVHQ/vcpkg_installed/vcpkg/pkgs/boost-algorithm_x64-windows/include/boost/algorithm/string/std/slist_traits.hpp
-- Installing: C:/Users/Husky/source/repos/SynVHQ/vcpkg_installed/vcpkg/pkgs/boost-algorithm_x64-windows/include/boost/algorithm/string/std/string_traits.hpp
-- Installing: C:/Users/Husky/source/repos/SynVHQ/vcpkg_installed/vcpkg/pkgs/boost-algorithm_x64-windows/include/boost/algorithm/string/std_containers_traits.hpp
-- Installing: C:/Users/Husky/source/repos/SynVHQ/vcpkg_installed/vcpkg/pkgs/boost-algorithm_x64-windows/include/boost/algorithm/string/trim.hpp
-- Installing: C:/Users/Husky/source/repos/SynVHQ/vcpkg_installed/vcpkg/pkgs/boost-algorithm_x64-windows/include/boost/algorithm/string/trim_all.hpp
-- Installing: C:/Users/Husky/source/repos/SynVHQ/vcpkg_installed/vcpkg/pkgs/boost-algorithm_x64-windows/include/boost/algorithm/string/yes_no_type.hpp
-- Installing: C:/Users/Husky/source/repos/SynVHQ/vcpkg_installed/vcpkg/pkgs/boost-algorithm_x64-windows/include/boost/algorithm/string.hpp
-- Installing: C:/Users/Husky/source/repos/SynVHQ/vcpkg_installed/vcpkg/pkgs/boost-algorithm_x64-windows/include/boost/algorithm/string_regex.hpp
-- Installing: C:/Users/Husky/source/repos/SynVHQ/vcpkg_installed/vcpkg/pkgs/boost-algorithm_x64-windows/lib/cmake/boost_algorithm-1.86.0/boost_algorithm-targets.cmake
-- Installing: C:/Users/Husky/source/repos/SynVHQ/vcpkg_installed/vcpkg/pkgs/boost-algorithm_x64-windows/lib/cmake/boost_algorithm-1.86.0/boost_algorithm-config.cmake
-- Installing: C:/Users/Husky/source/repos/SynVHQ/vcpkg_installed/vcpkg/pkgs/boost-algorithm_x64-windows/lib/cmake/boost_algorithm-1.86.0/boost_algorithm-config-version.cmake

