Change Dir: 'C:/Users/Husky/source/repos/SynVHQ/vcpkg_installed/vcpkg/blds/boost-atomic/x64-windows-rel'

Run Build Command(s): "C:/Program Files/Microsoft Visual Studio/2022/Community/Common7/IDE/CommonExtensions/Microsoft/CMake/Ninja/ninja.exe" -v -v -j17 install
[1/4] C:\PROGRA~1\MICROS~4\2022\COMMUN~1\VC\Tools\MSVC\1443~1.348\bin\Hostx64\x64\cl.exe   /TP -DBOOST_ATOMIC_DYN_LINK -DBOOST_ATOMIC_NO_LIB -DBOOST_ATOMIC_SOURCE -Dboost_atomic_EXPORTS -IC:\Users\Husky\source\repos\SynVHQ\vcpkg_installed\vcpkg\blds\boost-atomic\src\ost-1.86.0-3ac6f9dddb.clean\libs\atomic\include -IC:\Users\Husky\source\repos\SynVHQ\vcpkg_installed\vcpkg\blds\boost-atomic\src\ost-1.86.0-3ac6f9dddb.clean\libs\atomic\src -external:IC:\Users\Husky\source\repos\SynVHQ\vcpkg_installed\x64-windows\include -external:W0 /nologo /DWIN32 /D_WINDOWS /utf-8 /GR /EHsc /MP  /MD /O2 /Oi /Gy /DNDEBUG /Z7  -MD /showIncludes /Folibs\atomic\CMakeFiles\boost_atomic.dir\src\wait_on_address.cpp.obj /Fdlibs\atomic\CMakeFiles\boost_atomic.dir\ /FS -c C:\Users\Husky\source\repos\SynVHQ\vcpkg_installed\vcpkg\blds\boost-atomic\src\ost-1.86.0-3ac6f9dddb.clean\libs\atomic\src\wait_on_address.cpp
[2/4] C:\PROGRA~1\MICROS~4\2022\COMMUN~1\VC\Tools\MSVC\1443~1.348\bin\Hostx64\x64\cl.exe   /TP -DBOOST_ATOMIC_DYN_LINK -DBOOST_ATOMIC_NO_LIB -DBOOST_ATOMIC_SOURCE -Dboost_atomic_EXPORTS -IC:\Users\Husky\source\repos\SynVHQ\vcpkg_installed\vcpkg\blds\boost-atomic\src\ost-1.86.0-3ac6f9dddb.clean\libs\atomic\include -IC:\Users\Husky\source\repos\SynVHQ\vcpkg_installed\vcpkg\blds\boost-atomic\src\ost-1.86.0-3ac6f9dddb.clean\libs\atomic\src -external:IC:\Users\Husky\source\repos\SynVHQ\vcpkg_installed\x64-windows\include -external:W0 /nologo /DWIN32 /D_WINDOWS /utf-8 /GR /EHsc /MP  /MD /O2 /Oi /Gy /DNDEBUG /Z7  -MD /showIncludes /Folibs\atomic\CMakeFiles\boost_atomic.dir\src\lock_pool.cpp.obj /Fdlibs\atomic\CMakeFiles\boost_atomic.dir\ /FS -c C:\Users\Husky\source\repos\SynVHQ\vcpkg_installed\vcpkg\blds\boost-atomic\src\ost-1.86.0-3ac6f9dddb.clean\libs\atomic\src\lock_pool.cpp
[3/4] C:\WINDOWS\system32\cmd.exe /C "cd . && "C:\Program Files\Microsoft Visual Studio\2022\Community\Common7\IDE\CommonExtensions\Microsoft\CMake\CMake\bin\cmake.exe" -E vs_link_dll --intdir=libs\atomic\CMakeFiles\boost_atomic.dir --rc=C:\PROGRA~2\WI3CF2~1\10\bin\100226~1.0\x64\rc.exe --mt=C:\PROGRA~2\WI3CF2~1\10\bin\100226~1.0\x64\mt.exe --manifests  -- C:\PROGRA~1\MICROS~4\2022\COMMUN~1\VC\Tools\MSVC\1443~1.348\bin\Hostx64\x64\link.exe  libs\atomic\CMakeFiles\boost_atomic.dir\src\lock_pool.cpp.obj libs\atomic\CMakeFiles\boost_atomic.dir\src\wait_on_address.cpp.obj  /out:stage\bin\boost_atomic-vc143-mt-x64-1_86.dll /implib:stage\lib\boost_atomic-vc143-mt-x64-1_86.lib /pdb:stage\bin\boost_atomic-vc143-mt-x64-1_86.pdb /dll /version:1.86 /machine:x64 /nologo /DEBUG /INCREMENTAL:NO /OPT:REF /OPT:ICF  synchronization.lib  kernel32.lib user32.lib gdi32.lib winspool.lib shell32.lib ole32.lib oleaut32.lib uuid.lib comdlg32.lib advapi32.lib && cd ."
[3/4] C:\WINDOWS\system32\cmd.exe /C "cd /D C:\Users\Husky\source\repos\SynVHQ\vcpkg_installed\vcpkg\blds\boost-atomic\x64-windows-rel && "C:\Program Files\Microsoft Visual Studio\2022\Community\Common7\IDE\CommonExtensions\Microsoft\CMake\CMake\bin\cmake.exe" -P cmake_install.cmake"
-- Install configuration: "Release"
-- Installing: C:/Users/Husky/source/repos/SynVHQ/vcpkg_installed/vcpkg/pkgs/boost-atomic_x64-windows/include
-- Installing: C:/Users/Husky/source/repos/SynVHQ/vcpkg_installed/vcpkg/pkgs/boost-atomic_x64-windows/include/boost
-- Installing: C:/Users/Husky/source/repos/SynVHQ/vcpkg_installed/vcpkg/pkgs/boost-atomic_x64-windows/include/boost/atomic
-- Installing: C:/Users/Husky/source/repos/SynVHQ/vcpkg_installed/vcpkg/pkgs/boost-atomic_x64-windows/include/boost/atomic/atomic.hpp
-- Installing: C:/Users/Husky/source/repos/SynVHQ/vcpkg_installed/vcpkg/pkgs/boost-atomic_x64-windows/include/boost/atomic/atomic_flag.hpp
-- Installing: C:/Users/Husky/source/repos/SynVHQ/vcpkg_installed/vcpkg/pkgs/boost-atomic_x64-windows/include/boost/atomic/atomic_ref.hpp
-- Installing: C:/Users/Husky/source/repos/SynVHQ/vcpkg_installed/vcpkg/pkgs/boost-atomic_x64-windows/include/boost/atomic/capabilities.hpp
-- Installing: C:/Users/Husky/source/repos/SynVHQ/vcpkg_installed/vcpkg/pkgs/boost-atomic_x64-windows/include/boost/atomic/detail
-- Installing: C:/Users/Husky/source/repos/SynVHQ/vcpkg_installed/vcpkg/pkgs/boost-atomic_x64-windows/include/boost/atomic/detail/addressof.hpp
-- Installing: C:/Users/Husky/source/repos/SynVHQ/vcpkg_installed/vcpkg/pkgs/boost-atomic_x64-windows/include/boost/atomic/detail/aligned_variable.hpp
-- Installing: C:/Users/Husky/source/repos/SynVHQ/vcpkg_installed/vcpkg/pkgs/boost-atomic_x64-windows/include/boost/atomic/detail/atomic_flag_impl.hpp
-- Installing: C:/Users/Husky/source/repos/SynVHQ/vcpkg_installed/vcpkg/pkgs/boost-atomic_x64-windows/include/boost/atomic/detail/atomic_impl.hpp
-- Installing: C:/Users/Husky/source/repos/SynVHQ/vcpkg_installed/vcpkg/pkgs/boost-atomic_x64-windows/include/boost/atomic/detail/atomic_ref_impl.hpp
-- Installing: C:/Users/Husky/source/repos/SynVHQ/vcpkg_installed/vcpkg/pkgs/boost-atomic_x64-windows/include/boost/atomic/detail/bitwise_cast.hpp
-- Installing: C:/Users/Husky/source/repos/SynVHQ/vcpkg_installed/vcpkg/pkgs/boost-atomic_x64-windows/include/boost/atomic/detail/bitwise_fp_cast.hpp
-- Installing: C:/Users/Husky/source/repos/SynVHQ/vcpkg_installed/vcpkg/pkgs/boost-atomic_x64-windows/include/boost/atomic/detail/capabilities.hpp
-- Installing: C:/Users/Husky/source/repos/SynVHQ/vcpkg_installed/vcpkg/pkgs/boost-atomic_x64-windows/include/boost/atomic/detail/caps_arch_gcc_aarch32.hpp
-- Installing: C:/Users/Husky/source/repos/SynVHQ/vcpkg_installed/vcpkg/pkgs/boost-atomic_x64-windows/include/boost/atomic/detail/caps_arch_gcc_aarch64.hpp
-- Installing: C:/Users/Husky/source/repos/SynVHQ/vcpkg_installed/vcpkg/pkgs/boost-atomic_x64-windows/include/boost/atomic/detail/caps_arch_gcc_alpha.hpp
-- Installing: C:/Users/Husky/source/repos/SynVHQ/vcpkg_installed/vcpkg/pkgs/boost-atomic_x64-windows/include/boost/atomic/detail/caps_arch_gcc_arm.hpp
-- Installing: C:/Users/Husky/source/repos/SynVHQ/vcpkg_installed/vcpkg/pkgs/boost-atomic_x64-windows/include/boost/atomic/detail/caps_arch_gcc_ppc.hpp
-- Installing: C:/Users/Husky/source/repos/SynVHQ/vcpkg_installed/vcpkg/pkgs/boost-atomic_x64-windows/include/boost/atomic/detail/caps_arch_gcc_sparc.hpp
-- Installing: C:/Users/Husky/source/repos/SynVHQ/vcpkg_installed/vcpkg/pkgs/boost-atomic_x64-windows/include/boost/atomic/detail/caps_arch_gcc_x86.hpp
-- Installing: C:/Users/Husky/source/repos/SynVHQ/vcpkg_installed/vcpkg/pkgs/boost-atomic_x64-windows/include/boost/atomic/detail/caps_arch_msvc_arm.hpp
-- Installing: C:/Users/Husky/source/repos/SynVHQ/vcpkg_installed/vcpkg/pkgs/boost-atomic_x64-windows/include/boost/atomic/detail/caps_arch_msvc_x86.hpp
-- Installing: C:/Users/Husky/source/repos/SynVHQ/vcpkg_installed/vcpkg/pkgs/boost-atomic_x64-windows/include/boost/atomic/detail/caps_gcc_atomic.hpp
-- Installing: C:/Users/Husky/source/repos/SynVHQ/vcpkg_installed/vcpkg/pkgs/boost-atomic_x64-windows/include/boost/atomic/detail/caps_gcc_sync.hpp
-- Installing: C:/Users/Husky/source/repos/SynVHQ/vcpkg_installed/vcpkg/pkgs/boost-atomic_x64-windows/include/boost/atomic/detail/caps_linux_arm.hpp
-- Installing: C:/Users/Husky/source/repos/SynVHQ/vcpkg_installed/vcpkg/pkgs/boost-atomic_x64-windows/include/boost/atomic/detail/caps_windows.hpp
-- Installing: C:/Users/Husky/source/repos/SynVHQ/vcpkg_installed/vcpkg/pkgs/boost-atomic_x64-windows/include/boost/atomic/detail/cas_based_exchange.hpp
-- Installing: C:/Users/Husky/source/repos/SynVHQ/vcpkg_installed/vcpkg/pkgs/boost-atomic_x64-windows/include/boost/atomic/detail/classify.hpp
-- Installing: C:/Users/Husky/source/repos/SynVHQ/vcpkg_installed/vcpkg/pkgs/boost-atomic_x64-windows/include/boost/atomic/detail/config.hpp
-- Installing: C:/Users/Husky/source/repos/SynVHQ/vcpkg_installed/vcpkg/pkgs/boost-atomic_x64-windows/include/boost/atomic/detail/core_arch_operations.hpp
-- Installing: C:/Users/Husky/source/repos/SynVHQ/vcpkg_installed/vcpkg/pkgs/boost-atomic_x64-windows/include/boost/atomic/detail/core_arch_operations_fwd.hpp
-- Installing: C:/Users/Husky/source/repos/SynVHQ/vcpkg_installed/vcpkg/pkgs/boost-atomic_x64-windows/include/boost/atomic/detail/core_arch_ops_gcc_aarch32.hpp
-- Installing: C:/Users/Husky/source/repos/SynVHQ/vcpkg_installed/vcpkg/pkgs/boost-atomic_x64-windows/include/boost/atomic/detail/core_arch_ops_gcc_aarch64.hpp
-- Installing: C:/Users/Husky/source/repos/SynVHQ/vcpkg_installed/vcpkg/pkgs/boost-atomic_x64-windows/include/boost/atomic/detail/core_arch_ops_gcc_alpha.hpp
-- Installing: C:/Users/Husky/source/repos/SynVHQ/vcpkg_installed/vcpkg/pkgs/boost-atomic_x64-windows/include/boost/atomic/detail/core_arch_ops_gcc_arm.hpp
-- Installing: C:/Users/Husky/source/repos/SynVHQ/vcpkg_installed/vcpkg/pkgs/boost-atomic_x64-windows/include/boost/atomic/detail/core_arch_ops_gcc_ppc.hpp
-- Installing: C:/Users/Husky/source/repos/SynVHQ/vcpkg_installed/vcpkg/pkgs/boost-atomic_x64-windows/include/boost/atomic/detail/core_arch_ops_gcc_sparc.hpp
-- Installing: C:/Users/Husky/source/repos/SynVHQ/vcpkg_installed/vcpkg/pkgs/boost-atomic_x64-windows/include/boost/atomic/detail/core_arch_ops_gcc_x86.hpp
-- Installing: C:/Users/Husky/source/repos/SynVHQ/vcpkg_installed/vcpkg/pkgs/boost-atomic_x64-windows/include/boost/atomic/detail/core_arch_ops_msvc_arm.hpp
-- Installing: C:/Users/Husky/source/repos/SynVHQ/vcpkg_installed/vcpkg/pkgs/boost-atomic_x64-windows/include/boost/atomic/detail/core_arch_ops_msvc_x86.hpp
-- Installing: C:/Users/Husky/source/repos/SynVHQ/vcpkg_installed/vcpkg/pkgs/boost-atomic_x64-windows/include/boost/atomic/detail/core_operations.hpp
-- Installing: C:/Users/Husky/source/repos/SynVHQ/vcpkg_installed/vcpkg/pkgs/boost-atomic_x64-windows/include/boost/atomic/detail/core_operations_emulated.hpp
-- Installing: C:/Users/Husky/source/repos/SynVHQ/vcpkg_installed/vcpkg/pkgs/boost-atomic_x64-windows/include/boost/atomic/detail/core_operations_emulated_fwd.hpp
-- Installing: C:/Users/Husky/source/repos/SynVHQ/vcpkg_installed/vcpkg/pkgs/boost-atomic_x64-windows/include/boost/atomic/detail/core_operations_fwd.hpp
-- Installing: C:/Users/Husky/source/repos/SynVHQ/vcpkg_installed/vcpkg/pkgs/boost-atomic_x64-windows/include/boost/atomic/detail/core_ops_cas_based.hpp
-- Installing: C:/Users/Husky/source/repos/SynVHQ/vcpkg_installed/vcpkg/pkgs/boost-atomic_x64-windows/include/boost/atomic/detail/core_ops_gcc_atomic.hpp
-- Installing: C:/Users/Husky/source/repos/SynVHQ/vcpkg_installed/vcpkg/pkgs/boost-atomic_x64-windows/include/boost/atomic/detail/core_ops_gcc_sync.hpp
-- Installing: C:/Users/Husky/source/repos/SynVHQ/vcpkg_installed/vcpkg/pkgs/boost-atomic_x64-windows/include/boost/atomic/detail/core_ops_linux_arm.hpp
-- Installing: C:/Users/Husky/source/repos/SynVHQ/vcpkg_installed/vcpkg/pkgs/boost-atomic_x64-windows/include/boost/atomic/detail/core_ops_windows.hpp
-- Installing: C:/Users/Husky/source/repos/SynVHQ/vcpkg_installed/vcpkg/pkgs/boost-atomic_x64-windows/include/boost/atomic/detail/extending_cas_based_arithmetic.hpp
-- Installing: C:/Users/Husky/source/repos/SynVHQ/vcpkg_installed/vcpkg/pkgs/boost-atomic_x64-windows/include/boost/atomic/detail/extra_fp_operations.hpp
-- Installing: C:/Users/Husky/source/repos/SynVHQ/vcpkg_installed/vcpkg/pkgs/boost-atomic_x64-windows/include/boost/atomic/detail/extra_fp_operations_fwd.hpp
-- Installing: C:/Users/Husky/source/repos/SynVHQ/vcpkg_installed/vcpkg/pkgs/boost-atomic_x64-windows/include/boost/atomic/detail/extra_fp_ops_emulated.hpp
-- Installing: C:/Users/Husky/source/repos/SynVHQ/vcpkg_installed/vcpkg/pkgs/boost-atomic_x64-windows/include/boost/atomic/detail/extra_fp_ops_generic.hpp
-- Installing: C:/Users/Husky/source/repos/SynVHQ/vcpkg_installed/vcpkg/pkgs/boost-atomic_x64-windows/include/boost/atomic/detail/extra_operations.hpp
-- Installing: C:/Users/Husky/source/repos/SynVHQ/vcpkg_installed/vcpkg/pkgs/boost-atomic_x64-windows/include/boost/atomic/detail/extra_operations_fwd.hpp
-- Installing: C:/Users/Husky/source/repos/SynVHQ/vcpkg_installed/vcpkg/pkgs/boost-atomic_x64-windows/include/boost/atomic/detail/extra_ops_emulated.hpp
-- Installing: C:/Users/Husky/source/repos/SynVHQ/vcpkg_installed/vcpkg/pkgs/boost-atomic_x64-windows/include/boost/atomic/detail/extra_ops_gcc_aarch32.hpp
-- Installing: C:/Users/Husky/source/repos/SynVHQ/vcpkg_installed/vcpkg/pkgs/boost-atomic_x64-windows/include/boost/atomic/detail/extra_ops_gcc_aarch64.hpp
-- Installing: C:/Users/Husky/source/repos/SynVHQ/vcpkg_installed/vcpkg/pkgs/boost-atomic_x64-windows/include/boost/atomic/detail/extra_ops_gcc_arm.hpp
-- Installing: C:/Users/Husky/source/repos/SynVHQ/vcpkg_installed/vcpkg/pkgs/boost-atomic_x64-windows/include/boost/atomic/detail/extra_ops_gcc_ppc.hpp
-- Installing: C:/Users/Husky/source/repos/SynVHQ/vcpkg_installed/vcpkg/pkgs/boost-atomic_x64-windows/include/boost/atomic/detail/extra_ops_gcc_x86.hpp
-- Installing: C:/Users/Husky/source/repos/SynVHQ/vcpkg_installed/vcpkg/pkgs/boost-atomic_x64-windows/include/boost/atomic/detail/extra_ops_generic.hpp
-- Installing: C:/Users/Husky/source/repos/SynVHQ/vcpkg_installed/vcpkg/pkgs/boost-atomic_x64-windows/include/boost/atomic/detail/extra_ops_msvc_arm.hpp
-- Installing: C:/Users/Husky/source/repos/SynVHQ/vcpkg_installed/vcpkg/pkgs/boost-atomic_x64-windows/include/boost/atomic/detail/extra_ops_msvc_x86.hpp
-- Installing: C:/Users/Husky/source/repos/SynVHQ/vcpkg_installed/vcpkg/pkgs/boost-atomic_x64-windows/include/boost/atomic/detail/fence_arch_operations.hpp
-- Installing: C:/Users/Husky/source/repos/SynVHQ/vcpkg_installed/vcpkg/pkgs/boost-atomic_x64-windows/include/boost/atomic/detail/fence_arch_ops_gcc_aarch32.hpp
-- Installing: C:/Users/Husky/source/repos/SynVHQ/vcpkg_installed/vcpkg/pkgs/boost-atomic_x64-windows/include/boost/atomic/detail/fence_arch_ops_gcc_aarch64.hpp
-- Installing: C:/Users/Husky/source/repos/SynVHQ/vcpkg_installed/vcpkg/pkgs/boost-atomic_x64-windows/include/boost/atomic/detail/fence_arch_ops_gcc_alpha.hpp
-- Installing: C:/Users/Husky/source/repos/SynVHQ/vcpkg_installed/vcpkg/pkgs/boost-atomic_x64-windows/include/boost/atomic/detail/fence_arch_ops_gcc_arm.hpp
-- Installing: C:/Users/Husky/source/repos/SynVHQ/vcpkg_installed/vcpkg/pkgs/boost-atomic_x64-windows/include/boost/atomic/detail/fence_arch_ops_gcc_ppc.hpp
-- Installing: C:/Users/Husky/source/repos/SynVHQ/vcpkg_installed/vcpkg/pkgs/boost-atomic_x64-windows/include/boost/atomic/detail/fence_arch_ops_gcc_sparc.hpp
-- Installing: C:/Users/Husky/source/repos/SynVHQ/vcpkg_installed/vcpkg/pkgs/boost-atomic_x64-windows/include/boost/atomic/detail/fence_arch_ops_gcc_x86.hpp
-- Installing: C:/Users/Husky/source/repos/SynVHQ/vcpkg_installed/vcpkg/pkgs/boost-atomic_x64-windows/include/boost/atomic/detail/fence_arch_ops_msvc_arm.hpp
-- Installing: C:/Users/Husky/source/repos/SynVHQ/vcpkg_installed/vcpkg/pkgs/boost-atomic_x64-windows/include/boost/atomic/detail/fence_arch_ops_msvc_x86.hpp
-- Installing: C:/Users/Husky/source/repos/SynVHQ/vcpkg_installed/vcpkg/pkgs/boost-atomic_x64-windows/include/boost/atomic/detail/fence_operations.hpp
-- Installing: C:/Users/Husky/source/repos/SynVHQ/vcpkg_installed/vcpkg/pkgs/boost-atomic_x64-windows/include/boost/atomic/detail/fence_operations_emulated.hpp
-- Installing: C:/Users/Husky/source/repos/SynVHQ/vcpkg_installed/vcpkg/pkgs/boost-atomic_x64-windows/include/boost/atomic/detail/fence_ops_gcc_atomic.hpp
-- Installing: C:/Users/Husky/source/repos/SynVHQ/vcpkg_installed/vcpkg/pkgs/boost-atomic_x64-windows/include/boost/atomic/detail/fence_ops_gcc_sync.hpp
-- Installing: C:/Users/Husky/source/repos/SynVHQ/vcpkg_installed/vcpkg/pkgs/boost-atomic_x64-windows/include/boost/atomic/detail/fence_ops_linux_arm.hpp
-- Installing: C:/Users/Husky/source/repos/SynVHQ/vcpkg_installed/vcpkg/pkgs/boost-atomic_x64-windows/include/boost/atomic/detail/fence_ops_windows.hpp
-- Installing: C:/Users/Husky/source/repos/SynVHQ/vcpkg_installed/vcpkg/pkgs/boost-atomic_x64-windows/include/boost/atomic/detail/float_sizes.hpp
-- Installing: C:/Users/Husky/source/repos/SynVHQ/vcpkg_installed/vcpkg/pkgs/boost-atomic_x64-windows/include/boost/atomic/detail/footer.hpp
-- Installing: C:/Users/Husky/source/repos/SynVHQ/vcpkg_installed/vcpkg/pkgs/boost-atomic_x64-windows/include/boost/atomic/detail/fp_operations.hpp
-- Installing: C:/Users/Husky/source/repos/SynVHQ/vcpkg_installed/vcpkg/pkgs/boost-atomic_x64-windows/include/boost/atomic/detail/fp_operations_fwd.hpp
-- Installing: C:/Users/Husky/source/repos/SynVHQ/vcpkg_installed/vcpkg/pkgs/boost-atomic_x64-windows/include/boost/atomic/detail/fp_ops_emulated.hpp
-- Installing: C:/Users/Husky/source/repos/SynVHQ/vcpkg_installed/vcpkg/pkgs/boost-atomic_x64-windows/include/boost/atomic/detail/fp_ops_generic.hpp
-- Installing: C:/Users/Husky/source/repos/SynVHQ/vcpkg_installed/vcpkg/pkgs/boost-atomic_x64-windows/include/boost/atomic/detail/futex.hpp
-- Installing: C:/Users/Husky/source/repos/SynVHQ/vcpkg_installed/vcpkg/pkgs/boost-atomic_x64-windows/include/boost/atomic/detail/gcc_arm_asm_common.hpp
-- Installing: C:/Users/Husky/source/repos/SynVHQ/vcpkg_installed/vcpkg/pkgs/boost-atomic_x64-windows/include/boost/atomic/detail/gcc_atomic_memory_order_utils.hpp
-- Installing: C:/Users/Husky/source/repos/SynVHQ/vcpkg_installed/vcpkg/pkgs/boost-atomic_x64-windows/include/boost/atomic/detail/gcc_ppc_asm_common.hpp
-- Installing: C:/Users/Husky/source/repos/SynVHQ/vcpkg_installed/vcpkg/pkgs/boost-atomic_x64-windows/include/boost/atomic/detail/header.hpp
-- Installing: C:/Users/Husky/source/repos/SynVHQ/vcpkg_installed/vcpkg/pkgs/boost-atomic_x64-windows/include/boost/atomic/detail/integral_conversions.hpp
-- Installing: C:/Users/Husky/source/repos/SynVHQ/vcpkg_installed/vcpkg/pkgs/boost-atomic_x64-windows/include/boost/atomic/detail/interlocked.hpp
-- Installing: C:/Users/Husky/source/repos/SynVHQ/vcpkg_installed/vcpkg/pkgs/boost-atomic_x64-windows/include/boost/atomic/detail/intptr.hpp
-- Installing: C:/Users/Husky/source/repos/SynVHQ/vcpkg_installed/vcpkg/pkgs/boost-atomic_x64-windows/include/boost/atomic/detail/int_sizes.hpp
-- Installing: C:/Users/Husky/source/repos/SynVHQ/vcpkg_installed/vcpkg/pkgs/boost-atomic_x64-windows/include/boost/atomic/detail/link.hpp
-- Installing: C:/Users/Husky/source/repos/SynVHQ/vcpkg_installed/vcpkg/pkgs/boost-atomic_x64-windows/include/boost/atomic/detail/lock_pool.hpp
-- Installing: C:/Users/Husky/source/repos/SynVHQ/vcpkg_installed/vcpkg/pkgs/boost-atomic_x64-windows/include/boost/atomic/detail/memory_order_utils.hpp
-- Installing: C:/Users/Husky/source/repos/SynVHQ/vcpkg_installed/vcpkg/pkgs/boost-atomic_x64-windows/include/boost/atomic/detail/once_flag.hpp
-- Installing: C:/Users/Husky/source/repos/SynVHQ/vcpkg_installed/vcpkg/pkgs/boost-atomic_x64-windows/include/boost/atomic/detail/ops_gcc_aarch32_common.hpp
-- Installing: C:/Users/Husky/source/repos/SynVHQ/vcpkg_installed/vcpkg/pkgs/boost-atomic_x64-windows/include/boost/atomic/detail/ops_gcc_aarch64_common.hpp
-- Installing: C:/Users/Husky/source/repos/SynVHQ/vcpkg_installed/vcpkg/pkgs/boost-atomic_x64-windows/include/boost/atomic/detail/ops_gcc_arm_common.hpp
-- Installing: C:/Users/Husky/source/repos/SynVHQ/vcpkg_installed/vcpkg/pkgs/boost-atomic_x64-windows/include/boost/atomic/detail/ops_gcc_ppc_common.hpp
-- Installing: C:/Users/Husky/source/repos/SynVHQ/vcpkg_installed/vcpkg/pkgs/boost-atomic_x64-windows/include/boost/atomic/detail/ops_msvc_common.hpp
-- Installing: C:/Users/Husky/source/repos/SynVHQ/vcpkg_installed/vcpkg/pkgs/boost-atomic_x64-windows/include/boost/atomic/detail/pause.hpp
-- Installing: C:/Users/Husky/source/repos/SynVHQ/vcpkg_installed/vcpkg/pkgs/boost-atomic_x64-windows/include/boost/atomic/detail/platform.hpp
-- Installing: C:/Users/Husky/source/repos/SynVHQ/vcpkg_installed/vcpkg/pkgs/boost-atomic_x64-windows/include/boost/atomic/detail/storage_traits.hpp
-- Installing: C:/Users/Husky/source/repos/SynVHQ/vcpkg_installed/vcpkg/pkgs/boost-atomic_x64-windows/include/boost/atomic/detail/string_ops.hpp
-- Installing: C:/Users/Husky/source/repos/SynVHQ/vcpkg_installed/vcpkg/pkgs/boost-atomic_x64-windows/include/boost/atomic/detail/type_traits
-- Installing: C:/Users/Husky/source/repos/SynVHQ/vcpkg_installed/vcpkg/pkgs/boost-atomic_x64-windows/include/boost/atomic/detail/type_traits/alignment_of.hpp
-- Installing: C:/Users/Husky/source/repos/SynVHQ/vcpkg_installed/vcpkg/pkgs/boost-atomic_x64-windows/include/boost/atomic/detail/type_traits/conditional.hpp
-- Installing: C:/Users/Husky/source/repos/SynVHQ/vcpkg_installed/vcpkg/pkgs/boost-atomic_x64-windows/include/boost/atomic/detail/type_traits/has_unique_object_representations.hpp
-- Installing: C:/Users/Husky/source/repos/SynVHQ/vcpkg_installed/vcpkg/pkgs/boost-atomic_x64-windows/include/boost/atomic/detail/type_traits/integral_constant.hpp
-- Installing: C:/Users/Husky/source/repos/SynVHQ/vcpkg_installed/vcpkg/pkgs/boost-atomic_x64-windows/include/boost/atomic/detail/type_traits/is_enum.hpp
-- Installing: C:/Users/Husky/source/repos/SynVHQ/vcpkg_installed/vcpkg/pkgs/boost-atomic_x64-windows/include/boost/atomic/detail/type_traits/is_floating_point.hpp
-- Installing: C:/Users/Husky/source/repos/SynVHQ/vcpkg_installed/vcpkg/pkgs/boost-atomic_x64-windows/include/boost/atomic/detail/type_traits/is_function.hpp
-- Installing: C:/Users/Husky/source/repos/SynVHQ/vcpkg_installed/vcpkg/pkgs/boost-atomic_x64-windows/include/boost/atomic/detail/type_traits/is_iec559.hpp
-- Installing: C:/Users/Husky/source/repos/SynVHQ/vcpkg_installed/vcpkg/pkgs/boost-atomic_x64-windows/include/boost/atomic/detail/type_traits/is_integral.hpp
-- Installing: C:/Users/Husky/source/repos/SynVHQ/vcpkg_installed/vcpkg/pkgs/boost-atomic_x64-windows/include/boost/atomic/detail/type_traits/is_nothrow_default_constructible.hpp
-- Installing: C:/Users/Husky/source/repos/SynVHQ/vcpkg_installed/vcpkg/pkgs/boost-atomic_x64-windows/include/boost/atomic/detail/type_traits/is_signed.hpp
-- Installing: C:/Users/Husky/source/repos/SynVHQ/vcpkg_installed/vcpkg/pkgs/boost-atomic_x64-windows/include/boost/atomic/detail/type_traits/is_trivially_copyable.hpp
-- Installing: C:/Users/Husky/source/repos/SynVHQ/vcpkg_installed/vcpkg/pkgs/boost-atomic_x64-windows/include/boost/atomic/detail/type_traits/is_trivially_default_constructible.hpp
-- Installing: C:/Users/Husky/source/repos/SynVHQ/vcpkg_installed/vcpkg/pkgs/boost-atomic_x64-windows/include/boost/atomic/detail/type_traits/make_signed.hpp
-- Installing: C:/Users/Husky/source/repos/SynVHQ/vcpkg_installed/vcpkg/pkgs/boost-atomic_x64-windows/include/boost/atomic/detail/type_traits/make_unsigned.hpp
-- Installing: C:/Users/Husky/source/repos/SynVHQ/vcpkg_installed/vcpkg/pkgs/boost-atomic_x64-windows/include/boost/atomic/detail/type_traits/remove_cv.hpp
-- Installing: C:/Users/Husky/source/repos/SynVHQ/vcpkg_installed/vcpkg/pkgs/boost-atomic_x64-windows/include/boost/atomic/detail/wait_capabilities.hpp
-- Installing: C:/Users/Husky/source/repos/SynVHQ/vcpkg_installed/vcpkg/pkgs/boost-atomic_x64-windows/include/boost/atomic/detail/wait_caps_darwin_ulock.hpp
-- Installing: C:/Users/Husky/source/repos/SynVHQ/vcpkg_installed/vcpkg/pkgs/boost-atomic_x64-windows/include/boost/atomic/detail/wait_caps_dragonfly_umtx.hpp
-- Installing: C:/Users/Husky/source/repos/SynVHQ/vcpkg_installed/vcpkg/pkgs/boost-atomic_x64-windows/include/boost/atomic/detail/wait_caps_freebsd_umtx.hpp
-- Installing: C:/Users/Husky/source/repos/SynVHQ/vcpkg_installed/vcpkg/pkgs/boost-atomic_x64-windows/include/boost/atomic/detail/wait_caps_futex.hpp
-- Installing: C:/Users/Husky/source/repos/SynVHQ/vcpkg_installed/vcpkg/pkgs/boost-atomic_x64-windows/include/boost/atomic/detail/wait_caps_windows.hpp
-- Installing: C:/Users/Husky/source/repos/SynVHQ/vcpkg_installed/vcpkg/pkgs/boost-atomic_x64-windows/include/boost/atomic/detail/wait_on_address.hpp
-- Installing: C:/Users/Husky/source/repos/SynVHQ/vcpkg_installed/vcpkg/pkgs/boost-atomic_x64-windows/include/boost/atomic/detail/wait_operations.hpp
-- Installing: C:/Users/Husky/source/repos/SynVHQ/vcpkg_installed/vcpkg/pkgs/boost-atomic_x64-windows/include/boost/atomic/detail/wait_operations_fwd.hpp
-- Installing: C:/Users/Husky/source/repos/SynVHQ/vcpkg_installed/vcpkg/pkgs/boost-atomic_x64-windows/include/boost/atomic/detail/wait_ops_darwin_ulock.hpp
-- Installing: C:/Users/Husky/source/repos/SynVHQ/vcpkg_installed/vcpkg/pkgs/boost-atomic_x64-windows/include/boost/atomic/detail/wait_ops_dragonfly_umtx.hpp
-- Installing: C:/Users/Husky/source/repos/SynVHQ/vcpkg_installed/vcpkg/pkgs/boost-atomic_x64-windows/include/boost/atomic/detail/wait_ops_emulated.hpp
-- Installing: C:/Users/Husky/source/repos/SynVHQ/vcpkg_installed/vcpkg/pkgs/boost-atomic_x64-windows/include/boost/atomic/detail/wait_ops_freebsd_umtx.hpp
-- Installing: C:/Users/Husky/source/repos/SynVHQ/vcpkg_installed/vcpkg/pkgs/boost-atomic_x64-windows/include/boost/atomic/detail/wait_ops_futex.hpp
-- Installing: C:/Users/Husky/source/repos/SynVHQ/vcpkg_installed/vcpkg/pkgs/boost-atomic_x64-windows/include/boost/atomic/detail/wait_ops_generic.hpp
-- Installing: C:/Users/Husky/source/repos/SynVHQ/vcpkg_installed/vcpkg/pkgs/boost-atomic_x64-windows/include/boost/atomic/detail/wait_ops_windows.hpp
-- Installing: C:/Users/Husky/source/repos/SynVHQ/vcpkg_installed/vcpkg/pkgs/boost-atomic_x64-windows/include/boost/atomic/fences.hpp
-- Installing: C:/Users/Husky/source/repos/SynVHQ/vcpkg_installed/vcpkg/pkgs/boost-atomic_x64-windows/include/boost/atomic/ipc_atomic.hpp
-- Installing: C:/Users/Husky/source/repos/SynVHQ/vcpkg_installed/vcpkg/pkgs/boost-atomic_x64-windows/include/boost/atomic/ipc_atomic_flag.hpp
-- Installing: C:/Users/Husky/source/repos/SynVHQ/vcpkg_installed/vcpkg/pkgs/boost-atomic_x64-windows/include/boost/atomic/ipc_atomic_ref.hpp
-- Installing: C:/Users/Husky/source/repos/SynVHQ/vcpkg_installed/vcpkg/pkgs/boost-atomic_x64-windows/include/boost/atomic.hpp
-- Installing: C:/Users/Husky/source/repos/SynVHQ/vcpkg_installed/vcpkg/pkgs/boost-atomic_x64-windows/include/boost/memory_order.hpp
-- Installing: C:/Users/Husky/source/repos/SynVHQ/vcpkg_installed/vcpkg/pkgs/boost-atomic_x64-windows/lib/boost_atomic-vc143-mt-x64-1_86.lib
-- Installing: C:/Users/Husky/source/repos/SynVHQ/vcpkg_installed/vcpkg/pkgs/boost-atomic_x64-windows/bin/boost_atomic-vc143-mt-x64-1_86.dll
-- Installing: C:/Users/Husky/source/repos/SynVHQ/vcpkg_installed/vcpkg/pkgs/boost-atomic_x64-windows/bin/boost_atomic-vc143-mt-x64-1_86.pdb
-- Installing: C:/Users/Husky/source/repos/SynVHQ/vcpkg_installed/vcpkg/pkgs/boost-atomic_x64-windows/lib/cmake/boost_atomic-1.86.0/boost_atomic-targets.cmake
-- Installing: C:/Users/Husky/source/repos/SynVHQ/vcpkg_installed/vcpkg/pkgs/boost-atomic_x64-windows/lib/cmake/boost_atomic-1.86.0/boost_atomic-targets-release.cmake
-- Installing: C:/Users/Husky/source/repos/SynVHQ/vcpkg_installed/vcpkg/pkgs/boost-atomic_x64-windows/lib/cmake/boost_atomic-1.86.0/boost_atomic-config.cmake
-- Installing: C:/Users/Husky/source/repos/SynVHQ/vcpkg_installed/vcpkg/pkgs/boost-atomic_x64-windows/lib/cmake/boost_atomic-1.86.0/boost_atomic-config-version.cmake

