# CMAKE generated file: DO NOT EDIT!
# Generated by "Ninja" Generator, CMake Version 3.30

# This file contains all the build statements describing the
# compilation DAG.

# =============================================================================
# Write statements declared in CMakeLists.txt:
# 
# Which is the root file.
# =============================================================================

# =============================================================================
# Project: Boost
# Configurations: Debug
# =============================================================================

#############################################
# Minimal version of Ninja required by this file

ninja_required_version = 1.5


#############################################
# Set configuration variable for custom commands.

CONFIGURATION = Debug
# =============================================================================
# Include auxiliary files.


#############################################
# Include rules file.

include CMakeFiles\rules.ninja

# =============================================================================

#############################################
# Logical path to working directory; prefix for absolute paths.

cmake_ninja_workdir = C$:\Users\Husky\source\repos\SynVHQ\vcpkg_installed\vcpkg\blds\boost-date-time\x64-windows-dbg\

#############################################
# Utility command for tests

build tests: phony


#############################################
# Utility command for check

build check: phony CMakeFiles\check tests


#############################################
# Utility command for tests-quick

build tests-quick: phony


#############################################
# Utility command for check-quick

build check-quick: phony CMakeFiles\check-quick tests-quick


#############################################
# Utility command for edit_cache

build CMakeFiles\edit_cache.util: CUSTOM_COMMAND
  COMMAND = C:\WINDOWS\system32\cmd.exe /C "cd /D C:\Users\Husky\source\repos\SynVHQ\vcpkg_installed\vcpkg\blds\boost-date-time\x64-windows-dbg && "C:\Program Files\Microsoft Visual Studio\2022\Community\Common7\IDE\CommonExtensions\Microsoft\CMake\CMake\bin\cmake.exe" -E echo "No interactive CMake dialog available.""
  DESC = No interactive CMake dialog available...
  restat = 1

build edit_cache: phony CMakeFiles\edit_cache.util


#############################################
# Utility command for rebuild_cache

build CMakeFiles\rebuild_cache.util: CUSTOM_COMMAND
  COMMAND = C:\WINDOWS\system32\cmd.exe /C "cd /D C:\Users\Husky\source\repos\SynVHQ\vcpkg_installed\vcpkg\blds\boost-date-time\x64-windows-dbg && "C:\Program Files\Microsoft Visual Studio\2022\Community\Common7\IDE\CommonExtensions\Microsoft\CMake\CMake\bin\cmake.exe" --regenerate-during-build -SC:\Users\Husky\source\repos\SynVHQ\vcpkg_installed\vcpkg\blds\boost-date-time\src\ost-1.86.0-0ee3268484.clean -BC:\Users\Husky\source\repos\SynVHQ\vcpkg_installed\vcpkg\blds\boost-date-time\x64-windows-dbg"
  DESC = Running CMake to regenerate build system...
  pool = console
  restat = 1

build rebuild_cache: phony CMakeFiles\rebuild_cache.util


#############################################
# Utility command for list_install_components

build list_install_components: phony


#############################################
# Utility command for install

build CMakeFiles\install.util: CUSTOM_COMMAND all
  COMMAND = C:\WINDOWS\system32\cmd.exe /C "cd /D C:\Users\Husky\source\repos\SynVHQ\vcpkg_installed\vcpkg\blds\boost-date-time\x64-windows-dbg && "C:\Program Files\Microsoft Visual Studio\2022\Community\Common7\IDE\CommonExtensions\Microsoft\CMake\CMake\bin\cmake.exe" -P cmake_install.cmake"
  DESC = Install the project...
  pool = console
  restat = 1

build install: phony CMakeFiles\install.util


#############################################
# Utility command for install/local

build CMakeFiles\install\local.util: CUSTOM_COMMAND all
  COMMAND = C:\WINDOWS\system32\cmd.exe /C "cd /D C:\Users\Husky\source\repos\SynVHQ\vcpkg_installed\vcpkg\blds\boost-date-time\x64-windows-dbg && "C:\Program Files\Microsoft Visual Studio\2022\Community\Common7\IDE\CommonExtensions\Microsoft\CMake\CMake\bin\cmake.exe" -DCMAKE_INSTALL_LOCAL_ONLY=1 -P cmake_install.cmake"
  DESC = Installing only the local directory...
  pool = console
  restat = 1

build install\local: phony CMakeFiles\install\local.util


#############################################
# Custom command for CMakeFiles\check

build CMakeFiles\check | ${cmake_ninja_workdir}CMakeFiles\check: CUSTOM_COMMAND || tests
  COMMAND = C:\WINDOWS\system32\cmd.exe /C "cd /D C:\Users\Husky\source\repos\SynVHQ\vcpkg_installed\vcpkg\blds\boost-date-time\x64-windows-dbg && "C:\Program Files\Microsoft Visual Studio\2022\Community\Common7\IDE\CommonExtensions\Microsoft\CMake\CMake\bin\ctest.exe" --output-on-failure --no-tests=error -C Debug"


#############################################
# Custom command for CMakeFiles\check-quick

build CMakeFiles\check-quick | ${cmake_ninja_workdir}CMakeFiles\check-quick: CUSTOM_COMMAND || tests-quick
  COMMAND = C:\WINDOWS\system32\cmd.exe /C "cd /D C:\Users\Husky\source\repos\SynVHQ\vcpkg_installed\vcpkg\blds\boost-date-time\x64-windows-dbg && "C:\Program Files\Microsoft Visual Studio\2022\Community\Common7\IDE\CommonExtensions\Microsoft\CMake\CMake\bin\ctest.exe" --output-on-failure --no-tests=error -C Debug -R quick"

# =============================================================================
# Write statements declared in CMakeLists.txt:
# C:/Users/Husky/source/repos/SynVHQ/vcpkg_installed/x64-windows/share/boost/cmake-build/BoostRoot.cmake
# =============================================================================

# =============================================================================
# Object build statements for SHARED_LIBRARY target boost_date_time


#############################################
# Order-only phony target for boost_date_time

build cmake_object_order_depends_target_boost_date_time: phony || .

build libs\date_time\CMakeFiles\boost_date_time.dir\src\gregorian\greg_month.cpp.obj: CXX_COMPILER__boost_date_time_unscanned_Debug C$:\Users\Husky\source\repos\SynVHQ\vcpkg_installed\vcpkg\blds\boost-date-time\src\ost-1.86.0-0ee3268484.clean\libs\date_time\src\gregorian\greg_month.cpp || cmake_object_order_depends_target_boost_date_time
  DEFINES = -DBOOST_CONTAINER_DYN_LINK -DBOOST_CONTAINER_NO_LIB -DBOOST_DATE_TIME_DYN_LINK -DBOOST_DATE_TIME_NO_LIB -DBOOST_DATE_TIME_SOURCE -Dboost_date_time_EXPORTS
  FLAGS = /nologo /DWIN32 /D_WINDOWS /utf-8 /GR /EHsc /MP  /D_DEBUG /MDd /Z7 /Ob0 /Od /RTC1  -MDd
  INCLUDES = -IC:\Users\Husky\source\repos\SynVHQ\vcpkg_installed\vcpkg\blds\boost-date-time\src\ost-1.86.0-0ee3268484.clean\libs\date_time\include -external:IC:\Users\Husky\source\repos\SynVHQ\vcpkg_installed\x64-windows\include -external:W0
  OBJECT_DIR = libs\date_time\CMakeFiles\boost_date_time.dir
  OBJECT_FILE_DIR = libs\date_time\CMakeFiles\boost_date_time.dir\src\gregorian
  TARGET_COMPILE_PDB = libs\date_time\CMakeFiles\boost_date_time.dir\
  TARGET_PDB = stage\bin\boost_date_time-vc143-mt-gd-x64-1_86.pdb


# =============================================================================
# Link build statements for SHARED_LIBRARY target boost_date_time


#############################################
# Link the shared library stage\bin\boost_date_time-vc143-mt-gd-x64-1_86.dll

build stage\bin\boost_date_time-vc143-mt-gd-x64-1_86.dll stage\lib\boost_date_time-vc143-mt-gd-x64-1_86.lib: CXX_SHARED_LIBRARY_LINKER__boost_date_time_Debug libs\date_time\CMakeFiles\boost_date_time.dir\src\gregorian\greg_month.cpp.obj | C$:\Users\Husky\source\repos\SynVHQ\vcpkg_installed\x64-windows\debug\lib\boost_regex-vc143-mt-gd-x64-1_86.lib C$:\Users\Husky\source\repos\SynVHQ\vcpkg_installed\x64-windows\debug\lib\boost_container-vc143-mt-gd-x64-1_86.lib
  LANGUAGE_COMPILE_FLAGS = /nologo /DWIN32 /D_WINDOWS /utf-8 /GR /EHsc /MP  /D_DEBUG /MDd /Z7 /Ob0 /Od /RTC1  -MDd
  LINK_FLAGS = /machine:x64 /nologo    /debug /INCREMENTAL
  LINK_LIBRARIES = C:\Users\Husky\source\repos\SynVHQ\vcpkg_installed\x64-windows\debug\lib\boost_regex-vc143-mt-gd-x64-1_86.lib  C:\Users\Husky\source\repos\SynVHQ\vcpkg_installed\x64-windows\debug\lib\boost_container-vc143-mt-gd-x64-1_86.lib  kernel32.lib user32.lib gdi32.lib winspool.lib shell32.lib ole32.lib oleaut32.lib uuid.lib comdlg32.lib advapi32.lib
  OBJECT_DIR = libs\date_time\CMakeFiles\boost_date_time.dir
  POST_BUILD = cd .
  PRE_LINK = cd .
  RESTAT = 1
  TARGET_COMPILE_PDB = libs\date_time\CMakeFiles\boost_date_time.dir\
  TARGET_FILE = stage\bin\boost_date_time-vc143-mt-gd-x64-1_86.dll
  TARGET_IMPLIB = stage\lib\boost_date_time-vc143-mt-gd-x64-1_86.lib
  TARGET_PDB = stage\bin\boost_date_time-vc143-mt-gd-x64-1_86.pdb


#############################################
# Utility command for edit_cache

build libs\date_time\CMakeFiles\edit_cache.util: CUSTOM_COMMAND
  COMMAND = C:\WINDOWS\system32\cmd.exe /C "cd /D C:\Users\Husky\source\repos\SynVHQ\vcpkg_installed\vcpkg\blds\boost-date-time\x64-windows-dbg\libs\date_time && "C:\Program Files\Microsoft Visual Studio\2022\Community\Common7\IDE\CommonExtensions\Microsoft\CMake\CMake\bin\cmake.exe" -E echo "No interactive CMake dialog available.""
  DESC = No interactive CMake dialog available...
  restat = 1

build libs\date_time\edit_cache: phony libs\date_time\CMakeFiles\edit_cache.util


#############################################
# Utility command for rebuild_cache

build libs\date_time\CMakeFiles\rebuild_cache.util: CUSTOM_COMMAND
  COMMAND = C:\WINDOWS\system32\cmd.exe /C "cd /D C:\Users\Husky\source\repos\SynVHQ\vcpkg_installed\vcpkg\blds\boost-date-time\x64-windows-dbg\libs\date_time && "C:\Program Files\Microsoft Visual Studio\2022\Community\Common7\IDE\CommonExtensions\Microsoft\CMake\CMake\bin\cmake.exe" --regenerate-during-build -SC:\Users\Husky\source\repos\SynVHQ\vcpkg_installed\vcpkg\blds\boost-date-time\src\ost-1.86.0-0ee3268484.clean -BC:\Users\Husky\source\repos\SynVHQ\vcpkg_installed\vcpkg\blds\boost-date-time\x64-windows-dbg"
  DESC = Running CMake to regenerate build system...
  pool = console
  restat = 1

build libs\date_time\rebuild_cache: phony libs\date_time\CMakeFiles\rebuild_cache.util


#############################################
# Utility command for list_install_components

build libs\date_time\list_install_components: phony


#############################################
# Utility command for install

build libs\date_time\CMakeFiles\install.util: CUSTOM_COMMAND libs\date_time\all
  COMMAND = C:\WINDOWS\system32\cmd.exe /C "cd /D C:\Users\Husky\source\repos\SynVHQ\vcpkg_installed\vcpkg\blds\boost-date-time\x64-windows-dbg\libs\date_time && "C:\Program Files\Microsoft Visual Studio\2022\Community\Common7\IDE\CommonExtensions\Microsoft\CMake\CMake\bin\cmake.exe" -P cmake_install.cmake"
  DESC = Install the project...
  pool = console
  restat = 1

build libs\date_time\install: phony libs\date_time\CMakeFiles\install.util


#############################################
# Utility command for install/local

build libs\date_time\CMakeFiles\install\local.util: CUSTOM_COMMAND libs\date_time\all
  COMMAND = C:\WINDOWS\system32\cmd.exe /C "cd /D C:\Users\Husky\source\repos\SynVHQ\vcpkg_installed\vcpkg\blds\boost-date-time\x64-windows-dbg\libs\date_time && "C:\Program Files\Microsoft Visual Studio\2022\Community\Common7\IDE\CommonExtensions\Microsoft\CMake\CMake\bin\cmake.exe" -DCMAKE_INSTALL_LOCAL_ONLY=1 -P cmake_install.cmake"
  DESC = Installing only the local directory...
  pool = console
  restat = 1

build libs\date_time\install\local: phony libs\date_time\CMakeFiles\install\local.util

# =============================================================================
# Target aliases.

build boost_date_time: phony stage\bin\boost_date_time-vc143-mt-gd-x64-1_86.dll

build boost_date_time-vc143-mt-gd-x64-1_86.dll: phony stage\bin\boost_date_time-vc143-mt-gd-x64-1_86.dll

# =============================================================================
# Folder targets.

# =============================================================================

#############################################
# Folder: C:/Users/Husky/source/repos/SynVHQ/vcpkg_installed/vcpkg/blds/boost-date-time/x64-windows-dbg

build all: phony libs\date_time\all

# =============================================================================

#############################################
# Folder: C:/Users/Husky/source/repos/SynVHQ/vcpkg_installed/vcpkg/blds/boost-date-time/x64-windows-dbg/libs/date_time

build libs\date_time\all: phony stage\bin\boost_date_time-vc143-mt-gd-x64-1_86.dll

# =============================================================================
# Built-in targets


#############################################
# Re-run CMake if any of its inputs changed.

build build.ninja: RERUN_CMAKE | C$:\Program$ Files\Microsoft$ Visual$ Studio\2022\Community\Common7\IDE\CommonExtensions\Microsoft\CMake\CMake\share\cmake-3.30\Modules\BasicConfigVersion-SameMajorVersion.cmake.in C$:\Program$ Files\Microsoft$ Visual$ Studio\2022\Community\Common7\IDE\CommonExtensions\Microsoft\CMake\CMake\share\cmake-3.30\Modules\CMakeCXXCompiler.cmake.in C$:\Program$ Files\Microsoft$ Visual$ Studio\2022\Community\Common7\IDE\CommonExtensions\Microsoft\CMake\CMake\share\cmake-3.30\Modules\CMakeCXXCompilerABI.cpp C$:\Program$ Files\Microsoft$ Visual$ Studio\2022\Community\Common7\IDE\CommonExtensions\Microsoft\CMake\CMake\share\cmake-3.30\Modules\CMakeCXXInformation.cmake C$:\Program$ Files\Microsoft$ Visual$ Studio\2022\Community\Common7\IDE\CommonExtensions\Microsoft\CMake\CMake\share\cmake-3.30\Modules\CMakeCommonLanguageInclude.cmake C$:\Program$ Files\Microsoft$ Visual$ Studio\2022\Community\Common7\IDE\CommonExtensions\Microsoft\CMake\CMake\share\cmake-3.30\Modules\CMakeCompilerIdDetection.cmake C$:\Program$ Files\Microsoft$ Visual$ Studio\2022\Community\Common7\IDE\CommonExtensions\Microsoft\CMake\CMake\share\cmake-3.30\Modules\CMakeDependentOption.cmake C$:\Program$ Files\Microsoft$ Visual$ Studio\2022\Community\Common7\IDE\CommonExtensions\Microsoft\CMake\CMake\share\cmake-3.30\Modules\CMakeDetermineCXXCompiler.cmake C$:\Program$ Files\Microsoft$ Visual$ Studio\2022\Community\Common7\IDE\CommonExtensions\Microsoft\CMake\CMake\share\cmake-3.30\Modules\CMakeDetermineCompiler.cmake C$:\Program$ Files\Microsoft$ Visual$ Studio\2022\Community\Common7\IDE\CommonExtensions\Microsoft\CMake\CMake\share\cmake-3.30\Modules\CMakeDetermineCompilerABI.cmake C$:\Program$ Files\Microsoft$ Visual$ Studio\2022\Community\Common7\IDE\CommonExtensions\Microsoft\CMake\CMake\share\cmake-3.30\Modules\CMakeDetermineCompilerId.cmake C$:\Program$ Files\Microsoft$ Visual$ Studio\2022\Community\Common7\IDE\CommonExtensions\Microsoft\CMake\CMake\share\cmake-3.30\Modules\CMakeDetermineCompilerSupport.cmake C$:\Program$ Files\Microsoft$ Visual$ Studio\2022\Community\Common7\IDE\CommonExtensions\Microsoft\CMake\CMake\share\cmake-3.30\Modules\CMakeDetermineRCCompiler.cmake C$:\Program$ Files\Microsoft$ Visual$ Studio\2022\Community\Common7\IDE\CommonExtensions\Microsoft\CMake\CMake\share\cmake-3.30\Modules\CMakeDetermineSystem.cmake C$:\Program$ Files\Microsoft$ Visual$ Studio\2022\Community\Common7\IDE\CommonExtensions\Microsoft\CMake\CMake\share\cmake-3.30\Modules\CMakeFindBinUtils.cmake C$:\Program$ Files\Microsoft$ Visual$ Studio\2022\Community\Common7\IDE\CommonExtensions\Microsoft\CMake\CMake\share\cmake-3.30\Modules\CMakeFindDependencyMacro.cmake C$:\Program$ Files\Microsoft$ Visual$ Studio\2022\Community\Common7\IDE\CommonExtensions\Microsoft\CMake\CMake\share\cmake-3.30\Modules\CMakeGenericSystem.cmake C$:\Program$ Files\Microsoft$ Visual$ Studio\2022\Community\Common7\IDE\CommonExtensions\Microsoft\CMake\CMake\share\cmake-3.30\Modules\CMakeInitializeConfigs.cmake C$:\Program$ Files\Microsoft$ Visual$ Studio\2022\Community\Common7\IDE\CommonExtensions\Microsoft\CMake\CMake\share\cmake-3.30\Modules\CMakeLanguageInformation.cmake C$:\Program$ Files\Microsoft$ Visual$ Studio\2022\Community\Common7\IDE\CommonExtensions\Microsoft\CMake\CMake\share\cmake-3.30\Modules\CMakePackageConfigHelpers.cmake C$:\Program$ Files\Microsoft$ Visual$ Studio\2022\Community\Common7\IDE\CommonExtensions\Microsoft\CMake\CMake\share\cmake-3.30\Modules\CMakeParseImplicitIncludeInfo.cmake C$:\Program$ Files\Microsoft$ Visual$ Studio\2022\Community\Common7\IDE\CommonExtensions\Microsoft\CMake\CMake\share\cmake-3.30\Modules\CMakeParseImplicitLinkInfo.cmake C$:\Program$ Files\Microsoft$ Visual$ Studio\2022\Community\Common7\IDE\CommonExtensions\Microsoft\CMake\CMake\share\cmake-3.30\Modules\CMakeParseLibraryArchitecture.cmake C$:\Program$ Files\Microsoft$ Visual$ Studio\2022\Community\Common7\IDE\CommonExtensions\Microsoft\CMake\CMake\share\cmake-3.30\Modules\CMakeRCCompiler.cmake.in C$:\Program$ Files\Microsoft$ Visual$ Studio\2022\Community\Common7\IDE\CommonExtensions\Microsoft\CMake\CMake\share\cmake-3.30\Modules\CMakeRCInformation.cmake C$:\Program$ Files\Microsoft$ Visual$ Studio\2022\Community\Common7\IDE\CommonExtensions\Microsoft\CMake\CMake\share\cmake-3.30\Modules\CMakeSystem.cmake.in C$:\Program$ Files\Microsoft$ Visual$ Studio\2022\Community\Common7\IDE\CommonExtensions\Microsoft\CMake\CMake\share\cmake-3.30\Modules\CMakeSystemSpecificInformation.cmake C$:\Program$ Files\Microsoft$ Visual$ Studio\2022\Community\Common7\IDE\CommonExtensions\Microsoft\CMake\CMake\share\cmake-3.30\Modules\CMakeSystemSpecificInitialize.cmake C$:\Program$ Files\Microsoft$ Visual$ Studio\2022\Community\Common7\IDE\CommonExtensions\Microsoft\CMake\CMake\share\cmake-3.30\Modules\CMakeTestCXXCompiler.cmake C$:\Program$ Files\Microsoft$ Visual$ Studio\2022\Community\Common7\IDE\CommonExtensions\Microsoft\CMake\CMake\share\cmake-3.30\Modules\CMakeTestCompilerCommon.cmake C$:\Program$ Files\Microsoft$ Visual$ Studio\2022\Community\Common7\IDE\CommonExtensions\Microsoft\CMake\CMake\share\cmake-3.30\Modules\CMakeTestRCCompiler.cmake C$:\Program$ Files\Microsoft$ Visual$ Studio\2022\Community\Common7\IDE\CommonExtensions\Microsoft\CMake\CMake\share\cmake-3.30\Modules\CTest.cmake C$:\Program$ Files\Microsoft$ Visual$ Studio\2022\Community\Common7\IDE\CommonExtensions\Microsoft\CMake\CMake\share\cmake-3.30\Modules\CTestUseLaunchers.cmake C$:\Program$ Files\Microsoft$ Visual$ Studio\2022\Community\Common7\IDE\CommonExtensions\Microsoft\CMake\CMake\share\cmake-3.30\Modules\Compiler\ADSP-DetermineCompiler.cmake C$:\Program$ Files\Microsoft$ Visual$ Studio\2022\Community\Common7\IDE\CommonExtensions\Microsoft\CMake\CMake\share\cmake-3.30\Modules\Compiler\ARMCC-DetermineCompiler.cmake C$:\Program$ Files\Microsoft$ Visual$ Studio\2022\Community\Common7\IDE\CommonExtensions\Microsoft\CMake\CMake\share\cmake-3.30\Modules\Compiler\ARMClang-DetermineCompiler.cmake C$:\Program$ Files\Microsoft$ Visual$ Studio\2022\Community\Common7\IDE\CommonExtensions\Microsoft\CMake\CMake\share\cmake-3.30\Modules\Compiler\AppleClang-DetermineCompiler.cmake C$:\Program$ Files\Microsoft$ Visual$ Studio\2022\Community\Common7\IDE\CommonExtensions\Microsoft\CMake\CMake\share\cmake-3.30\Modules\Compiler\Borland-DetermineCompiler.cmake C$:\Program$ Files\Microsoft$ Visual$ Studio\2022\Community\Common7\IDE\CommonExtensions\Microsoft\CMake\CMake\share\cmake-3.30\Modules\Compiler\CMakeCommonCompilerMacros.cmake C$:\Program$ Files\Microsoft$ Visual$ Studio\2022\Community\Common7\IDE\CommonExtensions\Microsoft\CMake\CMake\share\cmake-3.30\Modules\Compiler\Clang-DetermineCompiler.cmake C$:\Program$ Files\Microsoft$ Visual$ Studio\2022\Community\Common7\IDE\CommonExtensions\Microsoft\CMake\CMake\share\cmake-3.30\Modules\Compiler\Clang-DetermineCompilerInternal.cmake C$:\Program$ Files\Microsoft$ Visual$ Studio\2022\Community\Common7\IDE\CommonExtensions\Microsoft\CMake\CMake\share\cmake-3.30\Modules\Compiler\Compaq-CXX-DetermineCompiler.cmake C$:\Program$ Files\Microsoft$ Visual$ Studio\2022\Community\Common7\IDE\CommonExtensions\Microsoft\CMake\CMake\share\cmake-3.30\Modules\Compiler\Cray-DetermineCompiler.cmake C$:\Program$ Files\Microsoft$ Visual$ Studio\2022\Community\Common7\IDE\CommonExtensions\Microsoft\CMake\CMake\share\cmake-3.30\Modules\Compiler\CrayClang-DetermineCompiler.cmake C$:\Program$ Files\Microsoft$ Visual$ Studio\2022\Community\Common7\IDE\CommonExtensions\Microsoft\CMake\CMake\share\cmake-3.30\Modules\Compiler\Embarcadero-DetermineCompiler.cmake C$:\Program$ Files\Microsoft$ Visual$ Studio\2022\Community\Common7\IDE\CommonExtensions\Microsoft\CMake\CMake\share\cmake-3.30\Modules\Compiler\Fujitsu-DetermineCompiler.cmake C$:\Program$ Files\Microsoft$ Visual$ Studio\2022\Community\Common7\IDE\CommonExtensions\Microsoft\CMake\CMake\share\cmake-3.30\Modules\Compiler\FujitsuClang-DetermineCompiler.cmake C$:\Program$ Files\Microsoft$ Visual$ Studio\2022\Community\Common7\IDE\CommonExtensions\Microsoft\CMake\CMake\share\cmake-3.30\Modules\Compiler\GHS-DetermineCompiler.cmake C$:\Program$ Files\Microsoft$ Visual$ Studio\2022\Community\Common7\IDE\CommonExtensions\Microsoft\CMake\CMake\share\cmake-3.30\Modules\Compiler\GNU-CXX-DetermineCompiler.cmake C$:\Program$ Files\Microsoft$ Visual$ Studio\2022\Community\Common7\IDE\CommonExtensions\Microsoft\CMake\CMake\share\cmake-3.30\Modules\Compiler\HP-CXX-DetermineCompiler.cmake C$:\Program$ Files\Microsoft$ Visual$ Studio\2022\Community\Common7\IDE\CommonExtensions\Microsoft\CMake\CMake\share\cmake-3.30\Modules\Compiler\IAR-DetermineCompiler.cmake C$:\Program$ Files\Microsoft$ Visual$ Studio\2022\Community\Common7\IDE\CommonExtensions\Microsoft\CMake\CMake\share\cmake-3.30\Modules\Compiler\IBMCPP-CXX-DetermineVersionInternal.cmake C$:\Program$ Files\Microsoft$ Visual$ Studio\2022\Community\Common7\IDE\CommonExtensions\Microsoft\CMake\CMake\share\cmake-3.30\Modules\Compiler\IBMClang-CXX-DetermineCompiler.cmake C$:\Program$ Files\Microsoft$ Visual$ Studio\2022\Community\Common7\IDE\CommonExtensions\Microsoft\CMake\CMake\share\cmake-3.30\Modules\Compiler\Intel-DetermineCompiler.cmake C$:\Program$ Files\Microsoft$ Visual$ Studio\2022\Community\Common7\IDE\CommonExtensions\Microsoft\CMake\CMake\share\cmake-3.30\Modules\Compiler\IntelLLVM-DetermineCompiler.cmake C$:\Program$ Files\Microsoft$ Visual$ Studio\2022\Community\Common7\IDE\CommonExtensions\Microsoft\CMake\CMake\share\cmake-3.30\Modules\Compiler\LCC-CXX-DetermineCompiler.cmake C$:\Program$ Files\Microsoft$ Visual$ Studio\2022\Community\Common7\IDE\CommonExtensions\Microsoft\CMake\CMake\share\cmake-3.30\Modules\Compiler\MSVC-CXX-CXXImportStd.cmake C$:\Program$ Files\Microsoft$ Visual$ Studio\2022\Community\Common7\IDE\CommonExtensions\Microsoft\CMake\CMake\share\cmake-3.30\Modules\Compiler\MSVC-CXX.cmake C$:\Program$ Files\Microsoft$ Visual$ Studio\2022\Community\Common7\IDE\CommonExtensions\Microsoft\CMake\CMake\share\cmake-3.30\Modules\Compiler\MSVC-DetermineCompiler.cmake C$:\Program$ Files\Microsoft$ Visual$ Studio\2022\Community\Common7\IDE\CommonExtensions\Microsoft\CMake\CMake\share\cmake-3.30\Modules\Compiler\MSVC.cmake C$:\Program$ Files\Microsoft$ Visual$ Studio\2022\Community\Common7\IDE\CommonExtensions\Microsoft\CMake\CMake\share\cmake-3.30\Modules\Compiler\NVHPC-DetermineCompiler.cmake C$:\Program$ Files\Microsoft$ Visual$ Studio\2022\Community\Common7\IDE\CommonExtensions\Microsoft\CMake\CMake\share\cmake-3.30\Modules\Compiler\NVIDIA-DetermineCompiler.cmake C$:\Program$ Files\Microsoft$ Visual$ Studio\2022\Community\Common7\IDE\CommonExtensions\Microsoft\CMake\CMake\share\cmake-3.30\Modules\Compiler\OpenWatcom-DetermineCompiler.cmake C$:\Program$ Files\Microsoft$ Visual$ Studio\2022\Community\Common7\IDE\CommonExtensions\Microsoft\CMake\CMake\share\cmake-3.30\Modules\Compiler\OrangeC-DetermineCompiler.cmake C$:\Program$ Files\Microsoft$ Visual$ Studio\2022\Community\Common7\IDE\CommonExtensions\Microsoft\CMake\CMake\share\cmake-3.30\Modules\Compiler\PGI-DetermineCompiler.cmake C$:\Program$ Files\Microsoft$ Visual$ Studio\2022\Community\Common7\IDE\CommonExtensions\Microsoft\CMake\CMake\share\cmake-3.30\Modules\Compiler\PathScale-DetermineCompiler.cmake C$:\Program$ Files\Microsoft$ Visual$ Studio\2022\Community\Common7\IDE\CommonExtensions\Microsoft\CMake\CMake\share\cmake-3.30\Modules\Compiler\SCO-DetermineCompiler.cmake C$:\Program$ Files\Microsoft$ Visual$ Studio\2022\Community\Common7\IDE\CommonExtensions\Microsoft\CMake\CMake\share\cmake-3.30\Modules\Compiler\SunPro-CXX-DetermineCompiler.cmake C$:\Program$ Files\Microsoft$ Visual$ Studio\2022\Community\Common7\IDE\CommonExtensions\Microsoft\CMake\CMake\share\cmake-3.30\Modules\Compiler\TI-DetermineCompiler.cmake C$:\Program$ Files\Microsoft$ Visual$ Studio\2022\Community\Common7\IDE\CommonExtensions\Microsoft\CMake\CMake\share\cmake-3.30\Modules\Compiler\TIClang-DetermineCompiler.cmake C$:\Program$ Files\Microsoft$ Visual$ Studio\2022\Community\Common7\IDE\CommonExtensions\Microsoft\CMake\CMake\share\cmake-3.30\Modules\Compiler\Tasking-DetermineCompiler.cmake C$:\Program$ Files\Microsoft$ Visual$ Studio\2022\Community\Common7\IDE\CommonExtensions\Microsoft\CMake\CMake\share\cmake-3.30\Modules\Compiler\VisualAge-CXX-DetermineCompiler.cmake C$:\Program$ Files\Microsoft$ Visual$ Studio\2022\Community\Common7\IDE\CommonExtensions\Microsoft\CMake\CMake\share\cmake-3.30\Modules\Compiler\Watcom-DetermineCompiler.cmake C$:\Program$ Files\Microsoft$ Visual$ Studio\2022\Community\Common7\IDE\CommonExtensions\Microsoft\CMake\CMake\share\cmake-3.30\Modules\Compiler\XL-CXX-DetermineCompiler.cmake C$:\Program$ Files\Microsoft$ Visual$ Studio\2022\Community\Common7\IDE\CommonExtensions\Microsoft\CMake\CMake\share\cmake-3.30\Modules\Compiler\XLClang-CXX-DetermineCompiler.cmake C$:\Program$ Files\Microsoft$ Visual$ Studio\2022\Community\Common7\IDE\CommonExtensions\Microsoft\CMake\CMake\share\cmake-3.30\Modules\Compiler\zOS-CXX-DetermineCompiler.cmake C$:\Program$ Files\Microsoft$ Visual$ Studio\2022\Community\Common7\IDE\CommonExtensions\Microsoft\CMake\CMake\share\cmake-3.30\Modules\GNUInstallDirs.cmake C$:\Program$ Files\Microsoft$ Visual$ Studio\2022\Community\Common7\IDE\CommonExtensions\Microsoft\CMake\CMake\share\cmake-3.30\Modules\Internal\CMakeDetermineLinkerId.cmake C$:\Program$ Files\Microsoft$ Visual$ Studio\2022\Community\Common7\IDE\CommonExtensions\Microsoft\CMake\CMake\share\cmake-3.30\Modules\Internal\FeatureTesting.cmake C$:\Program$ Files\Microsoft$ Visual$ Studio\2022\Community\Common7\IDE\CommonExtensions\Microsoft\CMake\CMake\share\cmake-3.30\Modules\Platform\Windows-Determine-CXX.cmake C$:\Program$ Files\Microsoft$ Visual$ Studio\2022\Community\Common7\IDE\CommonExtensions\Microsoft\CMake\CMake\share\cmake-3.30\Modules\Platform\Windows-Initialize.cmake C$:\Program$ Files\Microsoft$ Visual$ Studio\2022\Community\Common7\IDE\CommonExtensions\Microsoft\CMake\CMake\share\cmake-3.30\Modules\Platform\Windows-MSVC-CXX.cmake C$:\Program$ Files\Microsoft$ Visual$ Studio\2022\Community\Common7\IDE\CommonExtensions\Microsoft\CMake\CMake\share\cmake-3.30\Modules\Platform\Windows-MSVC.cmake C$:\Program$ Files\Microsoft$ Visual$ Studio\2022\Community\Common7\IDE\CommonExtensions\Microsoft\CMake\CMake\share\cmake-3.30\Modules\Platform\Windows.cmake C$:\Program$ Files\Microsoft$ Visual$ Studio\2022\Community\Common7\IDE\CommonExtensions\Microsoft\CMake\CMake\share\cmake-3.30\Modules\Platform\WindowsPaths.cmake C$:\Program$ Files\Microsoft$ Visual$ Studio\2022\Community\Common7\IDE\CommonExtensions\Microsoft\CMake\CMake\share\cmake-3.30\Modules\WriteBasicConfigVersionFile.cmake C$:\Program$ Files\Microsoft$ Visual$ Studio\2022\Community\VC\vcpkg\scripts\buildsystems\vcpkg.cmake C$:\Program$ Files\Microsoft$ Visual$ Studio\2022\Community\VC\vcpkg\scripts\toolchains\windows.cmake C$:\Users\Husky\source\repos\SynVHQ\vcpkg_installed\vcpkg\blds\boost-date-time\src\ost-1.86.0-0ee3268484.clean\CMakeLists.txt C$:\Users\Husky\source\repos\SynVHQ\vcpkg_installed\vcpkg\blds\boost-date-time\src\ost-1.86.0-0ee3268484.clean\libs\date_time\CMakeLists.txt C$:\Users\Husky\source\repos\SynVHQ\vcpkg_installed\x64-windows\share\boost\BoostConfig.cmake C$:\Users\Husky\source\repos\SynVHQ\vcpkg_installed\x64-windows\share\boost\BoostConfigVersion.cmake C$:\Users\Husky\source\repos\SynVHQ\vcpkg_installed\x64-windows\share\boost\cmake-build\BoostInstall.cmake C$:\Users\Husky\source\repos\SynVHQ\vcpkg_installed\x64-windows\share\boost\cmake-build\BoostMessage.cmake C$:\Users\Husky\source\repos\SynVHQ\vcpkg_installed\x64-windows\share\boost\cmake-build\BoostRoot.cmake C$:\Users\Husky\source\repos\SynVHQ\vcpkg_installed\x64-windows\share\boost\vcpkg-cmake-wrapper.cmake C$:\Users\Husky\source\repos\SynVHQ\vcpkg_installed\x64-windows\share\boost_algorithm\boost_algorithm-config-version.cmake C$:\Users\Husky\source\repos\SynVHQ\vcpkg_installed\x64-windows\share\boost_algorithm\boost_algorithm-config.cmake C$:\Users\Husky\source\repos\SynVHQ\vcpkg_installed\x64-windows\share\boost_algorithm\boost_algorithm-targets.cmake C$:\Users\Husky\source\repos\SynVHQ\vcpkg_installed\x64-windows\share\boost_array\boost_array-config-version.cmake C$:\Users\Husky\source\repos\SynVHQ\vcpkg_installed\x64-windows\share\boost_array\boost_array-config.cmake C$:\Users\Husky\source\repos\SynVHQ\vcpkg_installed\x64-windows\share\boost_array\boost_array-targets.cmake C$:\Users\Husky\source\repos\SynVHQ\vcpkg_installed\x64-windows\share\boost_assert\boost_assert-config-version.cmake C$:\Users\Husky\source\repos\SynVHQ\vcpkg_installed\x64-windows\share\boost_assert\boost_assert-config.cmake C$:\Users\Husky\source\repos\SynVHQ\vcpkg_installed\x64-windows\share\boost_assert\boost_assert-targets.cmake C$:\Users\Husky\source\repos\SynVHQ\vcpkg_installed\x64-windows\share\boost_bind\boost_bind-config-version.cmake C$:\Users\Husky\source\repos\SynVHQ\vcpkg_installed\x64-windows\share\boost_bind\boost_bind-config.cmake C$:\Users\Husky\source\repos\SynVHQ\vcpkg_installed\x64-windows\share\boost_bind\boost_bind-targets.cmake C$:\Users\Husky\source\repos\SynVHQ\vcpkg_installed\x64-windows\share\boost_concept_check\boost_concept_check-config-version.cmake C$:\Users\Husky\source\repos\SynVHQ\vcpkg_installed\x64-windows\share\boost_concept_check\boost_concept_check-config.cmake C$:\Users\Husky\source\repos\SynVHQ\vcpkg_installed\x64-windows\share\boost_concept_check\boost_concept_check-targets.cmake C$:\Users\Husky\source\repos\SynVHQ\vcpkg_installed\x64-windows\share\boost_config\boost_config-config-version.cmake C$:\Users\Husky\source\repos\SynVHQ\vcpkg_installed\x64-windows\share\boost_config\boost_config-config.cmake C$:\Users\Husky\source\repos\SynVHQ\vcpkg_installed\x64-windows\share\boost_config\boost_config-targets.cmake C$:\Users\Husky\source\repos\SynVHQ\vcpkg_installed\x64-windows\share\boost_container\boost_container-config-version.cmake C$:\Users\Husky\source\repos\SynVHQ\vcpkg_installed\x64-windows\share\boost_container\boost_container-config.cmake C$:\Users\Husky\source\repos\SynVHQ\vcpkg_installed\x64-windows\share\boost_container\boost_container-targets-debug.cmake C$:\Users\Husky\source\repos\SynVHQ\vcpkg_installed\x64-windows\share\boost_container\boost_container-targets-release.cmake C$:\Users\Husky\source\repos\SynVHQ\vcpkg_installed\x64-windows\share\boost_container\boost_container-targets.cmake C$:\Users\Husky\source\repos\SynVHQ\vcpkg_installed\x64-windows\share\boost_container_hash\boost_container_hash-config-version.cmake C$:\Users\Husky\source\repos\SynVHQ\vcpkg_installed\x64-windows\share\boost_container_hash\boost_container_hash-config.cmake C$:\Users\Husky\source\repos\SynVHQ\vcpkg_installed\x64-windows\share\boost_container_hash\boost_container_hash-targets.cmake C$:\Users\Husky\source\repos\SynVHQ\vcpkg_installed\x64-windows\share\boost_conversion\boost_conversion-config-version.cmake C$:\Users\Husky\source\repos\SynVHQ\vcpkg_installed\x64-windows\share\boost_conversion\boost_conversion-config.cmake C$:\Users\Husky\source\repos\SynVHQ\vcpkg_installed\x64-windows\share\boost_conversion\boost_conversion-targets.cmake C$:\Users\Husky\source\repos\SynVHQ\vcpkg_installed\x64-windows\share\boost_core\boost_core-config-version.cmake C$:\Users\Husky\source\repos\SynVHQ\vcpkg_installed\x64-windows\share\boost_core\boost_core-config.cmake C$:\Users\Husky\source\repos\SynVHQ\vcpkg_installed\x64-windows\share\boost_core\boost_core-targets.cmake C$:\Users\Husky\source\repos\SynVHQ\vcpkg_installed\x64-windows\share\boost_describe\boost_describe-config-version.cmake C$:\Users\Husky\source\repos\SynVHQ\vcpkg_installed\x64-windows\share\boost_describe\boost_describe-config.cmake C$:\Users\Husky\source\repos\SynVHQ\vcpkg_installed\x64-windows\share\boost_describe\boost_describe-targets.cmake C$:\Users\Husky\source\repos\SynVHQ\vcpkg_installed\x64-windows\share\boost_detail\boost_detail-config-version.cmake C$:\Users\Husky\source\repos\SynVHQ\vcpkg_installed\x64-windows\share\boost_detail\boost_detail-config.cmake C$:\Users\Husky\source\repos\SynVHQ\vcpkg_installed\x64-windows\share\boost_detail\boost_detail-targets.cmake C$:\Users\Husky\source\repos\SynVHQ\vcpkg_installed\x64-windows\share\boost_exception\boost_exception-config-version.cmake C$:\Users\Husky\source\repos\SynVHQ\vcpkg_installed\x64-windows\share\boost_exception\boost_exception-config.cmake C$:\Users\Husky\source\repos\SynVHQ\vcpkg_installed\x64-windows\share\boost_exception\boost_exception-targets.cmake C$:\Users\Husky\source\repos\SynVHQ\vcpkg_installed\x64-windows\share\boost_function\boost_function-config-version.cmake C$:\Users\Husky\source\repos\SynVHQ\vcpkg_installed\x64-windows\share\boost_function\boost_function-config.cmake C$:\Users\Husky\source\repos\SynVHQ\vcpkg_installed\x64-windows\share\boost_function\boost_function-targets.cmake C$:\Users\Husky\source\repos\SynVHQ\vcpkg_installed\x64-windows\share\boost_function_types\boost_function_types-config-version.cmake C$:\Users\Husky\source\repos\SynVHQ\vcpkg_installed\x64-windows\share\boost_function_types\boost_function_types-config.cmake C$:\Users\Husky\source\repos\SynVHQ\vcpkg_installed\x64-windows\share\boost_function_types\boost_function_types-targets.cmake C$:\Users\Husky\source\repos\SynVHQ\vcpkg_installed\x64-windows\share\boost_functional\boost_functional-config-version.cmake C$:\Users\Husky\source\repos\SynVHQ\vcpkg_installed\x64-windows\share\boost_functional\boost_functional-config.cmake C$:\Users\Husky\source\repos\SynVHQ\vcpkg_installed\x64-windows\share\boost_functional\boost_functional-targets.cmake C$:\Users\Husky\source\repos\SynVHQ\vcpkg_installed\x64-windows\share\boost_fusion\boost_fusion-config-version.cmake C$:\Users\Husky\source\repos\SynVHQ\vcpkg_installed\x64-windows\share\boost_fusion\boost_fusion-config.cmake C$:\Users\Husky\source\repos\SynVHQ\vcpkg_installed\x64-windows\share\boost_fusion\boost_fusion-targets.cmake C$:\Users\Husky\source\repos\SynVHQ\vcpkg_installed\x64-windows\share\boost_headers\boost_headers-config-version.cmake C$:\Users\Husky\source\repos\SynVHQ\vcpkg_installed\x64-windows\share\boost_headers\boost_headers-config.cmake C$:\Users\Husky\source\repos\SynVHQ\vcpkg_installed\x64-windows\share\boost_headers\boost_headers-targets.cmake C$:\Users\Husky\source\repos\SynVHQ\vcpkg_installed\x64-windows\share\boost_integer\boost_integer-config-version.cmake C$:\Users\Husky\source\repos\SynVHQ\vcpkg_installed\x64-windows\share\boost_integer\boost_integer-config.cmake C$:\Users\Husky\source\repos\SynVHQ\vcpkg_installed\x64-windows\share\boost_integer\boost_integer-targets.cmake C$:\Users\Husky\source\repos\SynVHQ\vcpkg_installed\x64-windows\share\boost_intrusive\boost_intrusive-config-version.cmake C$:\Users\Husky\source\repos\SynVHQ\vcpkg_installed\x64-windows\share\boost_intrusive\boost_intrusive-config.cmake C$:\Users\Husky\source\repos\SynVHQ\vcpkg_installed\x64-windows\share\boost_intrusive\boost_intrusive-targets.cmake C$:\Users\Husky\source\repos\SynVHQ\vcpkg_installed\x64-windows\share\boost_io\boost_io-config-version.cmake C$:\Users\Husky\source\repos\SynVHQ\vcpkg_installed\x64-windows\share\boost_io\boost_io-config.cmake C$:\Users\Husky\source\repos\SynVHQ\vcpkg_installed\x64-windows\share\boost_io\boost_io-targets.cmake C$:\Users\Husky\source\repos\SynVHQ\vcpkg_installed\x64-windows\share\boost_iterator\boost_iterator-config-version.cmake C$:\Users\Husky\source\repos\SynVHQ\vcpkg_installed\x64-windows\share\boost_iterator\boost_iterator-config.cmake C$:\Users\Husky\source\repos\SynVHQ\vcpkg_installed\x64-windows\share\boost_iterator\boost_iterator-targets.cmake C$:\Users\Husky\source\repos\SynVHQ\vcpkg_installed\x64-windows\share\boost_lexical_cast\boost_lexical_cast-config-version.cmake C$:\Users\Husky\source\repos\SynVHQ\vcpkg_installed\x64-windows\share\boost_lexical_cast\boost_lexical_cast-config.cmake C$:\Users\Husky\source\repos\SynVHQ\vcpkg_installed\x64-windows\share\boost_lexical_cast\boost_lexical_cast-targets.cmake C$:\Users\Husky\source\repos\SynVHQ\vcpkg_installed\x64-windows\share\boost_move\boost_move-config-version.cmake C$:\Users\Husky\source\repos\SynVHQ\vcpkg_installed\x64-windows\share\boost_move\boost_move-config.cmake C$:\Users\Husky\source\repos\SynVHQ\vcpkg_installed\x64-windows\share\boost_move\boost_move-targets.cmake C$:\Users\Husky\source\repos\SynVHQ\vcpkg_installed\x64-windows\share\boost_mp11\boost_mp11-config-version.cmake C$:\Users\Husky\source\repos\SynVHQ\vcpkg_installed\x64-windows\share\boost_mp11\boost_mp11-config.cmake C$:\Users\Husky\source\repos\SynVHQ\vcpkg_installed\x64-windows\share\boost_mp11\boost_mp11-targets.cmake C$:\Users\Husky\source\repos\SynVHQ\vcpkg_installed\x64-windows\share\boost_mpl\boost_mpl-config-version.cmake C$:\Users\Husky\source\repos\SynVHQ\vcpkg_installed\x64-windows\share\boost_mpl\boost_mpl-config.cmake C$:\Users\Husky\source\repos\SynVHQ\vcpkg_installed\x64-windows\share\boost_mpl\boost_mpl-targets.cmake C$:\Users\Husky\source\repos\SynVHQ\vcpkg_installed\x64-windows\share\boost_numeric_conversion\boost_numeric_conversion-config-version.cmake C$:\Users\Husky\source\repos\SynVHQ\vcpkg_installed\x64-windows\share\boost_numeric_conversion\boost_numeric_conversion-config.cmake C$:\Users\Husky\source\repos\SynVHQ\vcpkg_installed\x64-windows\share\boost_numeric_conversion\boost_numeric_conversion-targets.cmake C$:\Users\Husky\source\repos\SynVHQ\vcpkg_installed\x64-windows\share\boost_optional\boost_optional-config-version.cmake C$:\Users\Husky\source\repos\SynVHQ\vcpkg_installed\x64-windows\share\boost_optional\boost_optional-config.cmake C$:\Users\Husky\source\repos\SynVHQ\vcpkg_installed\x64-windows\share\boost_optional\boost_optional-targets.cmake C$:\Users\Husky\source\repos\SynVHQ\vcpkg_installed\x64-windows\share\boost_predef\boost_predef-config-version.cmake C$:\Users\Husky\source\repos\SynVHQ\vcpkg_installed\x64-windows\share\boost_predef\boost_predef-config.cmake C$:\Users\Husky\source\repos\SynVHQ\vcpkg_installed\x64-windows\share\boost_predef\boost_predef-targets.cmake C$:\Users\Husky\source\repos\SynVHQ\vcpkg_installed\x64-windows\share\boost_preprocessor\boost_preprocessor-config-version.cmake C$:\Users\Husky\source\repos\SynVHQ\vcpkg_installed\x64-windows\share\boost_preprocessor\boost_preprocessor-config.cmake C$:\Users\Husky\source\repos\SynVHQ\vcpkg_installed\x64-windows\share\boost_preprocessor\boost_preprocessor-targets.cmake C$:\Users\Husky\source\repos\SynVHQ\vcpkg_installed\x64-windows\share\boost_range\boost_range-config-version.cmake C$:\Users\Husky\source\repos\SynVHQ\vcpkg_installed\x64-windows\share\boost_range\boost_range-config.cmake C$:\Users\Husky\source\repos\SynVHQ\vcpkg_installed\x64-windows\share\boost_range\boost_range-targets.cmake C$:\Users\Husky\source\repos\SynVHQ\vcpkg_installed\x64-windows\share\boost_regex\boost_regex-config-version.cmake C$:\Users\Husky\source\repos\SynVHQ\vcpkg_installed\x64-windows\share\boost_regex\boost_regex-config.cmake C$:\Users\Husky\source\repos\SynVHQ\vcpkg_installed\x64-windows\share\boost_regex\boost_regex-targets-debug.cmake C$:\Users\Husky\source\repos\SynVHQ\vcpkg_installed\x64-windows\share\boost_regex\boost_regex-targets-release.cmake C$:\Users\Husky\source\repos\SynVHQ\vcpkg_installed\x64-windows\share\boost_regex\boost_regex-targets.cmake C$:\Users\Husky\source\repos\SynVHQ\vcpkg_installed\x64-windows\share\boost_smart_ptr\boost_smart_ptr-config-version.cmake C$:\Users\Husky\source\repos\SynVHQ\vcpkg_installed\x64-windows\share\boost_smart_ptr\boost_smart_ptr-config.cmake C$:\Users\Husky\source\repos\SynVHQ\vcpkg_installed\x64-windows\share\boost_smart_ptr\boost_smart_ptr-targets.cmake C$:\Users\Husky\source\repos\SynVHQ\vcpkg_installed\x64-windows\share\boost_static_assert\boost_static_assert-config-version.cmake C$:\Users\Husky\source\repos\SynVHQ\vcpkg_installed\x64-windows\share\boost_static_assert\boost_static_assert-config.cmake C$:\Users\Husky\source\repos\SynVHQ\vcpkg_installed\x64-windows\share\boost_static_assert\boost_static_assert-targets.cmake C$:\Users\Husky\source\repos\SynVHQ\vcpkg_installed\x64-windows\share\boost_throw_exception\boost_throw_exception-config-version.cmake C$:\Users\Husky\source\repos\SynVHQ\vcpkg_installed\x64-windows\share\boost_throw_exception\boost_throw_exception-config.cmake C$:\Users\Husky\source\repos\SynVHQ\vcpkg_installed\x64-windows\share\boost_throw_exception\boost_throw_exception-targets.cmake C$:\Users\Husky\source\repos\SynVHQ\vcpkg_installed\x64-windows\share\boost_tokenizer\boost_tokenizer-config-version.cmake C$:\Users\Husky\source\repos\SynVHQ\vcpkg_installed\x64-windows\share\boost_tokenizer\boost_tokenizer-config.cmake C$:\Users\Husky\source\repos\SynVHQ\vcpkg_installed\x64-windows\share\boost_tokenizer\boost_tokenizer-targets.cmake C$:\Users\Husky\source\repos\SynVHQ\vcpkg_installed\x64-windows\share\boost_tuple\boost_tuple-config-version.cmake C$:\Users\Husky\source\repos\SynVHQ\vcpkg_installed\x64-windows\share\boost_tuple\boost_tuple-config.cmake C$:\Users\Husky\source\repos\SynVHQ\vcpkg_installed\x64-windows\share\boost_tuple\boost_tuple-targets.cmake C$:\Users\Husky\source\repos\SynVHQ\vcpkg_installed\x64-windows\share\boost_type_traits\boost_type_traits-config-version.cmake C$:\Users\Husky\source\repos\SynVHQ\vcpkg_installed\x64-windows\share\boost_type_traits\boost_type_traits-config.cmake C$:\Users\Husky\source\repos\SynVHQ\vcpkg_installed\x64-windows\share\boost_type_traits\boost_type_traits-targets.cmake C$:\Users\Husky\source\repos\SynVHQ\vcpkg_installed\x64-windows\share\boost_typeof\boost_typeof-config-version.cmake C$:\Users\Husky\source\repos\SynVHQ\vcpkg_installed\x64-windows\share\boost_typeof\boost_typeof-config.cmake C$:\Users\Husky\source\repos\SynVHQ\vcpkg_installed\x64-windows\share\boost_typeof\boost_typeof-targets.cmake C$:\Users\Husky\source\repos\SynVHQ\vcpkg_installed\x64-windows\share\boost_unordered\boost_unordered-config-version.cmake C$:\Users\Husky\source\repos\SynVHQ\vcpkg_installed\x64-windows\share\boost_unordered\boost_unordered-config.cmake C$:\Users\Husky\source\repos\SynVHQ\vcpkg_installed\x64-windows\share\boost_unordered\boost_unordered-targets.cmake C$:\Users\Husky\source\repos\SynVHQ\vcpkg_installed\x64-windows\share\boost_utility\boost_utility-config-version.cmake C$:\Users\Husky\source\repos\SynVHQ\vcpkg_installed\x64-windows\share\boost_utility\boost_utility-config.cmake C$:\Users\Husky\source\repos\SynVHQ\vcpkg_installed\x64-windows\share\boost_utility\boost_utility-targets.cmake C$:\Users\Husky\source\repos\SynVHQ\vcpkg_installed\x64-windows\share\boost_winapi\boost_winapi-config-version.cmake C$:\Users\Husky\source\repos\SynVHQ\vcpkg_installed\x64-windows\share\boost_winapi\boost_winapi-config.cmake C$:\Users\Husky\source\repos\SynVHQ\vcpkg_installed\x64-windows\share\boost_winapi\boost_winapi-targets.cmake CMakeCache.txt CMakeFiles\3.30.5-msvc23\CMakeCXXCompiler.cmake CMakeFiles\3.30.5-msvc23\CMakeRCCompiler.cmake CMakeFiles\3.30.5-msvc23\CMakeSystem.cmake
  pool = console


#############################################
# A missing CMake input file is not an error.

build C$:\Program$ Files\Microsoft$ Visual$ Studio\2022\Community\Common7\IDE\CommonExtensions\Microsoft\CMake\CMake\share\cmake-3.30\Modules\BasicConfigVersion-SameMajorVersion.cmake.in C$:\Program$ Files\Microsoft$ Visual$ Studio\2022\Community\Common7\IDE\CommonExtensions\Microsoft\CMake\CMake\share\cmake-3.30\Modules\CMakeCXXCompiler.cmake.in C$:\Program$ Files\Microsoft$ Visual$ Studio\2022\Community\Common7\IDE\CommonExtensions\Microsoft\CMake\CMake\share\cmake-3.30\Modules\CMakeCXXCompilerABI.cpp C$:\Program$ Files\Microsoft$ Visual$ Studio\2022\Community\Common7\IDE\CommonExtensions\Microsoft\CMake\CMake\share\cmake-3.30\Modules\CMakeCXXInformation.cmake C$:\Program$ Files\Microsoft$ Visual$ Studio\2022\Community\Common7\IDE\CommonExtensions\Microsoft\CMake\CMake\share\cmake-3.30\Modules\CMakeCommonLanguageInclude.cmake C$:\Program$ Files\Microsoft$ Visual$ Studio\2022\Community\Common7\IDE\CommonExtensions\Microsoft\CMake\CMake\share\cmake-3.30\Modules\CMakeCompilerIdDetection.cmake C$:\Program$ Files\Microsoft$ Visual$ Studio\2022\Community\Common7\IDE\CommonExtensions\Microsoft\CMake\CMake\share\cmake-3.30\Modules\CMakeDependentOption.cmake C$:\Program$ Files\Microsoft$ Visual$ Studio\2022\Community\Common7\IDE\CommonExtensions\Microsoft\CMake\CMake\share\cmake-3.30\Modules\CMakeDetermineCXXCompiler.cmake C$:\Program$ Files\Microsoft$ Visual$ Studio\2022\Community\Common7\IDE\CommonExtensions\Microsoft\CMake\CMake\share\cmake-3.30\Modules\CMakeDetermineCompiler.cmake C$:\Program$ Files\Microsoft$ Visual$ Studio\2022\Community\Common7\IDE\CommonExtensions\Microsoft\CMake\CMake\share\cmake-3.30\Modules\CMakeDetermineCompilerABI.cmake C$:\Program$ Files\Microsoft$ Visual$ Studio\2022\Community\Common7\IDE\CommonExtensions\Microsoft\CMake\CMake\share\cmake-3.30\Modules\CMakeDetermineCompilerId.cmake C$:\Program$ Files\Microsoft$ Visual$ Studio\2022\Community\Common7\IDE\CommonExtensions\Microsoft\CMake\CMake\share\cmake-3.30\Modules\CMakeDetermineCompilerSupport.cmake C$:\Program$ Files\Microsoft$ Visual$ Studio\2022\Community\Common7\IDE\CommonExtensions\Microsoft\CMake\CMake\share\cmake-3.30\Modules\CMakeDetermineRCCompiler.cmake C$:\Program$ Files\Microsoft$ Visual$ Studio\2022\Community\Common7\IDE\CommonExtensions\Microsoft\CMake\CMake\share\cmake-3.30\Modules\CMakeDetermineSystem.cmake C$:\Program$ Files\Microsoft$ Visual$ Studio\2022\Community\Common7\IDE\CommonExtensions\Microsoft\CMake\CMake\share\cmake-3.30\Modules\CMakeFindBinUtils.cmake C$:\Program$ Files\Microsoft$ Visual$ Studio\2022\Community\Common7\IDE\CommonExtensions\Microsoft\CMake\CMake\share\cmake-3.30\Modules\CMakeFindDependencyMacro.cmake C$:\Program$ Files\Microsoft$ Visual$ Studio\2022\Community\Common7\IDE\CommonExtensions\Microsoft\CMake\CMake\share\cmake-3.30\Modules\CMakeGenericSystem.cmake C$:\Program$ Files\Microsoft$ Visual$ Studio\2022\Community\Common7\IDE\CommonExtensions\Microsoft\CMake\CMake\share\cmake-3.30\Modules\CMakeInitializeConfigs.cmake C$:\Program$ Files\Microsoft$ Visual$ Studio\2022\Community\Common7\IDE\CommonExtensions\Microsoft\CMake\CMake\share\cmake-3.30\Modules\CMakeLanguageInformation.cmake C$:\Program$ Files\Microsoft$ Visual$ Studio\2022\Community\Common7\IDE\CommonExtensions\Microsoft\CMake\CMake\share\cmake-3.30\Modules\CMakePackageConfigHelpers.cmake C$:\Program$ Files\Microsoft$ Visual$ Studio\2022\Community\Common7\IDE\CommonExtensions\Microsoft\CMake\CMake\share\cmake-3.30\Modules\CMakeParseImplicitIncludeInfo.cmake C$:\Program$ Files\Microsoft$ Visual$ Studio\2022\Community\Common7\IDE\CommonExtensions\Microsoft\CMake\CMake\share\cmake-3.30\Modules\CMakeParseImplicitLinkInfo.cmake C$:\Program$ Files\Microsoft$ Visual$ Studio\2022\Community\Common7\IDE\CommonExtensions\Microsoft\CMake\CMake\share\cmake-3.30\Modules\CMakeParseLibraryArchitecture.cmake C$:\Program$ Files\Microsoft$ Visual$ Studio\2022\Community\Common7\IDE\CommonExtensions\Microsoft\CMake\CMake\share\cmake-3.30\Modules\CMakeRCCompiler.cmake.in C$:\Program$ Files\Microsoft$ Visual$ Studio\2022\Community\Common7\IDE\CommonExtensions\Microsoft\CMake\CMake\share\cmake-3.30\Modules\CMakeRCInformation.cmake C$:\Program$ Files\Microsoft$ Visual$ Studio\2022\Community\Common7\IDE\CommonExtensions\Microsoft\CMake\CMake\share\cmake-3.30\Modules\CMakeSystem.cmake.in C$:\Program$ Files\Microsoft$ Visual$ Studio\2022\Community\Common7\IDE\CommonExtensions\Microsoft\CMake\CMake\share\cmake-3.30\Modules\CMakeSystemSpecificInformation.cmake C$:\Program$ Files\Microsoft$ Visual$ Studio\2022\Community\Common7\IDE\CommonExtensions\Microsoft\CMake\CMake\share\cmake-3.30\Modules\CMakeSystemSpecificInitialize.cmake C$:\Program$ Files\Microsoft$ Visual$ Studio\2022\Community\Common7\IDE\CommonExtensions\Microsoft\CMake\CMake\share\cmake-3.30\Modules\CMakeTestCXXCompiler.cmake C$:\Program$ Files\Microsoft$ Visual$ Studio\2022\Community\Common7\IDE\CommonExtensions\Microsoft\CMake\CMake\share\cmake-3.30\Modules\CMakeTestCompilerCommon.cmake C$:\Program$ Files\Microsoft$ Visual$ Studio\2022\Community\Common7\IDE\CommonExtensions\Microsoft\CMake\CMake\share\cmake-3.30\Modules\CMakeTestRCCompiler.cmake C$:\Program$ Files\Microsoft$ Visual$ Studio\2022\Community\Common7\IDE\CommonExtensions\Microsoft\CMake\CMake\share\cmake-3.30\Modules\CTest.cmake C$:\Program$ Files\Microsoft$ Visual$ Studio\2022\Community\Common7\IDE\CommonExtensions\Microsoft\CMake\CMake\share\cmake-3.30\Modules\CTestUseLaunchers.cmake C$:\Program$ Files\Microsoft$ Visual$ Studio\2022\Community\Common7\IDE\CommonExtensions\Microsoft\CMake\CMake\share\cmake-3.30\Modules\Compiler\ADSP-DetermineCompiler.cmake C$:\Program$ Files\Microsoft$ Visual$ Studio\2022\Community\Common7\IDE\CommonExtensions\Microsoft\CMake\CMake\share\cmake-3.30\Modules\Compiler\ARMCC-DetermineCompiler.cmake C$:\Program$ Files\Microsoft$ Visual$ Studio\2022\Community\Common7\IDE\CommonExtensions\Microsoft\CMake\CMake\share\cmake-3.30\Modules\Compiler\ARMClang-DetermineCompiler.cmake C$:\Program$ Files\Microsoft$ Visual$ Studio\2022\Community\Common7\IDE\CommonExtensions\Microsoft\CMake\CMake\share\cmake-3.30\Modules\Compiler\AppleClang-DetermineCompiler.cmake C$:\Program$ Files\Microsoft$ Visual$ Studio\2022\Community\Common7\IDE\CommonExtensions\Microsoft\CMake\CMake\share\cmake-3.30\Modules\Compiler\Borland-DetermineCompiler.cmake C$:\Program$ Files\Microsoft$ Visual$ Studio\2022\Community\Common7\IDE\CommonExtensions\Microsoft\CMake\CMake\share\cmake-3.30\Modules\Compiler\CMakeCommonCompilerMacros.cmake C$:\Program$ Files\Microsoft$ Visual$ Studio\2022\Community\Common7\IDE\CommonExtensions\Microsoft\CMake\CMake\share\cmake-3.30\Modules\Compiler\Clang-DetermineCompiler.cmake C$:\Program$ Files\Microsoft$ Visual$ Studio\2022\Community\Common7\IDE\CommonExtensions\Microsoft\CMake\CMake\share\cmake-3.30\Modules\Compiler\Clang-DetermineCompilerInternal.cmake C$:\Program$ Files\Microsoft$ Visual$ Studio\2022\Community\Common7\IDE\CommonExtensions\Microsoft\CMake\CMake\share\cmake-3.30\Modules\Compiler\Compaq-CXX-DetermineCompiler.cmake C$:\Program$ Files\Microsoft$ Visual$ Studio\2022\Community\Common7\IDE\CommonExtensions\Microsoft\CMake\CMake\share\cmake-3.30\Modules\Compiler\Cray-DetermineCompiler.cmake C$:\Program$ Files\Microsoft$ Visual$ Studio\2022\Community\Common7\IDE\CommonExtensions\Microsoft\CMake\CMake\share\cmake-3.30\Modules\Compiler\CrayClang-DetermineCompiler.cmake C$:\Program$ Files\Microsoft$ Visual$ Studio\2022\Community\Common7\IDE\CommonExtensions\Microsoft\CMake\CMake\share\cmake-3.30\Modules\Compiler\Embarcadero-DetermineCompiler.cmake C$:\Program$ Files\Microsoft$ Visual$ Studio\2022\Community\Common7\IDE\CommonExtensions\Microsoft\CMake\CMake\share\cmake-3.30\Modules\Compiler\Fujitsu-DetermineCompiler.cmake C$:\Program$ Files\Microsoft$ Visual$ Studio\2022\Community\Common7\IDE\CommonExtensions\Microsoft\CMake\CMake\share\cmake-3.30\Modules\Compiler\FujitsuClang-DetermineCompiler.cmake C$:\Program$ Files\Microsoft$ Visual$ Studio\2022\Community\Common7\IDE\CommonExtensions\Microsoft\CMake\CMake\share\cmake-3.30\Modules\Compiler\GHS-DetermineCompiler.cmake C$:\Program$ Files\Microsoft$ Visual$ Studio\2022\Community\Common7\IDE\CommonExtensions\Microsoft\CMake\CMake\share\cmake-3.30\Modules\Compiler\GNU-CXX-DetermineCompiler.cmake C$:\Program$ Files\Microsoft$ Visual$ Studio\2022\Community\Common7\IDE\CommonExtensions\Microsoft\CMake\CMake\share\cmake-3.30\Modules\Compiler\HP-CXX-DetermineCompiler.cmake C$:\Program$ Files\Microsoft$ Visual$ Studio\2022\Community\Common7\IDE\CommonExtensions\Microsoft\CMake\CMake\share\cmake-3.30\Modules\Compiler\IAR-DetermineCompiler.cmake C$:\Program$ Files\Microsoft$ Visual$ Studio\2022\Community\Common7\IDE\CommonExtensions\Microsoft\CMake\CMake\share\cmake-3.30\Modules\Compiler\IBMCPP-CXX-DetermineVersionInternal.cmake C$:\Program$ Files\Microsoft$ Visual$ Studio\2022\Community\Common7\IDE\CommonExtensions\Microsoft\CMake\CMake\share\cmake-3.30\Modules\Compiler\IBMClang-CXX-DetermineCompiler.cmake C$:\Program$ Files\Microsoft$ Visual$ Studio\2022\Community\Common7\IDE\CommonExtensions\Microsoft\CMake\CMake\share\cmake-3.30\Modules\Compiler\Intel-DetermineCompiler.cmake C$:\Program$ Files\Microsoft$ Visual$ Studio\2022\Community\Common7\IDE\CommonExtensions\Microsoft\CMake\CMake\share\cmake-3.30\Modules\Compiler\IntelLLVM-DetermineCompiler.cmake C$:\Program$ Files\Microsoft$ Visual$ Studio\2022\Community\Common7\IDE\CommonExtensions\Microsoft\CMake\CMake\share\cmake-3.30\Modules\Compiler\LCC-CXX-DetermineCompiler.cmake C$:\Program$ Files\Microsoft$ Visual$ Studio\2022\Community\Common7\IDE\CommonExtensions\Microsoft\CMake\CMake\share\cmake-3.30\Modules\Compiler\MSVC-CXX-CXXImportStd.cmake C$:\Program$ Files\Microsoft$ Visual$ Studio\2022\Community\Common7\IDE\CommonExtensions\Microsoft\CMake\CMake\share\cmake-3.30\Modules\Compiler\MSVC-CXX.cmake C$:\Program$ Files\Microsoft$ Visual$ Studio\2022\Community\Common7\IDE\CommonExtensions\Microsoft\CMake\CMake\share\cmake-3.30\Modules\Compiler\MSVC-DetermineCompiler.cmake C$:\Program$ Files\Microsoft$ Visual$ Studio\2022\Community\Common7\IDE\CommonExtensions\Microsoft\CMake\CMake\share\cmake-3.30\Modules\Compiler\MSVC.cmake C$:\Program$ Files\Microsoft$ Visual$ Studio\2022\Community\Common7\IDE\CommonExtensions\Microsoft\CMake\CMake\share\cmake-3.30\Modules\Compiler\NVHPC-DetermineCompiler.cmake C$:\Program$ Files\Microsoft$ Visual$ Studio\2022\Community\Common7\IDE\CommonExtensions\Microsoft\CMake\CMake\share\cmake-3.30\Modules\Compiler\NVIDIA-DetermineCompiler.cmake C$:\Program$ Files\Microsoft$ Visual$ Studio\2022\Community\Common7\IDE\CommonExtensions\Microsoft\CMake\CMake\share\cmake-3.30\Modules\Compiler\OpenWatcom-DetermineCompiler.cmake C$:\Program$ Files\Microsoft$ Visual$ Studio\2022\Community\Common7\IDE\CommonExtensions\Microsoft\CMake\CMake\share\cmake-3.30\Modules\Compiler\OrangeC-DetermineCompiler.cmake C$:\Program$ Files\Microsoft$ Visual$ Studio\2022\Community\Common7\IDE\CommonExtensions\Microsoft\CMake\CMake\share\cmake-3.30\Modules\Compiler\PGI-DetermineCompiler.cmake C$:\Program$ Files\Microsoft$ Visual$ Studio\2022\Community\Common7\IDE\CommonExtensions\Microsoft\CMake\CMake\share\cmake-3.30\Modules\Compiler\PathScale-DetermineCompiler.cmake C$:\Program$ Files\Microsoft$ Visual$ Studio\2022\Community\Common7\IDE\CommonExtensions\Microsoft\CMake\CMake\share\cmake-3.30\Modules\Compiler\SCO-DetermineCompiler.cmake C$:\Program$ Files\Microsoft$ Visual$ Studio\2022\Community\Common7\IDE\CommonExtensions\Microsoft\CMake\CMake\share\cmake-3.30\Modules\Compiler\SunPro-CXX-DetermineCompiler.cmake C$:\Program$ Files\Microsoft$ Visual$ Studio\2022\Community\Common7\IDE\CommonExtensions\Microsoft\CMake\CMake\share\cmake-3.30\Modules\Compiler\TI-DetermineCompiler.cmake C$:\Program$ Files\Microsoft$ Visual$ Studio\2022\Community\Common7\IDE\CommonExtensions\Microsoft\CMake\CMake\share\cmake-3.30\Modules\Compiler\TIClang-DetermineCompiler.cmake C$:\Program$ Files\Microsoft$ Visual$ Studio\2022\Community\Common7\IDE\CommonExtensions\Microsoft\CMake\CMake\share\cmake-3.30\Modules\Compiler\Tasking-DetermineCompiler.cmake C$:\Program$ Files\Microsoft$ Visual$ Studio\2022\Community\Common7\IDE\CommonExtensions\Microsoft\CMake\CMake\share\cmake-3.30\Modules\Compiler\VisualAge-CXX-DetermineCompiler.cmake C$:\Program$ Files\Microsoft$ Visual$ Studio\2022\Community\Common7\IDE\CommonExtensions\Microsoft\CMake\CMake\share\cmake-3.30\Modules\Compiler\Watcom-DetermineCompiler.cmake C$:\Program$ Files\Microsoft$ Visual$ Studio\2022\Community\Common7\IDE\CommonExtensions\Microsoft\CMake\CMake\share\cmake-3.30\Modules\Compiler\XL-CXX-DetermineCompiler.cmake C$:\Program$ Files\Microsoft$ Visual$ Studio\2022\Community\Common7\IDE\CommonExtensions\Microsoft\CMake\CMake\share\cmake-3.30\Modules\Compiler\XLClang-CXX-DetermineCompiler.cmake C$:\Program$ Files\Microsoft$ Visual$ Studio\2022\Community\Common7\IDE\CommonExtensions\Microsoft\CMake\CMake\share\cmake-3.30\Modules\Compiler\zOS-CXX-DetermineCompiler.cmake C$:\Program$ Files\Microsoft$ Visual$ Studio\2022\Community\Common7\IDE\CommonExtensions\Microsoft\CMake\CMake\share\cmake-3.30\Modules\GNUInstallDirs.cmake C$:\Program$ Files\Microsoft$ Visual$ Studio\2022\Community\Common7\IDE\CommonExtensions\Microsoft\CMake\CMake\share\cmake-3.30\Modules\Internal\CMakeDetermineLinkerId.cmake C$:\Program$ Files\Microsoft$ Visual$ Studio\2022\Community\Common7\IDE\CommonExtensions\Microsoft\CMake\CMake\share\cmake-3.30\Modules\Internal\FeatureTesting.cmake C$:\Program$ Files\Microsoft$ Visual$ Studio\2022\Community\Common7\IDE\CommonExtensions\Microsoft\CMake\CMake\share\cmake-3.30\Modules\Platform\Windows-Determine-CXX.cmake C$:\Program$ Files\Microsoft$ Visual$ Studio\2022\Community\Common7\IDE\CommonExtensions\Microsoft\CMake\CMake\share\cmake-3.30\Modules\Platform\Windows-Initialize.cmake C$:\Program$ Files\Microsoft$ Visual$ Studio\2022\Community\Common7\IDE\CommonExtensions\Microsoft\CMake\CMake\share\cmake-3.30\Modules\Platform\Windows-MSVC-CXX.cmake C$:\Program$ Files\Microsoft$ Visual$ Studio\2022\Community\Common7\IDE\CommonExtensions\Microsoft\CMake\CMake\share\cmake-3.30\Modules\Platform\Windows-MSVC.cmake C$:\Program$ Files\Microsoft$ Visual$ Studio\2022\Community\Common7\IDE\CommonExtensions\Microsoft\CMake\CMake\share\cmake-3.30\Modules\Platform\Windows.cmake C$:\Program$ Files\Microsoft$ Visual$ Studio\2022\Community\Common7\IDE\CommonExtensions\Microsoft\CMake\CMake\share\cmake-3.30\Modules\Platform\WindowsPaths.cmake C$:\Program$ Files\Microsoft$ Visual$ Studio\2022\Community\Common7\IDE\CommonExtensions\Microsoft\CMake\CMake\share\cmake-3.30\Modules\WriteBasicConfigVersionFile.cmake C$:\Program$ Files\Microsoft$ Visual$ Studio\2022\Community\VC\vcpkg\scripts\buildsystems\vcpkg.cmake C$:\Program$ Files\Microsoft$ Visual$ Studio\2022\Community\VC\vcpkg\scripts\toolchains\windows.cmake C$:\Users\Husky\source\repos\SynVHQ\vcpkg_installed\vcpkg\blds\boost-date-time\src\ost-1.86.0-0ee3268484.clean\CMakeLists.txt C$:\Users\Husky\source\repos\SynVHQ\vcpkg_installed\vcpkg\blds\boost-date-time\src\ost-1.86.0-0ee3268484.clean\libs\date_time\CMakeLists.txt C$:\Users\Husky\source\repos\SynVHQ\vcpkg_installed\x64-windows\share\boost\BoostConfig.cmake C$:\Users\Husky\source\repos\SynVHQ\vcpkg_installed\x64-windows\share\boost\BoostConfigVersion.cmake C$:\Users\Husky\source\repos\SynVHQ\vcpkg_installed\x64-windows\share\boost\cmake-build\BoostInstall.cmake C$:\Users\Husky\source\repos\SynVHQ\vcpkg_installed\x64-windows\share\boost\cmake-build\BoostMessage.cmake C$:\Users\Husky\source\repos\SynVHQ\vcpkg_installed\x64-windows\share\boost\cmake-build\BoostRoot.cmake C$:\Users\Husky\source\repos\SynVHQ\vcpkg_installed\x64-windows\share\boost\vcpkg-cmake-wrapper.cmake C$:\Users\Husky\source\repos\SynVHQ\vcpkg_installed\x64-windows\share\boost_algorithm\boost_algorithm-config-version.cmake C$:\Users\Husky\source\repos\SynVHQ\vcpkg_installed\x64-windows\share\boost_algorithm\boost_algorithm-config.cmake C$:\Users\Husky\source\repos\SynVHQ\vcpkg_installed\x64-windows\share\boost_algorithm\boost_algorithm-targets.cmake C$:\Users\Husky\source\repos\SynVHQ\vcpkg_installed\x64-windows\share\boost_array\boost_array-config-version.cmake C$:\Users\Husky\source\repos\SynVHQ\vcpkg_installed\x64-windows\share\boost_array\boost_array-config.cmake C$:\Users\Husky\source\repos\SynVHQ\vcpkg_installed\x64-windows\share\boost_array\boost_array-targets.cmake C$:\Users\Husky\source\repos\SynVHQ\vcpkg_installed\x64-windows\share\boost_assert\boost_assert-config-version.cmake C$:\Users\Husky\source\repos\SynVHQ\vcpkg_installed\x64-windows\share\boost_assert\boost_assert-config.cmake C$:\Users\Husky\source\repos\SynVHQ\vcpkg_installed\x64-windows\share\boost_assert\boost_assert-targets.cmake C$:\Users\Husky\source\repos\SynVHQ\vcpkg_installed\x64-windows\share\boost_bind\boost_bind-config-version.cmake C$:\Users\Husky\source\repos\SynVHQ\vcpkg_installed\x64-windows\share\boost_bind\boost_bind-config.cmake C$:\Users\Husky\source\repos\SynVHQ\vcpkg_installed\x64-windows\share\boost_bind\boost_bind-targets.cmake C$:\Users\Husky\source\repos\SynVHQ\vcpkg_installed\x64-windows\share\boost_concept_check\boost_concept_check-config-version.cmake C$:\Users\Husky\source\repos\SynVHQ\vcpkg_installed\x64-windows\share\boost_concept_check\boost_concept_check-config.cmake C$:\Users\Husky\source\repos\SynVHQ\vcpkg_installed\x64-windows\share\boost_concept_check\boost_concept_check-targets.cmake C$:\Users\Husky\source\repos\SynVHQ\vcpkg_installed\x64-windows\share\boost_config\boost_config-config-version.cmake C$:\Users\Husky\source\repos\SynVHQ\vcpkg_installed\x64-windows\share\boost_config\boost_config-config.cmake C$:\Users\Husky\source\repos\SynVHQ\vcpkg_installed\x64-windows\share\boost_config\boost_config-targets.cmake C$:\Users\Husky\source\repos\SynVHQ\vcpkg_installed\x64-windows\share\boost_container\boost_container-config-version.cmake C$:\Users\Husky\source\repos\SynVHQ\vcpkg_installed\x64-windows\share\boost_container\boost_container-config.cmake C$:\Users\Husky\source\repos\SynVHQ\vcpkg_installed\x64-windows\share\boost_container\boost_container-targets-debug.cmake C$:\Users\Husky\source\repos\SynVHQ\vcpkg_installed\x64-windows\share\boost_container\boost_container-targets-release.cmake C$:\Users\Husky\source\repos\SynVHQ\vcpkg_installed\x64-windows\share\boost_container\boost_container-targets.cmake C$:\Users\Husky\source\repos\SynVHQ\vcpkg_installed\x64-windows\share\boost_container_hash\boost_container_hash-config-version.cmake C$:\Users\Husky\source\repos\SynVHQ\vcpkg_installed\x64-windows\share\boost_container_hash\boost_container_hash-config.cmake C$:\Users\Husky\source\repos\SynVHQ\vcpkg_installed\x64-windows\share\boost_container_hash\boost_container_hash-targets.cmake C$:\Users\Husky\source\repos\SynVHQ\vcpkg_installed\x64-windows\share\boost_conversion\boost_conversion-config-version.cmake C$:\Users\Husky\source\repos\SynVHQ\vcpkg_installed\x64-windows\share\boost_conversion\boost_conversion-config.cmake C$:\Users\Husky\source\repos\SynVHQ\vcpkg_installed\x64-windows\share\boost_conversion\boost_conversion-targets.cmake C$:\Users\Husky\source\repos\SynVHQ\vcpkg_installed\x64-windows\share\boost_core\boost_core-config-version.cmake C$:\Users\Husky\source\repos\SynVHQ\vcpkg_installed\x64-windows\share\boost_core\boost_core-config.cmake C$:\Users\Husky\source\repos\SynVHQ\vcpkg_installed\x64-windows\share\boost_core\boost_core-targets.cmake C$:\Users\Husky\source\repos\SynVHQ\vcpkg_installed\x64-windows\share\boost_describe\boost_describe-config-version.cmake C$:\Users\Husky\source\repos\SynVHQ\vcpkg_installed\x64-windows\share\boost_describe\boost_describe-config.cmake C$:\Users\Husky\source\repos\SynVHQ\vcpkg_installed\x64-windows\share\boost_describe\boost_describe-targets.cmake C$:\Users\Husky\source\repos\SynVHQ\vcpkg_installed\x64-windows\share\boost_detail\boost_detail-config-version.cmake C$:\Users\Husky\source\repos\SynVHQ\vcpkg_installed\x64-windows\share\boost_detail\boost_detail-config.cmake C$:\Users\Husky\source\repos\SynVHQ\vcpkg_installed\x64-windows\share\boost_detail\boost_detail-targets.cmake C$:\Users\Husky\source\repos\SynVHQ\vcpkg_installed\x64-windows\share\boost_exception\boost_exception-config-version.cmake C$:\Users\Husky\source\repos\SynVHQ\vcpkg_installed\x64-windows\share\boost_exception\boost_exception-config.cmake C$:\Users\Husky\source\repos\SynVHQ\vcpkg_installed\x64-windows\share\boost_exception\boost_exception-targets.cmake C$:\Users\Husky\source\repos\SynVHQ\vcpkg_installed\x64-windows\share\boost_function\boost_function-config-version.cmake C$:\Users\Husky\source\repos\SynVHQ\vcpkg_installed\x64-windows\share\boost_function\boost_function-config.cmake C$:\Users\Husky\source\repos\SynVHQ\vcpkg_installed\x64-windows\share\boost_function\boost_function-targets.cmake C$:\Users\Husky\source\repos\SynVHQ\vcpkg_installed\x64-windows\share\boost_function_types\boost_function_types-config-version.cmake C$:\Users\Husky\source\repos\SynVHQ\vcpkg_installed\x64-windows\share\boost_function_types\boost_function_types-config.cmake C$:\Users\Husky\source\repos\SynVHQ\vcpkg_installed\x64-windows\share\boost_function_types\boost_function_types-targets.cmake C$:\Users\Husky\source\repos\SynVHQ\vcpkg_installed\x64-windows\share\boost_functional\boost_functional-config-version.cmake C$:\Users\Husky\source\repos\SynVHQ\vcpkg_installed\x64-windows\share\boost_functional\boost_functional-config.cmake C$:\Users\Husky\source\repos\SynVHQ\vcpkg_installed\x64-windows\share\boost_functional\boost_functional-targets.cmake C$:\Users\Husky\source\repos\SynVHQ\vcpkg_installed\x64-windows\share\boost_fusion\boost_fusion-config-version.cmake C$:\Users\Husky\source\repos\SynVHQ\vcpkg_installed\x64-windows\share\boost_fusion\boost_fusion-config.cmake C$:\Users\Husky\source\repos\SynVHQ\vcpkg_installed\x64-windows\share\boost_fusion\boost_fusion-targets.cmake C$:\Users\Husky\source\repos\SynVHQ\vcpkg_installed\x64-windows\share\boost_headers\boost_headers-config-version.cmake C$:\Users\Husky\source\repos\SynVHQ\vcpkg_installed\x64-windows\share\boost_headers\boost_headers-config.cmake C$:\Users\Husky\source\repos\SynVHQ\vcpkg_installed\x64-windows\share\boost_headers\boost_headers-targets.cmake C$:\Users\Husky\source\repos\SynVHQ\vcpkg_installed\x64-windows\share\boost_integer\boost_integer-config-version.cmake C$:\Users\Husky\source\repos\SynVHQ\vcpkg_installed\x64-windows\share\boost_integer\boost_integer-config.cmake C$:\Users\Husky\source\repos\SynVHQ\vcpkg_installed\x64-windows\share\boost_integer\boost_integer-targets.cmake C$:\Users\Husky\source\repos\SynVHQ\vcpkg_installed\x64-windows\share\boost_intrusive\boost_intrusive-config-version.cmake C$:\Users\Husky\source\repos\SynVHQ\vcpkg_installed\x64-windows\share\boost_intrusive\boost_intrusive-config.cmake C$:\Users\Husky\source\repos\SynVHQ\vcpkg_installed\x64-windows\share\boost_intrusive\boost_intrusive-targets.cmake C$:\Users\Husky\source\repos\SynVHQ\vcpkg_installed\x64-windows\share\boost_io\boost_io-config-version.cmake C$:\Users\Husky\source\repos\SynVHQ\vcpkg_installed\x64-windows\share\boost_io\boost_io-config.cmake C$:\Users\Husky\source\repos\SynVHQ\vcpkg_installed\x64-windows\share\boost_io\boost_io-targets.cmake C$:\Users\Husky\source\repos\SynVHQ\vcpkg_installed\x64-windows\share\boost_iterator\boost_iterator-config-version.cmake C$:\Users\Husky\source\repos\SynVHQ\vcpkg_installed\x64-windows\share\boost_iterator\boost_iterator-config.cmake C$:\Users\Husky\source\repos\SynVHQ\vcpkg_installed\x64-windows\share\boost_iterator\boost_iterator-targets.cmake C$:\Users\Husky\source\repos\SynVHQ\vcpkg_installed\x64-windows\share\boost_lexical_cast\boost_lexical_cast-config-version.cmake C$:\Users\Husky\source\repos\SynVHQ\vcpkg_installed\x64-windows\share\boost_lexical_cast\boost_lexical_cast-config.cmake C$:\Users\Husky\source\repos\SynVHQ\vcpkg_installed\x64-windows\share\boost_lexical_cast\boost_lexical_cast-targets.cmake C$:\Users\Husky\source\repos\SynVHQ\vcpkg_installed\x64-windows\share\boost_move\boost_move-config-version.cmake C$:\Users\Husky\source\repos\SynVHQ\vcpkg_installed\x64-windows\share\boost_move\boost_move-config.cmake C$:\Users\Husky\source\repos\SynVHQ\vcpkg_installed\x64-windows\share\boost_move\boost_move-targets.cmake C$:\Users\Husky\source\repos\SynVHQ\vcpkg_installed\x64-windows\share\boost_mp11\boost_mp11-config-version.cmake C$:\Users\Husky\source\repos\SynVHQ\vcpkg_installed\x64-windows\share\boost_mp11\boost_mp11-config.cmake C$:\Users\Husky\source\repos\SynVHQ\vcpkg_installed\x64-windows\share\boost_mp11\boost_mp11-targets.cmake C$:\Users\Husky\source\repos\SynVHQ\vcpkg_installed\x64-windows\share\boost_mpl\boost_mpl-config-version.cmake C$:\Users\Husky\source\repos\SynVHQ\vcpkg_installed\x64-windows\share\boost_mpl\boost_mpl-config.cmake C$:\Users\Husky\source\repos\SynVHQ\vcpkg_installed\x64-windows\share\boost_mpl\boost_mpl-targets.cmake C$:\Users\Husky\source\repos\SynVHQ\vcpkg_installed\x64-windows\share\boost_numeric_conversion\boost_numeric_conversion-config-version.cmake C$:\Users\Husky\source\repos\SynVHQ\vcpkg_installed\x64-windows\share\boost_numeric_conversion\boost_numeric_conversion-config.cmake C$:\Users\Husky\source\repos\SynVHQ\vcpkg_installed\x64-windows\share\boost_numeric_conversion\boost_numeric_conversion-targets.cmake C$:\Users\Husky\source\repos\SynVHQ\vcpkg_installed\x64-windows\share\boost_optional\boost_optional-config-version.cmake C$:\Users\Husky\source\repos\SynVHQ\vcpkg_installed\x64-windows\share\boost_optional\boost_optional-config.cmake C$:\Users\Husky\source\repos\SynVHQ\vcpkg_installed\x64-windows\share\boost_optional\boost_optional-targets.cmake C$:\Users\Husky\source\repos\SynVHQ\vcpkg_installed\x64-windows\share\boost_predef\boost_predef-config-version.cmake C$:\Users\Husky\source\repos\SynVHQ\vcpkg_installed\x64-windows\share\boost_predef\boost_predef-config.cmake C$:\Users\Husky\source\repos\SynVHQ\vcpkg_installed\x64-windows\share\boost_predef\boost_predef-targets.cmake C$:\Users\Husky\source\repos\SynVHQ\vcpkg_installed\x64-windows\share\boost_preprocessor\boost_preprocessor-config-version.cmake C$:\Users\Husky\source\repos\SynVHQ\vcpkg_installed\x64-windows\share\boost_preprocessor\boost_preprocessor-config.cmake C$:\Users\Husky\source\repos\SynVHQ\vcpkg_installed\x64-windows\share\boost_preprocessor\boost_preprocessor-targets.cmake C$:\Users\Husky\source\repos\SynVHQ\vcpkg_installed\x64-windows\share\boost_range\boost_range-config-version.cmake C$:\Users\Husky\source\repos\SynVHQ\vcpkg_installed\x64-windows\share\boost_range\boost_range-config.cmake C$:\Users\Husky\source\repos\SynVHQ\vcpkg_installed\x64-windows\share\boost_range\boost_range-targets.cmake C$:\Users\Husky\source\repos\SynVHQ\vcpkg_installed\x64-windows\share\boost_regex\boost_regex-config-version.cmake C$:\Users\Husky\source\repos\SynVHQ\vcpkg_installed\x64-windows\share\boost_regex\boost_regex-config.cmake C$:\Users\Husky\source\repos\SynVHQ\vcpkg_installed\x64-windows\share\boost_regex\boost_regex-targets-debug.cmake C$:\Users\Husky\source\repos\SynVHQ\vcpkg_installed\x64-windows\share\boost_regex\boost_regex-targets-release.cmake C$:\Users\Husky\source\repos\SynVHQ\vcpkg_installed\x64-windows\share\boost_regex\boost_regex-targets.cmake C$:\Users\Husky\source\repos\SynVHQ\vcpkg_installed\x64-windows\share\boost_smart_ptr\boost_smart_ptr-config-version.cmake C$:\Users\Husky\source\repos\SynVHQ\vcpkg_installed\x64-windows\share\boost_smart_ptr\boost_smart_ptr-config.cmake C$:\Users\Husky\source\repos\SynVHQ\vcpkg_installed\x64-windows\share\boost_smart_ptr\boost_smart_ptr-targets.cmake C$:\Users\Husky\source\repos\SynVHQ\vcpkg_installed\x64-windows\share\boost_static_assert\boost_static_assert-config-version.cmake C$:\Users\Husky\source\repos\SynVHQ\vcpkg_installed\x64-windows\share\boost_static_assert\boost_static_assert-config.cmake C$:\Users\Husky\source\repos\SynVHQ\vcpkg_installed\x64-windows\share\boost_static_assert\boost_static_assert-targets.cmake C$:\Users\Husky\source\repos\SynVHQ\vcpkg_installed\x64-windows\share\boost_throw_exception\boost_throw_exception-config-version.cmake C$:\Users\Husky\source\repos\SynVHQ\vcpkg_installed\x64-windows\share\boost_throw_exception\boost_throw_exception-config.cmake C$:\Users\Husky\source\repos\SynVHQ\vcpkg_installed\x64-windows\share\boost_throw_exception\boost_throw_exception-targets.cmake C$:\Users\Husky\source\repos\SynVHQ\vcpkg_installed\x64-windows\share\boost_tokenizer\boost_tokenizer-config-version.cmake C$:\Users\Husky\source\repos\SynVHQ\vcpkg_installed\x64-windows\share\boost_tokenizer\boost_tokenizer-config.cmake C$:\Users\Husky\source\repos\SynVHQ\vcpkg_installed\x64-windows\share\boost_tokenizer\boost_tokenizer-targets.cmake C$:\Users\Husky\source\repos\SynVHQ\vcpkg_installed\x64-windows\share\boost_tuple\boost_tuple-config-version.cmake C$:\Users\Husky\source\repos\SynVHQ\vcpkg_installed\x64-windows\share\boost_tuple\boost_tuple-config.cmake C$:\Users\Husky\source\repos\SynVHQ\vcpkg_installed\x64-windows\share\boost_tuple\boost_tuple-targets.cmake C$:\Users\Husky\source\repos\SynVHQ\vcpkg_installed\x64-windows\share\boost_type_traits\boost_type_traits-config-version.cmake C$:\Users\Husky\source\repos\SynVHQ\vcpkg_installed\x64-windows\share\boost_type_traits\boost_type_traits-config.cmake C$:\Users\Husky\source\repos\SynVHQ\vcpkg_installed\x64-windows\share\boost_type_traits\boost_type_traits-targets.cmake C$:\Users\Husky\source\repos\SynVHQ\vcpkg_installed\x64-windows\share\boost_typeof\boost_typeof-config-version.cmake C$:\Users\Husky\source\repos\SynVHQ\vcpkg_installed\x64-windows\share\boost_typeof\boost_typeof-config.cmake C$:\Users\Husky\source\repos\SynVHQ\vcpkg_installed\x64-windows\share\boost_typeof\boost_typeof-targets.cmake C$:\Users\Husky\source\repos\SynVHQ\vcpkg_installed\x64-windows\share\boost_unordered\boost_unordered-config-version.cmake C$:\Users\Husky\source\repos\SynVHQ\vcpkg_installed\x64-windows\share\boost_unordered\boost_unordered-config.cmake C$:\Users\Husky\source\repos\SynVHQ\vcpkg_installed\x64-windows\share\boost_unordered\boost_unordered-targets.cmake C$:\Users\Husky\source\repos\SynVHQ\vcpkg_installed\x64-windows\share\boost_utility\boost_utility-config-version.cmake C$:\Users\Husky\source\repos\SynVHQ\vcpkg_installed\x64-windows\share\boost_utility\boost_utility-config.cmake C$:\Users\Husky\source\repos\SynVHQ\vcpkg_installed\x64-windows\share\boost_utility\boost_utility-targets.cmake C$:\Users\Husky\source\repos\SynVHQ\vcpkg_installed\x64-windows\share\boost_winapi\boost_winapi-config-version.cmake C$:\Users\Husky\source\repos\SynVHQ\vcpkg_installed\x64-windows\share\boost_winapi\boost_winapi-config.cmake C$:\Users\Husky\source\repos\SynVHQ\vcpkg_installed\x64-windows\share\boost_winapi\boost_winapi-targets.cmake CMakeCache.txt CMakeFiles\3.30.5-msvc23\CMakeCXXCompiler.cmake CMakeFiles\3.30.5-msvc23\CMakeRCCompiler.cmake CMakeFiles\3.30.5-msvc23\CMakeSystem.cmake: phony


#############################################
# Clean all the built files.

build clean: CLEAN


#############################################
# Print all primary targets available.

build help: HELP


#############################################
# Make the all target the default.

default all
