Change Dir: 'C:/Users/Husky/source/repos/SynVHQ/vcpkg_installed/vcpkg/blds/boost-date-time/x64-windows-dbg'

Run Build Command(s): "C:/Program Files/Microsoft Visual Studio/2022/Community/Common7/IDE/CommonExtensions/Microsoft/CMake/Ninja/ninja.exe" -v -v -j17 install
[1/3] C:\PROGRA~1\MICROS~4\2022\COMMUN~1\VC\Tools\MSVC\1443~1.348\bin\Hostx64\x64\cl.exe   /TP -DBOOST_CONTAINER_DYN_LINK -DBOOST_CONTAINER_NO_LIB -DBOOST_DATE_TIME_DYN_LINK -DBOOST_DATE_TIME_NO_LIB -DBOOST_DATE_TIME_SOURCE -Dboost_date_time_EXPORTS -IC:\Users\Husky\source\repos\SynVHQ\vcpkg_installed\vcpkg\blds\boost-date-time\src\ost-1.86.0-0ee3268484.clean\libs\date_time\include -external:IC:\Users\Husky\source\repos\SynVHQ\vcpkg_installed\x64-windows\include -external:W0 /nologo /DWIN32 /D_WINDOWS /utf-8 /GR /EHsc /MP  /D_DEBUG /MDd /Z7 /Ob0 /Od /RTC1  -MDd /showIncludes /Folibs\date_time\CMakeFiles\boost_date_time.dir\src\gregorian\greg_month.cpp.obj /Fdlibs\date_time\CMakeFiles\boost_date_time.dir\ /FS -c C:\Users\Husky\source\repos\SynVHQ\vcpkg_installed\vcpkg\blds\boost-date-time\src\ost-1.86.0-0ee3268484.clean\libs\date_time\src\gregorian\greg_month.cpp
[2/3] C:\WINDOWS\system32\cmd.exe /C "cd . && "C:\Program Files\Microsoft Visual Studio\2022\Community\Common7\IDE\CommonExtensions\Microsoft\CMake\CMake\bin\cmake.exe" -E vs_link_dll --intdir=libs\date_time\CMakeFiles\boost_date_time.dir --rc=C:\PROGRA~2\WI3CF2~1\10\bin\100226~1.0\x64\rc.exe --mt=C:\PROGRA~2\WI3CF2~1\10\bin\100226~1.0\x64\mt.exe --manifests  -- C:\PROGRA~1\MICROS~4\2022\COMMUN~1\VC\Tools\MSVC\1443~1.348\bin\Hostx64\x64\link.exe  libs\date_time\CMakeFiles\boost_date_time.dir\src\gregorian\greg_month.cpp.obj  /out:stage\bin\boost_date_time-vc143-mt-gd-x64-1_86.dll /implib:stage\lib\boost_date_time-vc143-mt-gd-x64-1_86.lib /pdb:stage\bin\boost_date_time-vc143-mt-gd-x64-1_86.pdb /dll /version:1.86 /machine:x64 /nologo    /debug /INCREMENTAL  C:\Users\Husky\source\repos\SynVHQ\vcpkg_installed\x64-windows\debug\lib\boost_regex-vc143-mt-gd-x64-1_86.lib  C:\Users\Husky\source\repos\SynVHQ\vcpkg_installed\x64-windows\debug\lib\boost_container-vc143-mt-gd-x64-1_86.lib  kernel32.lib user32.lib gdi32.lib winspool.lib shell32.lib ole32.lib oleaut32.lib uuid.lib comdlg32.lib advapi32.lib && cd ."
[2/3] C:\WINDOWS\system32\cmd.exe /C "cd /D C:\Users\Husky\source\repos\SynVHQ\vcpkg_installed\vcpkg\blds\boost-date-time\x64-windows-dbg && "C:\Program Files\Microsoft Visual Studio\2022\Community\Common7\IDE\CommonExtensions\Microsoft\CMake\CMake\bin\cmake.exe" -P cmake_install.cmake"
-- Install configuration: "Debug"
-- Installing: C:/Users/Husky/source/repos/SynVHQ/vcpkg_installed/vcpkg/pkgs/boost-date-time_x64-windows/debug/include
-- Installing: C:/Users/Husky/source/repos/SynVHQ/vcpkg_installed/vcpkg/pkgs/boost-date-time_x64-windows/debug/include/boost
-- Installing: C:/Users/Husky/source/repos/SynVHQ/vcpkg_installed/vcpkg/pkgs/boost-date-time_x64-windows/debug/include/boost/date_time
-- Installing: C:/Users/Husky/source/repos/SynVHQ/vcpkg_installed/vcpkg/pkgs/boost-date-time_x64-windows/debug/include/boost/date_time/adjust_functors.hpp
-- Installing: C:/Users/Husky/source/repos/SynVHQ/vcpkg_installed/vcpkg/pkgs/boost-date-time_x64-windows/debug/include/boost/date_time/compiler_config.hpp
-- Installing: C:/Users/Husky/source/repos/SynVHQ/vcpkg_installed/vcpkg/pkgs/boost-date-time_x64-windows/debug/include/boost/date_time/constrained_value.hpp
-- Installing: C:/Users/Husky/source/repos/SynVHQ/vcpkg_installed/vcpkg/pkgs/boost-date-time_x64-windows/debug/include/boost/date_time/c_local_time_adjustor.hpp
-- Installing: C:/Users/Husky/source/repos/SynVHQ/vcpkg_installed/vcpkg/pkgs/boost-date-time_x64-windows/debug/include/boost/date_time/c_time.hpp
-- Installing: C:/Users/Husky/source/repos/SynVHQ/vcpkg_installed/vcpkg/pkgs/boost-date-time_x64-windows/debug/include/boost/date_time/date.hpp
-- Installing: C:/Users/Husky/source/repos/SynVHQ/vcpkg_installed/vcpkg/pkgs/boost-date-time_x64-windows/debug/include/boost/date_time/date_clock_device.hpp
-- Installing: C:/Users/Husky/source/repos/SynVHQ/vcpkg_installed/vcpkg/pkgs/boost-date-time_x64-windows/debug/include/boost/date_time/date_defs.hpp
-- Installing: C:/Users/Husky/source/repos/SynVHQ/vcpkg_installed/vcpkg/pkgs/boost-date-time_x64-windows/debug/include/boost/date_time/date_duration.hpp
-- Installing: C:/Users/Husky/source/repos/SynVHQ/vcpkg_installed/vcpkg/pkgs/boost-date-time_x64-windows/debug/include/boost/date_time/date_duration_types.hpp
-- Installing: C:/Users/Husky/source/repos/SynVHQ/vcpkg_installed/vcpkg/pkgs/boost-date-time_x64-windows/debug/include/boost/date_time/date_facet.hpp
-- Installing: C:/Users/Husky/source/repos/SynVHQ/vcpkg_installed/vcpkg/pkgs/boost-date-time_x64-windows/debug/include/boost/date_time/date_formatting.hpp
-- Installing: C:/Users/Husky/source/repos/SynVHQ/vcpkg_installed/vcpkg/pkgs/boost-date-time_x64-windows/debug/include/boost/date_time/date_formatting_limited.hpp
-- Installing: C:/Users/Husky/source/repos/SynVHQ/vcpkg_installed/vcpkg/pkgs/boost-date-time_x64-windows/debug/include/boost/date_time/date_formatting_locales.hpp
-- Installing: C:/Users/Husky/source/repos/SynVHQ/vcpkg_installed/vcpkg/pkgs/boost-date-time_x64-windows/debug/include/boost/date_time/date_format_simple.hpp
-- Installing: C:/Users/Husky/source/repos/SynVHQ/vcpkg_installed/vcpkg/pkgs/boost-date-time_x64-windows/debug/include/boost/date_time/date_generators.hpp
-- Installing: C:/Users/Husky/source/repos/SynVHQ/vcpkg_installed/vcpkg/pkgs/boost-date-time_x64-windows/debug/include/boost/date_time/date_generator_formatter.hpp
-- Installing: C:/Users/Husky/source/repos/SynVHQ/vcpkg_installed/vcpkg/pkgs/boost-date-time_x64-windows/debug/include/boost/date_time/date_generator_parser.hpp
-- Installing: C:/Users/Husky/source/repos/SynVHQ/vcpkg_installed/vcpkg/pkgs/boost-date-time_x64-windows/debug/include/boost/date_time/date_iterator.hpp
-- Installing: C:/Users/Husky/source/repos/SynVHQ/vcpkg_installed/vcpkg/pkgs/boost-date-time_x64-windows/debug/include/boost/date_time/date_names_put.hpp
-- Installing: C:/Users/Husky/source/repos/SynVHQ/vcpkg_installed/vcpkg/pkgs/boost-date-time_x64-windows/debug/include/boost/date_time/date_parsing.hpp
-- Installing: C:/Users/Husky/source/repos/SynVHQ/vcpkg_installed/vcpkg/pkgs/boost-date-time_x64-windows/debug/include/boost/date_time/dst_rules.hpp
-- Installing: C:/Users/Husky/source/repos/SynVHQ/vcpkg_installed/vcpkg/pkgs/boost-date-time_x64-windows/debug/include/boost/date_time/dst_transition_generators.hpp
-- Installing: C:/Users/Husky/source/repos/SynVHQ/vcpkg_installed/vcpkg/pkgs/boost-date-time_x64-windows/debug/include/boost/date_time/filetime_functions.hpp
-- Installing: C:/Users/Husky/source/repos/SynVHQ/vcpkg_installed/vcpkg/pkgs/boost-date-time_x64-windows/debug/include/boost/date_time/find_match.hpp
-- Installing: C:/Users/Husky/source/repos/SynVHQ/vcpkg_installed/vcpkg/pkgs/boost-date-time_x64-windows/debug/include/boost/date_time/format_date_parser.hpp
-- Installing: C:/Users/Husky/source/repos/SynVHQ/vcpkg_installed/vcpkg/pkgs/boost-date-time_x64-windows/debug/include/boost/date_time/gregorian
-- Installing: C:/Users/Husky/source/repos/SynVHQ/vcpkg_installed/vcpkg/pkgs/boost-date-time_x64-windows/debug/include/boost/date_time/gregorian/conversion.hpp
-- Installing: C:/Users/Husky/source/repos/SynVHQ/vcpkg_installed/vcpkg/pkgs/boost-date-time_x64-windows/debug/include/boost/date_time/gregorian/formatters.hpp
-- Installing: C:/Users/Husky/source/repos/SynVHQ/vcpkg_installed/vcpkg/pkgs/boost-date-time_x64-windows/debug/include/boost/date_time/gregorian/formatters_limited.hpp
-- Installing: C:/Users/Husky/source/repos/SynVHQ/vcpkg_installed/vcpkg/pkgs/boost-date-time_x64-windows/debug/include/boost/date_time/gregorian/gregorian.hpp
-- Installing: C:/Users/Husky/source/repos/SynVHQ/vcpkg_installed/vcpkg/pkgs/boost-date-time_x64-windows/debug/include/boost/date_time/gregorian/gregorian_io.hpp
-- Installing: C:/Users/Husky/source/repos/SynVHQ/vcpkg_installed/vcpkg/pkgs/boost-date-time_x64-windows/debug/include/boost/date_time/gregorian/gregorian_types.hpp
-- Installing: C:/Users/Husky/source/repos/SynVHQ/vcpkg_installed/vcpkg/pkgs/boost-date-time_x64-windows/debug/include/boost/date_time/gregorian/greg_calendar.hpp
-- Installing: C:/Users/Husky/source/repos/SynVHQ/vcpkg_installed/vcpkg/pkgs/boost-date-time_x64-windows/debug/include/boost/date_time/gregorian/greg_date.hpp
-- Installing: C:/Users/Husky/source/repos/SynVHQ/vcpkg_installed/vcpkg/pkgs/boost-date-time_x64-windows/debug/include/boost/date_time/gregorian/greg_day.hpp
-- Installing: C:/Users/Husky/source/repos/SynVHQ/vcpkg_installed/vcpkg/pkgs/boost-date-time_x64-windows/debug/include/boost/date_time/gregorian/greg_day_of_year.hpp
-- Installing: C:/Users/Husky/source/repos/SynVHQ/vcpkg_installed/vcpkg/pkgs/boost-date-time_x64-windows/debug/include/boost/date_time/gregorian/greg_duration.hpp
-- Installing: C:/Users/Husky/source/repos/SynVHQ/vcpkg_installed/vcpkg/pkgs/boost-date-time_x64-windows/debug/include/boost/date_time/gregorian/greg_duration_types.hpp
-- Installing: C:/Users/Husky/source/repos/SynVHQ/vcpkg_installed/vcpkg/pkgs/boost-date-time_x64-windows/debug/include/boost/date_time/gregorian/greg_facet.hpp
-- Installing: C:/Users/Husky/source/repos/SynVHQ/vcpkg_installed/vcpkg/pkgs/boost-date-time_x64-windows/debug/include/boost/date_time/gregorian/greg_month.hpp
-- Installing: C:/Users/Husky/source/repos/SynVHQ/vcpkg_installed/vcpkg/pkgs/boost-date-time_x64-windows/debug/include/boost/date_time/gregorian/greg_serialize.hpp
-- Installing: C:/Users/Husky/source/repos/SynVHQ/vcpkg_installed/vcpkg/pkgs/boost-date-time_x64-windows/debug/include/boost/date_time/gregorian/greg_weekday.hpp
-- Installing: C:/Users/Husky/source/repos/SynVHQ/vcpkg_installed/vcpkg/pkgs/boost-date-time_x64-windows/debug/include/boost/date_time/gregorian/greg_year.hpp
-- Installing: C:/Users/Husky/source/repos/SynVHQ/vcpkg_installed/vcpkg/pkgs/boost-date-time_x64-windows/debug/include/boost/date_time/gregorian/greg_ymd.hpp
-- Installing: C:/Users/Husky/source/repos/SynVHQ/vcpkg_installed/vcpkg/pkgs/boost-date-time_x64-windows/debug/include/boost/date_time/gregorian/parsers.hpp
-- Installing: C:/Users/Husky/source/repos/SynVHQ/vcpkg_installed/vcpkg/pkgs/boost-date-time_x64-windows/debug/include/boost/date_time/gregorian_calendar.hpp
-- Installing: C:/Users/Husky/source/repos/SynVHQ/vcpkg_installed/vcpkg/pkgs/boost-date-time_x64-windows/debug/include/boost/date_time/gregorian_calendar.ipp
-- Installing: C:/Users/Husky/source/repos/SynVHQ/vcpkg_installed/vcpkg/pkgs/boost-date-time_x64-windows/debug/include/boost/date_time/int_adapter.hpp
-- Installing: C:/Users/Husky/source/repos/SynVHQ/vcpkg_installed/vcpkg/pkgs/boost-date-time_x64-windows/debug/include/boost/date_time/iso_format.hpp
-- Installing: C:/Users/Husky/source/repos/SynVHQ/vcpkg_installed/vcpkg/pkgs/boost-date-time_x64-windows/debug/include/boost/date_time/locale_config.hpp
-- Installing: C:/Users/Husky/source/repos/SynVHQ/vcpkg_installed/vcpkg/pkgs/boost-date-time_x64-windows/debug/include/boost/date_time/local_time
-- Installing: C:/Users/Husky/source/repos/SynVHQ/vcpkg_installed/vcpkg/pkgs/boost-date-time_x64-windows/debug/include/boost/date_time/local_time/conversion.hpp
-- Installing: C:/Users/Husky/source/repos/SynVHQ/vcpkg_installed/vcpkg/pkgs/boost-date-time_x64-windows/debug/include/boost/date_time/local_time/custom_time_zone.hpp
-- Installing: C:/Users/Husky/source/repos/SynVHQ/vcpkg_installed/vcpkg/pkgs/boost-date-time_x64-windows/debug/include/boost/date_time/local_time/date_duration_operators.hpp
-- Installing: C:/Users/Husky/source/repos/SynVHQ/vcpkg_installed/vcpkg/pkgs/boost-date-time_x64-windows/debug/include/boost/date_time/local_time/dst_transition_day_rules.hpp
-- Installing: C:/Users/Husky/source/repos/SynVHQ/vcpkg_installed/vcpkg/pkgs/boost-date-time_x64-windows/debug/include/boost/date_time/local_time/local_date_time.hpp
-- Installing: C:/Users/Husky/source/repos/SynVHQ/vcpkg_installed/vcpkg/pkgs/boost-date-time_x64-windows/debug/include/boost/date_time/local_time/local_time.hpp
-- Installing: C:/Users/Husky/source/repos/SynVHQ/vcpkg_installed/vcpkg/pkgs/boost-date-time_x64-windows/debug/include/boost/date_time/local_time/local_time_io.hpp
-- Installing: C:/Users/Husky/source/repos/SynVHQ/vcpkg_installed/vcpkg/pkgs/boost-date-time_x64-windows/debug/include/boost/date_time/local_time/local_time_types.hpp
-- Installing: C:/Users/Husky/source/repos/SynVHQ/vcpkg_installed/vcpkg/pkgs/boost-date-time_x64-windows/debug/include/boost/date_time/local_time/posix_time_zone.hpp
-- Installing: C:/Users/Husky/source/repos/SynVHQ/vcpkg_installed/vcpkg/pkgs/boost-date-time_x64-windows/debug/include/boost/date_time/local_time/tz_database.hpp
-- Installing: C:/Users/Husky/source/repos/SynVHQ/vcpkg_installed/vcpkg/pkgs/boost-date-time_x64-windows/debug/include/boost/date_time/local_timezone_defs.hpp
-- Installing: C:/Users/Husky/source/repos/SynVHQ/vcpkg_installed/vcpkg/pkgs/boost-date-time_x64-windows/debug/include/boost/date_time/local_time_adjustor.hpp
-- Installing: C:/Users/Husky/source/repos/SynVHQ/vcpkg_installed/vcpkg/pkgs/boost-date-time_x64-windows/debug/include/boost/date_time/microsec_time_clock.hpp
-- Installing: C:/Users/Husky/source/repos/SynVHQ/vcpkg_installed/vcpkg/pkgs/boost-date-time_x64-windows/debug/include/boost/date_time/parse_format_base.hpp
-- Installing: C:/Users/Husky/source/repos/SynVHQ/vcpkg_installed/vcpkg/pkgs/boost-date-time_x64-windows/debug/include/boost/date_time/period.hpp
-- Installing: C:/Users/Husky/source/repos/SynVHQ/vcpkg_installed/vcpkg/pkgs/boost-date-time_x64-windows/debug/include/boost/date_time/period_formatter.hpp
-- Installing: C:/Users/Husky/source/repos/SynVHQ/vcpkg_installed/vcpkg/pkgs/boost-date-time_x64-windows/debug/include/boost/date_time/period_parser.hpp
-- Installing: C:/Users/Husky/source/repos/SynVHQ/vcpkg_installed/vcpkg/pkgs/boost-date-time_x64-windows/debug/include/boost/date_time/posix_time
-- Installing: C:/Users/Husky/source/repos/SynVHQ/vcpkg_installed/vcpkg/pkgs/boost-date-time_x64-windows/debug/include/boost/date_time/posix_time/conversion.hpp
-- Installing: C:/Users/Husky/source/repos/SynVHQ/vcpkg_installed/vcpkg/pkgs/boost-date-time_x64-windows/debug/include/boost/date_time/posix_time/date_duration_operators.hpp
-- Installing: C:/Users/Husky/source/repos/SynVHQ/vcpkg_installed/vcpkg/pkgs/boost-date-time_x64-windows/debug/include/boost/date_time/posix_time/posix_time.hpp
-- Installing: C:/Users/Husky/source/repos/SynVHQ/vcpkg_installed/vcpkg/pkgs/boost-date-time_x64-windows/debug/include/boost/date_time/posix_time/posix_time_config.hpp
-- Installing: C:/Users/Husky/source/repos/SynVHQ/vcpkg_installed/vcpkg/pkgs/boost-date-time_x64-windows/debug/include/boost/date_time/posix_time/posix_time_duration.hpp
-- Installing: C:/Users/Husky/source/repos/SynVHQ/vcpkg_installed/vcpkg/pkgs/boost-date-time_x64-windows/debug/include/boost/date_time/posix_time/posix_time_io.hpp
-- Installing: C:/Users/Husky/source/repos/SynVHQ/vcpkg_installed/vcpkg/pkgs/boost-date-time_x64-windows/debug/include/boost/date_time/posix_time/posix_time_legacy_io.hpp
-- Installing: C:/Users/Husky/source/repos/SynVHQ/vcpkg_installed/vcpkg/pkgs/boost-date-time_x64-windows/debug/include/boost/date_time/posix_time/posix_time_system.hpp
-- Installing: C:/Users/Husky/source/repos/SynVHQ/vcpkg_installed/vcpkg/pkgs/boost-date-time_x64-windows/debug/include/boost/date_time/posix_time/posix_time_types.hpp
-- Installing: C:/Users/Husky/source/repos/SynVHQ/vcpkg_installed/vcpkg/pkgs/boost-date-time_x64-windows/debug/include/boost/date_time/posix_time/ptime.hpp
-- Installing: C:/Users/Husky/source/repos/SynVHQ/vcpkg_installed/vcpkg/pkgs/boost-date-time_x64-windows/debug/include/boost/date_time/posix_time/time_formatters.hpp
-- Installing: C:/Users/Husky/source/repos/SynVHQ/vcpkg_installed/vcpkg/pkgs/boost-date-time_x64-windows/debug/include/boost/date_time/posix_time/time_formatters_limited.hpp
-- Installing: C:/Users/Husky/source/repos/SynVHQ/vcpkg_installed/vcpkg/pkgs/boost-date-time_x64-windows/debug/include/boost/date_time/posix_time/time_parsers.hpp
-- Installing: C:/Users/Husky/source/repos/SynVHQ/vcpkg_installed/vcpkg/pkgs/boost-date-time_x64-windows/debug/include/boost/date_time/posix_time/time_period.hpp
-- Installing: C:/Users/Husky/source/repos/SynVHQ/vcpkg_installed/vcpkg/pkgs/boost-date-time_x64-windows/debug/include/boost/date_time/posix_time/time_serialize.hpp
-- Installing: C:/Users/Husky/source/repos/SynVHQ/vcpkg_installed/vcpkg/pkgs/boost-date-time_x64-windows/debug/include/boost/date_time/special_defs.hpp
-- Installing: C:/Users/Husky/source/repos/SynVHQ/vcpkg_installed/vcpkg/pkgs/boost-date-time_x64-windows/debug/include/boost/date_time/special_values_formatter.hpp
-- Installing: C:/Users/Husky/source/repos/SynVHQ/vcpkg_installed/vcpkg/pkgs/boost-date-time_x64-windows/debug/include/boost/date_time/special_values_parser.hpp
-- Installing: C:/Users/Husky/source/repos/SynVHQ/vcpkg_installed/vcpkg/pkgs/boost-date-time_x64-windows/debug/include/boost/date_time/strings_from_facet.hpp
-- Installing: C:/Users/Husky/source/repos/SynVHQ/vcpkg_installed/vcpkg/pkgs/boost-date-time_x64-windows/debug/include/boost/date_time/string_convert.hpp
-- Installing: C:/Users/Husky/source/repos/SynVHQ/vcpkg_installed/vcpkg/pkgs/boost-date-time_x64-windows/debug/include/boost/date_time/string_parse_tree.hpp
-- Installing: C:/Users/Husky/source/repos/SynVHQ/vcpkg_installed/vcpkg/pkgs/boost-date-time_x64-windows/debug/include/boost/date_time/time.hpp
-- Installing: C:/Users/Husky/source/repos/SynVHQ/vcpkg_installed/vcpkg/pkgs/boost-date-time_x64-windows/debug/include/boost/date_time/time_clock.hpp
-- Installing: C:/Users/Husky/source/repos/SynVHQ/vcpkg_installed/vcpkg/pkgs/boost-date-time_x64-windows/debug/include/boost/date_time/time_defs.hpp
-- Installing: C:/Users/Husky/source/repos/SynVHQ/vcpkg_installed/vcpkg/pkgs/boost-date-time_x64-windows/debug/include/boost/date_time/time_duration.hpp
-- Installing: C:/Users/Husky/source/repos/SynVHQ/vcpkg_installed/vcpkg/pkgs/boost-date-time_x64-windows/debug/include/boost/date_time/time_facet.hpp
-- Installing: C:/Users/Husky/source/repos/SynVHQ/vcpkg_installed/vcpkg/pkgs/boost-date-time_x64-windows/debug/include/boost/date_time/time_formatting_streams.hpp
-- Installing: C:/Users/Husky/source/repos/SynVHQ/vcpkg_installed/vcpkg/pkgs/boost-date-time_x64-windows/debug/include/boost/date_time/time_iterator.hpp
-- Installing: C:/Users/Husky/source/repos/SynVHQ/vcpkg_installed/vcpkg/pkgs/boost-date-time_x64-windows/debug/include/boost/date_time/time_parsing.hpp
-- Installing: C:/Users/Husky/source/repos/SynVHQ/vcpkg_installed/vcpkg/pkgs/boost-date-time_x64-windows/debug/include/boost/date_time/time_resolution_traits.hpp
-- Installing: C:/Users/Husky/source/repos/SynVHQ/vcpkg_installed/vcpkg/pkgs/boost-date-time_x64-windows/debug/include/boost/date_time/time_system_counted.hpp
-- Installing: C:/Users/Husky/source/repos/SynVHQ/vcpkg_installed/vcpkg/pkgs/boost-date-time_x64-windows/debug/include/boost/date_time/time_system_split.hpp
-- Installing: C:/Users/Husky/source/repos/SynVHQ/vcpkg_installed/vcpkg/pkgs/boost-date-time_x64-windows/debug/include/boost/date_time/time_zone_base.hpp
-- Installing: C:/Users/Husky/source/repos/SynVHQ/vcpkg_installed/vcpkg/pkgs/boost-date-time_x64-windows/debug/include/boost/date_time/time_zone_names.hpp
-- Installing: C:/Users/Husky/source/repos/SynVHQ/vcpkg_installed/vcpkg/pkgs/boost-date-time_x64-windows/debug/include/boost/date_time/tz_db_base.hpp
-- Installing: C:/Users/Husky/source/repos/SynVHQ/vcpkg_installed/vcpkg/pkgs/boost-date-time_x64-windows/debug/include/boost/date_time/wrapping_int.hpp
-- Installing: C:/Users/Husky/source/repos/SynVHQ/vcpkg_installed/vcpkg/pkgs/boost-date-time_x64-windows/debug/include/boost/date_time/year_month_day.hpp
-- Installing: C:/Users/Husky/source/repos/SynVHQ/vcpkg_installed/vcpkg/pkgs/boost-date-time_x64-windows/debug/include/boost/date_time.hpp
-- Installing: C:/Users/Husky/source/repos/SynVHQ/vcpkg_installed/vcpkg/pkgs/boost-date-time_x64-windows/debug/lib/boost_date_time-vc143-mt-gd-x64-1_86.lib
-- Installing: C:/Users/Husky/source/repos/SynVHQ/vcpkg_installed/vcpkg/pkgs/boost-date-time_x64-windows/debug/bin/boost_date_time-vc143-mt-gd-x64-1_86.dll
-- Installing: C:/Users/Husky/source/repos/SynVHQ/vcpkg_installed/vcpkg/pkgs/boost-date-time_x64-windows/debug/bin/boost_date_time-vc143-mt-gd-x64-1_86.pdb
-- Installing: C:/Users/Husky/source/repos/SynVHQ/vcpkg_installed/vcpkg/pkgs/boost-date-time_x64-windows/debug/lib/cmake/boost_date_time-1.86.0/boost_date_time-targets.cmake
-- Installing: C:/Users/Husky/source/repos/SynVHQ/vcpkg_installed/vcpkg/pkgs/boost-date-time_x64-windows/debug/lib/cmake/boost_date_time-1.86.0/boost_date_time-targets-debug.cmake
-- Installing: C:/Users/Husky/source/repos/SynVHQ/vcpkg_installed/vcpkg/pkgs/boost-date-time_x64-windows/debug/lib/cmake/boost_date_time-1.86.0/boost_date_time-config.cmake
-- Installing: C:/Users/Husky/source/repos/SynVHQ/vcpkg_installed/vcpkg/pkgs/boost-date-time_x64-windows/debug/lib/cmake/boost_date_time-1.86.0/boost_date_time-config-version.cmake

