# This is the CMakeCache file.
# For build in directory: c:/Users/Husky/source/repos/SynVHQ/vcpkg_installed/vcpkg/blds/boost-regex/x64-windows-dbg
# It was generated by CMake: C:/Program Files/Microsoft Visual Studio/2022/Community/Common7/IDE/CommonExtensions/Microsoft/CMake/CMake/bin/cmake.exe
# You can edit this file to change values found and used by cmake.
# If you do not want to change any of the values, simply exit the editor.
# If you do want to change a value, simply edit, save, and exit the editor.
# The syntax for the file is as follows:
# KEY:TYPE=VALUE
# KEY is the name of a variable in the cache.
# TYPE is a hint to GUIs for the type of VALUE, DO NOT EDIT TYPE!.
# VALUE is the current value for the KEY.

########################
# EXTERNAL cache entries
########################

//Build and enable installation of Boost.MPI and its dependents
// (requires MPI, CMake 3.10)
BOOST_ENABLE_MPI:BOOL=OFF

//Build and enable installation of Boost.Python and its dependents
// (requires Python, CMake 3.14)
BOOST_ENABLE_PYTHON:BOOL=OFF

//List of libraries to exclude from build
BOOST_EXCLUDE_LIBRARIES:STRING=

//List of libraries to build (default: all but excluded and incompatible)
BOOST_INCLUDE_LIBRARIES:STRING=regex

//List of libraries with incompatible CMakeLists.txt files
BOOST_INCOMPATIBLE_LIBRARIES:STRING=

//Installation directory for CMake configuration files
BOOST_INSTALL_CMAKEDIR:STRING=lib/cmake

//Header subdirectory when layout is versioned
BOOST_INSTALL_INCLUDE_SUBDIR:STRING=

//Installation layout (versioned, tagged, or system)
BOOST_INSTALL_LAYOUT:STRING=versioned

//Boost.Regex: enable ICU support
BOOST_REGEX_ENABLE_ICU:BOOL=OFF

//Boost.Regex: Enable Standalone Mode (i.e. no Boost dependencies)
BOOST_REGEX_STANDALONE:BOOL=OFF

//Runtime library selection for the MS ABI (shared or static)
BOOST_RUNTIME_LINK:STRING=dynamic

//Build output directory
BOOST_STAGEDIR:STRING=C:/Users/Husky/source/repos/SynVHQ/vcpkg_installed/vcpkg/blds/boost-regex/x64-windows-dbg/stage

//Build shared libraries
BUILD_SHARED_LIBS:BOOL=ON

//Build the testing tree.
BUILD_TESTING:BOOL=OFF

//Value Computed by CMake
Boost_BINARY_DIR:STATIC=C:/Users/Husky/source/repos/SynVHQ/vcpkg_installed/vcpkg/blds/boost-regex/x64-windows-dbg

//The directory containing a CMake configuration file for Boost.
Boost_DIR:PATH=C:/Users/Husky/source/repos/SynVHQ/vcpkg_installed/x64-windows/share/boost

//Value Computed by CMake
Boost_IS_TOP_LEVEL:STATIC=ON

//Value Computed by CMake
Boost_SOURCE_DIR:STATIC=C:/Users/Husky/source/repos/SynVHQ/vcpkg_installed/vcpkg/blds/boost-regex/src/ost-1.86.0-b1f6e91a9a.clean

//Path to a program.
CMAKE_AR:FILEPATH=C:/Program Files/Microsoft Visual Studio/2022/Community/VC/Tools/MSVC/14.43.34808/bin/Hostx64/x64/lib.exe

//Choose the type of build, options are: None Debug Release RelWithDebInfo
// MinSizeRel ...
CMAKE_BUILD_TYPE:STRING=Debug

CMAKE_CROSSCOMPILING:STRING=OFF

//CXX compiler
CMAKE_CXX_COMPILER:FILEPATH=C:/Program Files/Microsoft Visual Studio/2022/Community/VC/Tools/MSVC/14.43.34808/bin/Hostx64/x64/cl.exe

CMAKE_CXX_FLAGS:STRING=' /nologo /DWIN32 /D_WINDOWS /utf-8 /GR /EHsc /MP '

CMAKE_CXX_FLAGS_DEBUG:STRING='/D_DEBUG /MDd /Z7 /Ob0 /Od /RTC1 '

//Flags used by the CXX compiler during MINSIZEREL builds.
CMAKE_CXX_FLAGS_MINSIZEREL:STRING=/O1 /Ob1 /DNDEBUG

CMAKE_CXX_FLAGS_RELEASE:STRING='/MD /O2 /Oi /Gy /DNDEBUG /Z7 '

//Flags used by the CXX compiler during RELWITHDEBINFO builds.
CMAKE_CXX_FLAGS_RELWITHDEBINFO:STRING=/O2 /Ob1 /DNDEBUG

//Libraries linked by default with all C++ applications.
CMAKE_CXX_STANDARD_LIBRARIES:STRING=kernel32.lib user32.lib gdi32.lib winspool.lib shell32.lib ole32.lib oleaut32.lib uuid.lib comdlg32.lib advapi32.lib

//Symbol visibility for C++
CMAKE_CXX_VISIBILITY_PRESET:STRING=hidden

CMAKE_C_FLAGS:STRING=' /nologo /DWIN32 /D_WINDOWS /utf-8 /MP '

CMAKE_C_FLAGS_DEBUG:STRING='/D_DEBUG /MDd /Z7 /Ob0 /Od /RTC1 '

CMAKE_C_FLAGS_RELEASE:STRING='/MD /O2 /Oi /Gy /DNDEBUG /Z7 '

//Symbol visibility for C
CMAKE_C_VISIBILITY_PRESET:STRING=hidden

//No help, variable specified on the command line.
CMAKE_ERROR_ON_ABSOLUTE_INSTALL_DESTINATION:UNINITIALIZED=ON

//Flags used by the linker during all build types.
CMAKE_EXE_LINKER_FLAGS:STRING=/machine:x64

//Flags used by the linker during DEBUG builds.
CMAKE_EXE_LINKER_FLAGS_DEBUG:STRING=/nologo    /debug /INCREMENTAL

//Flags used by the linker during MINSIZEREL builds.
CMAKE_EXE_LINKER_FLAGS_MINSIZEREL:STRING=/INCREMENTAL:NO

CMAKE_EXE_LINKER_FLAGS_RELEASE:STRING='/nologo /DEBUG /INCREMENTAL:NO /OPT:REF /OPT:ICF  '

//Flags used by the linker during RELWITHDEBINFO builds.
CMAKE_EXE_LINKER_FLAGS_RELWITHDEBINFO:STRING=/debug /INCREMENTAL

//Enable/Disable output of compile commands during generation.
CMAKE_EXPORT_COMPILE_COMMANDS:BOOL=

//No help, variable specified on the command line.
CMAKE_EXPORT_NO_PACKAGE_REGISTRY:UNINITIALIZED=ON

//No help, variable specified on the command line.
CMAKE_FIND_PACKAGE_NO_PACKAGE_REGISTRY:UNINITIALIZED=ON

//No help, variable specified on the command line.
CMAKE_FIND_PACKAGE_NO_SYSTEM_PACKAGE_REGISTRY:UNINITIALIZED=ON

//Value Computed by CMake.
CMAKE_FIND_PACKAGE_REDIRECTS_DIR:STATIC=C:/Users/Husky/source/repos/SynVHQ/vcpkg_installed/vcpkg/blds/boost-regex/x64-windows-dbg/CMakeFiles/pkgRedirects

//No help, variable specified on the command line.
CMAKE_INSTALL_BINDIR:STRING=bin

//Read-only architecture-independent data (DATAROOTDIR)
CMAKE_INSTALL_DATADIR:PATH=

//Read-only architecture-independent data root (share)
CMAKE_INSTALL_DATAROOTDIR:PATH=share

//Documentation root (DATAROOTDIR/doc/PROJECT_NAME)
CMAKE_INSTALL_DOCDIR:PATH=

//C header files (include)
CMAKE_INSTALL_INCLUDEDIR:PATH=include

//Info documentation (DATAROOTDIR/info)
CMAKE_INSTALL_INFODIR:PATH=

//No help, variable specified on the command line.
CMAKE_INSTALL_LIBDIR:STRING=lib

//Program executables (libexec)
CMAKE_INSTALL_LIBEXECDIR:PATH=libexec

//Locale-dependent data (DATAROOTDIR/locale)
CMAKE_INSTALL_LOCALEDIR:PATH=

//Modifiable single-machine data (var)
CMAKE_INSTALL_LOCALSTATEDIR:PATH=var

//Man documentation (DATAROOTDIR/man)
CMAKE_INSTALL_MANDIR:PATH=

//C header files for non-gcc (/usr/include)
CMAKE_INSTALL_OLDINCLUDEDIR:PATH=/usr/include

//Install path prefix, prepended onto install directories.
CMAKE_INSTALL_PREFIX:PATH=C:/Users/Husky/source/repos/SynVHQ/vcpkg_installed/vcpkg/pkgs/boost-regex_x64-windows/debug

//Run-time variable data (LOCALSTATEDIR/run)
CMAKE_INSTALL_RUNSTATEDIR:PATH=

//System admin executables (sbin)
CMAKE_INSTALL_SBINDIR:PATH=sbin

//Modifiable architecture-independent data (com)
CMAKE_INSTALL_SHAREDSTATEDIR:PATH=com

//Read-only single-machine data (etc)
CMAKE_INSTALL_SYSCONFDIR:PATH=etc

//No help, variable specified on the command line.
CMAKE_INSTALL_SYSTEM_RUNTIME_LIBS_SKIP:UNINITIALIZED=TRUE

//Path to a program.
CMAKE_LINKER:FILEPATH=C:/Program Files/Microsoft Visual Studio/2022/Community/VC/Tools/MSVC/14.43.34808/bin/Hostx64/x64/link.exe

//make program
CMAKE_MAKE_PROGRAM:FILEPATH=C:/Program Files/Microsoft Visual Studio/2022/Community/Common7/IDE/CommonExtensions/Microsoft/CMake/Ninja/ninja.exe

//Flags used by the linker during the creation of modules during
// all build types.
CMAKE_MODULE_LINKER_FLAGS:STRING=/machine:x64

//Flags used by the linker during the creation of modules during
// DEBUG builds.
CMAKE_MODULE_LINKER_FLAGS_DEBUG:STRING=/nologo    /debug /INCREMENTAL

//Flags used by the linker during the creation of modules during
// MINSIZEREL builds.
CMAKE_MODULE_LINKER_FLAGS_MINSIZEREL:STRING=/INCREMENTAL:NO

CMAKE_MODULE_LINKER_FLAGS_RELEASE:STRING='/nologo /DEBUG /INCREMENTAL:NO /OPT:REF /OPT:ICF  '

//Flags used by the linker during the creation of modules during
// RELWITHDEBINFO builds.
CMAKE_MODULE_LINKER_FLAGS_RELWITHDEBINFO:STRING=/debug /INCREMENTAL

//No help, variable specified on the command line.
CMAKE_MSVC_DEBUG_INFORMATION_FORMAT:UNINITIALIZED=

CMAKE_MSVC_RUNTIME_LIBRARY:STRING=MultiThreaded$<$<CONFIG:Debug>:Debug>$<$<STREQUAL:dynamic,dynamic>:DLL>

//Path to a program.
CMAKE_MT:FILEPATH=C:/Program Files (x86)/Windows Kits/10/bin/10.0.22621.0/x64/mt.exe

//Value Computed by CMake
CMAKE_PROJECT_DESCRIPTION:STATIC=

//Value Computed by CMake
CMAKE_PROJECT_HOMEPAGE_URL:STATIC=

//Value Computed by CMake
CMAKE_PROJECT_NAME:STATIC=Boost

//Value Computed by CMake
CMAKE_PROJECT_VERSION:STATIC=1.86.0

//Value Computed by CMake
CMAKE_PROJECT_VERSION_MAJOR:STATIC=1

//Value Computed by CMake
CMAKE_PROJECT_VERSION_MINOR:STATIC=86

//Value Computed by CMake
CMAKE_PROJECT_VERSION_PATCH:STATIC=0

//Value Computed by CMake
CMAKE_PROJECT_VERSION_TWEAK:STATIC=

//RC compiler
CMAKE_RC_COMPILER:FILEPATH=C:/Program Files (x86)/Windows Kits/10/bin/10.0.22621.0/x64/rc.exe

CMAKE_RC_FLAGS:STRING=-c65001 /DWIN32

//Flags for Windows Resource Compiler during DEBUG builds.
CMAKE_RC_FLAGS_DEBUG:STRING=-D_DEBUG

//Flags for Windows Resource Compiler during MINSIZEREL builds.
CMAKE_RC_FLAGS_MINSIZEREL:STRING=

//Flags for Windows Resource Compiler during RELEASE builds.
CMAKE_RC_FLAGS_RELEASE:STRING=

//Flags for Windows Resource Compiler during RELWITHDEBINFO builds.
CMAKE_RC_FLAGS_RELWITHDEBINFO:STRING=

//Flags used by the linker during the creation of shared libraries
// during all build types.
CMAKE_SHARED_LINKER_FLAGS:STRING=/machine:x64

//Flags used by the linker during the creation of shared libraries
// during DEBUG builds.
CMAKE_SHARED_LINKER_FLAGS_DEBUG:STRING=/nologo    /debug /INCREMENTAL

//Flags used by the linker during the creation of shared libraries
// during MINSIZEREL builds.
CMAKE_SHARED_LINKER_FLAGS_MINSIZEREL:STRING=/INCREMENTAL:NO

CMAKE_SHARED_LINKER_FLAGS_RELEASE:STRING='/nologo /DEBUG /INCREMENTAL:NO /OPT:REF /OPT:ICF  '

//Flags used by the linker during the creation of shared libraries
// during RELWITHDEBINFO builds.
CMAKE_SHARED_LINKER_FLAGS_RELWITHDEBINFO:STRING=/debug /INCREMENTAL

//If set, runtime paths are not added when installing shared libraries,
// but are added when building.
CMAKE_SKIP_INSTALL_RPATH:BOOL=NO

//If set, runtime paths are not added when using shared libraries.
CMAKE_SKIP_RPATH:BOOL=NO

//Flags used by the linker during the creation of static libraries
// during all build types.
CMAKE_STATIC_LINKER_FLAGS:STRING=/machine:x64

//Flags used by the linker during the creation of static libraries
// during DEBUG builds.
CMAKE_STATIC_LINKER_FLAGS_DEBUG:STRING=/nologo

//Flags used by the linker during the creation of static libraries
// during MINSIZEREL builds.
CMAKE_STATIC_LINKER_FLAGS_MINSIZEREL:STRING=

//Flags used by the linker during the creation of static libraries
// during RELEASE builds.
CMAKE_STATIC_LINKER_FLAGS_RELEASE:STRING=/nologo

//Flags used by the linker during the creation of static libraries
// during RELWITHDEBINFO builds.
CMAKE_STATIC_LINKER_FLAGS_RELWITHDEBINFO:STRING=

CMAKE_SYSTEM_NAME:STRING=Windows

CMAKE_SYSTEM_PROCESSOR:STRING=AMD64

CMAKE_SYSTEM_VERSION:STRING=10.0.26100

//The CMake toolchain file
CMAKE_TOOLCHAIN_FILE:FILEPATH=C:/Program Files/Microsoft Visual Studio/2022/Community/VC/vcpkg/scripts/buildsystems/vcpkg.cmake

//If this value is on, makefiles will be generated without the
// .SILENT directive, and all commands will be echoed to the console
// during the make.  This is useful for debugging only. With Visual
// Studio IDE projects all commands are done without /nologo.
CMAKE_VERBOSE_MAKEFILE:BOOL=ON

//Inline function have hidden visibility
CMAKE_VISIBILITY_INLINES_HIDDEN:BOOL=ON

//No help, variable specified on the command line.
FETCHCONTENT_FULLY_DISCONNECTED:UNINITIALIZED=ON

//ICU data library (debug)
ICU_DATA_LIBRARY_DEBUG:FILEPATH=ICU_DATA_LIBRARY_DEBUG-NOTFOUND

//ICU data library (release)
ICU_DATA_LIBRARY_RELEASE:FILEPATH=ICU_DATA_LIBRARY_RELEASE-NOTFOUND

//ICU derb executable
ICU_DERB_EXECUTABLE:FILEPATH=ICU_DERB_EXECUTABLE-NOTFOUND

//ICU genbrk executable
ICU_GENBRK_EXECUTABLE:FILEPATH=ICU_GENBRK_EXECUTABLE-NOTFOUND

//ICU genccode executable
ICU_GENCCODE_EXECUTABLE:FILEPATH=ICU_GENCCODE_EXECUTABLE-NOTFOUND

//ICU gencfu executable
ICU_GENCFU_EXECUTABLE:FILEPATH=ICU_GENCFU_EXECUTABLE-NOTFOUND

//ICU gencmn executable
ICU_GENCMN_EXECUTABLE:FILEPATH=ICU_GENCMN_EXECUTABLE-NOTFOUND

//ICU gencnval executable
ICU_GENCNVAL_EXECUTABLE:FILEPATH=ICU_GENCNVAL_EXECUTABLE-NOTFOUND

//ICU gendict executable
ICU_GENDICT_EXECUTABLE:FILEPATH=ICU_GENDICT_EXECUTABLE-NOTFOUND

//ICU gennorm2 executable
ICU_GENNORM2_EXECUTABLE:FILEPATH=ICU_GENNORM2_EXECUTABLE-NOTFOUND

//ICU genrb executable
ICU_GENRB_EXECUTABLE:FILEPATH=ICU_GENRB_EXECUTABLE-NOTFOUND

//ICU gensprep executable
ICU_GENSPREP_EXECUTABLE:FILEPATH=ICU_GENSPREP_EXECUTABLE-NOTFOUND

//ICU i18n library (debug)
ICU_I18N_LIBRARY_DEBUG:FILEPATH=ICU_I18N_LIBRARY_DEBUG-NOTFOUND

//ICU i18n library (release)
ICU_I18N_LIBRARY_RELEASE:FILEPATH=C:/Program Files (x86)/Windows Kits/10/Lib/10.0.22621.0/um/x64/icuin.Lib

//ICU icu-config executable
ICU_ICU-CONFIG_EXECUTABLE:FILEPATH=ICU_ICU-CONFIG_EXECUTABLE-NOTFOUND

//ICU icuinfo executable
ICU_ICUINFO_EXECUTABLE:FILEPATH=ICU_ICUINFO_EXECUTABLE-NOTFOUND

//ICU icupkg executable
ICU_ICUPKG_EXECUTABLE:FILEPATH=ICU_ICUPKG_EXECUTABLE-NOTFOUND

//ICU include directory
ICU_INCLUDE_DIR:PATH=ICU_INCLUDE_DIR-NOTFOUND

//ICU makeconv executable
ICU_MAKECONV_EXECUTABLE:FILEPATH=ICU_MAKECONV_EXECUTABLE-NOTFOUND

//ICU Makefile.inc data file
ICU_MAKEFILE_INC:FILEPATH=ICU_MAKEFILE_INC-NOTFOUND

//ICU pkgdata executable
ICU_PKGDATA_EXECUTABLE:FILEPATH=ICU_PKGDATA_EXECUTABLE-NOTFOUND

//ICU pkgdata.inc data file
ICU_PKGDATA_INC:FILEPATH=ICU_PKGDATA_INC-NOTFOUND

//ICU uconv executable
ICU_UCONV_EXECUTABLE:FILEPATH=ICU_UCONV_EXECUTABLE-NOTFOUND

//ICU uc library (debug)
ICU_UC_LIBRARY_DEBUG:FILEPATH=ICU_UC_LIBRARY_DEBUG-NOTFOUND

//ICU uc library (release)
ICU_UC_LIBRARY_RELEASE:FILEPATH=C:/Program Files (x86)/Windows Kits/10/Lib/10.0.22621.0/um/x64/icuuc.lib

//Automatically copy dependencies into the output directory for
// executables.
VCPKG_APPLOCAL_DEPS:BOOL=OFF

//No help, variable specified on the command line.
VCPKG_CHAINLOAD_TOOLCHAIN_FILE:UNINITIALIZED=C:/Program Files/Microsoft Visual Studio/2022/Community/VC/vcpkg/scripts/toolchains/windows.cmake

//No help, variable specified on the command line.
VCPKG_CRT_LINKAGE:UNINITIALIZED=dynamic

//No help, variable specified on the command line.
VCPKG_CXX_FLAGS:UNINITIALIZED=

//No help, variable specified on the command line.
VCPKG_CXX_FLAGS_DEBUG:UNINITIALIZED=

//No help, variable specified on the command line.
VCPKG_CXX_FLAGS_RELEASE:UNINITIALIZED=

//No help, variable specified on the command line.
VCPKG_C_FLAGS:UNINITIALIZED=

//No help, variable specified on the command line.
VCPKG_C_FLAGS_DEBUG:UNINITIALIZED=

//No help, variable specified on the command line.
VCPKG_C_FLAGS_RELEASE:UNINITIALIZED=

//The directory which contains the installed libraries for each
// triplet
VCPKG_INSTALLED_DIR:PATH=C:/Users/Husky/source/repos/SynVHQ/vcpkg_installed

//No help, variable specified on the command line.
VCPKG_LINKER_FLAGS:UNINITIALIZED=

//No help, variable specified on the command line.
VCPKG_LINKER_FLAGS_DEBUG:UNINITIALIZED=

//No help, variable specified on the command line.
VCPKG_LINKER_FLAGS_RELEASE:UNINITIALIZED=

//The path to the vcpkg manifest directory.
VCPKG_MANIFEST_DIR:PATH=

//Use manifest mode, as opposed to classic mode.
VCPKG_MANIFEST_MODE:BOOL=OFF

//No help, variable specified on the command line.
VCPKG_PLATFORM_TOOLSET:UNINITIALIZED=v143

//Appends the vcpkg paths to CMAKE_PREFIX_PATH, CMAKE_LIBRARY_PATH
// and CMAKE_FIND_ROOT_PATH so that vcpkg libraries/packages are
// found after toolchain/system libraries/packages.
VCPKG_PREFER_SYSTEM_LIBS:BOOL=OFF

//Enable the setup of CMAKE_PROGRAM_PATH to vcpkg paths
VCPKG_SETUP_CMAKE_PROGRAM_PATH:BOOL=ON

//No help, variable specified on the command line.
VCPKG_SET_CHARSET_FLAG:UNINITIALIZED=ON

//No help, variable specified on the command line.
VCPKG_TARGET_ARCHITECTURE:UNINITIALIZED=x64

//Vcpkg target triplet (ex. x86-windows)
VCPKG_TARGET_TRIPLET:STRING=x64-windows

//Trace calls to find_package()
VCPKG_TRACE_FIND_PACKAGE:BOOL=OFF

//Enables messages from the VCPKG toolchain for debugging purposes.
VCPKG_VERBOSE:BOOL=OFF

//(experimental) Automatically copy dependencies into the install
// target directory for executables. Requires CMake 3.14.
X_VCPKG_APPLOCAL_DEPS_INSTALL:BOOL=OFF

//(experimental) Add USES_TERMINAL to VCPKG_APPLOCAL_DEPS to force
// serialization.
X_VCPKG_APPLOCAL_DEPS_SERIALIZED:BOOL=OFF

//The directory which contains the installed libraries for each
// triplet
_VCPKG_INSTALLED_DIR:PATH=C:/Users/Husky/source/repos/SynVHQ/vcpkg_installed

//No help, variable specified on the command line.
_VCPKG_ROOT_DIR:UNINITIALIZED=C:/Program Files/Microsoft Visual Studio/2022/Community/VC/vcpkg

//The directory containing a CMake configuration file for boost_assert.
boost_assert_DIR:PATH=C:/Users/Husky/source/repos/SynVHQ/vcpkg_installed/x64-windows/share/boost_assert

//The directory containing a CMake configuration file for boost_config.
boost_config_DIR:PATH=C:/Users/Husky/source/repos/SynVHQ/vcpkg_installed/x64-windows/share/boost_config

//The directory containing a CMake configuration file for boost_headers.
boost_headers_DIR:PATH=C:/Users/Husky/source/repos/SynVHQ/vcpkg_installed/x64-windows/share/boost_headers

//The directory containing a CMake configuration file for boost_predef.
boost_predef_DIR:PATH=C:/Users/Husky/source/repos/SynVHQ/vcpkg_installed/x64-windows/share/boost_predef

//Value Computed by CMake
boost_regex_BINARY_DIR:STATIC=C:/Users/Husky/source/repos/SynVHQ/vcpkg_installed/vcpkg/blds/boost-regex/x64-windows-dbg/libs/regex

//Value Computed by CMake
boost_regex_IS_TOP_LEVEL:STATIC=OFF

//Value Computed by CMake
boost_regex_SOURCE_DIR:STATIC=C:/Users/Husky/source/repos/SynVHQ/vcpkg_installed/vcpkg/blds/boost-regex/src/ost-1.86.0-b1f6e91a9a.clean/libs/regex

//The directory containing a CMake configuration file for boost_throw_exception.
boost_throw_exception_DIR:PATH=C:/Users/Husky/source/repos/SynVHQ/vcpkg_installed/x64-windows/share/boost_throw_exception


########################
# INTERNAL cache entries
########################

//STRINGS property for variable: BOOST_INSTALL_LAYOUT
BOOST_INSTALL_LAYOUT-STRINGS:INTERNAL=versioned;tagged;system
//STRINGS property for variable: BOOST_RUNTIME_LINK
BOOST_RUNTIME_LINK-STRINGS:INTERNAL=shared;static
//ADVANCED property for variable: CMAKE_AR
CMAKE_AR-ADVANCED:INTERNAL=1
//This is the directory where this CMakeCache.txt was created
CMAKE_CACHEFILE_DIR:INTERNAL=c:/Users/Husky/source/repos/SynVHQ/vcpkg_installed/vcpkg/blds/boost-regex/x64-windows-dbg
//Major version of cmake used to create the current loaded cache
CMAKE_CACHE_MAJOR_VERSION:INTERNAL=3
//Minor version of cmake used to create the current loaded cache
CMAKE_CACHE_MINOR_VERSION:INTERNAL=30
//Patch version of cmake used to create the current loaded cache
CMAKE_CACHE_PATCH_VERSION:INTERNAL=5
//Path to CMake executable.
CMAKE_COMMAND:INTERNAL=C:/Program Files/Microsoft Visual Studio/2022/Community/Common7/IDE/CommonExtensions/Microsoft/CMake/CMake/bin/cmake.exe
//Path to cpack program executable.
CMAKE_CPACK_COMMAND:INTERNAL=C:/Program Files/Microsoft Visual Studio/2022/Community/Common7/IDE/CommonExtensions/Microsoft/CMake/CMake/bin/cpack.exe
//Path to ctest program executable.
CMAKE_CTEST_COMMAND:INTERNAL=C:/Program Files/Microsoft Visual Studio/2022/Community/Common7/IDE/CommonExtensions/Microsoft/CMake/CMake/bin/ctest.exe
//ADVANCED property for variable: CMAKE_CXX_COMPILER
CMAKE_CXX_COMPILER-ADVANCED:INTERNAL=1
//ADVANCED property for variable: CMAKE_CXX_FLAGS
CMAKE_CXX_FLAGS-ADVANCED:INTERNAL=1
//ADVANCED property for variable: CMAKE_CXX_FLAGS_DEBUG
CMAKE_CXX_FLAGS_DEBUG-ADVANCED:INTERNAL=1
//ADVANCED property for variable: CMAKE_CXX_FLAGS_MINSIZEREL
CMAKE_CXX_FLAGS_MINSIZEREL-ADVANCED:INTERNAL=1
//ADVANCED property for variable: CMAKE_CXX_FLAGS_RELEASE
CMAKE_CXX_FLAGS_RELEASE-ADVANCED:INTERNAL=1
//ADVANCED property for variable: CMAKE_CXX_FLAGS_RELWITHDEBINFO
CMAKE_CXX_FLAGS_RELWITHDEBINFO-ADVANCED:INTERNAL=1
//ADVANCED property for variable: CMAKE_CXX_STANDARD_LIBRARIES
CMAKE_CXX_STANDARD_LIBRARIES-ADVANCED:INTERNAL=1
//STRINGS property for variable: CMAKE_CXX_VISIBILITY_PRESET
CMAKE_CXX_VISIBILITY_PRESET-STRINGS:INTERNAL=default;hidden;protected;internal
//STRINGS property for variable: CMAKE_C_VISIBILITY_PRESET
CMAKE_C_VISIBILITY_PRESET-STRINGS:INTERNAL=default;hidden;protected;internal
//Executable file format
CMAKE_EXECUTABLE_FORMAT:INTERNAL=Unknown
//ADVANCED property for variable: CMAKE_EXE_LINKER_FLAGS
CMAKE_EXE_LINKER_FLAGS-ADVANCED:INTERNAL=1
//ADVANCED property for variable: CMAKE_EXE_LINKER_FLAGS_DEBUG
CMAKE_EXE_LINKER_FLAGS_DEBUG-ADVANCED:INTERNAL=1
//ADVANCED property for variable: CMAKE_EXE_LINKER_FLAGS_MINSIZEREL
CMAKE_EXE_LINKER_FLAGS_MINSIZEREL-ADVANCED:INTERNAL=1
//ADVANCED property for variable: CMAKE_EXE_LINKER_FLAGS_RELEASE
CMAKE_EXE_LINKER_FLAGS_RELEASE-ADVANCED:INTERNAL=1
//ADVANCED property for variable: CMAKE_EXE_LINKER_FLAGS_RELWITHDEBINFO
CMAKE_EXE_LINKER_FLAGS_RELWITHDEBINFO-ADVANCED:INTERNAL=1
//ADVANCED property for variable: CMAKE_EXPORT_COMPILE_COMMANDS
CMAKE_EXPORT_COMPILE_COMMANDS-ADVANCED:INTERNAL=1
//Name of external makefile project generator.
CMAKE_EXTRA_GENERATOR:INTERNAL=
//Name of generator.
CMAKE_GENERATOR:INTERNAL=Ninja
//Generator instance identifier.
CMAKE_GENERATOR_INSTANCE:INTERNAL=
//Name of generator platform.
CMAKE_GENERATOR_PLATFORM:INTERNAL=
//Name of generator toolset.
CMAKE_GENERATOR_TOOLSET:INTERNAL=
//Source directory with the top level CMakeLists.txt file for this
// project
CMAKE_HOME_DIRECTORY:INTERNAL=C:/Users/Husky/source/repos/SynVHQ/vcpkg_installed/vcpkg/blds/boost-regex/src/ost-1.86.0-b1f6e91a9a.clean
//ADVANCED property for variable: CMAKE_INSTALL_BINDIR
CMAKE_INSTALL_BINDIR-ADVANCED:INTERNAL=1
//ADVANCED property for variable: CMAKE_INSTALL_DATADIR
CMAKE_INSTALL_DATADIR-ADVANCED:INTERNAL=1
//ADVANCED property for variable: CMAKE_INSTALL_DATAROOTDIR
CMAKE_INSTALL_DATAROOTDIR-ADVANCED:INTERNAL=1
//ADVANCED property for variable: CMAKE_INSTALL_DOCDIR
CMAKE_INSTALL_DOCDIR-ADVANCED:INTERNAL=1
//ADVANCED property for variable: CMAKE_INSTALL_INCLUDEDIR
CMAKE_INSTALL_INCLUDEDIR-ADVANCED:INTERNAL=1
//ADVANCED property for variable: CMAKE_INSTALL_INFODIR
CMAKE_INSTALL_INFODIR-ADVANCED:INTERNAL=1
//ADVANCED property for variable: CMAKE_INSTALL_LIBDIR
CMAKE_INSTALL_LIBDIR-ADVANCED:INTERNAL=1
//ADVANCED property for variable: CMAKE_INSTALL_LIBEXECDIR
CMAKE_INSTALL_LIBEXECDIR-ADVANCED:INTERNAL=1
//ADVANCED property for variable: CMAKE_INSTALL_LOCALEDIR
CMAKE_INSTALL_LOCALEDIR-ADVANCED:INTERNAL=1
//ADVANCED property for variable: CMAKE_INSTALL_LOCALSTATEDIR
CMAKE_INSTALL_LOCALSTATEDIR-ADVANCED:INTERNAL=1
//ADVANCED property for variable: CMAKE_INSTALL_MANDIR
CMAKE_INSTALL_MANDIR-ADVANCED:INTERNAL=1
//ADVANCED property for variable: CMAKE_INSTALL_OLDINCLUDEDIR
CMAKE_INSTALL_OLDINCLUDEDIR-ADVANCED:INTERNAL=1
//ADVANCED property for variable: CMAKE_INSTALL_RUNSTATEDIR
CMAKE_INSTALL_RUNSTATEDIR-ADVANCED:INTERNAL=1
//ADVANCED property for variable: CMAKE_INSTALL_SBINDIR
CMAKE_INSTALL_SBINDIR-ADVANCED:INTERNAL=1
//ADVANCED property for variable: CMAKE_INSTALL_SHAREDSTATEDIR
CMAKE_INSTALL_SHAREDSTATEDIR-ADVANCED:INTERNAL=1
//ADVANCED property for variable: CMAKE_INSTALL_SYSCONFDIR
CMAKE_INSTALL_SYSCONFDIR-ADVANCED:INTERNAL=1
//ADVANCED property for variable: CMAKE_LINKER
CMAKE_LINKER-ADVANCED:INTERNAL=1
//ADVANCED property for variable: CMAKE_MODULE_LINKER_FLAGS
CMAKE_MODULE_LINKER_FLAGS-ADVANCED:INTERNAL=1
//ADVANCED property for variable: CMAKE_MODULE_LINKER_FLAGS_DEBUG
CMAKE_MODULE_LINKER_FLAGS_DEBUG-ADVANCED:INTERNAL=1
//ADVANCED property for variable: CMAKE_MODULE_LINKER_FLAGS_MINSIZEREL
CMAKE_MODULE_LINKER_FLAGS_MINSIZEREL-ADVANCED:INTERNAL=1
//ADVANCED property for variable: CMAKE_MODULE_LINKER_FLAGS_RELEASE
CMAKE_MODULE_LINKER_FLAGS_RELEASE-ADVANCED:INTERNAL=1
//ADVANCED property for variable: CMAKE_MODULE_LINKER_FLAGS_RELWITHDEBINFO
CMAKE_MODULE_LINKER_FLAGS_RELWITHDEBINFO-ADVANCED:INTERNAL=1
//ADVANCED property for variable: CMAKE_MT
CMAKE_MT-ADVANCED:INTERNAL=1
//number of local generators
CMAKE_NUMBER_OF_MAKEFILES:INTERNAL=2
//Platform information initialized
CMAKE_PLATFORM_INFO_INITIALIZED:INTERNAL=1
//noop for ranlib
CMAKE_RANLIB:INTERNAL=:
//ADVANCED property for variable: CMAKE_RC_COMPILER
CMAKE_RC_COMPILER-ADVANCED:INTERNAL=1
CMAKE_RC_COMPILER_WORKS:INTERNAL=1
//ADVANCED property for variable: CMAKE_RC_FLAGS
CMAKE_RC_FLAGS-ADVANCED:INTERNAL=1
//ADVANCED property for variable: CMAKE_RC_FLAGS_DEBUG
CMAKE_RC_FLAGS_DEBUG-ADVANCED:INTERNAL=1
//ADVANCED property for variable: CMAKE_RC_FLAGS_MINSIZEREL
CMAKE_RC_FLAGS_MINSIZEREL-ADVANCED:INTERNAL=1
//ADVANCED property for variable: CMAKE_RC_FLAGS_RELEASE
CMAKE_RC_FLAGS_RELEASE-ADVANCED:INTERNAL=1
//ADVANCED property for variable: CMAKE_RC_FLAGS_RELWITHDEBINFO
CMAKE_RC_FLAGS_RELWITHDEBINFO-ADVANCED:INTERNAL=1
//Path to CMake installation.
CMAKE_ROOT:INTERNAL=C:/Program Files/Microsoft Visual Studio/2022/Community/Common7/IDE/CommonExtensions/Microsoft/CMake/CMake/share/cmake-3.30
//ADVANCED property for variable: CMAKE_SHARED_LINKER_FLAGS
CMAKE_SHARED_LINKER_FLAGS-ADVANCED:INTERNAL=1
//ADVANCED property for variable: CMAKE_SHARED_LINKER_FLAGS_DEBUG
CMAKE_SHARED_LINKER_FLAGS_DEBUG-ADVANCED:INTERNAL=1
//ADVANCED property for variable: CMAKE_SHARED_LINKER_FLAGS_MINSIZEREL
CMAKE_SHARED_LINKER_FLAGS_MINSIZEREL-ADVANCED:INTERNAL=1
//ADVANCED property for variable: CMAKE_SHARED_LINKER_FLAGS_RELEASE
CMAKE_SHARED_LINKER_FLAGS_RELEASE-ADVANCED:INTERNAL=1
//ADVANCED property for variable: CMAKE_SHARED_LINKER_FLAGS_RELWITHDEBINFO
CMAKE_SHARED_LINKER_FLAGS_RELWITHDEBINFO-ADVANCED:INTERNAL=1
//ADVANCED property for variable: CMAKE_SKIP_INSTALL_RPATH
CMAKE_SKIP_INSTALL_RPATH-ADVANCED:INTERNAL=1
//ADVANCED property for variable: CMAKE_SKIP_RPATH
CMAKE_SKIP_RPATH-ADVANCED:INTERNAL=1
//ADVANCED property for variable: CMAKE_STATIC_LINKER_FLAGS
CMAKE_STATIC_LINKER_FLAGS-ADVANCED:INTERNAL=1
//ADVANCED property for variable: CMAKE_STATIC_LINKER_FLAGS_DEBUG
CMAKE_STATIC_LINKER_FLAGS_DEBUG-ADVANCED:INTERNAL=1
//ADVANCED property for variable: CMAKE_STATIC_LINKER_FLAGS_MINSIZEREL
CMAKE_STATIC_LINKER_FLAGS_MINSIZEREL-ADVANCED:INTERNAL=1
//ADVANCED property for variable: CMAKE_STATIC_LINKER_FLAGS_RELEASE
CMAKE_STATIC_LINKER_FLAGS_RELEASE-ADVANCED:INTERNAL=1
//ADVANCED property for variable: CMAKE_STATIC_LINKER_FLAGS_RELWITHDEBINFO
CMAKE_STATIC_LINKER_FLAGS_RELWITHDEBINFO-ADVANCED:INTERNAL=1
//ADVANCED property for variable: CMAKE_TOOLCHAIN_FILE
CMAKE_TOOLCHAIN_FILE-ADVANCED:INTERNAL=1
//ADVANCED property for variable: CMAKE_VERBOSE_MAKEFILE
CMAKE_VERBOSE_MAKEFILE-ADVANCED:INTERNAL=1
//ADVANCED property for variable: ICU_DATA_LIBRARY_DEBUG
ICU_DATA_LIBRARY_DEBUG-ADVANCED:INTERNAL=1
//ADVANCED property for variable: ICU_DATA_LIBRARY_RELEASE
ICU_DATA_LIBRARY_RELEASE-ADVANCED:INTERNAL=1
//ADVANCED property for variable: ICU_DERB_EXECUTABLE
ICU_DERB_EXECUTABLE-ADVANCED:INTERNAL=1
//ADVANCED property for variable: ICU_GENBRK_EXECUTABLE
ICU_GENBRK_EXECUTABLE-ADVANCED:INTERNAL=1
//ADVANCED property for variable: ICU_GENCCODE_EXECUTABLE
ICU_GENCCODE_EXECUTABLE-ADVANCED:INTERNAL=1
//ADVANCED property for variable: ICU_GENCFU_EXECUTABLE
ICU_GENCFU_EXECUTABLE-ADVANCED:INTERNAL=1
//ADVANCED property for variable: ICU_GENCMN_EXECUTABLE
ICU_GENCMN_EXECUTABLE-ADVANCED:INTERNAL=1
//ADVANCED property for variable: ICU_GENCNVAL_EXECUTABLE
ICU_GENCNVAL_EXECUTABLE-ADVANCED:INTERNAL=1
//ADVANCED property for variable: ICU_GENDICT_EXECUTABLE
ICU_GENDICT_EXECUTABLE-ADVANCED:INTERNAL=1
//ADVANCED property for variable: ICU_GENNORM2_EXECUTABLE
ICU_GENNORM2_EXECUTABLE-ADVANCED:INTERNAL=1
//ADVANCED property for variable: ICU_GENRB_EXECUTABLE
ICU_GENRB_EXECUTABLE-ADVANCED:INTERNAL=1
//ADVANCED property for variable: ICU_GENSPREP_EXECUTABLE
ICU_GENSPREP_EXECUTABLE-ADVANCED:INTERNAL=1
//ADVANCED property for variable: ICU_I18N_LIBRARY_DEBUG
ICU_I18N_LIBRARY_DEBUG-ADVANCED:INTERNAL=1
//ADVANCED property for variable: ICU_I18N_LIBRARY_RELEASE
ICU_I18N_LIBRARY_RELEASE-ADVANCED:INTERNAL=1
//ADVANCED property for variable: ICU_ICU-CONFIG_EXECUTABLE
ICU_ICU-CONFIG_EXECUTABLE-ADVANCED:INTERNAL=1
//ADVANCED property for variable: ICU_ICUINFO_EXECUTABLE
ICU_ICUINFO_EXECUTABLE-ADVANCED:INTERNAL=1
//ADVANCED property for variable: ICU_ICUPKG_EXECUTABLE
ICU_ICUPKG_EXECUTABLE-ADVANCED:INTERNAL=1
//ADVANCED property for variable: ICU_INCLUDE_DIR
ICU_INCLUDE_DIR-ADVANCED:INTERNAL=1
//ADVANCED property for variable: ICU_MAKECONV_EXECUTABLE
ICU_MAKECONV_EXECUTABLE-ADVANCED:INTERNAL=1
//ADVANCED property for variable: ICU_MAKEFILE_INC
ICU_MAKEFILE_INC-ADVANCED:INTERNAL=1
//ADVANCED property for variable: ICU_PKGDATA_EXECUTABLE
ICU_PKGDATA_EXECUTABLE-ADVANCED:INTERNAL=1
//ADVANCED property for variable: ICU_PKGDATA_INC
ICU_PKGDATA_INC-ADVANCED:INTERNAL=1
//ADVANCED property for variable: ICU_UCONV_EXECUTABLE
ICU_UCONV_EXECUTABLE-ADVANCED:INTERNAL=1
//ADVANCED property for variable: ICU_UC_LIBRARY_DEBUG
ICU_UC_LIBRARY_DEBUG-ADVANCED:INTERNAL=1
//ADVANCED property for variable: ICU_UC_LIBRARY_RELEASE
ICU_UC_LIBRARY_RELEASE-ADVANCED:INTERNAL=1
//Install the dependencies listed in your manifest:
//\n    If this is off, you will have to manually install your dependencies.
//\n    See https://github.com/microsoft/vcpkg/tree/master/docs/specifications/manifests.md
// for more info.
//\n
VCPKG_MANIFEST_INSTALL:INTERNAL=OFF
//ADVANCED property for variable: VCPKG_VERBOSE
VCPKG_VERBOSE-ADVANCED:INTERNAL=1
//Making sure VCPKG_MANIFEST_MODE doesn't change
Z_VCPKG_CHECK_MANIFEST_MODE:INTERNAL=OFF
//Vcpkg root directory
Z_VCPKG_ROOT_DIR:INTERNAL=C:/Program Files/Microsoft Visual Studio/2022/Community/VC/vcpkg
//CMAKE_INSTALL_PREFIX during last run
_GNUInstallDirs_LAST_CMAKE_INSTALL_PREFIX:INTERNAL=C:/Users/Husky/source/repos/SynVHQ/vcpkg_installed/vcpkg/pkgs/boost-regex_x64-windows/debug

