  ClientPerf.cpp
C:\Users\Husky\source\repos\SynVHQ\includes.h(300,9): warning C4267: 'argument': conversion from 'size_t' to 'int', possible loss of data
  (compiling source file 'ClientPerf.cpp')
  
C:\Users\Husky\source\repos\SynVHQ\includes.h(298,56): warning C4267: 'argument': conversion from 'size_t' to 'int', possible loss of data
  (compiling source file 'ClientPerf.cpp')
  
C:\Users\Husky\source\repos\SynVHQ\includes.h(346,30): warning C4267: 'argument': conversion from 'size_t' to 'int', possible loss of data
  (compiling source file 'ClientPerf.cpp')
  
C:\Users\Husky\source\repos\SynVHQ\includes.h(401,28): warning C4267: 'argument': conversion from 'size_t' to 'int', possible loss of data
  (compiling source file 'ClientPerf.cpp')
  
C:\Users\Husky\source\repos\SynVHQ\includes.h(422,28): warning C4267: 'argument': conversion from 'size_t' to 'int', possible loss of data
  (compiling source file 'ClientPerf.cpp')
  
C:\Users\Husky\source\repos\SynVHQ\includes.h(495,40): warning C4267: 'argument': conversion from 'size_t' to 'int', possible loss of data
  (compiling source file 'ClientPerf.cpp')
  
C:\Users\Husky\source\repos\SynVHQ\PathOram.h(29,35): warning C4267: 'return': conversion from 'size_t' to 'int', possible loss of data
  (compiling source file 'ClientPerf.cpp')
  
C:\Users\Husky\source\repos\SynVHQ\PathOram.h(33,27): warning C4267: 'return': conversion from 'size_t' to 'int', possible loss of data
  (compiling source file 'ClientPerf.cpp')
  
C:\Users\Husky\source\repos\SynVHQ\PathOram.h(156,36): warning C4267: 'argument': conversion from 'size_t' to 'unsigned int', possible loss of data
  (compiling source file 'ClientPerf.cpp')
  
C:\Users\Husky\source\repos\SynVHQ\PathOram.h(157,24): warning C4244: '=': conversion from 'double' to 'size_t', possible loss of data
  (compiling source file 'ClientPerf.cpp')
  
C:\Users\Husky\source\repos\SynVHQ\PathOram.h(192,56): warning C4267: '=': conversion from 'size_t' to 'int', possible loss of data
  (compiling source file 'ClientPerf.cpp')
  
C:\Users\Husky\source\repos\SynVHQ\PathOram.h(215,20): warning C4267: 'argument': conversion from 'size_t' to 'int', possible loss of data
  (compiling source file 'ClientPerf.cpp')
  
C:\Users\Husky\source\repos\SynVHQ\PathOram.h(224,43): warning C4267: 'argument': conversion from 'size_t' to 'int', possible loss of data
  (compiling source file 'ClientPerf.cpp')
  
C:\Users\Husky\source\repos\SynVHQ\PathOram.h(248,32): warning C4267: 'argument': conversion from 'size_t' to 'int', possible loss of data
  (compiling source file 'ClientPerf.cpp')
  
C:\Users\Husky\source\repos\SynVHQ\LDX.h(198,56): warning C4267: 'argument': conversion from 'size_t' to 'int', possible loss of data
  (compiling source file 'ClientPerf.cpp')
  
C:\Users\Husky\source\repos\SynVHQ\LDX.h(198,53): warning C4267: 'argument': conversion from 'size_t' to 'int', possible loss of data
  (compiling source file 'ClientPerf.cpp')
  
C:\Users\Husky\source\repos\SynVHQ\LDX.h(204,45): warning C4267: 'argument': conversion from 'size_t' to 'int', possible loss of data
  (compiling source file 'ClientPerf.cpp')
  
C:\Users\Husky\source\repos\SynVHQ\LDX.h(204,42): warning C4267: 'argument': conversion from 'size_t' to 'int', possible loss of data
  (compiling source file 'ClientPerf.cpp')
  
C:\Users\Husky\source\repos\SynVHQ\Lat.h(73,29): warning C4267: 'initializing': conversion from 'size_t' to 'int', possible loss of data
  (compiling source file 'ClientPerf.cpp')
  
C:\Users\Husky\source\repos\SynVHQ\Lat.h(166,40): warning C4267: '=': conversion from 'size_t' to 'int', possible loss of data
  (compiling source file 'ClientPerf.cpp')
  
C:\Users\Husky\source\repos\SynVHQ\Lat.h(134,16): warning C4101: 'waitTime': unreferenced local variable
  (compiling source file 'ClientPerf.cpp')
  
C:\Users\Husky\source\repos\client\ClientPerf.cpp(15,20): warning C4267: 'initializing': conversion from 'size_t' to 'int', possible loss of data
C:\Users\Husky\source\repos\client\ClientPerf.cpp(119,12): warning C4267: 'return': conversion from 'size_t' to 'int', possible loss of data
C:\Users\Husky\source\repos\client\ClientPerf.cpp(130,55): warning C4267: 'argument': conversion from 'size_t' to '_Ty', possible loss of data
C:\Users\Husky\source\repos\client\ClientPerf.cpp(130,55): warning C4267:         with
C:\Users\Husky\source\repos\client\ClientPerf.cpp(130,55): warning C4267:         [
C:\Users\Husky\source\repos\client\ClientPerf.cpp(130,55): warning C4267:             _Ty=int
C:\Users\Husky\source\repos\client\ClientPerf.cpp(130,55): warning C4267:         ]
C:\Users\Husky\source\repos\client\ClientPerf.cpp(148,16): warning C4244: 'initializing': conversion from 'double' to 'int', possible loss of data
C:\Users\Husky\source\repos\client\ClientPerf.cpp(149,14): warning C4244: 'initializing': conversion from 'double' to 'int', possible loss of data
C:\Users\Husky\source\repos\client\ClientPerf.cpp(249,141): warning C4244: 'argument': conversion from 'double' to 'size_t', possible loss of data
     Creating library C:\Users\Husky\source\repos\SynVHQ\x64\Release\client.lib and object C:\Users\Husky\source\repos\SynVHQ\x64\Release\client.exp
  Generating code
  1 of 4712 functions (<0.1%) were compiled, the rest were copied from previous compilation.
    0 functions were new in current compilation
    2 functions had inline decision re-evaluated but remain unchanged
  Finished generating code
  client.vcxproj -> C:\Users\Husky\source\repos\SynVHQ\x64\Release\client.exe
