
---
events:
  -
    kind: "message-v1"
    backtrace:
      - "C:/Program Files/Microsoft Visual Studio/2022/Community/Common7/IDE/CommonExtensions/Microsoft/CMake/CMake/share/cmake-3.30/Modules/CMakeDetermineSystem.cmake:205 (message)"
      - "CMakeLists.txt:3 (project)"
    message: |
      The system is: Windows - 10.0.26100 - AMD64
  -
    kind: "message-v1"
    backtrace:
      - "C:/Program Files/Microsoft Visual Studio/2022/Community/Common7/IDE/CommonExtensions/Microsoft/CMake/CMake/share/cmake-3.30/Modules/CMakeDetermineCompilerId.cmake:17 (message)"
      - "C:/Program Files/Microsoft Visual Studio/2022/Community/Common7/IDE/CommonExtensions/Microsoft/CMake/CMake/share/cmake-3.30/Modules/CMakeDetermineCompilerId.cmake:64 (__determine_compiler_id_test)"
      - "C:/Program Files/Microsoft Visual Studio/2022/Community/Common7/IDE/CommonExtensions/Microsoft/CMake/CMake/share/cmake-3.30/Modules/CMakeDetermineCXXCompiler.cmake:126 (CMAKE_DETERMINE_COMPILER_ID)"
      - "CMakeLists.txt:3 (project)"
    message: |
      Compiling the CXX compiler identification source file "CMakeCXXCompilerId.cpp" succeeded.
      Compiler: C:/Program Files/Microsoft Visual Studio/2022/Community/VC/Tools/MSVC/14.43.34808/bin/Hostx64/x64/cl.exe 
      Build flags: /nologo;/DWIN32;/D_WINDOWS;/utf-8;/GR;/EHsc;/MP
      Id flags:  
      
      The output was:
      0
      CMakeCXXCompilerId.cpp
      
      
      Compilation of the CXX compiler identification source "CMakeCXXCompilerId.cpp" produced "CMakeCXXCompilerId.exe"
      
      Compilation of the CXX compiler identification source "CMakeCXXCompilerId.cpp" produced "CMakeCXXCompilerId.obj"
      
      The CXX compiler identification is MSVC, found in:
        C:/Users/Husky/source/repos/SynVHQ/vcpkg_installed/vcpkg/blds/boost-context/x64-windows-rel/CMakeFiles/3.30.5-msvc23/CompilerIdCXX/CMakeCXXCompilerId.exe
      
  -
    kind: "message-v1"
    backtrace:
      - "C:/Program Files/Microsoft Visual Studio/2022/Community/Common7/IDE/CommonExtensions/Microsoft/CMake/CMake/share/cmake-3.30/Modules/CMakeDetermineCompilerId.cmake:1243 (message)"
      - "C:/Program Files/Microsoft Visual Studio/2022/Community/Common7/IDE/CommonExtensions/Microsoft/CMake/CMake/share/cmake-3.30/Modules/CMakeDetermineCompilerId.cmake:250 (CMAKE_DETERMINE_MSVC_SHOWINCLUDES_PREFIX)"
      - "C:/Program Files/Microsoft Visual Studio/2022/Community/Common7/IDE/CommonExtensions/Microsoft/CMake/CMake/share/cmake-3.30/Modules/CMakeDetermineCXXCompiler.cmake:126 (CMAKE_DETERMINE_COMPILER_ID)"
      - "CMakeLists.txt:3 (project)"
    message: |
      Detecting CXX compiler /showIncludes prefix:
        main.c
        Note: including file: C:\\Users\\Husky\\source\\repos\\SynVHQ\\vcpkg_installed\\vcpkg\\blds\\boost-context\\x64-windows-rel\\CMakeFiles\\ShowIncludes\\foo.h
        
      Found prefix "Note: including file: "
  -
    kind: "try_compile-v1"
    backtrace:
      - "C:/Program Files/Microsoft Visual Studio/2022/Community/Common7/IDE/CommonExtensions/Microsoft/CMake/CMake/share/cmake-3.30/Modules/CMakeDetermineCompilerABI.cmake:74 (try_compile)"
      - "C:/Program Files/Microsoft Visual Studio/2022/Community/Common7/IDE/CommonExtensions/Microsoft/CMake/CMake/share/cmake-3.30/Modules/CMakeTestCXXCompiler.cmake:26 (CMAKE_DETERMINE_COMPILER_ABI)"
      - "CMakeLists.txt:3 (project)"
    checks:
      - "Detecting CXX compiler ABI info"
    directories:
      source: "C:/Users/Husky/source/repos/SynVHQ/vcpkg_installed/vcpkg/blds/boost-context/x64-windows-rel/CMakeFiles/CMakeScratch/TryCompile-td03um"
      binary: "C:/Users/Husky/source/repos/SynVHQ/vcpkg_installed/vcpkg/blds/boost-context/x64-windows-rel/CMakeFiles/CMakeScratch/TryCompile-td03um"
    cmakeVariables:
      CMAKE_CXX_FLAGS: " /nologo /DWIN32 /D_WINDOWS /utf-8 /GR /EHsc /MP "
      CMAKE_CXX_FLAGS_DEBUG: "/D_DEBUG /MDd /Z7 /Ob0 /Od /RTC1 "
      CMAKE_CXX_SCAN_FOR_MODULES: "OFF"
      CMAKE_EXE_LINKER_FLAGS: "/machine:x64"
      CMAKE_MSVC_DEBUG_INFORMATION_FORMAT: ""
      CMAKE_MSVC_RUNTIME_LIBRARY: "MultiThreaded$<$<CONFIG:Debug>:Debug>$<$<STREQUAL:dynamic,dynamic>:DLL>"
      VCPKG_CHAINLOAD_TOOLCHAIN_FILE: "C:/Program Files/Microsoft Visual Studio/2022/Community/VC/vcpkg/scripts/toolchains/windows.cmake"
      VCPKG_CRT_LINKAGE: "dynamic"
      VCPKG_CXX_FLAGS: ""
      VCPKG_CXX_FLAGS_DEBUG: ""
      VCPKG_CXX_FLAGS_RELEASE: ""
      VCPKG_C_FLAGS: ""
      VCPKG_C_FLAGS_DEBUG: ""
      VCPKG_C_FLAGS_RELEASE: ""
      VCPKG_INSTALLED_DIR: "C:/Users/Husky/source/repos/SynVHQ/vcpkg_installed"
      VCPKG_LINKER_FLAGS: ""
      VCPKG_LINKER_FLAGS_DEBUG: ""
      VCPKG_LINKER_FLAGS_RELEASE: ""
      VCPKG_PLATFORM_TOOLSET: "v143"
      VCPKG_PREFER_SYSTEM_LIBS: "OFF"
      VCPKG_SET_CHARSET_FLAG: "ON"
      VCPKG_TARGET_ARCHITECTURE: "x64"
      VCPKG_TARGET_TRIPLET: "x64-windows"
      Z_VCPKG_ROOT_DIR: "C:/Program Files/Microsoft Visual Studio/2022/Community/VC/vcpkg"
    buildResult:
      variable: "CMAKE_CXX_ABI_COMPILED"
      cached: true
      stdout: |
        Change Dir: 'C:/Users/Husky/source/repos/SynVHQ/vcpkg_installed/vcpkg/blds/boost-context/x64-windows-rel/CMakeFiles/CMakeScratch/TryCompile-td03um'
        
        Run Build Command(s): "C:/Program Files/Microsoft Visual Studio/2022/Community/Common7/IDE/CommonExtensions/Microsoft/CMake/Ninja/ninja.exe" -v cmTC_46b1e
        [1/2] C:\\PROGRA~1\\MICROS~4\\2022\\COMMUN~1\\VC\\Tools\\MSVC\\1443~1.348\\bin\\Hostx64\\x64\\cl.exe  /nologo /TP   /nologo /DWIN32 /D_WINDOWS /utf-8 /GR /EHsc /MP   /D_DEBUG /MDd /Z7 /Ob0 /Od /RTC1  -MDd /showIncludes /FoCMakeFiles\\cmTC_46b1e.dir\\CMakeCXXCompilerABI.cpp.obj /FdCMakeFiles\\cmTC_46b1e.dir\\ /FS -c "C:\\Program Files\\Microsoft Visual Studio\\2022\\Community\\Common7\\IDE\\CommonExtensions\\Microsoft\\CMake\\CMake\\share\\cmake-3.30\\Modules\\CMakeCXXCompilerABI.cpp"
        [2/2] C:\\WINDOWS\\system32\\cmd.exe /C "cd . && "C:\\Program Files\\Microsoft Visual Studio\\2022\\Community\\Common7\\IDE\\CommonExtensions\\Microsoft\\CMake\\CMake\\bin\\cmake.exe" -E vs_link_exe --intdir=CMakeFiles\\cmTC_46b1e.dir --rc=C:\\PROGRA~2\\WI3CF2~1\\10\\bin\\100226~1.0\\x64\\rc.exe --mt=C:\\PROGRA~2\\WI3CF2~1\\10\\bin\\100226~1.0\\x64\\mt.exe --manifests  -- C:\\PROGRA~1\\MICROS~4\\2022\\COMMUN~1\\VC\\Tools\\MSVC\\1443~1.348\\bin\\Hostx64\\x64\\link.exe /nologo CMakeFiles\\cmTC_46b1e.dir\\CMakeCXXCompilerABI.cpp.obj  /out:cmTC_46b1e.exe /implib:cmTC_46b1e.lib /pdb:cmTC_46b1e.pdb /version:0.0 /machine:x64  /nologo    /debug /INCREMENTAL /subsystem:console  kernel32.lib user32.lib gdi32.lib winspool.lib shell32.lib ole32.lib oleaut32.lib uuid.lib comdlg32.lib advapi32.lib && cd ."
        
      exitCode: 0
  -
    kind: "message-v1"
    backtrace:
      - "C:/Program Files/Microsoft Visual Studio/2022/Community/Common7/IDE/CommonExtensions/Microsoft/CMake/CMake/share/cmake-3.30/Modules/CMakeDetermineCompilerABI.cmake:218 (message)"
      - "C:/Program Files/Microsoft Visual Studio/2022/Community/Common7/IDE/CommonExtensions/Microsoft/CMake/CMake/share/cmake-3.30/Modules/CMakeTestCXXCompiler.cmake:26 (CMAKE_DETERMINE_COMPILER_ABI)"
      - "CMakeLists.txt:3 (project)"
    message: |
      Parsed CXX implicit link information:
        link line regex: [^( *|.*[/\\])(ld[0-9]*(\\.[a-z]+)?|link\\.exe|lld-link(\\.exe)?|CMAKE_LINK_STARTFILE-NOTFOUND|([^/\\]+-)?ld|collect2)[^/\\]*( |$)]
        linker tool regex: [^[ 	]*(->|")?[ 	]*(([^"]*[/\\])?(ld[0-9]*(\\.[a-z]+)?|link\\.exe|lld-link(\\.exe)?))("|,| |$)]
        linker tool for 'CXX': C:/PROGRA~1/MICROS~4/2022/COMMUN~1/VC/Tools/MSVC/1443~1.348/bin/Hostx64/x64/link.exe
        implicit libs: []
        implicit objs: []
        implicit dirs: []
        implicit fwks: []
      
      
  -
    kind: "message-v1"
    backtrace:
      - "C:/Program Files/Microsoft Visual Studio/2022/Community/Common7/IDE/CommonExtensions/Microsoft/CMake/CMake/share/cmake-3.30/Modules/Internal/CMakeDetermineLinkerId.cmake:40 (message)"
      - "C:/Program Files/Microsoft Visual Studio/2022/Community/Common7/IDE/CommonExtensions/Microsoft/CMake/CMake/share/cmake-3.30/Modules/CMakeDetermineCompilerABI.cmake:255 (cmake_determine_linker_id)"
      - "C:/Program Files/Microsoft Visual Studio/2022/Community/Common7/IDE/CommonExtensions/Microsoft/CMake/CMake/share/cmake-3.30/Modules/CMakeTestCXXCompiler.cmake:26 (CMAKE_DETERMINE_COMPILER_ABI)"
      - "CMakeLists.txt:3 (project)"
    message: |
      Running the CXX compiler's linker: "C:/PROGRA~1/MICROS~4/2022/COMMUN~1/VC/Tools/MSVC/1443~1.348/bin/Hostx64/x64/link.exe" "-v"
      Microsoft (R) Incremental Linker Version 14.43.34810.0
      Copyright (C) Microsoft Corporation.  All rights reserved.
  -
    kind: "message-v1"
    backtrace:
      - "C:/Program Files/Microsoft Visual Studio/2022/Community/Common7/IDE/CommonExtensions/Microsoft/CMake/CMake/share/cmake-3.30/Modules/CMakeDetermineCompilerId.cmake:1205 (message)"
      - "C:/Program Files/Microsoft Visual Studio/2022/Community/Common7/IDE/CommonExtensions/Microsoft/CMake/CMake/share/cmake-3.30/Modules/CMakeDetermineASMCompiler.cmake:135 (CMAKE_DETERMINE_COMPILER_ID_VENDOR)"
      - "C:/Program Files/Microsoft Visual Studio/2022/Community/Common7/IDE/CommonExtensions/Microsoft/CMake/CMake/share/cmake-3.30/Modules/CMakeDetermineASM_MASMCompiler.cmake:17 (include)"
      - "libs/context/CMakeLists.txt:151 (enable_language)"
    message: |
      Checking whether the ASM_MASM compiler is GNU using "--version" did not match "(GNU assembler)|(GCC)|(Free Software Foundation)":
      Microsoft (R) Macro Assembler (x64) Version 14.43.34810.0
      Copyright (C) Microsoft Corporation.  All rights reserved.
      
      MASM : warning A4018:invalid command-line option : --version
      MASM : fatal error A1017:missing source filename
  -
    kind: "message-v1"
    backtrace:
      - "C:/Program Files/Microsoft Visual Studio/2022/Community/Common7/IDE/CommonExtensions/Microsoft/CMake/CMake/share/cmake-3.30/Modules/CMakeDetermineCompilerId.cmake:1205 (message)"
      - "C:/Program Files/Microsoft Visual Studio/2022/Community/Common7/IDE/CommonExtensions/Microsoft/CMake/CMake/share/cmake-3.30/Modules/CMakeDetermineASMCompiler.cmake:135 (CMAKE_DETERMINE_COMPILER_ID_VENDOR)"
      - "C:/Program Files/Microsoft Visual Studio/2022/Community/Common7/IDE/CommonExtensions/Microsoft/CMake/CMake/share/cmake-3.30/Modules/CMakeDetermineASM_MASMCompiler.cmake:17 (include)"
      - "libs/context/CMakeLists.txt:151 (enable_language)"
    message: |
      Checking whether the ASM_MASM compiler is AppleClang using "--version" did not match "(Apple (clang|LLVM) version)":
      Microsoft (R) Macro Assembler (x64) Version 14.43.34810.0
      Copyright (C) Microsoft Corporation.  All rights reserved.
      
      MASM : warning A4018:invalid command-line option : --version
      MASM : fatal error A1017:missing source filename
  -
    kind: "message-v1"
    backtrace:
      - "C:/Program Files/Microsoft Visual Studio/2022/Community/Common7/IDE/CommonExtensions/Microsoft/CMake/CMake/share/cmake-3.30/Modules/CMakeDetermineCompilerId.cmake:1205 (message)"
      - "C:/Program Files/Microsoft Visual Studio/2022/Community/Common7/IDE/CommonExtensions/Microsoft/CMake/CMake/share/cmake-3.30/Modules/CMakeDetermineASMCompiler.cmake:135 (CMAKE_DETERMINE_COMPILER_ID_VENDOR)"
      - "C:/Program Files/Microsoft Visual Studio/2022/Community/Common7/IDE/CommonExtensions/Microsoft/CMake/CMake/share/cmake-3.30/Modules/CMakeDetermineASM_MASMCompiler.cmake:17 (include)"
      - "libs/context/CMakeLists.txt:151 (enable_language)"
    message: |
      Checking whether the ASM_MASM compiler is Clang using "--version" did not match "(clang version)":
      Microsoft (R) Macro Assembler (x64) Version 14.43.34810.0
      Copyright (C) Microsoft Corporation.  All rights reserved.
      
      MASM : warning A4018:invalid command-line option : --version
      MASM : fatal error A1017:missing source filename
  -
    kind: "message-v1"
    backtrace:
      - "C:/Program Files/Microsoft Visual Studio/2022/Community/Common7/IDE/CommonExtensions/Microsoft/CMake/CMake/share/cmake-3.30/Modules/CMakeDetermineCompilerId.cmake:1205 (message)"
      - "C:/Program Files/Microsoft Visual Studio/2022/Community/Common7/IDE/CommonExtensions/Microsoft/CMake/CMake/share/cmake-3.30/Modules/CMakeDetermineASMCompiler.cmake:135 (CMAKE_DETERMINE_COMPILER_ID_VENDOR)"
      - "C:/Program Files/Microsoft Visual Studio/2022/Community/Common7/IDE/CommonExtensions/Microsoft/CMake/CMake/share/cmake-3.30/Modules/CMakeDetermineASM_MASMCompiler.cmake:17 (include)"
      - "libs/context/CMakeLists.txt:151 (enable_language)"
    message: |
      Checking whether the ASM_MASM compiler is ARMClang using "--version" did not match "armclang":
      Microsoft (R) Macro Assembler (x64) Version 14.43.34810.0
      Copyright (C) Microsoft Corporation.  All rights reserved.
      
      MASM : warning A4018:invalid command-line option : --version
      MASM : fatal error A1017:missing source filename
  -
    kind: "message-v1"
    backtrace:
      - "C:/Program Files/Microsoft Visual Studio/2022/Community/Common7/IDE/CommonExtensions/Microsoft/CMake/CMake/share/cmake-3.30/Modules/CMakeDetermineCompilerId.cmake:1205 (message)"
      - "C:/Program Files/Microsoft Visual Studio/2022/Community/Common7/IDE/CommonExtensions/Microsoft/CMake/CMake/share/cmake-3.30/Modules/CMakeDetermineASMCompiler.cmake:135 (CMAKE_DETERMINE_COMPILER_ID_VENDOR)"
      - "C:/Program Files/Microsoft Visual Studio/2022/Community/Common7/IDE/CommonExtensions/Microsoft/CMake/CMake/share/cmake-3.30/Modules/CMakeDetermineASM_MASMCompiler.cmake:17 (include)"
      - "libs/context/CMakeLists.txt:151 (enable_language)"
    message: |
      Checking whether the ASM_MASM compiler is OrangeC using "--version" did not match "occ \\(OrangeC\\) Version":
      Microsoft (R) Macro Assembler (x64) Version 14.43.34810.0
      Copyright (C) Microsoft Corporation.  All rights reserved.
      
      MASM : warning A4018:invalid command-line option : --version
      MASM : fatal error A1017:missing source filename
  -
    kind: "message-v1"
    backtrace:
      - "C:/Program Files/Microsoft Visual Studio/2022/Community/Common7/IDE/CommonExtensions/Microsoft/CMake/CMake/share/cmake-3.30/Modules/CMakeDetermineCompilerId.cmake:1205 (message)"
      - "C:/Program Files/Microsoft Visual Studio/2022/Community/Common7/IDE/CommonExtensions/Microsoft/CMake/CMake/share/cmake-3.30/Modules/CMakeDetermineASMCompiler.cmake:135 (CMAKE_DETERMINE_COMPILER_ID_VENDOR)"
      - "C:/Program Files/Microsoft Visual Studio/2022/Community/Common7/IDE/CommonExtensions/Microsoft/CMake/CMake/share/cmake-3.30/Modules/CMakeDetermineASM_MASMCompiler.cmake:17 (include)"
      - "libs/context/CMakeLists.txt:151 (enable_language)"
    message: |
      Checking whether the ASM_MASM compiler is HP using "-V" did not match "HP C":
      Microsoft (R) Macro Assembler (x64) Version 14.43.34810.0
      Copyright (C) Microsoft Corporation.  All rights reserved.
      
      MASM : warning A4018:invalid command-line option : -V
      MASM : fatal error A1017:missing source filename
  -
    kind: "message-v1"
    backtrace:
      - "C:/Program Files/Microsoft Visual Studio/2022/Community/Common7/IDE/CommonExtensions/Microsoft/CMake/CMake/share/cmake-3.30/Modules/CMakeDetermineCompilerId.cmake:1205 (message)"
      - "C:/Program Files/Microsoft Visual Studio/2022/Community/Common7/IDE/CommonExtensions/Microsoft/CMake/CMake/share/cmake-3.30/Modules/CMakeDetermineASMCompiler.cmake:135 (CMAKE_DETERMINE_COMPILER_ID_VENDOR)"
      - "C:/Program Files/Microsoft Visual Studio/2022/Community/Common7/IDE/CommonExtensions/Microsoft/CMake/CMake/share/cmake-3.30/Modules/CMakeDetermineASM_MASMCompiler.cmake:17 (include)"
      - "libs/context/CMakeLists.txt:151 (enable_language)"
    message: |
      Checking whether the ASM_MASM compiler is Intel using "--version" did not match "(ICC)":
      Microsoft (R) Macro Assembler (x64) Version 14.43.34810.0
      Copyright (C) Microsoft Corporation.  All rights reserved.
      
      MASM : warning A4018:invalid command-line option : --version
      MASM : fatal error A1017:missing source filename
  -
    kind: "message-v1"
    backtrace:
      - "C:/Program Files/Microsoft Visual Studio/2022/Community/Common7/IDE/CommonExtensions/Microsoft/CMake/CMake/share/cmake-3.30/Modules/CMakeDetermineCompilerId.cmake:1205 (message)"
      - "C:/Program Files/Microsoft Visual Studio/2022/Community/Common7/IDE/CommonExtensions/Microsoft/CMake/CMake/share/cmake-3.30/Modules/CMakeDetermineASMCompiler.cmake:135 (CMAKE_DETERMINE_COMPILER_ID_VENDOR)"
      - "C:/Program Files/Microsoft Visual Studio/2022/Community/Common7/IDE/CommonExtensions/Microsoft/CMake/CMake/share/cmake-3.30/Modules/CMakeDetermineASM_MASMCompiler.cmake:17 (include)"
      - "libs/context/CMakeLists.txt:151 (enable_language)"
    message: |
      Checking whether the ASM_MASM compiler is IntelLLVM using "--version" did not match "(Intel[^
      ]+oneAPI)":
      Microsoft (R) Macro Assembler (x64) Version 14.43.34810.0
      Copyright (C) Microsoft Corporation.  All rights reserved.
      
      MASM : warning A4018:invalid command-line option : --version
      MASM : fatal error A1017:missing source filename
  -
    kind: "message-v1"
    backtrace:
      - "C:/Program Files/Microsoft Visual Studio/2022/Community/Common7/IDE/CommonExtensions/Microsoft/CMake/CMake/share/cmake-3.30/Modules/CMakeDetermineCompilerId.cmake:1205 (message)"
      - "C:/Program Files/Microsoft Visual Studio/2022/Community/Common7/IDE/CommonExtensions/Microsoft/CMake/CMake/share/cmake-3.30/Modules/CMakeDetermineASMCompiler.cmake:135 (CMAKE_DETERMINE_COMPILER_ID_VENDOR)"
      - "C:/Program Files/Microsoft Visual Studio/2022/Community/Common7/IDE/CommonExtensions/Microsoft/CMake/CMake/share/cmake-3.30/Modules/CMakeDetermineASM_MASMCompiler.cmake:17 (include)"
      - "libs/context/CMakeLists.txt:151 (enable_language)"
    message: |
      Checking whether the ASM_MASM compiler is SunPro using "-V" did not match "Sun C":
      Microsoft (R) Macro Assembler (x64) Version 14.43.34810.0
      Copyright (C) Microsoft Corporation.  All rights reserved.
      
      MASM : warning A4018:invalid command-line option : -V
      MASM : fatal error A1017:missing source filename
  -
    kind: "message-v1"
    backtrace:
      - "C:/Program Files/Microsoft Visual Studio/2022/Community/Common7/IDE/CommonExtensions/Microsoft/CMake/CMake/share/cmake-3.30/Modules/CMakeDetermineCompilerId.cmake:1205 (message)"
      - "C:/Program Files/Microsoft Visual Studio/2022/Community/Common7/IDE/CommonExtensions/Microsoft/CMake/CMake/share/cmake-3.30/Modules/CMakeDetermineASMCompiler.cmake:135 (CMAKE_DETERMINE_COMPILER_ID_VENDOR)"
      - "C:/Program Files/Microsoft Visual Studio/2022/Community/Common7/IDE/CommonExtensions/Microsoft/CMake/CMake/share/cmake-3.30/Modules/CMakeDetermineASM_MASMCompiler.cmake:17 (include)"
      - "libs/context/CMakeLists.txt:151 (enable_language)"
    message: |
      Checking whether the ASM_MASM compiler is XL using "-qversion" did not match "XL C":
      Microsoft (R) Macro Assembler (x64) Version 14.43.34810.0
      Copyright (C) Microsoft Corporation.  All rights reserved.
      
      MASM : warning A4018:invalid command-line option : -qversion
      MASM : fatal error A1017:missing source filename
  -
    kind: "message-v1"
    backtrace:
      - "C:/Program Files/Microsoft Visual Studio/2022/Community/Common7/IDE/CommonExtensions/Microsoft/CMake/CMake/share/cmake-3.30/Modules/CMakeDetermineCompilerId.cmake:1192 (message)"
      - "C:/Program Files/Microsoft Visual Studio/2022/Community/Common7/IDE/CommonExtensions/Microsoft/CMake/CMake/share/cmake-3.30/Modules/CMakeDetermineASMCompiler.cmake:135 (CMAKE_DETERMINE_COMPILER_ID_VENDOR)"
      - "C:/Program Files/Microsoft Visual Studio/2022/Community/Common7/IDE/CommonExtensions/Microsoft/CMake/CMake/share/cmake-3.30/Modules/CMakeDetermineASM_MASMCompiler.cmake:17 (include)"
      - "libs/context/CMakeLists.txt:151 (enable_language)"
    message: |
      Checking whether the ASM_MASM compiler is MSVC using "-?" matched "Microsoft":
      Microsoft (R) Macro Assembler (x64) Version 14.43.34810.0
      Copyright (C) Microsoft Corporation.  All rights reserved.
      
              ML64 [ /options ] filelist [ /link linkoptions ]
      
      /Bl<linker> Use alternate linker          /Sf Generate first pass listing
      /c Assemble without linking               /Sl<width> Set line width
      /Cp Preserve case of user identifiers     /Sn Suppress symbol-table listing
      /Cx Preserve case in publics, externs     /Sp<length> Set page length
      /D<name>[=text] Define text macro         /Ss<string> Set subtitle
      /EP Output preprocessed listing to stdout /St<string> Set title
      /F <hex> Set stack size (bytes)           /Sx List false conditionals
      /Fe<file> Name executable                 /Ta<file> Assemble non-.ASM file
      /Fl[file] Generate listing                /w Same as /W0 /WX
      /Fm[file] Generate map                    /WX Treat warnings as errors
      /Fo<file> Name object file                /W<number> Set warning level
      /Fr[file] Generate limited browser info   /X Ignore INCLUDE environment path
      /FR[file] Generate full browser info      /Zd Add line number debug info
      /I<name> Add include path                 /Zf Make all symbols public
      /link <linker options and libraries>      /Zi Add symbolic debug info
      /nologo Suppress copyright message        /Zp[n] Set structure alignment
      /Sa Maximize source listing               /Zs Perform syntax check only
      /ZH:MD5 Use MD5 for checksum in debug info
      /ZH:SHA_256 Use SHA256 for checksum in debug info (default)
      /Gy[-] separate functions for linker      /quiet Suppress 'Assembling' message
      /errorReport:<option> Deprecated. Report internal assembler errors to Microsoft
          none - do not send report
          prompt - prompt to immediately send report
          queue - at next admin logon, prompt to send report
          send - send report automatically
...
