# CMAKE generated file: DO NOT EDIT!
# Generated by "Ninja" Generator, CMake Version 3.30

# This file contains all the build statements describing the
# compilation DAG.

# =============================================================================
# Write statements declared in CMakeLists.txt:
# 
# Which is the root file.
# =============================================================================

# =============================================================================
# Project: Boost
# Configurations: Release
# =============================================================================

#############################################
# Minimal version of Ninja required by this file

ninja_required_version = 1.5


#############################################
# Set configuration variable for custom commands.

CONFIGURATION = Release
# =============================================================================
# Include auxiliary files.


#############################################
# Include rules file.

include CMakeFiles\rules.ninja

# =============================================================================

#############################################
# Logical path to working directory; prefix for absolute paths.

cmake_ninja_workdir = C$:\Users\Husky\source\repos\SynVHQ\vcpkg_installed\vcpkg\blds\boost-context\x64-windows-rel\

#############################################
# Utility command for tests

build tests: phony


#############################################
# Utility command for check

build check: phony CMakeFiles\check tests


#############################################
# Utility command for tests-quick

build tests-quick: phony


#############################################
# Utility command for check-quick

build check-quick: phony CMakeFiles\check-quick tests-quick


#############################################
# Utility command for edit_cache

build CMakeFiles\edit_cache.util: CUSTOM_COMMAND
  COMMAND = C:\WINDOWS\system32\cmd.exe /C "cd /D C:\Users\Husky\source\repos\SynVHQ\vcpkg_installed\vcpkg\blds\boost-context\x64-windows-rel && "C:\Program Files\Microsoft Visual Studio\2022\Community\Common7\IDE\CommonExtensions\Microsoft\CMake\CMake\bin\cmake.exe" -E echo "No interactive CMake dialog available.""
  DESC = No interactive CMake dialog available...
  restat = 1

build edit_cache: phony CMakeFiles\edit_cache.util


#############################################
# Utility command for rebuild_cache

build CMakeFiles\rebuild_cache.util: CUSTOM_COMMAND
  COMMAND = C:\WINDOWS\system32\cmd.exe /C "cd /D C:\Users\Husky\source\repos\SynVHQ\vcpkg_installed\vcpkg\blds\boost-context\x64-windows-rel && "C:\Program Files\Microsoft Visual Studio\2022\Community\Common7\IDE\CommonExtensions\Microsoft\CMake\CMake\bin\cmake.exe" --regenerate-during-build -SC:\Users\Husky\source\repos\SynVHQ\vcpkg_installed\vcpkg\blds\boost-context\src\ost-1.86.0-42b4fad533.clean -BC:\Users\Husky\source\repos\SynVHQ\vcpkg_installed\vcpkg\blds\boost-context\x64-windows-rel"
  DESC = Running CMake to regenerate build system...
  pool = console
  restat = 1

build rebuild_cache: phony CMakeFiles\rebuild_cache.util


#############################################
# Utility command for list_install_components

build list_install_components: phony


#############################################
# Utility command for install

build CMakeFiles\install.util: CUSTOM_COMMAND all
  COMMAND = C:\WINDOWS\system32\cmd.exe /C "cd /D C:\Users\Husky\source\repos\SynVHQ\vcpkg_installed\vcpkg\blds\boost-context\x64-windows-rel && "C:\Program Files\Microsoft Visual Studio\2022\Community\Common7\IDE\CommonExtensions\Microsoft\CMake\CMake\bin\cmake.exe" -P cmake_install.cmake"
  DESC = Install the project...
  pool = console
  restat = 1

build install: phony CMakeFiles\install.util


#############################################
# Utility command for install/local

build CMakeFiles\install\local.util: CUSTOM_COMMAND all
  COMMAND = C:\WINDOWS\system32\cmd.exe /C "cd /D C:\Users\Husky\source\repos\SynVHQ\vcpkg_installed\vcpkg\blds\boost-context\x64-windows-rel && "C:\Program Files\Microsoft Visual Studio\2022\Community\Common7\IDE\CommonExtensions\Microsoft\CMake\CMake\bin\cmake.exe" -DCMAKE_INSTALL_LOCAL_ONLY=1 -P cmake_install.cmake"
  DESC = Installing only the local directory...
  pool = console
  restat = 1

build install\local: phony CMakeFiles\install\local.util


#############################################
# Custom command for CMakeFiles\check

build CMakeFiles\check | ${cmake_ninja_workdir}CMakeFiles\check: CUSTOM_COMMAND || tests
  COMMAND = C:\WINDOWS\system32\cmd.exe /C "cd /D C:\Users\Husky\source\repos\SynVHQ\vcpkg_installed\vcpkg\blds\boost-context\x64-windows-rel && "C:\Program Files\Microsoft Visual Studio\2022\Community\Common7\IDE\CommonExtensions\Microsoft\CMake\CMake\bin\ctest.exe" --output-on-failure --no-tests=error -C Release"


#############################################
# Custom command for CMakeFiles\check-quick

build CMakeFiles\check-quick | ${cmake_ninja_workdir}CMakeFiles\check-quick: CUSTOM_COMMAND || tests-quick
  COMMAND = C:\WINDOWS\system32\cmd.exe /C "cd /D C:\Users\Husky\source\repos\SynVHQ\vcpkg_installed\vcpkg\blds\boost-context\x64-windows-rel && "C:\Program Files\Microsoft Visual Studio\2022\Community\Common7\IDE\CommonExtensions\Microsoft\CMake\CMake\bin\ctest.exe" --output-on-failure --no-tests=error -C Release -R quick"

# =============================================================================
# Write statements declared in CMakeLists.txt:
# C:/Users/Husky/source/repos/SynVHQ/vcpkg_installed/x64-windows/share/boost/cmake-build/BoostRoot.cmake
# =============================================================================

# =============================================================================
# Object build statements for SHARED_LIBRARY target boost_context


#############################################
# Order-only phony target for boost_context

build cmake_object_order_depends_target_boost_context: phony || .

build libs\context\CMakeFiles\boost_context.dir\src\asm\make_x86_64_ms_pe_masm.asm.obj: ASM_MASM_COMPILER__boost_context_unscanned_Release C$:\Users\Husky\source\repos\SynVHQ\vcpkg_installed\vcpkg\blds\boost-context\src\ost-1.86.0-42b4fad533.clean\libs\context\src\asm\make_x86_64_ms_pe_masm.asm || cmake_object_order_depends_target_boost_context
  DEFINES = -DBOOST_CONTEXT_DYN_LINK="" -DBOOST_CONTEXT_EXPORT=EXPORT -DBOOST_CONTEXT_NO_LIB="" -DBOOST_CONTEXT_SOURCE="" -Dboost_context_EXPORTS
  DEP_FILE = libs\context\CMakeFiles\boost_context.dir\src\asm\make_x86_64_ms_pe_masm.asm.obj.d
  INCLUDES = -IC:\Users\Husky\source\repos\SynVHQ\vcpkg_installed\vcpkg\blds\boost-context\src\ost-1.86.0-42b4fad533.clean\libs\context\include -IC:\Users\Husky\source\repos\SynVHQ\vcpkg_installed\x64-windows\include
  OBJECT_DIR = libs\context\CMakeFiles\boost_context.dir
  OBJECT_FILE_DIR = libs\context\CMakeFiles\boost_context.dir\src\asm
  TARGET_COMPILE_PDB = libs\context\CMakeFiles\boost_context.dir\
  TARGET_PDB = stage\bin\boost_context-vc143-mt-x64-1_86.pdb

build libs\context\CMakeFiles\boost_context.dir\src\asm\jump_x86_64_ms_pe_masm.asm.obj: ASM_MASM_COMPILER__boost_context_unscanned_Release C$:\Users\Husky\source\repos\SynVHQ\vcpkg_installed\vcpkg\blds\boost-context\src\ost-1.86.0-42b4fad533.clean\libs\context\src\asm\jump_x86_64_ms_pe_masm.asm || cmake_object_order_depends_target_boost_context
  DEFINES = -DBOOST_CONTEXT_DYN_LINK="" -DBOOST_CONTEXT_EXPORT=EXPORT -DBOOST_CONTEXT_NO_LIB="" -DBOOST_CONTEXT_SOURCE="" -Dboost_context_EXPORTS
  DEP_FILE = libs\context\CMakeFiles\boost_context.dir\src\asm\jump_x86_64_ms_pe_masm.asm.obj.d
  INCLUDES = -IC:\Users\Husky\source\repos\SynVHQ\vcpkg_installed\vcpkg\blds\boost-context\src\ost-1.86.0-42b4fad533.clean\libs\context\include -IC:\Users\Husky\source\repos\SynVHQ\vcpkg_installed\x64-windows\include
  OBJECT_DIR = libs\context\CMakeFiles\boost_context.dir
  OBJECT_FILE_DIR = libs\context\CMakeFiles\boost_context.dir\src\asm
  TARGET_COMPILE_PDB = libs\context\CMakeFiles\boost_context.dir\
  TARGET_PDB = stage\bin\boost_context-vc143-mt-x64-1_86.pdb

build libs\context\CMakeFiles\boost_context.dir\src\asm\ontop_x86_64_ms_pe_masm.asm.obj: ASM_MASM_COMPILER__boost_context_unscanned_Release C$:\Users\Husky\source\repos\SynVHQ\vcpkg_installed\vcpkg\blds\boost-context\src\ost-1.86.0-42b4fad533.clean\libs\context\src\asm\ontop_x86_64_ms_pe_masm.asm || cmake_object_order_depends_target_boost_context
  DEFINES = -DBOOST_CONTEXT_DYN_LINK="" -DBOOST_CONTEXT_EXPORT=EXPORT -DBOOST_CONTEXT_NO_LIB="" -DBOOST_CONTEXT_SOURCE="" -Dboost_context_EXPORTS
  DEP_FILE = libs\context\CMakeFiles\boost_context.dir\src\asm\ontop_x86_64_ms_pe_masm.asm.obj.d
  INCLUDES = -IC:\Users\Husky\source\repos\SynVHQ\vcpkg_installed\vcpkg\blds\boost-context\src\ost-1.86.0-42b4fad533.clean\libs\context\include -IC:\Users\Husky\source\repos\SynVHQ\vcpkg_installed\x64-windows\include
  OBJECT_DIR = libs\context\CMakeFiles\boost_context.dir
  OBJECT_FILE_DIR = libs\context\CMakeFiles\boost_context.dir\src\asm
  TARGET_COMPILE_PDB = libs\context\CMakeFiles\boost_context.dir\
  TARGET_PDB = stage\bin\boost_context-vc143-mt-x64-1_86.pdb

build libs\context\CMakeFiles\boost_context.dir\src\windows\stack_traits.cpp.obj: CXX_COMPILER__boost_context_unscanned_Release C$:\Users\Husky\source\repos\SynVHQ\vcpkg_installed\vcpkg\blds\boost-context\src\ost-1.86.0-42b4fad533.clean\libs\context\src\windows\stack_traits.cpp || cmake_object_order_depends_target_boost_context
  DEFINES = -DBOOST_CONTEXT_DYN_LINK="" -DBOOST_CONTEXT_EXPORT=EXPORT -DBOOST_CONTEXT_NO_LIB="" -DBOOST_CONTEXT_SOURCE="" -Dboost_context_EXPORTS
  FLAGS = /nologo /DWIN32 /D_WINDOWS /utf-8 /GR /EHsc /MP  /MD /O2 /Oi /Gy /DNDEBUG /Z7  -MD
  INCLUDES = -IC:\Users\Husky\source\repos\SynVHQ\vcpkg_installed\vcpkg\blds\boost-context\src\ost-1.86.0-42b4fad533.clean\libs\context\include -external:IC:\Users\Husky\source\repos\SynVHQ\vcpkg_installed\x64-windows\include -external:W0
  OBJECT_DIR = libs\context\CMakeFiles\boost_context.dir
  OBJECT_FILE_DIR = libs\context\CMakeFiles\boost_context.dir\src\windows
  TARGET_COMPILE_PDB = libs\context\CMakeFiles\boost_context.dir\
  TARGET_PDB = stage\bin\boost_context-vc143-mt-x64-1_86.pdb


# =============================================================================
# Link build statements for SHARED_LIBRARY target boost_context


#############################################
# Link the shared library stage\bin\boost_context-vc143-mt-x64-1_86.dll

build stage\bin\boost_context-vc143-mt-x64-1_86.dll stage\lib\boost_context-vc143-mt-x64-1_86.lib: CXX_SHARED_LIBRARY_LINKER__boost_context_Release libs\context\CMakeFiles\boost_context.dir\src\asm\make_x86_64_ms_pe_masm.asm.obj libs\context\CMakeFiles\boost_context.dir\src\asm\jump_x86_64_ms_pe_masm.asm.obj libs\context\CMakeFiles\boost_context.dir\src\asm\ontop_x86_64_ms_pe_masm.asm.obj libs\context\CMakeFiles\boost_context.dir\src\windows\stack_traits.cpp.obj
  LANGUAGE_COMPILE_FLAGS = /nologo /DWIN32 /D_WINDOWS /utf-8 /GR /EHsc /MP  /MD /O2 /Oi /Gy /DNDEBUG /Z7  -MD
  LINK_FLAGS = /machine:x64 /nologo /DEBUG /INCREMENTAL:NO /OPT:REF /OPT:ICF
  LINK_LIBRARIES = kernel32.lib user32.lib gdi32.lib winspool.lib shell32.lib ole32.lib oleaut32.lib uuid.lib comdlg32.lib advapi32.lib
  OBJECT_DIR = libs\context\CMakeFiles\boost_context.dir
  POST_BUILD = cd .
  PRE_LINK = cd .
  RESTAT = 1
  TARGET_COMPILE_PDB = libs\context\CMakeFiles\boost_context.dir\
  TARGET_FILE = stage\bin\boost_context-vc143-mt-x64-1_86.dll
  TARGET_IMPLIB = stage\lib\boost_context-vc143-mt-x64-1_86.lib
  TARGET_PDB = stage\bin\boost_context-vc143-mt-x64-1_86.pdb


#############################################
# Utility command for edit_cache

build libs\context\CMakeFiles\edit_cache.util: CUSTOM_COMMAND
  COMMAND = C:\WINDOWS\system32\cmd.exe /C "cd /D C:\Users\Husky\source\repos\SynVHQ\vcpkg_installed\vcpkg\blds\boost-context\x64-windows-rel\libs\context && "C:\Program Files\Microsoft Visual Studio\2022\Community\Common7\IDE\CommonExtensions\Microsoft\CMake\CMake\bin\cmake.exe" -E echo "No interactive CMake dialog available.""
  DESC = No interactive CMake dialog available...
  restat = 1

build libs\context\edit_cache: phony libs\context\CMakeFiles\edit_cache.util


#############################################
# Utility command for rebuild_cache

build libs\context\CMakeFiles\rebuild_cache.util: CUSTOM_COMMAND
  COMMAND = C:\WINDOWS\system32\cmd.exe /C "cd /D C:\Users\Husky\source\repos\SynVHQ\vcpkg_installed\vcpkg\blds\boost-context\x64-windows-rel\libs\context && "C:\Program Files\Microsoft Visual Studio\2022\Community\Common7\IDE\CommonExtensions\Microsoft\CMake\CMake\bin\cmake.exe" --regenerate-during-build -SC:\Users\Husky\source\repos\SynVHQ\vcpkg_installed\vcpkg\blds\boost-context\src\ost-1.86.0-42b4fad533.clean -BC:\Users\Husky\source\repos\SynVHQ\vcpkg_installed\vcpkg\blds\boost-context\x64-windows-rel"
  DESC = Running CMake to regenerate build system...
  pool = console
  restat = 1

build libs\context\rebuild_cache: phony libs\context\CMakeFiles\rebuild_cache.util


#############################################
# Utility command for list_install_components

build libs\context\list_install_components: phony


#############################################
# Utility command for install

build libs\context\CMakeFiles\install.util: CUSTOM_COMMAND libs\context\all
  COMMAND = C:\WINDOWS\system32\cmd.exe /C "cd /D C:\Users\Husky\source\repos\SynVHQ\vcpkg_installed\vcpkg\blds\boost-context\x64-windows-rel\libs\context && "C:\Program Files\Microsoft Visual Studio\2022\Community\Common7\IDE\CommonExtensions\Microsoft\CMake\CMake\bin\cmake.exe" -P cmake_install.cmake"
  DESC = Install the project...
  pool = console
  restat = 1

build libs\context\install: phony libs\context\CMakeFiles\install.util


#############################################
# Utility command for install/local

build libs\context\CMakeFiles\install\local.util: CUSTOM_COMMAND libs\context\all
  COMMAND = C:\WINDOWS\system32\cmd.exe /C "cd /D C:\Users\Husky\source\repos\SynVHQ\vcpkg_installed\vcpkg\blds\boost-context\x64-windows-rel\libs\context && "C:\Program Files\Microsoft Visual Studio\2022\Community\Common7\IDE\CommonExtensions\Microsoft\CMake\CMake\bin\cmake.exe" -DCMAKE_INSTALL_LOCAL_ONLY=1 -P cmake_install.cmake"
  DESC = Installing only the local directory...
  pool = console
  restat = 1

build libs\context\install\local: phony libs\context\CMakeFiles\install\local.util

# =============================================================================
# Target aliases.

build boost_context: phony stage\bin\boost_context-vc143-mt-x64-1_86.dll

build boost_context-vc143-mt-x64-1_86.dll: phony stage\bin\boost_context-vc143-mt-x64-1_86.dll

# =============================================================================
# Folder targets.

# =============================================================================

#############################################
# Folder: C:/Users/Husky/source/repos/SynVHQ/vcpkg_installed/vcpkg/blds/boost-context/x64-windows-rel

build all: phony libs\context\all

# =============================================================================

#############################################
# Folder: C:/Users/Husky/source/repos/SynVHQ/vcpkg_installed/vcpkg/blds/boost-context/x64-windows-rel/libs/context

build libs\context\all: phony stage\bin\boost_context-vc143-mt-x64-1_86.dll

# =============================================================================
# Built-in targets


#############################################
# Re-run CMake if any of its inputs changed.

build build.ninja: RERUN_CMAKE | C$:\Program$ Files\Microsoft$ Visual$ Studio\2022\Community\Common7\IDE\CommonExtensions\Microsoft\CMake\CMake\share\cmake-3.30\Modules\BasicConfigVersion-SameMajorVersion.cmake.in C$:\Program$ Files\Microsoft$ Visual$ Studio\2022\Community\Common7\IDE\CommonExtensions\Microsoft\CMake\CMake\share\cmake-3.30\Modules\CMakeASMCompiler.cmake.in C$:\Program$ Files\Microsoft$ Visual$ Studio\2022\Community\Common7\IDE\CommonExtensions\Microsoft\CMake\CMake\share\cmake-3.30\Modules\CMakeASMInformation.cmake C$:\Program$ Files\Microsoft$ Visual$ Studio\2022\Community\Common7\IDE\CommonExtensions\Microsoft\CMake\CMake\share\cmake-3.30\Modules\CMakeASM_MASMInformation.cmake C$:\Program$ Files\Microsoft$ Visual$ Studio\2022\Community\Common7\IDE\CommonExtensions\Microsoft\CMake\CMake\share\cmake-3.30\Modules\CMakeCXXCompiler.cmake.in C$:\Program$ Files\Microsoft$ Visual$ Studio\2022\Community\Common7\IDE\CommonExtensions\Microsoft\CMake\CMake\share\cmake-3.30\Modules\CMakeCXXCompilerABI.cpp C$:\Program$ Files\Microsoft$ Visual$ Studio\2022\Community\Common7\IDE\CommonExtensions\Microsoft\CMake\CMake\share\cmake-3.30\Modules\CMakeCXXInformation.cmake C$:\Program$ Files\Microsoft$ Visual$ Studio\2022\Community\Common7\IDE\CommonExtensions\Microsoft\CMake\CMake\share\cmake-3.30\Modules\CMakeCommonLanguageInclude.cmake C$:\Program$ Files\Microsoft$ Visual$ Studio\2022\Community\Common7\IDE\CommonExtensions\Microsoft\CMake\CMake\share\cmake-3.30\Modules\CMakeCompilerIdDetection.cmake C$:\Program$ Files\Microsoft$ Visual$ Studio\2022\Community\Common7\IDE\CommonExtensions\Microsoft\CMake\CMake\share\cmake-3.30\Modules\CMakeDependentOption.cmake C$:\Program$ Files\Microsoft$ Visual$ Studio\2022\Community\Common7\IDE\CommonExtensions\Microsoft\CMake\CMake\share\cmake-3.30\Modules\CMakeDetermineASMCompiler.cmake C$:\Program$ Files\Microsoft$ Visual$ Studio\2022\Community\Common7\IDE\CommonExtensions\Microsoft\CMake\CMake\share\cmake-3.30\Modules\CMakeDetermineASM_MASMCompiler.cmake C$:\Program$ Files\Microsoft$ Visual$ Studio\2022\Community\Common7\IDE\CommonExtensions\Microsoft\CMake\CMake\share\cmake-3.30\Modules\CMakeDetermineCXXCompiler.cmake C$:\Program$ Files\Microsoft$ Visual$ Studio\2022\Community\Common7\IDE\CommonExtensions\Microsoft\CMake\CMake\share\cmake-3.30\Modules\CMakeDetermineCompiler.cmake C$:\Program$ Files\Microsoft$ Visual$ Studio\2022\Community\Common7\IDE\CommonExtensions\Microsoft\CMake\CMake\share\cmake-3.30\Modules\CMakeDetermineCompilerABI.cmake C$:\Program$ Files\Microsoft$ Visual$ Studio\2022\Community\Common7\IDE\CommonExtensions\Microsoft\CMake\CMake\share\cmake-3.30\Modules\CMakeDetermineCompilerId.cmake C$:\Program$ Files\Microsoft$ Visual$ Studio\2022\Community\Common7\IDE\CommonExtensions\Microsoft\CMake\CMake\share\cmake-3.30\Modules\CMakeDetermineCompilerSupport.cmake C$:\Program$ Files\Microsoft$ Visual$ Studio\2022\Community\Common7\IDE\CommonExtensions\Microsoft\CMake\CMake\share\cmake-3.30\Modules\CMakeDetermineRCCompiler.cmake C$:\Program$ Files\Microsoft$ Visual$ Studio\2022\Community\Common7\IDE\CommonExtensions\Microsoft\CMake\CMake\share\cmake-3.30\Modules\CMakeDetermineSystem.cmake C$:\Program$ Files\Microsoft$ Visual$ Studio\2022\Community\Common7\IDE\CommonExtensions\Microsoft\CMake\CMake\share\cmake-3.30\Modules\CMakeFindBinUtils.cmake C$:\Program$ Files\Microsoft$ Visual$ Studio\2022\Community\Common7\IDE\CommonExtensions\Microsoft\CMake\CMake\share\cmake-3.30\Modules\CMakeFindDependencyMacro.cmake C$:\Program$ Files\Microsoft$ Visual$ Studio\2022\Community\Common7\IDE\CommonExtensions\Microsoft\CMake\CMake\share\cmake-3.30\Modules\CMakeGenericSystem.cmake C$:\Program$ Files\Microsoft$ Visual$ Studio\2022\Community\Common7\IDE\CommonExtensions\Microsoft\CMake\CMake\share\cmake-3.30\Modules\CMakeInitializeConfigs.cmake C$:\Program$ Files\Microsoft$ Visual$ Studio\2022\Community\Common7\IDE\CommonExtensions\Microsoft\CMake\CMake\share\cmake-3.30\Modules\CMakeLanguageInformation.cmake C$:\Program$ Files\Microsoft$ Visual$ Studio\2022\Community\Common7\IDE\CommonExtensions\Microsoft\CMake\CMake\share\cmake-3.30\Modules\CMakePackageConfigHelpers.cmake C$:\Program$ Files\Microsoft$ Visual$ Studio\2022\Community\Common7\IDE\CommonExtensions\Microsoft\CMake\CMake\share\cmake-3.30\Modules\CMakeParseImplicitIncludeInfo.cmake C$:\Program$ Files\Microsoft$ Visual$ Studio\2022\Community\Common7\IDE\CommonExtensions\Microsoft\CMake\CMake\share\cmake-3.30\Modules\CMakeParseImplicitLinkInfo.cmake C$:\Program$ Files\Microsoft$ Visual$ Studio\2022\Community\Common7\IDE\CommonExtensions\Microsoft\CMake\CMake\share\cmake-3.30\Modules\CMakeParseLibraryArchitecture.cmake C$:\Program$ Files\Microsoft$ Visual$ Studio\2022\Community\Common7\IDE\CommonExtensions\Microsoft\CMake\CMake\share\cmake-3.30\Modules\CMakeRCCompiler.cmake.in C$:\Program$ Files\Microsoft$ Visual$ Studio\2022\Community\Common7\IDE\CommonExtensions\Microsoft\CMake\CMake\share\cmake-3.30\Modules\CMakeRCInformation.cmake C$:\Program$ Files\Microsoft$ Visual$ Studio\2022\Community\Common7\IDE\CommonExtensions\Microsoft\CMake\CMake\share\cmake-3.30\Modules\CMakeSystem.cmake.in C$:\Program$ Files\Microsoft$ Visual$ Studio\2022\Community\Common7\IDE\CommonExtensions\Microsoft\CMake\CMake\share\cmake-3.30\Modules\CMakeSystemSpecificInformation.cmake C$:\Program$ Files\Microsoft$ Visual$ Studio\2022\Community\Common7\IDE\CommonExtensions\Microsoft\CMake\CMake\share\cmake-3.30\Modules\CMakeSystemSpecificInitialize.cmake C$:\Program$ Files\Microsoft$ Visual$ Studio\2022\Community\Common7\IDE\CommonExtensions\Microsoft\CMake\CMake\share\cmake-3.30\Modules\CMakeTestASMCompiler.cmake C$:\Program$ Files\Microsoft$ Visual$ Studio\2022\Community\Common7\IDE\CommonExtensions\Microsoft\CMake\CMake\share\cmake-3.30\Modules\CMakeTestASM_MASMCompiler.cmake C$:\Program$ Files\Microsoft$ Visual$ Studio\2022\Community\Common7\IDE\CommonExtensions\Microsoft\CMake\CMake\share\cmake-3.30\Modules\CMakeTestCXXCompiler.cmake C$:\Program$ Files\Microsoft$ Visual$ Studio\2022\Community\Common7\IDE\CommonExtensions\Microsoft\CMake\CMake\share\cmake-3.30\Modules\CMakeTestCompilerCommon.cmake C$:\Program$ Files\Microsoft$ Visual$ Studio\2022\Community\Common7\IDE\CommonExtensions\Microsoft\CMake\CMake\share\cmake-3.30\Modules\CMakeTestRCCompiler.cmake C$:\Program$ Files\Microsoft$ Visual$ Studio\2022\Community\Common7\IDE\CommonExtensions\Microsoft\CMake\CMake\share\cmake-3.30\Modules\CTest.cmake C$:\Program$ Files\Microsoft$ Visual$ Studio\2022\Community\Common7\IDE\CommonExtensions\Microsoft\CMake\CMake\share\cmake-3.30\Modules\CTestUseLaunchers.cmake C$:\Program$ Files\Microsoft$ Visual$ Studio\2022\Community\Common7\IDE\CommonExtensions\Microsoft\CMake\CMake\share\cmake-3.30\Modules\Compiler\ADSP-DetermineCompiler.cmake C$:\Program$ Files\Microsoft$ Visual$ Studio\2022\Community\Common7\IDE\CommonExtensions\Microsoft\CMake\CMake\share\cmake-3.30\Modules\Compiler\ARMCC-DetermineCompiler.cmake C$:\Program$ Files\Microsoft$ Visual$ Studio\2022\Community\Common7\IDE\CommonExtensions\Microsoft\CMake\CMake\share\cmake-3.30\Modules\Compiler\ARMClang-DetermineCompiler.cmake C$:\Program$ Files\Microsoft$ Visual$ Studio\2022\Community\Common7\IDE\CommonExtensions\Microsoft\CMake\CMake\share\cmake-3.30\Modules\Compiler\AppleClang-DetermineCompiler.cmake C$:\Program$ Files\Microsoft$ Visual$ Studio\2022\Community\Common7\IDE\CommonExtensions\Microsoft\CMake\CMake\share\cmake-3.30\Modules\Compiler\Borland-DetermineCompiler.cmake C$:\Program$ Files\Microsoft$ Visual$ Studio\2022\Community\Common7\IDE\CommonExtensions\Microsoft\CMake\CMake\share\cmake-3.30\Modules\Compiler\CMakeCommonCompilerMacros.cmake C$:\Program$ Files\Microsoft$ Visual$ Studio\2022\Community\Common7\IDE\CommonExtensions\Microsoft\CMake\CMake\share\cmake-3.30\Modules\Compiler\Clang-DetermineCompiler.cmake C$:\Program$ Files\Microsoft$ Visual$ Studio\2022\Community\Common7\IDE\CommonExtensions\Microsoft\CMake\CMake\share\cmake-3.30\Modules\Compiler\Clang-DetermineCompilerInternal.cmake C$:\Program$ Files\Microsoft$ Visual$ Studio\2022\Community\Common7\IDE\CommonExtensions\Microsoft\CMake\CMake\share\cmake-3.30\Modules\Compiler\Compaq-CXX-DetermineCompiler.cmake C$:\Program$ Files\Microsoft$ Visual$ Studio\2022\Community\Common7\IDE\CommonExtensions\Microsoft\CMake\CMake\share\cmake-3.30\Modules\Compiler\Cray-DetermineCompiler.cmake C$:\Program$ Files\Microsoft$ Visual$ Studio\2022\Community\Common7\IDE\CommonExtensions\Microsoft\CMake\CMake\share\cmake-3.30\Modules\Compiler\CrayClang-DetermineCompiler.cmake C$:\Program$ Files\Microsoft$ Visual$ Studio\2022\Community\Common7\IDE\CommonExtensions\Microsoft\CMake\CMake\share\cmake-3.30\Modules\Compiler\Embarcadero-DetermineCompiler.cmake C$:\Program$ Files\Microsoft$ Visual$ Studio\2022\Community\Common7\IDE\CommonExtensions\Microsoft\CMake\CMake\share\cmake-3.30\Modules\Compiler\Fujitsu-DetermineCompiler.cmake C$:\Program$ Files\Microsoft$ Visual$ Studio\2022\Community\Common7\IDE\CommonExtensions\Microsoft\CMake\CMake\share\cmake-3.30\Modules\Compiler\FujitsuClang-DetermineCompiler.cmake C$:\Program$ Files\Microsoft$ Visual$ Studio\2022\Community\Common7\IDE\CommonExtensions\Microsoft\CMake\CMake\share\cmake-3.30\Modules\Compiler\GHS-DetermineCompiler.cmake C$:\Program$ Files\Microsoft$ Visual$ Studio\2022\Community\Common7\IDE\CommonExtensions\Microsoft\CMake\CMake\share\cmake-3.30\Modules\Compiler\GNU-CXX-DetermineCompiler.cmake C$:\Program$ Files\Microsoft$ Visual$ Studio\2022\Community\Common7\IDE\CommonExtensions\Microsoft\CMake\CMake\share\cmake-3.30\Modules\Compiler\HP-CXX-DetermineCompiler.cmake C$:\Program$ Files\Microsoft$ Visual$ Studio\2022\Community\Common7\IDE\CommonExtensions\Microsoft\CMake\CMake\share\cmake-3.30\Modules\Compiler\IAR-DetermineCompiler.cmake C$:\Program$ Files\Microsoft$ Visual$ Studio\2022\Community\Common7\IDE\CommonExtensions\Microsoft\CMake\CMake\share\cmake-3.30\Modules\Compiler\IBMCPP-CXX-DetermineVersionInternal.cmake C$:\Program$ Files\Microsoft$ Visual$ Studio\2022\Community\Common7\IDE\CommonExtensions\Microsoft\CMake\CMake\share\cmake-3.30\Modules\Compiler\IBMClang-CXX-DetermineCompiler.cmake C$:\Program$ Files\Microsoft$ Visual$ Studio\2022\Community\Common7\IDE\CommonExtensions\Microsoft\CMake\CMake\share\cmake-3.30\Modules\Compiler\Intel-DetermineCompiler.cmake C$:\Program$ Files\Microsoft$ Visual$ Studio\2022\Community\Common7\IDE\CommonExtensions\Microsoft\CMake\CMake\share\cmake-3.30\Modules\Compiler\IntelLLVM-DetermineCompiler.cmake C$:\Program$ Files\Microsoft$ Visual$ Studio\2022\Community\Common7\IDE\CommonExtensions\Microsoft\CMake\CMake\share\cmake-3.30\Modules\Compiler\LCC-CXX-DetermineCompiler.cmake C$:\Program$ Files\Microsoft$ Visual$ Studio\2022\Community\Common7\IDE\CommonExtensions\Microsoft\CMake\CMake\share\cmake-3.30\Modules\Compiler\MSVC-CXX-CXXImportStd.cmake C$:\Program$ Files\Microsoft$ Visual$ Studio\2022\Community\Common7\IDE\CommonExtensions\Microsoft\CMake\CMake\share\cmake-3.30\Modules\Compiler\MSVC-CXX.cmake C$:\Program$ Files\Microsoft$ Visual$ Studio\2022\Community\Common7\IDE\CommonExtensions\Microsoft\CMake\CMake\share\cmake-3.30\Modules\Compiler\MSVC-DetermineCompiler.cmake C$:\Program$ Files\Microsoft$ Visual$ Studio\2022\Community\Common7\IDE\CommonExtensions\Microsoft\CMake\CMake\share\cmake-3.30\Modules\Compiler\MSVC.cmake C$:\Program$ Files\Microsoft$ Visual$ Studio\2022\Community\Common7\IDE\CommonExtensions\Microsoft\CMake\CMake\share\cmake-3.30\Modules\Compiler\NVHPC-DetermineCompiler.cmake C$:\Program$ Files\Microsoft$ Visual$ Studio\2022\Community\Common7\IDE\CommonExtensions\Microsoft\CMake\CMake\share\cmake-3.30\Modules\Compiler\NVIDIA-DetermineCompiler.cmake C$:\Program$ Files\Microsoft$ Visual$ Studio\2022\Community\Common7\IDE\CommonExtensions\Microsoft\CMake\CMake\share\cmake-3.30\Modules\Compiler\OpenWatcom-DetermineCompiler.cmake C$:\Program$ Files\Microsoft$ Visual$ Studio\2022\Community\Common7\IDE\CommonExtensions\Microsoft\CMake\CMake\share\cmake-3.30\Modules\Compiler\OrangeC-DetermineCompiler.cmake C$:\Program$ Files\Microsoft$ Visual$ Studio\2022\Community\Common7\IDE\CommonExtensions\Microsoft\CMake\CMake\share\cmake-3.30\Modules\Compiler\PGI-DetermineCompiler.cmake C$:\Program$ Files\Microsoft$ Visual$ Studio\2022\Community\Common7\IDE\CommonExtensions\Microsoft\CMake\CMake\share\cmake-3.30\Modules\Compiler\PathScale-DetermineCompiler.cmake C$:\Program$ Files\Microsoft$ Visual$ Studio\2022\Community\Common7\IDE\CommonExtensions\Microsoft\CMake\CMake\share\cmake-3.30\Modules\Compiler\SCO-DetermineCompiler.cmake C$:\Program$ Files\Microsoft$ Visual$ Studio\2022\Community\Common7\IDE\CommonExtensions\Microsoft\CMake\CMake\share\cmake-3.30\Modules\Compiler\SunPro-CXX-DetermineCompiler.cmake C$:\Program$ Files\Microsoft$ Visual$ Studio\2022\Community\Common7\IDE\CommonExtensions\Microsoft\CMake\CMake\share\cmake-3.30\Modules\Compiler\TI-DetermineCompiler.cmake C$:\Program$ Files\Microsoft$ Visual$ Studio\2022\Community\Common7\IDE\CommonExtensions\Microsoft\CMake\CMake\share\cmake-3.30\Modules\Compiler\TIClang-DetermineCompiler.cmake C$:\Program$ Files\Microsoft$ Visual$ Studio\2022\Community\Common7\IDE\CommonExtensions\Microsoft\CMake\CMake\share\cmake-3.30\Modules\Compiler\Tasking-DetermineCompiler.cmake C$:\Program$ Files\Microsoft$ Visual$ Studio\2022\Community\Common7\IDE\CommonExtensions\Microsoft\CMake\CMake\share\cmake-3.30\Modules\Compiler\VisualAge-CXX-DetermineCompiler.cmake C$:\Program$ Files\Microsoft$ Visual$ Studio\2022\Community\Common7\IDE\CommonExtensions\Microsoft\CMake\CMake\share\cmake-3.30\Modules\Compiler\Watcom-DetermineCompiler.cmake C$:\Program$ Files\Microsoft$ Visual$ Studio\2022\Community\Common7\IDE\CommonExtensions\Microsoft\CMake\CMake\share\cmake-3.30\Modules\Compiler\XL-CXX-DetermineCompiler.cmake C$:\Program$ Files\Microsoft$ Visual$ Studio\2022\Community\Common7\IDE\CommonExtensions\Microsoft\CMake\CMake\share\cmake-3.30\Modules\Compiler\XLClang-CXX-DetermineCompiler.cmake C$:\Program$ Files\Microsoft$ Visual$ Studio\2022\Community\Common7\IDE\CommonExtensions\Microsoft\CMake\CMake\share\cmake-3.30\Modules\Compiler\zOS-CXX-DetermineCompiler.cmake C$:\Program$ Files\Microsoft$ Visual$ Studio\2022\Community\Common7\IDE\CommonExtensions\Microsoft\CMake\CMake\share\cmake-3.30\Modules\GNUInstallDirs.cmake C$:\Program$ Files\Microsoft$ Visual$ Studio\2022\Community\Common7\IDE\CommonExtensions\Microsoft\CMake\CMake\share\cmake-3.30\Modules\Internal\CMakeDetermineLinkerId.cmake C$:\Program$ Files\Microsoft$ Visual$ Studio\2022\Community\Common7\IDE\CommonExtensions\Microsoft\CMake\CMake\share\cmake-3.30\Modules\Internal\FeatureTesting.cmake C$:\Program$ Files\Microsoft$ Visual$ Studio\2022\Community\Common7\IDE\CommonExtensions\Microsoft\CMake\CMake\share\cmake-3.30\Modules\Platform\Windows-Determine-CXX.cmake C$:\Program$ Files\Microsoft$ Visual$ Studio\2022\Community\Common7\IDE\CommonExtensions\Microsoft\CMake\CMake\share\cmake-3.30\Modules\Platform\Windows-Initialize.cmake C$:\Program$ Files\Microsoft$ Visual$ Studio\2022\Community\Common7\IDE\CommonExtensions\Microsoft\CMake\CMake\share\cmake-3.30\Modules\Platform\Windows-MSVC-CXX.cmake C$:\Program$ Files\Microsoft$ Visual$ Studio\2022\Community\Common7\IDE\CommonExtensions\Microsoft\CMake\CMake\share\cmake-3.30\Modules\Platform\Windows-MSVC.cmake C$:\Program$ Files\Microsoft$ Visual$ Studio\2022\Community\Common7\IDE\CommonExtensions\Microsoft\CMake\CMake\share\cmake-3.30\Modules\Platform\Windows.cmake C$:\Program$ Files\Microsoft$ Visual$ Studio\2022\Community\Common7\IDE\CommonExtensions\Microsoft\CMake\CMake\share\cmake-3.30\Modules\Platform\WindowsPaths.cmake C$:\Program$ Files\Microsoft$ Visual$ Studio\2022\Community\Common7\IDE\CommonExtensions\Microsoft\CMake\CMake\share\cmake-3.30\Modules\WriteBasicConfigVersionFile.cmake C$:\Program$ Files\Microsoft$ Visual$ Studio\2022\Community\VC\vcpkg\scripts\buildsystems\vcpkg.cmake C$:\Program$ Files\Microsoft$ Visual$ Studio\2022\Community\VC\vcpkg\scripts\toolchains\windows.cmake C$:\Users\Husky\source\repos\SynVHQ\vcpkg_installed\vcpkg\blds\boost-context\src\ost-1.86.0-42b4fad533.clean\CMakeLists.txt C$:\Users\Husky\source\repos\SynVHQ\vcpkg_installed\vcpkg\blds\boost-context\src\ost-1.86.0-42b4fad533.clean\libs\context\CMakeLists.txt C$:\Users\Husky\source\repos\SynVHQ\vcpkg_installed\x64-windows\share\boost\BoostConfig.cmake C$:\Users\Husky\source\repos\SynVHQ\vcpkg_installed\x64-windows\share\boost\BoostConfigVersion.cmake C$:\Users\Husky\source\repos\SynVHQ\vcpkg_installed\x64-windows\share\boost\cmake-build\BoostInstall.cmake C$:\Users\Husky\source\repos\SynVHQ\vcpkg_installed\x64-windows\share\boost\cmake-build\BoostMessage.cmake C$:\Users\Husky\source\repos\SynVHQ\vcpkg_installed\x64-windows\share\boost\cmake-build\BoostRoot.cmake C$:\Users\Husky\source\repos\SynVHQ\vcpkg_installed\x64-windows\share\boost\vcpkg-cmake-wrapper.cmake C$:\Users\Husky\source\repos\SynVHQ\vcpkg_installed\x64-windows\share\boost_assert\boost_assert-config-version.cmake C$:\Users\Husky\source\repos\SynVHQ\vcpkg_installed\x64-windows\share\boost_assert\boost_assert-config.cmake C$:\Users\Husky\source\repos\SynVHQ\vcpkg_installed\x64-windows\share\boost_assert\boost_assert-targets.cmake C$:\Users\Husky\source\repos\SynVHQ\vcpkg_installed\x64-windows\share\boost_config\boost_config-config-version.cmake C$:\Users\Husky\source\repos\SynVHQ\vcpkg_installed\x64-windows\share\boost_config\boost_config-config.cmake C$:\Users\Husky\source\repos\SynVHQ\vcpkg_installed\x64-windows\share\boost_config\boost_config-targets.cmake C$:\Users\Husky\source\repos\SynVHQ\vcpkg_installed\x64-windows\share\boost_core\boost_core-config-version.cmake C$:\Users\Husky\source\repos\SynVHQ\vcpkg_installed\x64-windows\share\boost_core\boost_core-config.cmake C$:\Users\Husky\source\repos\SynVHQ\vcpkg_installed\x64-windows\share\boost_core\boost_core-targets.cmake C$:\Users\Husky\source\repos\SynVHQ\vcpkg_installed\x64-windows\share\boost_headers\boost_headers-config-version.cmake C$:\Users\Husky\source\repos\SynVHQ\vcpkg_installed\x64-windows\share\boost_headers\boost_headers-config.cmake C$:\Users\Husky\source\repos\SynVHQ\vcpkg_installed\x64-windows\share\boost_headers\boost_headers-targets.cmake C$:\Users\Husky\source\repos\SynVHQ\vcpkg_installed\x64-windows\share\boost_integer\boost_integer-config-version.cmake C$:\Users\Husky\source\repos\SynVHQ\vcpkg_installed\x64-windows\share\boost_integer\boost_integer-config.cmake C$:\Users\Husky\source\repos\SynVHQ\vcpkg_installed\x64-windows\share\boost_integer\boost_integer-targets.cmake C$:\Users\Husky\source\repos\SynVHQ\vcpkg_installed\x64-windows\share\boost_move\boost_move-config-version.cmake C$:\Users\Husky\source\repos\SynVHQ\vcpkg_installed\x64-windows\share\boost_move\boost_move-config.cmake C$:\Users\Husky\source\repos\SynVHQ\vcpkg_installed\x64-windows\share\boost_move\boost_move-targets.cmake C$:\Users\Husky\source\repos\SynVHQ\vcpkg_installed\x64-windows\share\boost_mp11\boost_mp11-config-version.cmake C$:\Users\Husky\source\repos\SynVHQ\vcpkg_installed\x64-windows\share\boost_mp11\boost_mp11-config.cmake C$:\Users\Husky\source\repos\SynVHQ\vcpkg_installed\x64-windows\share\boost_mp11\boost_mp11-targets.cmake C$:\Users\Husky\source\repos\SynVHQ\vcpkg_installed\x64-windows\share\boost_pool\boost_pool-config-version.cmake C$:\Users\Husky\source\repos\SynVHQ\vcpkg_installed\x64-windows\share\boost_pool\boost_pool-config.cmake C$:\Users\Husky\source\repos\SynVHQ\vcpkg_installed\x64-windows\share\boost_pool\boost_pool-targets.cmake C$:\Users\Husky\source\repos\SynVHQ\vcpkg_installed\x64-windows\share\boost_predef\boost_predef-config-version.cmake C$:\Users\Husky\source\repos\SynVHQ\vcpkg_installed\x64-windows\share\boost_predef\boost_predef-config.cmake C$:\Users\Husky\source\repos\SynVHQ\vcpkg_installed\x64-windows\share\boost_predef\boost_predef-targets.cmake C$:\Users\Husky\source\repos\SynVHQ\vcpkg_installed\x64-windows\share\boost_smart_ptr\boost_smart_ptr-config-version.cmake C$:\Users\Husky\source\repos\SynVHQ\vcpkg_installed\x64-windows\share\boost_smart_ptr\boost_smart_ptr-config.cmake C$:\Users\Husky\source\repos\SynVHQ\vcpkg_installed\x64-windows\share\boost_smart_ptr\boost_smart_ptr-targets.cmake C$:\Users\Husky\source\repos\SynVHQ\vcpkg_installed\x64-windows\share\boost_static_assert\boost_static_assert-config-version.cmake C$:\Users\Husky\source\repos\SynVHQ\vcpkg_installed\x64-windows\share\boost_static_assert\boost_static_assert-config.cmake C$:\Users\Husky\source\repos\SynVHQ\vcpkg_installed\x64-windows\share\boost_static_assert\boost_static_assert-targets.cmake C$:\Users\Husky\source\repos\SynVHQ\vcpkg_installed\x64-windows\share\boost_throw_exception\boost_throw_exception-config-version.cmake C$:\Users\Husky\source\repos\SynVHQ\vcpkg_installed\x64-windows\share\boost_throw_exception\boost_throw_exception-config.cmake C$:\Users\Husky\source\repos\SynVHQ\vcpkg_installed\x64-windows\share\boost_throw_exception\boost_throw_exception-targets.cmake C$:\Users\Husky\source\repos\SynVHQ\vcpkg_installed\x64-windows\share\boost_type_traits\boost_type_traits-config-version.cmake C$:\Users\Husky\source\repos\SynVHQ\vcpkg_installed\x64-windows\share\boost_type_traits\boost_type_traits-config.cmake C$:\Users\Husky\source\repos\SynVHQ\vcpkg_installed\x64-windows\share\boost_type_traits\boost_type_traits-targets.cmake C$:\Users\Husky\source\repos\SynVHQ\vcpkg_installed\x64-windows\share\boost_winapi\boost_winapi-config-version.cmake C$:\Users\Husky\source\repos\SynVHQ\vcpkg_installed\x64-windows\share\boost_winapi\boost_winapi-config.cmake C$:\Users\Husky\source\repos\SynVHQ\vcpkg_installed\x64-windows\share\boost_winapi\boost_winapi-targets.cmake CMakeCache.txt CMakeFiles\3.30.5-msvc23\CMakeASM_MASMCompiler.cmake CMakeFiles\3.30.5-msvc23\CMakeCXXCompiler.cmake CMakeFiles\3.30.5-msvc23\CMakeRCCompiler.cmake CMakeFiles\3.30.5-msvc23\CMakeSystem.cmake
  pool = console


#############################################
# A missing CMake input file is not an error.

build C$:\Program$ Files\Microsoft$ Visual$ Studio\2022\Community\Common7\IDE\CommonExtensions\Microsoft\CMake\CMake\share\cmake-3.30\Modules\BasicConfigVersion-SameMajorVersion.cmake.in C$:\Program$ Files\Microsoft$ Visual$ Studio\2022\Community\Common7\IDE\CommonExtensions\Microsoft\CMake\CMake\share\cmake-3.30\Modules\CMakeASMCompiler.cmake.in C$:\Program$ Files\Microsoft$ Visual$ Studio\2022\Community\Common7\IDE\CommonExtensions\Microsoft\CMake\CMake\share\cmake-3.30\Modules\CMakeASMInformation.cmake C$:\Program$ Files\Microsoft$ Visual$ Studio\2022\Community\Common7\IDE\CommonExtensions\Microsoft\CMake\CMake\share\cmake-3.30\Modules\CMakeASM_MASMInformation.cmake C$:\Program$ Files\Microsoft$ Visual$ Studio\2022\Community\Common7\IDE\CommonExtensions\Microsoft\CMake\CMake\share\cmake-3.30\Modules\CMakeCXXCompiler.cmake.in C$:\Program$ Files\Microsoft$ Visual$ Studio\2022\Community\Common7\IDE\CommonExtensions\Microsoft\CMake\CMake\share\cmake-3.30\Modules\CMakeCXXCompilerABI.cpp C$:\Program$ Files\Microsoft$ Visual$ Studio\2022\Community\Common7\IDE\CommonExtensions\Microsoft\CMake\CMake\share\cmake-3.30\Modules\CMakeCXXInformation.cmake C$:\Program$ Files\Microsoft$ Visual$ Studio\2022\Community\Common7\IDE\CommonExtensions\Microsoft\CMake\CMake\share\cmake-3.30\Modules\CMakeCommonLanguageInclude.cmake C$:\Program$ Files\Microsoft$ Visual$ Studio\2022\Community\Common7\IDE\CommonExtensions\Microsoft\CMake\CMake\share\cmake-3.30\Modules\CMakeCompilerIdDetection.cmake C$:\Program$ Files\Microsoft$ Visual$ Studio\2022\Community\Common7\IDE\CommonExtensions\Microsoft\CMake\CMake\share\cmake-3.30\Modules\CMakeDependentOption.cmake C$:\Program$ Files\Microsoft$ Visual$ Studio\2022\Community\Common7\IDE\CommonExtensions\Microsoft\CMake\CMake\share\cmake-3.30\Modules\CMakeDetermineASMCompiler.cmake C$:\Program$ Files\Microsoft$ Visual$ Studio\2022\Community\Common7\IDE\CommonExtensions\Microsoft\CMake\CMake\share\cmake-3.30\Modules\CMakeDetermineASM_MASMCompiler.cmake C$:\Program$ Files\Microsoft$ Visual$ Studio\2022\Community\Common7\IDE\CommonExtensions\Microsoft\CMake\CMake\share\cmake-3.30\Modules\CMakeDetermineCXXCompiler.cmake C$:\Program$ Files\Microsoft$ Visual$ Studio\2022\Community\Common7\IDE\CommonExtensions\Microsoft\CMake\CMake\share\cmake-3.30\Modules\CMakeDetermineCompiler.cmake C$:\Program$ Files\Microsoft$ Visual$ Studio\2022\Community\Common7\IDE\CommonExtensions\Microsoft\CMake\CMake\share\cmake-3.30\Modules\CMakeDetermineCompilerABI.cmake C$:\Program$ Files\Microsoft$ Visual$ Studio\2022\Community\Common7\IDE\CommonExtensions\Microsoft\CMake\CMake\share\cmake-3.30\Modules\CMakeDetermineCompilerId.cmake C$:\Program$ Files\Microsoft$ Visual$ Studio\2022\Community\Common7\IDE\CommonExtensions\Microsoft\CMake\CMake\share\cmake-3.30\Modules\CMakeDetermineCompilerSupport.cmake C$:\Program$ Files\Microsoft$ Visual$ Studio\2022\Community\Common7\IDE\CommonExtensions\Microsoft\CMake\CMake\share\cmake-3.30\Modules\CMakeDetermineRCCompiler.cmake C$:\Program$ Files\Microsoft$ Visual$ Studio\2022\Community\Common7\IDE\CommonExtensions\Microsoft\CMake\CMake\share\cmake-3.30\Modules\CMakeDetermineSystem.cmake C$:\Program$ Files\Microsoft$ Visual$ Studio\2022\Community\Common7\IDE\CommonExtensions\Microsoft\CMake\CMake\share\cmake-3.30\Modules\CMakeFindBinUtils.cmake C$:\Program$ Files\Microsoft$ Visual$ Studio\2022\Community\Common7\IDE\CommonExtensions\Microsoft\CMake\CMake\share\cmake-3.30\Modules\CMakeFindDependencyMacro.cmake C$:\Program$ Files\Microsoft$ Visual$ Studio\2022\Community\Common7\IDE\CommonExtensions\Microsoft\CMake\CMake\share\cmake-3.30\Modules\CMakeGenericSystem.cmake C$:\Program$ Files\Microsoft$ Visual$ Studio\2022\Community\Common7\IDE\CommonExtensions\Microsoft\CMake\CMake\share\cmake-3.30\Modules\CMakeInitializeConfigs.cmake C$:\Program$ Files\Microsoft$ Visual$ Studio\2022\Community\Common7\IDE\CommonExtensions\Microsoft\CMake\CMake\share\cmake-3.30\Modules\CMakeLanguageInformation.cmake C$:\Program$ Files\Microsoft$ Visual$ Studio\2022\Community\Common7\IDE\CommonExtensions\Microsoft\CMake\CMake\share\cmake-3.30\Modules\CMakePackageConfigHelpers.cmake C$:\Program$ Files\Microsoft$ Visual$ Studio\2022\Community\Common7\IDE\CommonExtensions\Microsoft\CMake\CMake\share\cmake-3.30\Modules\CMakeParseImplicitIncludeInfo.cmake C$:\Program$ Files\Microsoft$ Visual$ Studio\2022\Community\Common7\IDE\CommonExtensions\Microsoft\CMake\CMake\share\cmake-3.30\Modules\CMakeParseImplicitLinkInfo.cmake C$:\Program$ Files\Microsoft$ Visual$ Studio\2022\Community\Common7\IDE\CommonExtensions\Microsoft\CMake\CMake\share\cmake-3.30\Modules\CMakeParseLibraryArchitecture.cmake C$:\Program$ Files\Microsoft$ Visual$ Studio\2022\Community\Common7\IDE\CommonExtensions\Microsoft\CMake\CMake\share\cmake-3.30\Modules\CMakeRCCompiler.cmake.in C$:\Program$ Files\Microsoft$ Visual$ Studio\2022\Community\Common7\IDE\CommonExtensions\Microsoft\CMake\CMake\share\cmake-3.30\Modules\CMakeRCInformation.cmake C$:\Program$ Files\Microsoft$ Visual$ Studio\2022\Community\Common7\IDE\CommonExtensions\Microsoft\CMake\CMake\share\cmake-3.30\Modules\CMakeSystem.cmake.in C$:\Program$ Files\Microsoft$ Visual$ Studio\2022\Community\Common7\IDE\CommonExtensions\Microsoft\CMake\CMake\share\cmake-3.30\Modules\CMakeSystemSpecificInformation.cmake C$:\Program$ Files\Microsoft$ Visual$ Studio\2022\Community\Common7\IDE\CommonExtensions\Microsoft\CMake\CMake\share\cmake-3.30\Modules\CMakeSystemSpecificInitialize.cmake C$:\Program$ Files\Microsoft$ Visual$ Studio\2022\Community\Common7\IDE\CommonExtensions\Microsoft\CMake\CMake\share\cmake-3.30\Modules\CMakeTestASMCompiler.cmake C$:\Program$ Files\Microsoft$ Visual$ Studio\2022\Community\Common7\IDE\CommonExtensions\Microsoft\CMake\CMake\share\cmake-3.30\Modules\CMakeTestASM_MASMCompiler.cmake C$:\Program$ Files\Microsoft$ Visual$ Studio\2022\Community\Common7\IDE\CommonExtensions\Microsoft\CMake\CMake\share\cmake-3.30\Modules\CMakeTestCXXCompiler.cmake C$:\Program$ Files\Microsoft$ Visual$ Studio\2022\Community\Common7\IDE\CommonExtensions\Microsoft\CMake\CMake\share\cmake-3.30\Modules\CMakeTestCompilerCommon.cmake C$:\Program$ Files\Microsoft$ Visual$ Studio\2022\Community\Common7\IDE\CommonExtensions\Microsoft\CMake\CMake\share\cmake-3.30\Modules\CMakeTestRCCompiler.cmake C$:\Program$ Files\Microsoft$ Visual$ Studio\2022\Community\Common7\IDE\CommonExtensions\Microsoft\CMake\CMake\share\cmake-3.30\Modules\CTest.cmake C$:\Program$ Files\Microsoft$ Visual$ Studio\2022\Community\Common7\IDE\CommonExtensions\Microsoft\CMake\CMake\share\cmake-3.30\Modules\CTestUseLaunchers.cmake C$:\Program$ Files\Microsoft$ Visual$ Studio\2022\Community\Common7\IDE\CommonExtensions\Microsoft\CMake\CMake\share\cmake-3.30\Modules\Compiler\ADSP-DetermineCompiler.cmake C$:\Program$ Files\Microsoft$ Visual$ Studio\2022\Community\Common7\IDE\CommonExtensions\Microsoft\CMake\CMake\share\cmake-3.30\Modules\Compiler\ARMCC-DetermineCompiler.cmake C$:\Program$ Files\Microsoft$ Visual$ Studio\2022\Community\Common7\IDE\CommonExtensions\Microsoft\CMake\CMake\share\cmake-3.30\Modules\Compiler\ARMClang-DetermineCompiler.cmake C$:\Program$ Files\Microsoft$ Visual$ Studio\2022\Community\Common7\IDE\CommonExtensions\Microsoft\CMake\CMake\share\cmake-3.30\Modules\Compiler\AppleClang-DetermineCompiler.cmake C$:\Program$ Files\Microsoft$ Visual$ Studio\2022\Community\Common7\IDE\CommonExtensions\Microsoft\CMake\CMake\share\cmake-3.30\Modules\Compiler\Borland-DetermineCompiler.cmake C$:\Program$ Files\Microsoft$ Visual$ Studio\2022\Community\Common7\IDE\CommonExtensions\Microsoft\CMake\CMake\share\cmake-3.30\Modules\Compiler\CMakeCommonCompilerMacros.cmake C$:\Program$ Files\Microsoft$ Visual$ Studio\2022\Community\Common7\IDE\CommonExtensions\Microsoft\CMake\CMake\share\cmake-3.30\Modules\Compiler\Clang-DetermineCompiler.cmake C$:\Program$ Files\Microsoft$ Visual$ Studio\2022\Community\Common7\IDE\CommonExtensions\Microsoft\CMake\CMake\share\cmake-3.30\Modules\Compiler\Clang-DetermineCompilerInternal.cmake C$:\Program$ Files\Microsoft$ Visual$ Studio\2022\Community\Common7\IDE\CommonExtensions\Microsoft\CMake\CMake\share\cmake-3.30\Modules\Compiler\Compaq-CXX-DetermineCompiler.cmake C$:\Program$ Files\Microsoft$ Visual$ Studio\2022\Community\Common7\IDE\CommonExtensions\Microsoft\CMake\CMake\share\cmake-3.30\Modules\Compiler\Cray-DetermineCompiler.cmake C$:\Program$ Files\Microsoft$ Visual$ Studio\2022\Community\Common7\IDE\CommonExtensions\Microsoft\CMake\CMake\share\cmake-3.30\Modules\Compiler\CrayClang-DetermineCompiler.cmake C$:\Program$ Files\Microsoft$ Visual$ Studio\2022\Community\Common7\IDE\CommonExtensions\Microsoft\CMake\CMake\share\cmake-3.30\Modules\Compiler\Embarcadero-DetermineCompiler.cmake C$:\Program$ Files\Microsoft$ Visual$ Studio\2022\Community\Common7\IDE\CommonExtensions\Microsoft\CMake\CMake\share\cmake-3.30\Modules\Compiler\Fujitsu-DetermineCompiler.cmake C$:\Program$ Files\Microsoft$ Visual$ Studio\2022\Community\Common7\IDE\CommonExtensions\Microsoft\CMake\CMake\share\cmake-3.30\Modules\Compiler\FujitsuClang-DetermineCompiler.cmake C$:\Program$ Files\Microsoft$ Visual$ Studio\2022\Community\Common7\IDE\CommonExtensions\Microsoft\CMake\CMake\share\cmake-3.30\Modules\Compiler\GHS-DetermineCompiler.cmake C$:\Program$ Files\Microsoft$ Visual$ Studio\2022\Community\Common7\IDE\CommonExtensions\Microsoft\CMake\CMake\share\cmake-3.30\Modules\Compiler\GNU-CXX-DetermineCompiler.cmake C$:\Program$ Files\Microsoft$ Visual$ Studio\2022\Community\Common7\IDE\CommonExtensions\Microsoft\CMake\CMake\share\cmake-3.30\Modules\Compiler\HP-CXX-DetermineCompiler.cmake C$:\Program$ Files\Microsoft$ Visual$ Studio\2022\Community\Common7\IDE\CommonExtensions\Microsoft\CMake\CMake\share\cmake-3.30\Modules\Compiler\IAR-DetermineCompiler.cmake C$:\Program$ Files\Microsoft$ Visual$ Studio\2022\Community\Common7\IDE\CommonExtensions\Microsoft\CMake\CMake\share\cmake-3.30\Modules\Compiler\IBMCPP-CXX-DetermineVersionInternal.cmake C$:\Program$ Files\Microsoft$ Visual$ Studio\2022\Community\Common7\IDE\CommonExtensions\Microsoft\CMake\CMake\share\cmake-3.30\Modules\Compiler\IBMClang-CXX-DetermineCompiler.cmake C$:\Program$ Files\Microsoft$ Visual$ Studio\2022\Community\Common7\IDE\CommonExtensions\Microsoft\CMake\CMake\share\cmake-3.30\Modules\Compiler\Intel-DetermineCompiler.cmake C$:\Program$ Files\Microsoft$ Visual$ Studio\2022\Community\Common7\IDE\CommonExtensions\Microsoft\CMake\CMake\share\cmake-3.30\Modules\Compiler\IntelLLVM-DetermineCompiler.cmake C$:\Program$ Files\Microsoft$ Visual$ Studio\2022\Community\Common7\IDE\CommonExtensions\Microsoft\CMake\CMake\share\cmake-3.30\Modules\Compiler\LCC-CXX-DetermineCompiler.cmake C$:\Program$ Files\Microsoft$ Visual$ Studio\2022\Community\Common7\IDE\CommonExtensions\Microsoft\CMake\CMake\share\cmake-3.30\Modules\Compiler\MSVC-CXX-CXXImportStd.cmake C$:\Program$ Files\Microsoft$ Visual$ Studio\2022\Community\Common7\IDE\CommonExtensions\Microsoft\CMake\CMake\share\cmake-3.30\Modules\Compiler\MSVC-CXX.cmake C$:\Program$ Files\Microsoft$ Visual$ Studio\2022\Community\Common7\IDE\CommonExtensions\Microsoft\CMake\CMake\share\cmake-3.30\Modules\Compiler\MSVC-DetermineCompiler.cmake C$:\Program$ Files\Microsoft$ Visual$ Studio\2022\Community\Common7\IDE\CommonExtensions\Microsoft\CMake\CMake\share\cmake-3.30\Modules\Compiler\MSVC.cmake C$:\Program$ Files\Microsoft$ Visual$ Studio\2022\Community\Common7\IDE\CommonExtensions\Microsoft\CMake\CMake\share\cmake-3.30\Modules\Compiler\NVHPC-DetermineCompiler.cmake C$:\Program$ Files\Microsoft$ Visual$ Studio\2022\Community\Common7\IDE\CommonExtensions\Microsoft\CMake\CMake\share\cmake-3.30\Modules\Compiler\NVIDIA-DetermineCompiler.cmake C$:\Program$ Files\Microsoft$ Visual$ Studio\2022\Community\Common7\IDE\CommonExtensions\Microsoft\CMake\CMake\share\cmake-3.30\Modules\Compiler\OpenWatcom-DetermineCompiler.cmake C$:\Program$ Files\Microsoft$ Visual$ Studio\2022\Community\Common7\IDE\CommonExtensions\Microsoft\CMake\CMake\share\cmake-3.30\Modules\Compiler\OrangeC-DetermineCompiler.cmake C$:\Program$ Files\Microsoft$ Visual$ Studio\2022\Community\Common7\IDE\CommonExtensions\Microsoft\CMake\CMake\share\cmake-3.30\Modules\Compiler\PGI-DetermineCompiler.cmake C$:\Program$ Files\Microsoft$ Visual$ Studio\2022\Community\Common7\IDE\CommonExtensions\Microsoft\CMake\CMake\share\cmake-3.30\Modules\Compiler\PathScale-DetermineCompiler.cmake C$:\Program$ Files\Microsoft$ Visual$ Studio\2022\Community\Common7\IDE\CommonExtensions\Microsoft\CMake\CMake\share\cmake-3.30\Modules\Compiler\SCO-DetermineCompiler.cmake C$:\Program$ Files\Microsoft$ Visual$ Studio\2022\Community\Common7\IDE\CommonExtensions\Microsoft\CMake\CMake\share\cmake-3.30\Modules\Compiler\SunPro-CXX-DetermineCompiler.cmake C$:\Program$ Files\Microsoft$ Visual$ Studio\2022\Community\Common7\IDE\CommonExtensions\Microsoft\CMake\CMake\share\cmake-3.30\Modules\Compiler\TI-DetermineCompiler.cmake C$:\Program$ Files\Microsoft$ Visual$ Studio\2022\Community\Common7\IDE\CommonExtensions\Microsoft\CMake\CMake\share\cmake-3.30\Modules\Compiler\TIClang-DetermineCompiler.cmake C$:\Program$ Files\Microsoft$ Visual$ Studio\2022\Community\Common7\IDE\CommonExtensions\Microsoft\CMake\CMake\share\cmake-3.30\Modules\Compiler\Tasking-DetermineCompiler.cmake C$:\Program$ Files\Microsoft$ Visual$ Studio\2022\Community\Common7\IDE\CommonExtensions\Microsoft\CMake\CMake\share\cmake-3.30\Modules\Compiler\VisualAge-CXX-DetermineCompiler.cmake C$:\Program$ Files\Microsoft$ Visual$ Studio\2022\Community\Common7\IDE\CommonExtensions\Microsoft\CMake\CMake\share\cmake-3.30\Modules\Compiler\Watcom-DetermineCompiler.cmake C$:\Program$ Files\Microsoft$ Visual$ Studio\2022\Community\Common7\IDE\CommonExtensions\Microsoft\CMake\CMake\share\cmake-3.30\Modules\Compiler\XL-CXX-DetermineCompiler.cmake C$:\Program$ Files\Microsoft$ Visual$ Studio\2022\Community\Common7\IDE\CommonExtensions\Microsoft\CMake\CMake\share\cmake-3.30\Modules\Compiler\XLClang-CXX-DetermineCompiler.cmake C$:\Program$ Files\Microsoft$ Visual$ Studio\2022\Community\Common7\IDE\CommonExtensions\Microsoft\CMake\CMake\share\cmake-3.30\Modules\Compiler\zOS-CXX-DetermineCompiler.cmake C$:\Program$ Files\Microsoft$ Visual$ Studio\2022\Community\Common7\IDE\CommonExtensions\Microsoft\CMake\CMake\share\cmake-3.30\Modules\GNUInstallDirs.cmake C$:\Program$ Files\Microsoft$ Visual$ Studio\2022\Community\Common7\IDE\CommonExtensions\Microsoft\CMake\CMake\share\cmake-3.30\Modules\Internal\CMakeDetermineLinkerId.cmake C$:\Program$ Files\Microsoft$ Visual$ Studio\2022\Community\Common7\IDE\CommonExtensions\Microsoft\CMake\CMake\share\cmake-3.30\Modules\Internal\FeatureTesting.cmake C$:\Program$ Files\Microsoft$ Visual$ Studio\2022\Community\Common7\IDE\CommonExtensions\Microsoft\CMake\CMake\share\cmake-3.30\Modules\Platform\Windows-Determine-CXX.cmake C$:\Program$ Files\Microsoft$ Visual$ Studio\2022\Community\Common7\IDE\CommonExtensions\Microsoft\CMake\CMake\share\cmake-3.30\Modules\Platform\Windows-Initialize.cmake C$:\Program$ Files\Microsoft$ Visual$ Studio\2022\Community\Common7\IDE\CommonExtensions\Microsoft\CMake\CMake\share\cmake-3.30\Modules\Platform\Windows-MSVC-CXX.cmake C$:\Program$ Files\Microsoft$ Visual$ Studio\2022\Community\Common7\IDE\CommonExtensions\Microsoft\CMake\CMake\share\cmake-3.30\Modules\Platform\Windows-MSVC.cmake C$:\Program$ Files\Microsoft$ Visual$ Studio\2022\Community\Common7\IDE\CommonExtensions\Microsoft\CMake\CMake\share\cmake-3.30\Modules\Platform\Windows.cmake C$:\Program$ Files\Microsoft$ Visual$ Studio\2022\Community\Common7\IDE\CommonExtensions\Microsoft\CMake\CMake\share\cmake-3.30\Modules\Platform\WindowsPaths.cmake C$:\Program$ Files\Microsoft$ Visual$ Studio\2022\Community\Common7\IDE\CommonExtensions\Microsoft\CMake\CMake\share\cmake-3.30\Modules\WriteBasicConfigVersionFile.cmake C$:\Program$ Files\Microsoft$ Visual$ Studio\2022\Community\VC\vcpkg\scripts\buildsystems\vcpkg.cmake C$:\Program$ Files\Microsoft$ Visual$ Studio\2022\Community\VC\vcpkg\scripts\toolchains\windows.cmake C$:\Users\Husky\source\repos\SynVHQ\vcpkg_installed\vcpkg\blds\boost-context\src\ost-1.86.0-42b4fad533.clean\CMakeLists.txt C$:\Users\Husky\source\repos\SynVHQ\vcpkg_installed\vcpkg\blds\boost-context\src\ost-1.86.0-42b4fad533.clean\libs\context\CMakeLists.txt C$:\Users\Husky\source\repos\SynVHQ\vcpkg_installed\x64-windows\share\boost\BoostConfig.cmake C$:\Users\Husky\source\repos\SynVHQ\vcpkg_installed\x64-windows\share\boost\BoostConfigVersion.cmake C$:\Users\Husky\source\repos\SynVHQ\vcpkg_installed\x64-windows\share\boost\cmake-build\BoostInstall.cmake C$:\Users\Husky\source\repos\SynVHQ\vcpkg_installed\x64-windows\share\boost\cmake-build\BoostMessage.cmake C$:\Users\Husky\source\repos\SynVHQ\vcpkg_installed\x64-windows\share\boost\cmake-build\BoostRoot.cmake C$:\Users\Husky\source\repos\SynVHQ\vcpkg_installed\x64-windows\share\boost\vcpkg-cmake-wrapper.cmake C$:\Users\Husky\source\repos\SynVHQ\vcpkg_installed\x64-windows\share\boost_assert\boost_assert-config-version.cmake C$:\Users\Husky\source\repos\SynVHQ\vcpkg_installed\x64-windows\share\boost_assert\boost_assert-config.cmake C$:\Users\Husky\source\repos\SynVHQ\vcpkg_installed\x64-windows\share\boost_assert\boost_assert-targets.cmake C$:\Users\Husky\source\repos\SynVHQ\vcpkg_installed\x64-windows\share\boost_config\boost_config-config-version.cmake C$:\Users\Husky\source\repos\SynVHQ\vcpkg_installed\x64-windows\share\boost_config\boost_config-config.cmake C$:\Users\Husky\source\repos\SynVHQ\vcpkg_installed\x64-windows\share\boost_config\boost_config-targets.cmake C$:\Users\Husky\source\repos\SynVHQ\vcpkg_installed\x64-windows\share\boost_core\boost_core-config-version.cmake C$:\Users\Husky\source\repos\SynVHQ\vcpkg_installed\x64-windows\share\boost_core\boost_core-config.cmake C$:\Users\Husky\source\repos\SynVHQ\vcpkg_installed\x64-windows\share\boost_core\boost_core-targets.cmake C$:\Users\Husky\source\repos\SynVHQ\vcpkg_installed\x64-windows\share\boost_headers\boost_headers-config-version.cmake C$:\Users\Husky\source\repos\SynVHQ\vcpkg_installed\x64-windows\share\boost_headers\boost_headers-config.cmake C$:\Users\Husky\source\repos\SynVHQ\vcpkg_installed\x64-windows\share\boost_headers\boost_headers-targets.cmake C$:\Users\Husky\source\repos\SynVHQ\vcpkg_installed\x64-windows\share\boost_integer\boost_integer-config-version.cmake C$:\Users\Husky\source\repos\SynVHQ\vcpkg_installed\x64-windows\share\boost_integer\boost_integer-config.cmake C$:\Users\Husky\source\repos\SynVHQ\vcpkg_installed\x64-windows\share\boost_integer\boost_integer-targets.cmake C$:\Users\Husky\source\repos\SynVHQ\vcpkg_installed\x64-windows\share\boost_move\boost_move-config-version.cmake C$:\Users\Husky\source\repos\SynVHQ\vcpkg_installed\x64-windows\share\boost_move\boost_move-config.cmake C$:\Users\Husky\source\repos\SynVHQ\vcpkg_installed\x64-windows\share\boost_move\boost_move-targets.cmake C$:\Users\Husky\source\repos\SynVHQ\vcpkg_installed\x64-windows\share\boost_mp11\boost_mp11-config-version.cmake C$:\Users\Husky\source\repos\SynVHQ\vcpkg_installed\x64-windows\share\boost_mp11\boost_mp11-config.cmake C$:\Users\Husky\source\repos\SynVHQ\vcpkg_installed\x64-windows\share\boost_mp11\boost_mp11-targets.cmake C$:\Users\Husky\source\repos\SynVHQ\vcpkg_installed\x64-windows\share\boost_pool\boost_pool-config-version.cmake C$:\Users\Husky\source\repos\SynVHQ\vcpkg_installed\x64-windows\share\boost_pool\boost_pool-config.cmake C$:\Users\Husky\source\repos\SynVHQ\vcpkg_installed\x64-windows\share\boost_pool\boost_pool-targets.cmake C$:\Users\Husky\source\repos\SynVHQ\vcpkg_installed\x64-windows\share\boost_predef\boost_predef-config-version.cmake C$:\Users\Husky\source\repos\SynVHQ\vcpkg_installed\x64-windows\share\boost_predef\boost_predef-config.cmake C$:\Users\Husky\source\repos\SynVHQ\vcpkg_installed\x64-windows\share\boost_predef\boost_predef-targets.cmake C$:\Users\Husky\source\repos\SynVHQ\vcpkg_installed\x64-windows\share\boost_smart_ptr\boost_smart_ptr-config-version.cmake C$:\Users\Husky\source\repos\SynVHQ\vcpkg_installed\x64-windows\share\boost_smart_ptr\boost_smart_ptr-config.cmake C$:\Users\Husky\source\repos\SynVHQ\vcpkg_installed\x64-windows\share\boost_smart_ptr\boost_smart_ptr-targets.cmake C$:\Users\Husky\source\repos\SynVHQ\vcpkg_installed\x64-windows\share\boost_static_assert\boost_static_assert-config-version.cmake C$:\Users\Husky\source\repos\SynVHQ\vcpkg_installed\x64-windows\share\boost_static_assert\boost_static_assert-config.cmake C$:\Users\Husky\source\repos\SynVHQ\vcpkg_installed\x64-windows\share\boost_static_assert\boost_static_assert-targets.cmake C$:\Users\Husky\source\repos\SynVHQ\vcpkg_installed\x64-windows\share\boost_throw_exception\boost_throw_exception-config-version.cmake C$:\Users\Husky\source\repos\SynVHQ\vcpkg_installed\x64-windows\share\boost_throw_exception\boost_throw_exception-config.cmake C$:\Users\Husky\source\repos\SynVHQ\vcpkg_installed\x64-windows\share\boost_throw_exception\boost_throw_exception-targets.cmake C$:\Users\Husky\source\repos\SynVHQ\vcpkg_installed\x64-windows\share\boost_type_traits\boost_type_traits-config-version.cmake C$:\Users\Husky\source\repos\SynVHQ\vcpkg_installed\x64-windows\share\boost_type_traits\boost_type_traits-config.cmake C$:\Users\Husky\source\repos\SynVHQ\vcpkg_installed\x64-windows\share\boost_type_traits\boost_type_traits-targets.cmake C$:\Users\Husky\source\repos\SynVHQ\vcpkg_installed\x64-windows\share\boost_winapi\boost_winapi-config-version.cmake C$:\Users\Husky\source\repos\SynVHQ\vcpkg_installed\x64-windows\share\boost_winapi\boost_winapi-config.cmake C$:\Users\Husky\source\repos\SynVHQ\vcpkg_installed\x64-windows\share\boost_winapi\boost_winapi-targets.cmake CMakeCache.txt CMakeFiles\3.30.5-msvc23\CMakeASM_MASMCompiler.cmake CMakeFiles\3.30.5-msvc23\CMakeCXXCompiler.cmake CMakeFiles\3.30.5-msvc23\CMakeRCCompiler.cmake CMakeFiles\3.30.5-msvc23\CMakeSystem.cmake: phony


#############################################
# Clean all the built files.

build clean: CLEAN


#############################################
# Print all primary targets available.

build help: HELP


#############################################
# Make the all target the default.

default all
