Change Dir: 'C:/Users/Husky/source/repos/SynVHQ/vcpkg_installed/vcpkg/blds/boost-parameter/x64-windows-rel'

Run Build Command(s): "C:/Program Files/Microsoft Visual Studio/2022/Community/Common7/IDE/CommonExtensions/Microsoft/CMake/Ninja/ninja.exe" -v -v -j17 install
[0/1] C:\WINDOWS\system32\cmd.exe /C "cd /D C:\Users\Husky\source\repos\SynVHQ\vcpkg_installed\vcpkg\blds\boost-parameter\x64-windows-rel && "C:\Program Files\Microsoft Visual Studio\2022\Community\Common7\IDE\CommonExtensions\Microsoft\CMake\CMake\bin\cmake.exe" -P cmake_install.cmake"
-- Install configuration: "Release"
-- Installing: C:/Users/Husky/source/repos/SynVHQ/vcpkg_installed/vcpkg/pkgs/boost-parameter_x64-windows/include
-- Installing: C:/Users/Husky/source/repos/SynVHQ/vcpkg_installed/vcpkg/pkgs/boost-parameter_x64-windows/include/boost
-- Installing: C:/Users/Husky/source/repos/SynVHQ/vcpkg_installed/vcpkg/pkgs/boost-parameter_x64-windows/include/boost/parameter
-- Installing: C:/Users/Husky/source/repos/SynVHQ/vcpkg_installed/vcpkg/pkgs/boost-parameter_x64-windows/include/boost/parameter/are_tagged_arguments.hpp
-- Installing: C:/Users/Husky/source/repos/SynVHQ/vcpkg_installed/vcpkg/pkgs/boost-parameter_x64-windows/include/boost/parameter/aux_
-- Installing: C:/Users/Husky/source/repos/SynVHQ/vcpkg_installed/vcpkg/pkgs/boost-parameter_x64-windows/include/boost/parameter/aux_/always_true_predicate.hpp
-- Installing: C:/Users/Husky/source/repos/SynVHQ/vcpkg_installed/vcpkg/pkgs/boost-parameter_x64-windows/include/boost/parameter/aux_/arg_list.hpp
-- Installing: C:/Users/Husky/source/repos/SynVHQ/vcpkg_installed/vcpkg/pkgs/boost-parameter_x64-windows/include/boost/parameter/aux_/as_lvalue.hpp
-- Installing: C:/Users/Husky/source/repos/SynVHQ/vcpkg_installed/vcpkg/pkgs/boost-parameter_x64-windows/include/boost/parameter/aux_/augment_predicate.hpp
-- Installing: C:/Users/Husky/source/repos/SynVHQ/vcpkg_installed/vcpkg/pkgs/boost-parameter_x64-windows/include/boost/parameter/aux_/cast.hpp
-- Installing: C:/Users/Husky/source/repos/SynVHQ/vcpkg_installed/vcpkg/pkgs/boost-parameter_x64-windows/include/boost/parameter/aux_/default.hpp
-- Installing: C:/Users/Husky/source/repos/SynVHQ/vcpkg_installed/vcpkg/pkgs/boost-parameter_x64-windows/include/boost/parameter/aux_/has_nested_template_fn.hpp
-- Installing: C:/Users/Husky/source/repos/SynVHQ/vcpkg_installed/vcpkg/pkgs/boost-parameter_x64-windows/include/boost/parameter/aux_/is_maybe.hpp
-- Installing: C:/Users/Husky/source/repos/SynVHQ/vcpkg_installed/vcpkg/pkgs/boost-parameter_x64-windows/include/boost/parameter/aux_/is_placeholder.hpp
-- Installing: C:/Users/Husky/source/repos/SynVHQ/vcpkg_installed/vcpkg/pkgs/boost-parameter_x64-windows/include/boost/parameter/aux_/is_tagged_argument.hpp
-- Installing: C:/Users/Husky/source/repos/SynVHQ/vcpkg_installed/vcpkg/pkgs/boost-parameter_x64-windows/include/boost/parameter/aux_/lambda_tag.hpp
-- Installing: C:/Users/Husky/source/repos/SynVHQ/vcpkg_installed/vcpkg/pkgs/boost-parameter_x64-windows/include/boost/parameter/aux_/maybe.hpp
-- Installing: C:/Users/Husky/source/repos/SynVHQ/vcpkg_installed/vcpkg/pkgs/boost-parameter_x64-windows/include/boost/parameter/aux_/name.hpp
-- Installing: C:/Users/Husky/source/repos/SynVHQ/vcpkg_installed/vcpkg/pkgs/boost-parameter_x64-windows/include/boost/parameter/aux_/pack
-- Installing: C:/Users/Husky/source/repos/SynVHQ/vcpkg_installed/vcpkg/pkgs/boost-parameter_x64-windows/include/boost/parameter/aux_/pack/as_parameter_requirements.hpp
-- Installing: C:/Users/Husky/source/repos/SynVHQ/vcpkg_installed/vcpkg/pkgs/boost-parameter_x64-windows/include/boost/parameter/aux_/pack/deduced_item.hpp
-- Installing: C:/Users/Husky/source/repos/SynVHQ/vcpkg_installed/vcpkg/pkgs/boost-parameter_x64-windows/include/boost/parameter/aux_/pack/deduce_tag.hpp
-- Installing: C:/Users/Husky/source/repos/SynVHQ/vcpkg_installed/vcpkg/pkgs/boost-parameter_x64-windows/include/boost/parameter/aux_/pack/insert_tagged.hpp
-- Installing: C:/Users/Husky/source/repos/SynVHQ/vcpkg_installed/vcpkg/pkgs/boost-parameter_x64-windows/include/boost/parameter/aux_/pack/is_named_argument.hpp
-- Installing: C:/Users/Husky/source/repos/SynVHQ/vcpkg_installed/vcpkg/pkgs/boost-parameter_x64-windows/include/boost/parameter/aux_/pack/item.hpp
-- Installing: C:/Users/Husky/source/repos/SynVHQ/vcpkg_installed/vcpkg/pkgs/boost-parameter_x64-windows/include/boost/parameter/aux_/pack/make_arg_list.hpp
-- Installing: C:/Users/Husky/source/repos/SynVHQ/vcpkg_installed/vcpkg/pkgs/boost-parameter_x64-windows/include/boost/parameter/aux_/pack/make_deduced_items.hpp
-- Installing: C:/Users/Husky/source/repos/SynVHQ/vcpkg_installed/vcpkg/pkgs/boost-parameter_x64-windows/include/boost/parameter/aux_/pack/make_items.hpp
-- Installing: C:/Users/Husky/source/repos/SynVHQ/vcpkg_installed/vcpkg/pkgs/boost-parameter_x64-windows/include/boost/parameter/aux_/pack/make_parameter_spec_items.hpp
-- Installing: C:/Users/Husky/source/repos/SynVHQ/vcpkg_installed/vcpkg/pkgs/boost-parameter_x64-windows/include/boost/parameter/aux_/pack/parameter_requirements.hpp
-- Installing: C:/Users/Husky/source/repos/SynVHQ/vcpkg_installed/vcpkg/pkgs/boost-parameter_x64-windows/include/boost/parameter/aux_/pack/predicate.hpp
-- Installing: C:/Users/Husky/source/repos/SynVHQ/vcpkg_installed/vcpkg/pkgs/boost-parameter_x64-windows/include/boost/parameter/aux_/pack/satisfies.hpp
-- Installing: C:/Users/Husky/source/repos/SynVHQ/vcpkg_installed/vcpkg/pkgs/boost-parameter_x64-windows/include/boost/parameter/aux_/pack/tag_deduced.hpp
-- Installing: C:/Users/Husky/source/repos/SynVHQ/vcpkg_installed/vcpkg/pkgs/boost-parameter_x64-windows/include/boost/parameter/aux_/pack/tag_keyword_arg.hpp
-- Installing: C:/Users/Husky/source/repos/SynVHQ/vcpkg_installed/vcpkg/pkgs/boost-parameter_x64-windows/include/boost/parameter/aux_/pack/tag_keyword_arg_ref.hpp
-- Installing: C:/Users/Husky/source/repos/SynVHQ/vcpkg_installed/vcpkg/pkgs/boost-parameter_x64-windows/include/boost/parameter/aux_/pack/tag_template_keyword_arg.hpp
-- Installing: C:/Users/Husky/source/repos/SynVHQ/vcpkg_installed/vcpkg/pkgs/boost-parameter_x64-windows/include/boost/parameter/aux_/pack/tag_type.hpp
-- Installing: C:/Users/Husky/source/repos/SynVHQ/vcpkg_installed/vcpkg/pkgs/boost-parameter_x64-windows/include/boost/parameter/aux_/pack/unmatched_argument.hpp
-- Installing: C:/Users/Husky/source/repos/SynVHQ/vcpkg_installed/vcpkg/pkgs/boost-parameter_x64-windows/include/boost/parameter/aux_/parameter_requirements.hpp
-- Installing: C:/Users/Husky/source/repos/SynVHQ/vcpkg_installed/vcpkg/pkgs/boost-parameter_x64-windows/include/boost/parameter/aux_/parenthesized_type.hpp
-- Installing: C:/Users/Husky/source/repos/SynVHQ/vcpkg_installed/vcpkg/pkgs/boost-parameter_x64-windows/include/boost/parameter/aux_/pp_impl
-- Installing: C:/Users/Husky/source/repos/SynVHQ/vcpkg_installed/vcpkg/pkgs/boost-parameter_x64-windows/include/boost/parameter/aux_/pp_impl/argument_pack.hpp
-- Installing: C:/Users/Husky/source/repos/SynVHQ/vcpkg_installed/vcpkg/pkgs/boost-parameter_x64-windows/include/boost/parameter/aux_/pp_impl/match.hpp
-- Installing: C:/Users/Husky/source/repos/SynVHQ/vcpkg_installed/vcpkg/pkgs/boost-parameter_x64-windows/include/boost/parameter/aux_/pp_impl/unwrap_predicate.hpp
-- Installing: C:/Users/Husky/source/repos/SynVHQ/vcpkg_installed/vcpkg/pkgs/boost-parameter_x64-windows/include/boost/parameter/aux_/preprocessor
-- Installing: C:/Users/Husky/source/repos/SynVHQ/vcpkg_installed/vcpkg/pkgs/boost-parameter_x64-windows/include/boost/parameter/aux_/preprocessor/binary_seq_for_each.hpp
-- Installing: C:/Users/Husky/source/repos/SynVHQ/vcpkg_installed/vcpkg/pkgs/boost-parameter_x64-windows/include/boost/parameter/aux_/preprocessor/binary_seq_for_each_inc.hpp
-- Installing: C:/Users/Husky/source/repos/SynVHQ/vcpkg_installed/vcpkg/pkgs/boost-parameter_x64-windows/include/boost/parameter/aux_/preprocessor/binary_seq_to_args.hpp
-- Installing: C:/Users/Husky/source/repos/SynVHQ/vcpkg_installed/vcpkg/pkgs/boost-parameter_x64-windows/include/boost/parameter/aux_/preprocessor/convert_binary_seq.hpp
-- Installing: C:/Users/Husky/source/repos/SynVHQ/vcpkg_installed/vcpkg/pkgs/boost-parameter_x64-windows/include/boost/parameter/aux_/preprocessor/flatten.hpp
-- Installing: C:/Users/Husky/source/repos/SynVHQ/vcpkg_installed/vcpkg/pkgs/boost-parameter_x64-windows/include/boost/parameter/aux_/preprocessor/for_each.hpp
-- Installing: C:/Users/Husky/source/repos/SynVHQ/vcpkg_installed/vcpkg/pkgs/boost-parameter_x64-windows/include/boost/parameter/aux_/preprocessor/for_each_pred.hpp
-- Installing: C:/Users/Husky/source/repos/SynVHQ/vcpkg_installed/vcpkg/pkgs/boost-parameter_x64-windows/include/boost/parameter/aux_/preprocessor/impl
-- Installing: C:/Users/Husky/source/repos/SynVHQ/vcpkg_installed/vcpkg/pkgs/boost-parameter_x64-windows/include/boost/parameter/aux_/preprocessor/impl/argument_specs.hpp
-- Installing: C:/Users/Husky/source/repos/SynVHQ/vcpkg_installed/vcpkg/pkgs/boost-parameter_x64-windows/include/boost/parameter/aux_/preprocessor/impl/arity_range.hpp
-- Installing: C:/Users/Husky/source/repos/SynVHQ/vcpkg_installed/vcpkg/pkgs/boost-parameter_x64-windows/include/boost/parameter/aux_/preprocessor/impl/flatten.hpp
-- Installing: C:/Users/Husky/source/repos/SynVHQ/vcpkg_installed/vcpkg/pkgs/boost-parameter_x64-windows/include/boost/parameter/aux_/preprocessor/impl/forwarding_overloads.hpp
-- Installing: C:/Users/Husky/source/repos/SynVHQ/vcpkg_installed/vcpkg/pkgs/boost-parameter_x64-windows/include/boost/parameter/aux_/preprocessor/impl/for_each.hpp
-- Installing: C:/Users/Husky/source/repos/SynVHQ/vcpkg_installed/vcpkg/pkgs/boost-parameter_x64-windows/include/boost/parameter/aux_/preprocessor/impl/function_cast.hpp
-- Installing: C:/Users/Husky/source/repos/SynVHQ/vcpkg_installed/vcpkg/pkgs/boost-parameter_x64-windows/include/boost/parameter/aux_/preprocessor/impl/function_dispatch_layer.hpp
-- Installing: C:/Users/Husky/source/repos/SynVHQ/vcpkg_installed/vcpkg/pkgs/boost-parameter_x64-windows/include/boost/parameter/aux_/preprocessor/impl/function_dispatch_tuple.hpp
-- Installing: C:/Users/Husky/source/repos/SynVHQ/vcpkg_installed/vcpkg/pkgs/boost-parameter_x64-windows/include/boost/parameter/aux_/preprocessor/impl/function_forward_match.hpp
-- Installing: C:/Users/Husky/source/repos/SynVHQ/vcpkg_installed/vcpkg/pkgs/boost-parameter_x64-windows/include/boost/parameter/aux_/preprocessor/impl/function_name.hpp
-- Installing: C:/Users/Husky/source/repos/SynVHQ/vcpkg_installed/vcpkg/pkgs/boost-parameter_x64-windows/include/boost/parameter/aux_/preprocessor/impl/no_spec_overloads.hpp
-- Installing: C:/Users/Husky/source/repos/SynVHQ/vcpkg_installed/vcpkg/pkgs/boost-parameter_x64-windows/include/boost/parameter/aux_/preprocessor/impl/parenthesized_return_type.hpp
-- Installing: C:/Users/Husky/source/repos/SynVHQ/vcpkg_installed/vcpkg/pkgs/boost-parameter_x64-windows/include/boost/parameter/aux_/preprocessor/impl/parenthesized_type.hpp
-- Installing: C:/Users/Husky/source/repos/SynVHQ/vcpkg_installed/vcpkg/pkgs/boost-parameter_x64-windows/include/boost/parameter/aux_/preprocessor/impl/specification.hpp
-- Installing: C:/Users/Husky/source/repos/SynVHQ/vcpkg_installed/vcpkg/pkgs/boost-parameter_x64-windows/include/boost/parameter/aux_/preprocessor/impl/split_args.hpp
-- Installing: C:/Users/Husky/source/repos/SynVHQ/vcpkg_installed/vcpkg/pkgs/boost-parameter_x64-windows/include/boost/parameter/aux_/preprocessor/inc_binary_seq.hpp
-- Installing: C:/Users/Husky/source/repos/SynVHQ/vcpkg_installed/vcpkg/pkgs/boost-parameter_x64-windows/include/boost/parameter/aux_/preprocessor/is_binary.hpp
-- Installing: C:/Users/Husky/source/repos/SynVHQ/vcpkg_installed/vcpkg/pkgs/boost-parameter_x64-windows/include/boost/parameter/aux_/preprocessor/is_nullary.hpp
-- Installing: C:/Users/Husky/source/repos/SynVHQ/vcpkg_installed/vcpkg/pkgs/boost-parameter_x64-windows/include/boost/parameter/aux_/preprocessor/no_perfect_forwarding_begin.hpp
-- Installing: C:/Users/Husky/source/repos/SynVHQ/vcpkg_installed/vcpkg/pkgs/boost-parameter_x64-windows/include/boost/parameter/aux_/preprocessor/no_perfect_forwarding_end.hpp
-- Installing: C:/Users/Husky/source/repos/SynVHQ/vcpkg_installed/vcpkg/pkgs/boost-parameter_x64-windows/include/boost/parameter/aux_/preprocessor/nullptr.hpp
-- Installing: C:/Users/Husky/source/repos/SynVHQ/vcpkg_installed/vcpkg/pkgs/boost-parameter_x64-windows/include/boost/parameter/aux_/preprocessor/overloads.hpp
-- Installing: C:/Users/Husky/source/repos/SynVHQ/vcpkg_installed/vcpkg/pkgs/boost-parameter_x64-windows/include/boost/parameter/aux_/preprocessor/qualifier.hpp
-- Installing: C:/Users/Husky/source/repos/SynVHQ/vcpkg_installed/vcpkg/pkgs/boost-parameter_x64-windows/include/boost/parameter/aux_/preprocessor/seq_enum.hpp
-- Installing: C:/Users/Husky/source/repos/SynVHQ/vcpkg_installed/vcpkg/pkgs/boost-parameter_x64-windows/include/boost/parameter/aux_/preprocessor/seq_merge.hpp
-- Installing: C:/Users/Husky/source/repos/SynVHQ/vcpkg_installed/vcpkg/pkgs/boost-parameter_x64-windows/include/boost/parameter/aux_/result_of0.hpp
-- Installing: C:/Users/Husky/source/repos/SynVHQ/vcpkg_installed/vcpkg/pkgs/boost-parameter_x64-windows/include/boost/parameter/aux_/set.hpp
-- Installing: C:/Users/Husky/source/repos/SynVHQ/vcpkg_installed/vcpkg/pkgs/boost-parameter_x64-windows/include/boost/parameter/aux_/tag.hpp
-- Installing: C:/Users/Husky/source/repos/SynVHQ/vcpkg_installed/vcpkg/pkgs/boost-parameter_x64-windows/include/boost/parameter/aux_/tagged_argument.hpp
-- Installing: C:/Users/Husky/source/repos/SynVHQ/vcpkg_installed/vcpkg/pkgs/boost-parameter_x64-windows/include/boost/parameter/aux_/tagged_argument_fwd.hpp
-- Installing: C:/Users/Husky/source/repos/SynVHQ/vcpkg_installed/vcpkg/pkgs/boost-parameter_x64-windows/include/boost/parameter/aux_/template_keyword.hpp
-- Installing: C:/Users/Husky/source/repos/SynVHQ/vcpkg_installed/vcpkg/pkgs/boost-parameter_x64-windows/include/boost/parameter/aux_/unwrap_cv_reference.hpp
-- Installing: C:/Users/Husky/source/repos/SynVHQ/vcpkg_installed/vcpkg/pkgs/boost-parameter_x64-windows/include/boost/parameter/aux_/use_default.hpp
-- Installing: C:/Users/Husky/source/repos/SynVHQ/vcpkg_installed/vcpkg/pkgs/boost-parameter_x64-windows/include/boost/parameter/aux_/use_default_tag.hpp
-- Installing: C:/Users/Husky/source/repos/SynVHQ/vcpkg_installed/vcpkg/pkgs/boost-parameter_x64-windows/include/boost/parameter/aux_/void.hpp
-- Installing: C:/Users/Husky/source/repos/SynVHQ/vcpkg_installed/vcpkg/pkgs/boost-parameter_x64-windows/include/boost/parameter/aux_/yesno.hpp
-- Installing: C:/Users/Husky/source/repos/SynVHQ/vcpkg_installed/vcpkg/pkgs/boost-parameter_x64-windows/include/boost/parameter/binding.hpp
-- Installing: C:/Users/Husky/source/repos/SynVHQ/vcpkg_installed/vcpkg/pkgs/boost-parameter_x64-windows/include/boost/parameter/compose.hpp
-- Installing: C:/Users/Husky/source/repos/SynVHQ/vcpkg_installed/vcpkg/pkgs/boost-parameter_x64-windows/include/boost/parameter/config.hpp
-- Installing: C:/Users/Husky/source/repos/SynVHQ/vcpkg_installed/vcpkg/pkgs/boost-parameter_x64-windows/include/boost/parameter/deduced.hpp
-- Installing: C:/Users/Husky/source/repos/SynVHQ/vcpkg_installed/vcpkg/pkgs/boost-parameter_x64-windows/include/boost/parameter/is_argument_pack.hpp
-- Installing: C:/Users/Husky/source/repos/SynVHQ/vcpkg_installed/vcpkg/pkgs/boost-parameter_x64-windows/include/boost/parameter/keyword.hpp
-- Installing: C:/Users/Husky/source/repos/SynVHQ/vcpkg_installed/vcpkg/pkgs/boost-parameter_x64-windows/include/boost/parameter/keyword_fwd.hpp
-- Installing: C:/Users/Husky/source/repos/SynVHQ/vcpkg_installed/vcpkg/pkgs/boost-parameter_x64-windows/include/boost/parameter/macros.hpp
-- Installing: C:/Users/Husky/source/repos/SynVHQ/vcpkg_installed/vcpkg/pkgs/boost-parameter_x64-windows/include/boost/parameter/match.hpp
-- Installing: C:/Users/Husky/source/repos/SynVHQ/vcpkg_installed/vcpkg/pkgs/boost-parameter_x64-windows/include/boost/parameter/name.hpp
-- Installing: C:/Users/Husky/source/repos/SynVHQ/vcpkg_installed/vcpkg/pkgs/boost-parameter_x64-windows/include/boost/parameter/nested_keyword.hpp
-- Installing: C:/Users/Husky/source/repos/SynVHQ/vcpkg_installed/vcpkg/pkgs/boost-parameter_x64-windows/include/boost/parameter/optional.hpp
-- Installing: C:/Users/Husky/source/repos/SynVHQ/vcpkg_installed/vcpkg/pkgs/boost-parameter_x64-windows/include/boost/parameter/parameters.hpp
-- Installing: C:/Users/Husky/source/repos/SynVHQ/vcpkg_installed/vcpkg/pkgs/boost-parameter_x64-windows/include/boost/parameter/preprocessor.hpp
-- Installing: C:/Users/Husky/source/repos/SynVHQ/vcpkg_installed/vcpkg/pkgs/boost-parameter_x64-windows/include/boost/parameter/preprocessor_no_spec.hpp
-- Installing: C:/Users/Husky/source/repos/SynVHQ/vcpkg_installed/vcpkg/pkgs/boost-parameter_x64-windows/include/boost/parameter/required.hpp
-- Installing: C:/Users/Husky/source/repos/SynVHQ/vcpkg_installed/vcpkg/pkgs/boost-parameter_x64-windows/include/boost/parameter/template_keyword.hpp
-- Installing: C:/Users/Husky/source/repos/SynVHQ/vcpkg_installed/vcpkg/pkgs/boost-parameter_x64-windows/include/boost/parameter/value_type.hpp
-- Installing: C:/Users/Husky/source/repos/SynVHQ/vcpkg_installed/vcpkg/pkgs/boost-parameter_x64-windows/include/boost/parameter.hpp
-- Installing: C:/Users/Husky/source/repos/SynVHQ/vcpkg_installed/vcpkg/pkgs/boost-parameter_x64-windows/lib/cmake/boost_parameter-1.86.0/boost_parameter-targets.cmake
-- Installing: C:/Users/Husky/source/repos/SynVHQ/vcpkg_installed/vcpkg/pkgs/boost-parameter_x64-windows/lib/cmake/boost_parameter-1.86.0/boost_parameter-config.cmake
-- Installing: C:/Users/Husky/source/repos/SynVHQ/vcpkg_installed/vcpkg/pkgs/boost-parameter_x64-windows/lib/cmake/boost_parameter-1.86.0/boost_parameter-config-version.cmake

